   Compiling pgtuskmaster_rust v0.1.0 (/home/joshazimullah.linux/work_mounts/patroni_rewrite/pgtuskmaster_rust)
error: failed to build archive at `/home/joshazimullah.linux/work_mounts/patroni_rewrite/pgtuskmaster_rust/target/debug/deps/libpgtuskmaster_rust-d808e84765522490.rlib`: failed to open object file: No such file or directory (os error 2)

error: could not compile `pgtuskmaster_rust` (lib) due to 1 previous error
warning: build failed, waiting for other jobs to finish...
     Removed 9832 files, 6.7GiB total
   Compiling proc-macro2 v1.0.106
   Compiling quote v1.0.44
   Compiling unicode-ident v1.0.24
   Compiling syn v2.0.117
   Compiling libc v0.2.182
   Compiling cfg-if v1.0.4
   Compiling bytes v1.10.1
   Compiling pin-project-lite v0.2.17
   Compiling futures-core v0.3.32
   Compiling once_cell v1.21.3
   Compiling jobserver v0.1.34
   Compiling mio v1.1.0
   Compiling signal-hook-registry v1.4.6
   Compiling socket2 v0.6.1
   Compiling tokio-macros v2.6.0
   Compiling synstructure v0.13.2
   Compiling find-msvc-tools v0.1.9
   Compiling shlex v1.3.0
   Compiling futures-sink v0.3.32
   Compiling cc v1.2.56
   Compiling tokio v1.49.0
   Compiling hashbrown v0.16.1
   Compiling itoa v1.0.17
   Compiling equivalent v1.0.2
   Compiling indexmap v2.13.0
   Compiling zerofrom-derive v0.1.6
   Compiling slab v0.4.12
   Compiling zerofrom v0.1.6
   Compiling yoke-derive v0.8.1
   Compiling smallvec v1.15.1
   Compiling stable_deref_trait v1.2.1
   Compiling yoke v0.8.1
   Compiling http v1.4.0
   Compiling getrandom v0.2.17
   Compiling zerocopy v0.8.40
   Compiling futures-task v0.3.32
   Compiling serde_core v1.0.228
   Compiling futures-util v0.3.32
   Compiling zerovec-derive v0.11.2
   Compiling typenum v1.19.0
   Compiling anyhow v1.0.102
   Compiling version_check v0.9.5
   Compiling generic-array v0.14.7
   Compiling zerovec v0.11.5
   Compiling http-body v1.0.1
   Compiling cmake v0.1.57
   Compiling displaydoc v0.2.5
   Compiling base64 v0.22.1
   Compiling percent-encoding v2.3.2
   Compiling either v1.15.0
   Compiling tower-service v0.3.3
   Compiling serde v1.0.228
   Compiling dunce v1.0.5
   Compiling fs_extra v1.3.0
   Compiling subtle v2.6.1
   Compiling aws-lc-sys v0.38.0
   Compiling itertools v0.14.0
   Compiling ppv-lite86 v0.2.21
   Compiling tokio-util v0.7.18
   Compiling tracing-core v0.1.36
   Compiling serde_derive v1.0.228
   Compiling tracing-attributes v0.1.31
   Compiling log v0.4.29
   Compiling zeroize v1.8.2
   Compiling tracing v0.1.44
   Compiling prost-derive v0.13.5
   Compiling ring v0.17.14
   Compiling httparse v1.10.1
   Compiling rustls-pki-types v1.14.0
   Compiling tinystr v0.8.2
   Compiling futures-channel v0.3.32
   Compiling getrandom v0.3.4
   Compiling tower-layer v0.3.3
   Compiling aws-lc-rs v1.16.1
   Compiling try-lock v0.2.5
   Compiling litemap v0.8.1
   Compiling atomic-waker v1.1.2
   Compiling writeable v0.6.2
   Compiling fnv v1.0.7
   Compiling rustix v1.1.4
   Compiling memchr v2.8.0
   Compiling h2 v0.4.13
   Compiling icu_locale_core v2.1.1
   Compiling want v0.3.1
   Compiling block-buffer v0.10.4
   Compiling crypto-common v0.1.7
   Compiling zerotrie v0.2.3
   Compiling potential_utf v0.1.4
   Compiling sync_wrapper v1.0.2
   Compiling icu_normalizer_data v2.1.1
   Compiling icu_properties_data v2.1.2
   Compiling linux-raw-sys v0.12.1
   Compiling prettyplease v0.2.37
   Compiling heck v0.5.0
   Compiling regex-syntax v0.8.10
   Compiling bitflags v2.11.0
   Compiling pin-utils v0.1.0
   Compiling untrusted v0.9.0
   Compiling httpdate v1.0.3
   Compiling hyper v1.8.1
   Compiling regex-automata v0.4.14
   Compiling prost v0.13.5
   Compiling icu_collections v2.1.1
   Compiling icu_provider v2.1.1
   Compiling digest v0.10.7
   Compiling tinyvec_macros v0.1.1
   Compiling rustversion v1.0.22
   Compiling autocfg v1.5.0
   Compiling ipnet v2.12.0
   Compiling fixedbitset v0.5.7
   Compiling fastrand v2.3.0
   Compiling tempfile v3.26.0
   Compiling petgraph v0.7.1
   Compiling hyper-util v0.1.20
   Compiling indexmap v1.9.3
   Compiling tinyvec v1.10.0
   Compiling rand_core v0.9.5
   Compiling prost-types v0.13.5
   Compiling regex v1.12.3
   Compiling tower v0.5.3
   Compiling http-body-util v0.1.3
   Compiling rand_core v0.6.4
   Compiling async-trait v0.1.89
   Compiling multimap v0.10.1
   Compiling rustls v0.23.37
   Compiling prost-build v0.13.5
   Compiling rand_chacha v0.3.1
   Compiling icu_properties v2.1.2
   Compiling icu_normalizer v2.1.1
   Compiling rand_chacha v0.9.0
   Compiling rustls-webpki v0.103.9
   Compiling unicode-normalization v0.1.25
   Compiling cpufeatures v0.2.17
   Compiling pin-project-internal v1.1.11
   Compiling parking_lot_core v0.9.12
   Compiling mime v0.3.17
   Compiling hashbrown v0.12.3
   Compiling utf8parse v0.2.2
   Compiling zmij v1.0.21
   Compiling unicode-properties v0.1.4
   Compiling unicode-bidi v0.3.18
   Compiling stringprep v0.1.5
   Compiling anstyle-parse v0.2.7
   Compiling axum-core v0.4.5
   Compiling pin-project v1.1.11
   Compiling sha2 v0.10.9
   Compiling rand v0.9.2
   Compiling idna_adapter v1.2.1
   Compiling rand v0.8.5
   Compiling tonic-build v0.12.3
   Compiling hmac v0.12.1
   Compiling md-5 v0.10.6
   Compiling form_urlencoded v1.2.2
   Compiling async-stream-impl v0.3.6
   Compiling matchit v0.7.3
   Compiling byteorder v1.5.0
   Compiling scopeguard v1.2.0
   Compiling anstyle v1.0.13
   Compiling siphasher v1.0.2
   Compiling serde_json v1.0.149
   Compiling utf8_iter v1.0.4
   Compiling colorchoice v1.0.4
   Compiling anstyle-query v1.1.5
   Compiling is_terminal_polyfill v1.70.2
   Compiling fallible-iterator v0.2.0
   Compiling postgres-protocol v0.6.10
   Compiling anstream v0.6.21
   Compiling idna v1.1.0
   Compiling phf_shared v0.13.1
   Compiling lock_api v0.4.14
   Compiling axum v0.7.9
   Compiling async-stream v0.3.6
   Compiling etcd-client v0.14.1
   Compiling tower v0.4.13
   Compiling tokio-rustls v0.26.4
   Compiling hyper-timeout v0.5.2
   Compiling webpki-roots v1.0.6
   Compiling serde_spanned v0.6.9
   Compiling toml_datetime v0.6.11
   Compiling tokio-stream v0.1.18
   Compiling socket2 v0.5.10
   Compiling thiserror v2.0.18
   Compiling ryu v1.0.23
   Compiling iri-string v0.7.10
   Compiling clap_lex v1.0.0
   Compiling toml_write v0.1.2
   Compiling strsim v0.11.1
   Compiling winnow v0.7.14
   Compiling toml_edit v0.22.27
   Compiling clap_builder v4.5.60
   Compiling tower-http v0.6.8
   Compiling serde_urlencoded v0.7.1
   Compiling tonic v0.12.3
   Compiling hyper-rustls v0.27.7
   Compiling parking_lot v0.12.5
   Compiling phf v0.13.1
   Compiling url v2.5.8
   Compiling postgres-types v0.2.12
   Compiling clap_derive v4.5.55
   Compiling whoami v2.1.1
   Compiling thiserror-impl v2.0.18
   Compiling powerfmt v0.2.0
   Compiling deranged v0.5.8
   Compiling tokio-postgres v0.7.16
   Compiling clap v4.5.60
   Compiling reqwest v0.12.28
   Compiling toml v0.8.23
   Compiling rustls-pemfile v2.2.0
   Compiling num-conv v0.2.0
   Compiling time-core v0.1.8
   Compiling time v0.3.47
   Compiling yasna v0.5.2
   Compiling pgtuskmaster_rust v0.1.0 (/home/joshazimullah.linux/work_mounts/patroni_rewrite/pgtuskmaster_rust)
   Compiling pem v3.0.6
   Compiling rcgen v0.14.7
    Finished `test` profile [unoptimized + debuginfo] target(s) in 3m 19s
  Executable unittests src/lib.rs (target/debug/deps/pgtuskmaster_rust-e4d6b96aed46fa51)
  Executable unittests src/bin/pgtuskmaster.rs (target/debug/deps/pgtuskmaster-1979ffb285ca149b)
  Executable unittests src/bin/pgtuskmasterctl.rs (target/debug/deps/pgtuskmasterctl-f663b524a9332644)
  Executable tests/bdd_api_http.rs (target/debug/deps/bdd_api_http-5f3059a740a5704c)
  Executable tests/bdd_state_watch.rs (target/debug/deps/bdd_state_watch-957eba521454847b)
  Executable tests/cli_binary.rs (target/debug/deps/cli_binary-3531278249142b91)
  Executable tests/policy_e2e_api_only.rs (target/debug/deps/policy_e2e_api_only-8b0d6b604a3ca86f)
  Executable unittests examples/debug_ui_smoke_server.rs (target/debug/examples/debug_ui_smoke_server-224a81ec6a7c23cc)
