[1772538790978] stress switchover bootstrap: wait for stable primary
[1772538790978] api request start: node=node-1 GET /ha/state
[1772538791499] api request success: node=node-1 GET /ha/state status=200
[1772538791499] api request start: node=node-2 GET /ha/state
[1772538791503] api request success: node=node-2 GET /ha/state status=200
[1772538791503] api request start: node=node-3 GET /ha/state
[1772538791505] api request success: node=node-3 GET /ha/state status=200
[1772538791505] stable-primary poll states: node-1:Primary:leader=node-1, node-2:WaitingPostgresReachable:leader=node-1, node-3:WaitingPostgresReachable:leader=node-1
[1772538791807] api request start: node=node-1 GET /ha/state
[1772538791808] api request success: node=node-1 GET /ha/state status=200
[1772538791808] api request start: node=node-2 GET /ha/state
[1772538791808] api request success: node=node-2 GET /ha/state status=200
[1772538791808] api request start: node=node-3 GET /ha/state
[1772538791808] api request success: node=node-3 GET /ha/state status=200
[1772538791808] stable-primary poll states: node-1:Primary:leader=node-1, node-2:Replica:leader=node-1, node-3:WaitingPostgresReachable:leader=node-1
[1772538792117] api request start: node=node-1 GET /ha/state
[1772538792118] api request success: node=node-1 GET /ha/state status=200
[1772538792118] api request start: node=node-2 GET /ha/state
[1772538792118] api request success: node=node-2 GET /ha/state status=200
[1772538792118] api request start: node=node-3 GET /ha/state
[1772538792118] api request success: node=node-3 GET /ha/state status=200
[1772538792118] stable-primary poll states: node-1:Primary:leader=node-1, node-2:Replica:leader=node-1, node-3:Replica:leader=node-1
[1772538792219] api request start: node=node-1 GET /ha/state
[1772538792528] api request success: node=node-1 GET /ha/state status=200
[1772538792528] api request start: node=node-2 GET /ha/state
[1772538792528] api request success: node=node-2 GET /ha/state status=200
[1772538792528] api request start: node=node-3 GET /ha/state
[1772538792529] api request success: node=node-3 GET /ha/state status=200
[1772538792938] api request start: node=node-1 GET /ha/state
[1772538792944] api request success: node=node-1 GET /ha/state status=200
[1772538792944] api request start: node=node-2 GET /ha/state
[1772538792944] api request success: node=node-2 GET /ha/state status=200
[1772538792944] api request start: node=node-3 GET /ha/state
[1772538792945] api request success: node=node-3 GET /ha/state status=200
[1772538792964] sql workload started: scenario=ha-e2e-stress-planned-switchover-concurrent-sql table=ha_stress_switchover workers=4 interval_ms=250
[1772538796019] stress switchover: trigger API switchover while workload is active
[1772538796019] api request start: node=node-1 POST /switchover
[1772538796121] api request success: node=node-1 POST /switchover status=202
[1772538796121] api request start: node=node-1 GET /ha/state
[1772538796534] api request success: node=node-1 GET /ha/state status=200
[1772538796534] api request start: node=node-2 GET /ha/state
[1772538796846] api request success: node=node-2 GET /ha/state status=200
[1772538796846] api request start: node=node-3 GET /ha/state
[1772538796847] api request success: node=node-3 GET /ha/state status=200
[1772538797049] api request start: node=node-1 GET /ha/state
[1772538797364] api request success: node=node-1 GET /ha/state status=200
[1772538797364] api request start: node=node-2 GET /ha/state
[1772538797364] api request success: node=node-2 GET /ha/state status=200
[1772538797364] api request start: node=node-3 GET /ha/state
[1772538797364] api request success: node=node-3 GET /ha/state status=200
[1772538797671] api request start: node=node-1 GET /ha/state
[1772538797783] api request success: node=node-1 GET /ha/state status=200
[1772538797783] api request start: node=node-2 GET /ha/state
[1772538797784] api request success: node=node-2 GET /ha/state status=200
[1772538797784] api request start: node=node-3 GET /ha/state
[1772538797785] api request success: node=node-3 GET /ha/state status=200
[1772538797978] api request start: node=node-1 GET /ha/state
[1772538798288] api request success: node=node-1 GET /ha/state status=200
[1772538798288] api request start: node=node-2 GET /ha/state
[1772538798289] api request success: node=node-2 GET /ha/state status=200
[1772538798289] api request start: node=node-3 GET /ha/state
[1772538798289] api request success: node=node-3 GET /ha/state status=200
[1772538798489] api request start: node=node-1 GET /ha/state
[1772538798802] api request success: node=node-1 GET /ha/state status=200
[1772538798802] api request start: node=node-2 GET /ha/state
[1772538798802] api request success: node=node-2 GET /ha/state status=200
[1772538798802] api request start: node=node-3 GET /ha/state
[1772538798802] api request success: node=node-3 GET /ha/state status=200
[1772538799104] api request start: node=node-1 GET /ha/state
[1772538799230] api request success: node=node-1 GET /ha/state status=200
[1772538799230] api request start: node=node-2 GET /ha/state
[1772538799230] api request success: node=node-2 GET /ha/state status=200
[1772538799230] api request start: node=node-3 GET /ha/state
[1772538799231] api request success: node=node-3 GET /ha/state status=200
[1772538799416] api request start: node=node-1 GET /ha/state
[1772538799738] api request success: node=node-1 GET /ha/state status=200
[1772538799738] api request start: node=node-2 GET /ha/state
[1772538799738] api request success: node=node-2 GET /ha/state status=200
[1772538799738] api request start: node=node-3 GET /ha/state
[1772538799739] api request success: node=node-3 GET /ha/state status=200
[1772538799938] api request start: node=node-1 GET /ha/state
[1772538800045] api request success: node=node-1 GET /ha/state status=200
[1772538800045] api request start: node=node-2 GET /ha/state
[1772538800045] api request success: node=node-2 GET /ha/state status=200
[1772538800045] api request start: node=node-3 GET /ha/state
[1772538800046] api request success: node=node-3 GET /ha/state status=200
[1772538800350] api request start: node=node-1 GET /ha/state
[1772538800556] api request success: node=node-1 GET /ha/state status=200
[1772538800556] api request start: node=node-2 GET /ha/state
[1772538800556] api request success: node=node-2 GET /ha/state status=200
[1772538800556] api request start: node=node-3 GET /ha/state
[1772538800557] api request success: node=node-3 GET /ha/state status=200
[1772538800760] api request start: node=node-1 GET /ha/state
[1772538801068] api request success: node=node-1 GET /ha/state status=200
[1772538801068] api request start: node=node-2 GET /ha/state
[1772538801068] api request success: node=node-2 GET /ha/state status=200
[1772538801068] api request start: node=node-3 GET /ha/state
[1772538801068] api request success: node=node-3 GET /ha/state status=200
[1772538801273] api request start: node=node-1 GET /ha/state
[1772538801480] api request success: node=node-1 GET /ha/state status=200
[1772538801480] api request start: node=node-2 GET /ha/state
[1772538801481] api request success: node=node-2 GET /ha/state status=200
[1772538801481] api request start: node=node-3 GET /ha/state
[1772538801481] api request success: node=node-3 GET /ha/state status=200
[1772538801683] api request start: node=node-1 GET /ha/state
[1772538801792] api request success: node=node-1 GET /ha/state status=200
[1772538801792] api request start: node=node-2 GET /ha/state
[1772538801793] api request success: node=node-2 GET /ha/state status=200
[1772538801793] api request start: node=node-3 GET /ha/state
[1772538801794] api request success: node=node-3 GET /ha/state status=200
[1772538801989] api request start: node=node-1 GET /ha/state
[1772538802305] api request success: node=node-1 GET /ha/state status=200
[1772538802305] api request start: node=node-2 GET /ha/state
[1772538802306] api request success: node=node-2 GET /ha/state status=200
[1772538802306] api request start: node=node-3 GET /ha/state
[1772538802307] api request success: node=node-3 GET /ha/state status=200
[1772538802503] api request start: node=node-1 GET /ha/state
[1772538802815] api request success: node=node-1 GET /ha/state status=200
[1772538802815] api request start: node=node-2 GET /ha/state
[1772538802815] api request success: node=node-2 GET /ha/state status=200
[1772538802815] api request start: node=node-3 GET /ha/state
[1772538802815] api request success: node=node-3 GET /ha/state status=200
[1772538803018] api request start: node=node-1 GET /ha/state
[1772538803123] api request success: node=node-1 GET /ha/state status=200
[1772538803123] api request start: node=node-2 GET /ha/state
[1772538803124] api request success: node=node-2 GET /ha/state status=200
[1772538803124] api request start: node=node-3 GET /ha/state
[1772538803124] api request success: node=node-3 GET /ha/state status=200
[1772538803325] api request start: node=node-1 GET /ha/state
[1772538803536] api request success: node=node-1 GET /ha/state status=200
[1772538803536] api request start: node=node-2 GET /ha/state
[1772538803536] api request success: node=node-2 GET /ha/state status=200
[1772538803536] api request start: node=node-3 GET /ha/state
[1772538803537] api request success: node=node-3 GET /ha/state status=200
[1772538803734] api request start: node=node-1 GET /ha/state
[1772538804043] api request success: node=node-1 GET /ha/state status=200
[1772538804044] api request start: node=node-2 GET /ha/state
[1772538804044] api request success: node=node-2 GET /ha/state status=200
[1772538804044] api request start: node=node-3 GET /ha/state
[1772538804044] api request success: node=node-3 GET /ha/state status=200
[1772538804348] api request start: node=node-1 GET /ha/state
[1772538804453] api request success: node=node-1 GET /ha/state status=200
[1772538804453] api request start: node=node-2 GET /ha/state
[1772538804453] api request success: node=node-2 GET /ha/state status=200
[1772538804453] api request start: node=node-3 GET /ha/state
[1772538804453] api request success: node=node-3 GET /ha/state status=200
[1772538804453] api request start: node=node-1 GET /ha/state
[1772538804453] api request success: node=node-1 GET /ha/state status=200
[1772538804453] api request start: node=node-2 GET /ha/state
[1772538804453] api request success: node=node-2 GET /ha/state status=200
[1772538804453] api request start: node=node-3 GET /ha/state
[1772538804454] api request success: node=node-3 GET /ha/state status=200
[1772538804454] stable-primary poll states: node-1:WaitingPostgresReachable:leader=node-2, node-2:Primary:leader=node-2, node-3:Replica:leader=node-2
[1772538804655] api request start: node=node-1 GET /ha/state
[1772538804966] api request success: node=node-1 GET /ha/state status=200
[1772538804966] api request start: node=node-2 GET /ha/state
[1772538804966] api request success: node=node-2 GET /ha/state status=200
[1772538804966] api request start: node=node-3 GET /ha/state
[1772538804966] api request success: node=node-3 GET /ha/state status=200
[1772538805271] api request start: node=node-1 GET /ha/state
[1772538805378] api request success: node=node-1 GET /ha/state status=200
[1772538805378] api request start: node=node-2 GET /ha/state
[1772538805379] api request success: node=node-2 GET /ha/state status=200
[1772538805379] api request start: node=node-3 GET /ha/state
[1772538805380] api request success: node=node-3 GET /ha/state status=200
[1772538805577] api request start: node=node-1 GET /ha/state
[1772538805889] api request success: node=node-1 GET /ha/state status=200
[1772538805889] api request start: node=node-2 GET /ha/state
[1772538805890] api request success: node=node-2 GET /ha/state status=200
[1772538805890] api request start: node=node-3 GET /ha/state
[1772538805892] api request success: node=node-3 GET /ha/state status=200
[1772538806093] api request start: node=node-1 GET /ha/state
[1772538806201] api request success: node=node-1 GET /ha/state status=200
[1772538806201] api request start: node=node-2 GET /ha/state
[1772538806201] api request success: node=node-2 GET /ha/state status=200
[1772538806201] api request start: node=node-3 GET /ha/state
[1772538806201] api request success: node=node-3 GET /ha/state status=200
[1772538806201] api request start: node=node-1 GET /ha/state
[1772538806201] api request success: node=node-1 GET /ha/state status=200
[1772538806201] api request start: node=node-1 GET /ha/state
[1772538806201] api request success: node=node-1 GET /ha/state status=200
[1772538806201] api request start: node=node-2 GET /ha/state
[1772538806202] api request success: node=node-2 GET /ha/state status=200
[1772538806202] api request start: node=node-3 GET /ha/state
[1772538806202] api request success: node=node-3 GET /ha/state status=200
[1772538806278] api request start: node=node-1 GET /ha/state
[1772538806278] api request success: node=node-1 GET /ha/state status=200
[1772538806278] api request start: node=node-2 GET /ha/state
[1772538806278] api request success: node=node-2 GET /ha/state status=200
[1772538806278] api request start: node=node-3 GET /ha/state
[1772538806279] api request success: node=node-3 GET /ha/state status=200
[1772538806401] api request start: node=node-1 GET /ha/state
[1772538806610] api request success: node=node-1 GET /ha/state status=200
[1772538806610] api request start: node=node-2 GET /ha/state
[1772538806611] api request success: node=node-2 GET /ha/state status=200
[1772538806611] api request start: node=node-3 GET /ha/state
[1772538806611] api request success: node=node-3 GET /ha/state status=200
[1772538806688] api request start: node=node-1 GET /ha/state
[1772538806689] api request success: node=node-1 GET /ha/state status=200
[1772538806689] api request start: node=node-2 GET /ha/state
[1772538806689] api request success: node=node-2 GET /ha/state status=200
[1772538806689] api request start: node=node-3 GET /ha/state
[1772538806689] api request success: node=node-3 GET /ha/state status=200
[1772538806915] api request start: node=node-1 GET /ha/state
[1772538807028] api request success: node=node-1 GET /ha/state status=200
[1772538807028] api request start: node=node-2 GET /ha/state
[1772538807032] api request success: node=node-2 GET /ha/state status=200
[1772538807032] api request start: node=node-3 GET /ha/state
[1772538807038] api request success: node=node-3 GET /ha/state status=200
[1772538807117] api request start: node=node-1 GET /ha/state
[1772538807117] api request success: node=node-1 GET /ha/state status=200
[1772538807117] api request start: node=node-2 GET /ha/state
[1772538807118] api request success: node=node-2 GET /ha/state status=200
[1772538807118] api request start: node=node-3 GET /ha/state
[1772538807118] api request success: node=node-3 GET /ha/state status=200
[1772538807225] api request start: node=node-1 GET /ha/state
[1772538807330] api request success: node=node-1 GET /ha/state status=200
[1772538807330] api request start: node=node-2 GET /ha/state
[1772538807331] api request success: node=node-2 GET /ha/state status=200
[1772538807331] api request start: node=node-3 GET /ha/state
[1772538807331] api request success: node=node-3 GET /ha/state status=200
[1772538807407] api request start: node=node-1 GET /ha/state
[1772538807407] api request success: node=node-1 GET /ha/state status=200
[1772538807407] api request start: node=node-2 GET /ha/state
[1772538807407] api request success: node=node-2 GET /ha/state status=200
[1772538807408] api request start: node=node-3 GET /ha/state
[1772538807408] api request success: node=node-3 GET /ha/state status=200
[1772538807637] api request start: node=node-1 GET /ha/state
[1772538807846] api request success: node=node-1 GET /ha/state status=200
[1772538807846] api request start: node=node-2 GET /ha/state
[1772538807846] api request success: node=node-2 GET /ha/state status=200
[1772538807846] api request start: node=node-3 GET /ha/state
[1772538807847] api request success: node=node-3 GET /ha/state status=200
[1772538807924] api request start: node=node-1 GET /ha/state
[1772538807924] api request success: node=node-1 GET /ha/state status=200
[1772538807924] api request start: node=node-2 GET /ha/state
[1772538807924] api request success: node=node-2 GET /ha/state status=200
[1772538807924] api request start: node=node-3 GET /ha/state
[1772538807925] api request success: node=node-3 GET /ha/state status=200
[1772538808049] api request start: node=node-1 GET /ha/state
[1772538808279] api request success: node=node-1 GET /ha/state status=200
[1772538808279] api request start: node=node-2 GET /ha/state
[1772538808280] api request success: node=node-2 GET /ha/state status=200
[1772538808280] api request start: node=node-3 GET /ha/state
[1772538808281] api request success: node=node-3 GET /ha/state status=200
[1772538808358] api request start: node=node-1 GET /ha/state
[1772538808358] api request success: node=node-1 GET /ha/state status=200
[1772538808358] api request start: node=node-2 GET /ha/state
[1772538808358] api request success: node=node-2 GET /ha/state status=200
[1772538808358] api request start: node=node-3 GET /ha/state
[1772538808359] api request success: node=node-3 GET /ha/state status=200
[1772538808466] api request start: node=node-1 GET /ha/state
[1772538808786] api request success: node=node-1 GET /ha/state status=200
[1772538808786] api request start: node=node-2 GET /ha/state
[1772538808786] api request success: node=node-2 GET /ha/state status=200
[1772538808786] api request start: node=node-3 GET /ha/state
[1772538808787] api request success: node=node-3 GET /ha/state status=200
[1772538808863] api request start: node=node-1 GET /ha/state
[1772538808864] api request success: node=node-1 GET /ha/state status=200
[1772538808864] api request start: node=node-2 GET /ha/state
[1772538808864] api request success: node=node-2 GET /ha/state status=200
[1772538808864] api request start: node=node-3 GET /ha/state
[1772538808864] api request success: node=node-3 GET /ha/state status=200
[1772538808986] api request start: node=node-1 GET /ha/state
[1772538809298] api request success: node=node-1 GET /ha/state status=200
[1772538809298] api request start: node=node-2 GET /ha/state
[1772538809298] api request success: node=node-2 GET /ha/state status=200
[1772538809298] api request start: node=node-3 GET /ha/state
[1772538809298] api request success: node=node-3 GET /ha/state status=200
[1772538809377] api request start: node=node-1 GET /ha/state
[1772538809377] api request success: node=node-1 GET /ha/state status=200
[1772538809377] api request start: node=node-2 GET /ha/state
[1772538809377] api request success: node=node-2 GET /ha/state status=200
[1772538809377] api request start: node=node-3 GET /ha/state
[1772538809377] api request success: node=node-3 GET /ha/state status=200
[1772538809608] api request start: node=node-1 GET /ha/state
[1772538809723] api request success: node=node-1 GET /ha/state status=200
[1772538809724] api request start: node=node-2 GET /ha/state
[1772538809727] api request success: node=node-2 GET /ha/state status=200
[1772538809727] api request start: node=node-3 GET /ha/state
[1772538809728] api request success: node=node-3 GET /ha/state status=200
[1772538809807] api request start: node=node-1 GET /ha/state
[1772538809807] api request success: node=node-1 GET /ha/state status=200
[1772538809807] api request start: node=node-2 GET /ha/state
[1772538809807] api request success: node=node-2 GET /ha/state status=200
[1772538809807] api request start: node=node-3 GET /ha/state
[1772538809808] api request success: node=node-3 GET /ha/state status=200
[1772538809921] api request start: node=node-1 GET /ha/state
[1772538810233] api request success: node=node-1 GET /ha/state status=200
[1772538810233] api request start: node=node-2 GET /ha/state
[1772538810233] api request success: node=node-2 GET /ha/state status=200
[1772538810233] api request start: node=node-3 GET /ha/state
[1772538810234] api request success: node=node-3 GET /ha/state status=200
[1772538810310] api request start: node=node-1 GET /ha/state
[1772538810311] api request success: node=node-1 GET /ha/state status=200
[1772538810311] api request start: node=node-2 GET /ha/state
[1772538810311] api request success: node=node-2 GET /ha/state status=200
[1772538810311] api request start: node=node-3 GET /ha/state
[1772538810311] api request success: node=node-3 GET /ha/state status=200
[1772538810435] api request start: node=node-1 GET /ha/state
[1772538810749] api request success: node=node-1 GET /ha/state status=200
[1772538810749] api request start: node=node-2 GET /ha/state
[1772538810749] api request success: node=node-2 GET /ha/state status=200
[1772538810749] api request start: node=node-3 GET /ha/state
[1772538810750] api request success: node=node-3 GET /ha/state status=200
[1772538810826] api request start: node=node-1 GET /ha/state
[1772538810826] api request success: node=node-1 GET /ha/state status=200
[1772538810826] api request start: node=node-2 GET /ha/state
[1772538810826] api request success: node=node-2 GET /ha/state status=200
[1772538810826] api request start: node=node-3 GET /ha/state
[1772538810827] api request success: node=node-3 GET /ha/state status=200
[1772538811054] api request start: node=node-1 GET /ha/state
[1772538811172] api request success: node=node-1 GET /ha/state status=200
[1772538811172] api request start: node=node-2 GET /ha/state
[1772538811172] api request success: node=node-2 GET /ha/state status=200
[1772538811173] api request start: node=node-3 GET /ha/state
[1772538811173] api request success: node=node-3 GET /ha/state status=200
[1772538811249] api request start: node=node-1 GET /ha/state
[1772538811250] api request success: node=node-1 GET /ha/state status=200
[1772538811250] api request start: node=node-2 GET /ha/state
[1772538811250] api request success: node=node-2 GET /ha/state status=200
[1772538811250] api request start: node=node-3 GET /ha/state
[1772538811250] api request success: node=node-3 GET /ha/state status=200
[1772538813678] sql workload stopped: scenario=ha-e2e-stress-planned-switchover-concurrent-sql committed=13 unique_keys=13 transient=318 fencing=0 hard=0
[1772538813707] stress switchover key integrity verified on node-2 with row_count=2