[1772538854750] stress failover bootstrap: wait for stable primary
[1772538854750] api request start: node=node-1 GET /ha/state
[1772538855167] api request success: node=node-1 GET /ha/state status=200
[1772538855167] api request start: node=node-2 GET /ha/state
[1772538855169] api request success: node=node-2 GET /ha/state status=200
[1772538855169] api request start: node=node-3 GET /ha/state
[1772538855171] api request success: node=node-3 GET /ha/state status=200
[1772538855171] stable-primary poll states: node-1:Primary:leader=node-1, node-2:WaitingPostgresReachable:leader=node-1, node-3:WaitingPostgresReachable:leader=node-1
[1772538855371] api request start: node=node-1 GET /ha/state
[1772538855477] api request success: node=node-1 GET /ha/state status=200
[1772538855477] api request start: node=node-2 GET /ha/state
[1772538855478] api request success: node=node-2 GET /ha/state status=200
[1772538855478] api request start: node=node-3 GET /ha/state
[1772538855478] api request success: node=node-3 GET /ha/state status=200
[1772538855478] stable-primary poll states: node-1:Primary:leader=node-1, node-2:Replica:leader=node-1, node-3:WaitingPostgresReachable:leader=node-1
[1772538855791] api request start: node=node-1 GET /ha/state
[1772538855914] api request success: node=node-1 GET /ha/state status=200
[1772538855914] api request start: node=node-2 GET /ha/state
[1772538855917] api request success: node=node-2 GET /ha/state status=200
[1772538855917] api request start: node=node-3 GET /ha/state
[1772538855918] api request success: node=node-3 GET /ha/state status=200
[1772538855919] stable-primary poll states: node-1:Primary:leader=node-1, node-2:Replica:leader=node-1, node-3:Replica:leader=node-1
[1772538856105] api request start: node=node-1 GET /ha/state
[1772538856323] api request success: node=node-1 GET /ha/state status=200
[1772538856324] api request start: node=node-2 GET /ha/state
[1772538856327] api request success: node=node-2 GET /ha/state status=200
[1772538856327] api request start: node=node-3 GET /ha/state
[1772538856328] api request success: node=node-3 GET /ha/state status=200
[1772538856527] api request start: node=node-1 GET /ha/state
[1772538856747] api request success: node=node-1 GET /ha/state status=200
[1772538856747] api request start: node=node-2 GET /ha/state
[1772538856748] api request success: node=node-2 GET /ha/state status=200
[1772538856748] api request start: node=node-3 GET /ha/state
[1772538856748] api request success: node=node-3 GET /ha/state status=200
[1772538856772] sql workload started: scenario=ha-e2e-stress-unassisted-failover-concurrent-sql table=ha_stress_failover workers=4 interval_ms=250
[1772538859815] stress failover: stop postgres on bootstrap primary node-1
[1772538860037] api request start: node=node-1 GET /ha/state
[1772538860462] api request success: node=node-1 GET /ha/state status=200
[1772538860462] api request start: node=node-2 GET /ha/state
[1772538860463] api request success: node=node-2 GET /ha/state status=200
[1772538860463] api request start: node=node-3 GET /ha/state
[1772538860464] api request success: node=node-3 GET /ha/state status=200
[1772538860785] api request start: node=node-1 GET /ha/state
[1772538860796] api request success: node=node-1 GET /ha/state status=200
[1772538860796] api request start: node=node-2 GET /ha/state
[1772538860797] api request success: node=node-2 GET /ha/state status=200
[1772538860798] api request start: node=node-3 GET /ha/state
[1772538860798] api request success: node=node-3 GET /ha/state status=200
[1772538860986] api request start: node=node-1 GET /ha/state
[1772538861350] api request success: node=node-1 GET /ha/state status=200
[1772538861350] api request start: node=node-2 GET /ha/state
[1772538861350] api request success: node=node-2 GET /ha/state status=200
[1772538861350] api request start: node=node-3 GET /ha/state
[1772538861351] api request success: node=node-3 GET /ha/state status=200
[1772538861559] api request start: node=node-1 GET /ha/state
[1772538861883] api request success: node=node-1 GET /ha/state status=200
[1772538861883] api request start: node=node-2 GET /ha/state
[1772538861883] api request success: node=node-2 GET /ha/state status=200
[1772538861883] api request start: node=node-3 GET /ha/state
[1772538861883] api request success: node=node-3 GET /ha/state status=200
[1772538862191] api request start: node=node-1 GET /ha/state
[1772538862301] api request success: node=node-1 GET /ha/state status=200
[1772538862301] api request start: node=node-2 GET /ha/state
[1772538862303] api request success: node=node-2 GET /ha/state status=200
[1772538862303] api request start: node=node-3 GET /ha/state
[1772538862308] api request success: node=node-3 GET /ha/state status=200
[1772538862617] api request start: node=node-1 GET /ha/state
[1772538862720] api request success: node=node-1 GET /ha/state status=200
[1772538862720] api request start: node=node-2 GET /ha/state
[1772538862721] api request success: node=node-2 GET /ha/state status=200
[1772538862721] api request start: node=node-3 GET /ha/state
[1772538862721] api request success: node=node-3 GET /ha/state status=200
[1772538862931] api request start: node=node-1 GET /ha/state
[1772538863256] api request success: node=node-1 GET /ha/state status=200
[1772538863256] api request start: node=node-2 GET /ha/state
[1772538863257] api request success: node=node-2 GET /ha/state status=200
[1772538863257] api request start: node=node-3 GET /ha/state
[1772538863257] api request success: node=node-3 GET /ha/state status=200
[1772538863468] api request start: node=node-1 GET /ha/state
[1772538863585] api request success: node=node-1 GET /ha/state status=200
[1772538863585] api request start: node=node-2 GET /ha/state
[1772538863585] api request success: node=node-2 GET /ha/state status=200
[1772538863585] api request start: node=node-3 GET /ha/state
[1772538863586] api request success: node=node-3 GET /ha/state status=200
[1772538863796] api request start: node=node-1 GET /ha/state
[1772538863804] api request success: node=node-1 GET /ha/state status=200
[1772538863804] api request start: node=node-2 GET /ha/state
[1772538863804] api request success: node=node-2 GET /ha/state status=200
[1772538863804] api request start: node=node-3 GET /ha/state
[1772538863805] api request success: node=node-3 GET /ha/state status=200
[1772538864018] api request start: node=node-1 GET /ha/state
[1772538864129] api request success: node=node-1 GET /ha/state status=200
[1772538864129] api request start: node=node-2 GET /ha/state
[1772538864130] api request success: node=node-2 GET /ha/state status=200
[1772538864130] api request start: node=node-3 GET /ha/state
[1772538864130] api request success: node=node-3 GET /ha/state status=200
[1772538864338] api request start: node=node-1 GET /ha/state
[1772538864661] api request success: node=node-1 GET /ha/state status=200
[1772538864661] api request start: node=node-2 GET /ha/state
[1772538864661] api request success: node=node-2 GET /ha/state status=200
[1772538864661] api request start: node=node-3 GET /ha/state
[1772538864662] api request success: node=node-3 GET /ha/state status=200
[1772538864976] api request start: node=node-1 GET /ha/state
[1772538865097] api request success: node=node-1 GET /ha/state status=200
[1772538865097] api request start: node=node-2 GET /ha/state
[1772538865097] api request success: node=node-2 GET /ha/state status=200
[1772538865097] api request start: node=node-3 GET /ha/state
[1772538865097] api request success: node=node-3 GET /ha/state status=200
[1772538865309] api request start: node=node-1 GET /ha/state
[1772538865633] api request success: node=node-1 GET /ha/state status=200
[1772538865633] api request start: node=node-2 GET /ha/state
[1772538865635] api request success: node=node-2 GET /ha/state status=200
[1772538865635] api request start: node=node-3 GET /ha/state
[1772538865636] api request success: node=node-3 GET /ha/state status=200
[1772538865852] api request start: node=node-1 GET /ha/state
[1772538865859] api request success: node=node-1 GET /ha/state status=200
[1772538865859] api request start: node=node-2 GET /ha/state
[1772538865860] api request success: node=node-2 GET /ha/state status=200
[1772538865860] api request start: node=node-3 GET /ha/state
[1772538865861] api request success: node=node-3 GET /ha/state status=200
[1772538866186] api request start: node=node-1 GET /ha/state
[1772538866293] api request success: node=node-1 GET /ha/state status=200
[1772538866293] api request start: node=node-2 GET /ha/state
[1772538866294] api request success: node=node-2 GET /ha/state status=200
[1772538866294] api request start: node=node-3 GET /ha/state
[1772538866294] api request success: node=node-3 GET /ha/state status=200
[1772538866605] api request start: node=node-1 GET /ha/state
[1772538866712] api request success: node=node-1 GET /ha/state status=200
[1772538866712] api request start: node=node-2 GET /ha/state
[1772538866712] api request success: node=node-2 GET /ha/state status=200
[1772538866712] api request start: node=node-3 GET /ha/state
[1772538866712] api request success: node=node-3 GET /ha/state status=200
[1772538867037] api request start: node=node-1 GET /ha/state
[1772538867145] api request success: node=node-1 GET /ha/state status=200
[1772538867146] api request start: node=node-2 GET /ha/state
[1772538867147] api request success: node=node-2 GET /ha/state status=200
[1772538867147] api request start: node=node-3 GET /ha/state
[1772538867147] api request success: node=node-3 GET /ha/state status=200
[1772538867465] api request start: node=node-1 GET /ha/state
[1772538867576] api request success: node=node-1 GET /ha/state status=200
[1772538867576] api request start: node=node-2 GET /ha/state
[1772538867576] api request success: node=node-2 GET /ha/state status=200
[1772538867577] api request start: node=node-3 GET /ha/state
[1772538867578] api request success: node=node-3 GET /ha/state status=200
[1772538867778] api request start: node=node-1 GET /ha/state
[1772538868109] api request success: node=node-1 GET /ha/state status=200
[1772538868109] api request start: node=node-2 GET /ha/state
[1772538868110] api request success: node=node-2 GET /ha/state status=200
[1772538868110] api request start: node=node-3 GET /ha/state
[1772538868110] api request success: node=node-3 GET /ha/state status=200
[1772538868420] api request start: node=node-1 GET /ha/state
[1772538868544] api request success: node=node-1 GET /ha/state status=200
[1772538868544] api request start: node=node-2 GET /ha/state
[1772538868546] api request success: node=node-2 GET /ha/state status=200
[1772538868546] api request start: node=node-3 GET /ha/state
[1772538868546] api request success: node=node-3 GET /ha/state status=200
[1772538868855] api request start: node=node-1 GET /ha/state
[1772538868973] api request success: node=node-1 GET /ha/state status=200
[1772538868973] api request start: node=node-2 GET /ha/state
[1772538868974] api request success: node=node-2 GET /ha/state status=200
[1772538868974] api request start: node=node-3 GET /ha/state
[1772538868975] api request success: node=node-3 GET /ha/state status=200
[1772538869291] api request start: node=node-1 GET /ha/state
[1772538869417] api request success: node=node-1 GET /ha/state status=200
[1772538869417] api request start: node=node-2 GET /ha/state
[1772538869418] api request success: node=node-2 GET /ha/state status=200
[1772538869418] api request start: node=node-3 GET /ha/state
[1772538869419] api request success: node=node-3 GET /ha/state status=200
[1772538869614] api request start: node=node-1 GET /ha/state
[1772538869952] api request success: node=node-1 GET /ha/state status=200
[1772538869952] api request start: node=node-2 GET /ha/state
[1772538869953] api request success: node=node-2 GET /ha/state status=200
[1772538869953] api request start: node=node-3 GET /ha/state
[1772538869953] api request success: node=node-3 GET /ha/state status=200
[1772538870271] api request start: node=node-1 GET /ha/state
[1772538870393] api request success: node=node-1 GET /ha/state status=200
[1772538870393] api request start: node=node-2 GET /ha/state
[1772538870393] api request success: node=node-2 GET /ha/state status=200
[1772538870393] api request start: node=node-3 GET /ha/state
[1772538870394] api request success: node=node-3 GET /ha/state status=200
[1772538870394] api request start: node=node-1 GET /ha/state
[1772538870395] api request success: node=node-1 GET /ha/state status=200
[1772538870395] api request start: node=node-2 GET /ha/state
[1772538870396] api request success: node=node-2 GET /ha/state status=200
[1772538870396] api request start: node=node-3 GET /ha/state
[1772538870396] api request success: node=node-3 GET /ha/state status=200
[1772538870396] stable-primary poll states: node-1:WaitingPostgresReachable:leader=node-2, node-2:Primary:leader=node-2, node-3:Replica:leader=node-2
[1772538870592] api request start: node=node-1 GET /ha/state
[1772538870919] api request success: node=node-1 GET /ha/state status=200
[1772538870919] api request start: node=node-2 GET /ha/state
[1772538870921] api request success: node=node-2 GET /ha/state status=200
[1772538870921] api request start: node=node-3 GET /ha/state
[1772538870923] api request success: node=node-3 GET /ha/state status=200
[1772538871259] api request start: node=node-1 GET /ha/state
[1772538871268] api request success: node=node-1 GET /ha/state status=200
[1772538871268] api request start: node=node-2 GET /ha/state
[1772538871268] api request success: node=node-2 GET /ha/state status=200
[1772538871268] api request start: node=node-3 GET /ha/state
[1772538871269] api request success: node=node-3 GET /ha/state status=200
[1772538871372] api request start: node=node-1 GET /ha/state
[1772538871481] api request success: node=node-1 GET /ha/state status=200
[1772538871481] api request start: node=node-2 GET /ha/state
[1772538871481] api request success: node=node-2 GET /ha/state status=200
[1772538871481] api request start: node=node-3 GET /ha/state
[1772538871482] api request success: node=node-3 GET /ha/state status=200
[1772538871797] api request start: node=node-1 GET /ha/state
[1772538872017] api request success: node=node-1 GET /ha/state status=200
[1772538872018] api request start: node=node-2 GET /ha/state
[1772538872018] api request success: node=node-2 GET /ha/state status=200
[1772538872019] api request start: node=node-3 GET /ha/state
[1772538872019] api request success: node=node-3 GET /ha/state status=200
[1772538872019] api request start: node=node-1 GET /ha/state
[1772538872019] api request success: node=node-1 GET /ha/state status=200
[1772538872019] api request start: node=node-1 GET /ha/state
[1772538872019] api request success: node=node-1 GET /ha/state status=200
[1772538872019] api request start: node=node-2 GET /ha/state
[1772538872020] api request success: node=node-2 GET /ha/state status=200
[1772538872020] api request start: node=node-3 GET /ha/state
[1772538872020] api request success: node=node-3 GET /ha/state status=200
[1772538872096] api request start: node=node-1 GET /ha/state
[1772538872097] api request success: node=node-1 GET /ha/state status=200
[1772538872097] api request start: node=node-2 GET /ha/state
[1772538872098] api request success: node=node-2 GET /ha/state status=200
[1772538872098] api request start: node=node-3 GET /ha/state
[1772538872099] api request success: node=node-3 GET /ha/state status=200
[1772538872214] api request start: node=node-1 GET /ha/state
[1772538872544] api request success: node=node-1 GET /ha/state status=200
[1772538872544] api request start: node=node-2 GET /ha/state
[1772538872546] api request success: node=node-2 GET /ha/state status=200
[1772538872546] api request start: node=node-3 GET /ha/state
[1772538872546] api request success: node=node-3 GET /ha/state status=200
[1772538872623] api request start: node=node-1 GET /ha/state
[1772538872624] api request success: node=node-1 GET /ha/state status=200
[1772538872624] api request start: node=node-2 GET /ha/state
[1772538872625] api request success: node=node-2 GET /ha/state status=200
[1772538872625] api request start: node=node-3 GET /ha/state
[1772538872626] api request success: node=node-3 GET /ha/state status=200
[1772538872755] api request start: node=node-1 GET /ha/state
[1772538872879] api request success: node=node-1 GET /ha/state status=200
[1772538872879] api request start: node=node-2 GET /ha/state
[1772538872880] api request success: node=node-2 GET /ha/state status=200
[1772538872880] api request start: node=node-3 GET /ha/state
[1772538872880] api request success: node=node-3 GET /ha/state status=200
[1772538872956] api request start: node=node-1 GET /ha/state
[1772538872956] api request success: node=node-1 GET /ha/state status=200
[1772538872956] api request start: node=node-2 GET /ha/state
[1772538872956] api request success: node=node-2 GET /ha/state status=200
[1772538872956] api request start: node=node-3 GET /ha/state
[1772538872956] api request success: node=node-3 GET /ha/state status=200
[1772538873076] api request start: node=node-1 GET /ha/state
[1772538873307] api request success: node=node-1 GET /ha/state status=200
[1772538873307] api request start: node=node-2 GET /ha/state
[1772538873308] api request success: node=node-2 GET /ha/state status=200
[1772538873308] api request start: node=node-3 GET /ha/state
[1772538873309] api request success: node=node-3 GET /ha/state status=200
[1772538873385] api request start: node=node-1 GET /ha/state
[1772538873387] api request success: node=node-1 GET /ha/state status=200
[1772538873387] api request start: node=node-2 GET /ha/state
[1772538873388] api request success: node=node-2 GET /ha/state status=200
[1772538873388] api request start: node=node-3 GET /ha/state
[1772538873388] api request success: node=node-3 GET /ha/state status=200
[1772538873505] api request start: node=node-1 GET /ha/state
[1772538873832] api request success: node=node-1 GET /ha/state status=200
[1772538873832] api request start: node=node-2 GET /ha/state
[1772538873841] api request success: node=node-2 GET /ha/state status=200
[1772538873841] api request start: node=node-3 GET /ha/state
[1772538873842] api request success: node=node-3 GET /ha/state status=200
[1772538873919] api request start: node=node-1 GET /ha/state
[1772538873920] api request success: node=node-1 GET /ha/state status=200
[1772538873920] api request start: node=node-2 GET /ha/state
[1772538873921] api request success: node=node-2 GET /ha/state status=200
[1772538873921] api request start: node=node-3 GET /ha/state
[1772538873921] api request success: node=node-3 GET /ha/state status=200
[1772538874040] api request start: node=node-1 GET /ha/state
[1772538874169] api request success: node=node-1 GET /ha/state status=200
[1772538874169] api request start: node=node-2 GET /ha/state
[1772538874169] api request success: node=node-2 GET /ha/state status=200
[1772538874169] api request start: node=node-3 GET /ha/state
[1772538874170] api request success: node=node-3 GET /ha/state status=200
[1772538874247] api request start: node=node-1 GET /ha/state
[1772538874247] api request success: node=node-1 GET /ha/state status=200
[1772538874247] api request start: node=node-2 GET /ha/state
[1772538874247] api request success: node=node-2 GET /ha/state status=200
[1772538874247] api request start: node=node-3 GET /ha/state
[1772538874248] api request success: node=node-3 GET /ha/state status=200
[1772538874364] api request start: node=node-1 GET /ha/state
[1772538874691] api request success: node=node-1 GET /ha/state status=200
[1772538874691] api request start: node=node-2 GET /ha/state
[1772538874692] api request success: node=node-2 GET /ha/state status=200
[1772538874692] api request start: node=node-3 GET /ha/state
[1772538874692] api request success: node=node-3 GET /ha/state status=200
[1772538874793] api request start: node=node-1 GET /ha/state
[1772538875145] api request success: node=node-1 GET /ha/state status=200
[1772538875146] api request start: node=node-2 GET /ha/state
[1772538875147] api request success: node=node-2 GET /ha/state status=200
[1772538875147] api request start: node=node-3 GET /ha/state
[1772538875147] api request success: node=node-3 GET /ha/state status=200
[1772538875227] api request start: node=node-1 GET /ha/state
[1772538875228] api request success: node=node-1 GET /ha/state status=200
[1772538875228] api request start: node=node-2 GET /ha/state
[1772538875228] api request success: node=node-2 GET /ha/state status=200
[1772538875228] api request start: node=node-3 GET /ha/state
[1772538875229] api request success: node=node-3 GET /ha/state status=200
[1772538875347] api request start: node=node-1 GET /ha/state
[1772538875677] api request success: node=node-1 GET /ha/state status=200
[1772538875677] api request start: node=node-2 GET /ha/state
[1772538875679] api request success: node=node-2 GET /ha/state status=200
[1772538875679] api request start: node=node-3 GET /ha/state
[1772538875680] api request success: node=node-3 GET /ha/state status=200
[1772538875756] api request start: node=node-1 GET /ha/state
[1772538875756] api request success: node=node-1 GET /ha/state status=200
[1772538875756] api request start: node=node-2 GET /ha/state
[1772538875757] api request success: node=node-2 GET /ha/state status=200
[1772538875757] api request start: node=node-3 GET /ha/state
[1772538875758] api request success: node=node-3 GET /ha/state status=200
[1772538875993] api request start: node=node-1 GET /ha/state
[1772538876118] api request success: node=node-1 GET /ha/state status=200
[1772538876118] api request start: node=node-2 GET /ha/state
[1772538876119] api request success: node=node-2 GET /ha/state status=200
[1772538876119] api request start: node=node-3 GET /ha/state
[1772538876120] api request success: node=node-3 GET /ha/state status=200
[1772538876196] api request start: node=node-1 GET /ha/state
[1772538876196] api request success: node=node-1 GET /ha/state status=200
[1772538876196] api request start: node=node-2 GET /ha/state
[1772538876197] api request success: node=node-2 GET /ha/state status=200
[1772538876197] api request start: node=node-3 GET /ha/state
[1772538876197] api request success: node=node-3 GET /ha/state status=200
[1772538876312] api request start: node=node-1 GET /ha/state
[1772538876642] api request success: node=node-1 GET /ha/state status=200
[1772538876642] api request start: node=node-2 GET /ha/state
[1772538876645] api request success: node=node-2 GET /ha/state status=200
[1772538876645] api request start: node=node-3 GET /ha/state
[1772538876649] api request success: node=node-3 GET /ha/state status=200
[1772538876728] api request start: node=node-1 GET /ha/state
[1772538876729] api request success: node=node-1 GET /ha/state status=200
[1772538876729] api request start: node=node-2 GET /ha/state
[1772538876729] api request success: node=node-2 GET /ha/state status=200
[1772538876729] api request start: node=node-3 GET /ha/state
[1772538876730] api request success: node=node-3 GET /ha/state status=200
[1772538876850] api request start: node=node-1 GET /ha/state
[1772538877192] api request success: node=node-1 GET /ha/state status=200
[1772538877192] api request start: node=node-2 GET /ha/state
[1772538877192] api request success: node=node-2 GET /ha/state status=200
[1772538877192] api request start: node=node-3 GET /ha/state
[1772538877193] api request success: node=node-3 GET /ha/state status=200
[1772538877269] api request start: node=node-1 GET /ha/state
[1772538877270] api request success: node=node-1 GET /ha/state status=200
[1772538877270] api request start: node=node-2 GET /ha/state
[1772538877270] api request success: node=node-2 GET /ha/state status=200
[1772538877270] api request start: node=node-3 GET /ha/state
[1772538877271] api request success: node=node-3 GET /ha/state status=200
[1772538877408] api request start: node=node-1 GET /ha/state
[1772538877522] api request success: node=node-1 GET /ha/state status=200
[1772538877522] api request start: node=node-2 GET /ha/state
[1772538877523] api request success: node=node-2 GET /ha/state status=200
[1772538877523] api request start: node=node-3 GET /ha/state
[1772538877523] api request success: node=node-3 GET /ha/state status=200
[1772538877600] api request start: node=node-1 GET /ha/state
[1772538877600] api request success: node=node-1 GET /ha/state status=200
[1772538877600] api request start: node=node-2 GET /ha/state
[1772538877601] api request success: node=node-2 GET /ha/state status=200
[1772538877601] api request start: node=node-3 GET /ha/state
[1772538877601] api request success: node=node-3 GET /ha/state status=200
[1772538877832] api request start: node=node-1 GET /ha/state
[1772538878047] api request success: node=node-1 GET /ha/state status=200
[1772538878047] api request start: node=node-2 GET /ha/state
[1772538878049] api request success: node=node-2 GET /ha/state status=200
[1772538878049] api request start: node=node-3 GET /ha/state
[1772538878050] api request success: node=node-3 GET /ha/state status=200
[1772538880226] sql workload stopped: scenario=ha-e2e-stress-unassisted-failover-concurrent-sql committed=11 unique_keys=11 transient=346 fencing=0 hard=0
[1772538880353] stress failover key integrity verified on node-2 with row_count=1