[1772538571859] stress switchover bootstrap: wait for stable primary
[1772538571859] api request start: node=node-1 GET /ha/state
[1772538571958] api request success: node=node-1 GET /ha/state status=200
[1772538571958] api request start: node=node-2 GET /ha/state
[1772538571958] api request success: node=node-2 GET /ha/state status=200
[1772538571958] api request start: node=node-3 GET /ha/state
[1772538571958] api request success: node=node-3 GET /ha/state status=200
[1772538571958] stable-primary poll states: node-1:Primary:leader=node-1, node-2:WaitingPostgresReachable:leader=node-1, node-3:WaitingPostgresReachable:leader=node-1
[1772538572286] api request start: node=node-1 GET /ha/state
[1772538572488] api request success: node=node-1 GET /ha/state status=200
[1772538572488] api request start: node=node-2 GET /ha/state
[1772538572489] api request success: node=node-2 GET /ha/state status=200
[1772538572489] api request start: node=node-3 GET /ha/state
[1772538572489] api request success: node=node-3 GET /ha/state status=200
[1772538572489] stable-primary poll states: node-1:Primary:leader=node-1, node-2:Replica:leader=node-1, node-3:WaitingPostgresReachable:leader=node-1
[1772538572590] api request start: node=node-1 GET /ha/state
[1772538572934] api request success: node=node-1 GET /ha/state status=200
[1772538572934] api request start: node=node-2 GET /ha/state
[1772538572934] api request success: node=node-2 GET /ha/state status=200
[1772538572934] api request start: node=node-3 GET /ha/state
[1772538572935] api request success: node=node-3 GET /ha/state status=200
[1772538572935] stable-primary poll states: node-1:Primary:leader=node-1, node-2:Replica:leader=node-1, node-3:Replica:leader=node-1
[1772538573036] api request start: node=node-1 GET /ha/state
[1772538573142] api request success: node=node-1 GET /ha/state status=200
[1772538573142] api request start: node=node-2 GET /ha/state
[1772538573142] api request success: node=node-2 GET /ha/state status=200
[1772538573142] api request start: node=node-3 GET /ha/state
[1772538573142] api request success: node=node-3 GET /ha/state status=200
[1772538573245] api request start: node=node-1 GET /ha/state
[1772538573451] api request success: node=node-1 GET /ha/state status=200
[1772538573451] api request start: node=node-2 GET /ha/state
[1772538573451] api request success: node=node-2 GET /ha/state status=200
[1772538573451] api request start: node=node-3 GET /ha/state
[1772538573451] api request success: node=node-3 GET /ha/state status=200
[1772538573476] sql workload started: scenario=ha-e2e-stress-planned-switchover-concurrent-sql table=ha_stress_switchover workers=4 interval_ms=250
[1772538576522] stress switchover: trigger API switchover while workload is active
[1772538576522] api request start: node=node-1 POST /switchover
[1772538576729] api request success: node=node-1 POST /switchover status=202
[1772538576729] api request start: node=node-1 GET /ha/state
[1772538577046] api request success: node=node-1 GET /ha/state status=200
[1772538577046] api request start: node=node-2 GET /ha/state
[1772538577046] api request success: node=node-2 GET /ha/state status=200
[1772538577047] api request start: node=node-3 GET /ha/state
[1772538577047] api request success: node=node-3 GET /ha/state status=200
[1772538577458] api request start: node=node-1 GET /ha/state
[1772538577467] api request success: node=node-1 GET /ha/state status=200
[1772538577467] api request start: node=node-2 GET /ha/state
[1772538577467] api request success: node=node-2 GET /ha/state status=200
[1772538577467] api request start: node=node-3 GET /ha/state
[1772538577468] api request success: node=node-3 GET /ha/state status=200
[1772538577764] api request start: node=node-1 GET /ha/state
[1772538577868] api request success: node=node-1 GET /ha/state status=200
[1772538577868] api request start: node=node-2 GET /ha/state
[1772538577869] api request success: node=node-2 GET /ha/state status=200
[1772538577869] api request start: node=node-3 GET /ha/state
[1772538577869] api request success: node=node-3 GET /ha/state status=200
[1772538578173] api request start: node=node-1 GET /ha/state
[1772538578285] api request success: node=node-1 GET /ha/state status=200
[1772538578285] api request start: node=node-2 GET /ha/state
[1772538578286] api request success: node=node-2 GET /ha/state status=200
[1772538578286] api request start: node=node-3 GET /ha/state
[1772538578290] api request success: node=node-3 GET /ha/state status=200
[1772538578481] api request start: node=node-1 GET /ha/state
[1772538578588] api request success: node=node-1 GET /ha/state status=200
[1772538578589] api request start: node=node-2 GET /ha/state
[1772538578589] api request success: node=node-2 GET /ha/state status=200
[1772538578589] api request start: node=node-3 GET /ha/state
[1772538578589] api request success: node=node-3 GET /ha/state status=200
[1772538578791] api request start: node=node-1 GET /ha/state
[1772538578999] api request success: node=node-1 GET /ha/state status=200
[1772538578999] api request start: node=node-2 GET /ha/state
[1772538579002] api request success: node=node-2 GET /ha/state status=200
[1772538579002] api request start: node=node-3 GET /ha/state
[1772538579002] api request success: node=node-3 GET /ha/state status=200
[1772538579199] api request start: node=node-1 GET /ha/state
[1772538579510] api request success: node=node-1 GET /ha/state status=200
[1772538579510] api request start: node=node-2 GET /ha/state
[1772538579510] api request success: node=node-2 GET /ha/state status=200
[1772538579510] api request start: node=node-3 GET /ha/state
[1772538579511] api request success: node=node-3 GET /ha/state status=200
[1772538579812] api request start: node=node-1 GET /ha/state
[1772538579917] api request success: node=node-1 GET /ha/state status=200
[1772538579917] api request start: node=node-2 GET /ha/state
[1772538579917] api request success: node=node-2 GET /ha/state status=200
[1772538579917] api request start: node=node-3 GET /ha/state
[1772538579918] api request success: node=node-3 GET /ha/state status=200
[1772538580120] api request start: node=node-1 GET /ha/state
[1772538580329] api request success: node=node-1 GET /ha/state status=200
[1772538580329] api request start: node=node-2 GET /ha/state
[1772538580329] api request success: node=node-2 GET /ha/state status=200
[1772538580329] api request start: node=node-3 GET /ha/state
[1772538580329] api request success: node=node-3 GET /ha/state status=200
[1772538580530] api request start: node=node-1 GET /ha/state
[1772538580739] api request success: node=node-1 GET /ha/state status=200
[1772538580739] api request start: node=node-2 GET /ha/state
[1772538580739] api request success: node=node-2 GET /ha/state status=200
[1772538580739] api request start: node=node-3 GET /ha/state
[1772538580739] api request success: node=node-3 GET /ha/state status=200
[1772538581042] api request start: node=node-1 GET /ha/state
[1772538581148] api request success: node=node-1 GET /ha/state status=200
[1772538581148] api request start: node=node-2 GET /ha/state
[1772538581148] api request success: node=node-2 GET /ha/state status=200
[1772538581148] api request start: node=node-3 GET /ha/state
[1772538581149] api request success: node=node-3 GET /ha/state status=200
[1772538581347] api request start: node=node-1 GET /ha/state
[1772538581557] api request success: node=node-1 GET /ha/state status=200
[1772538581557] api request start: node=node-2 GET /ha/state
[1772538581558] api request success: node=node-2 GET /ha/state status=200
[1772538581558] api request start: node=node-3 GET /ha/state
[1772538581560] api request success: node=node-3 GET /ha/state status=200
[1772538581864] api request start: node=node-1 GET /ha/state
[1772538581868] api request success: node=node-1 GET /ha/state status=200
[1772538581869] api request start: node=node-2 GET /ha/state
[1772538581869] api request success: node=node-2 GET /ha/state status=200
[1772538581869] api request start: node=node-3 GET /ha/state
[1772538581869] api request success: node=node-3 GET /ha/state status=200
[1772538582067] api request start: node=node-1 GET /ha/state
[1772538582379] api request success: node=node-1 GET /ha/state status=200
[1772538582379] api request start: node=node-2 GET /ha/state
[1772538582379] api request success: node=node-2 GET /ha/state status=200
[1772538582379] api request start: node=node-3 GET /ha/state
[1772538582380] api request success: node=node-3 GET /ha/state status=200
[1772538582579] api request start: node=node-1 GET /ha/state
[1772538582892] api request success: node=node-1 GET /ha/state status=200
[1772538582892] api request start: node=node-2 GET /ha/state
[1772538582893] api request success: node=node-2 GET /ha/state status=200
[1772538582893] api request start: node=node-3 GET /ha/state
[1772538582894] api request success: node=node-3 GET /ha/state status=200
[1772538583196] api request start: node=node-1 GET /ha/state
[1772538583301] api request success: node=node-1 GET /ha/state status=200
[1772538583301] api request start: node=node-2 GET /ha/state
[1772538583301] api request success: node=node-2 GET /ha/state status=200
[1772538583301] api request start: node=node-3 GET /ha/state
[1772538583302] api request success: node=node-3 GET /ha/state status=200
[1772538583504] api request start: node=node-1 GET /ha/state
[1772538583819] api request success: node=node-1 GET /ha/state status=200
[1772538583819] api request start: node=node-2 GET /ha/state
[1772538583820] api request success: node=node-2 GET /ha/state status=200
[1772538583820] api request start: node=node-3 GET /ha/state
[1772538583820] api request success: node=node-3 GET /ha/state status=200
[1772538584019] api request start: node=node-1 GET /ha/state
[1772538584331] api request success: node=node-1 GET /ha/state status=200
[1772538584331] api request start: node=node-2 GET /ha/state
[1772538584331] api request success: node=node-2 GET /ha/state status=200
[1772538584331] api request start: node=node-3 GET /ha/state
[1772538584331] api request success: node=node-3 GET /ha/state status=200
[1772538584535] api request start: node=node-1 GET /ha/state
[1772538584646] api request success: node=node-1 GET /ha/state status=200
[1772538584646] api request start: node=node-2 GET /ha/state
[1772538584646] api request success: node=node-2 GET /ha/state status=200
[1772538584646] api request start: node=node-3 GET /ha/state
[1772538584647] api request success: node=node-3 GET /ha/state status=200
[1772538584847] api request start: node=node-1 GET /ha/state
[1772538585158] api request success: node=node-1 GET /ha/state status=200
[1772538585158] api request start: node=node-2 GET /ha/state
[1772538585158] api request success: node=node-2 GET /ha/state status=200
[1772538585158] api request start: node=node-3 GET /ha/state
[1772538585158] api request success: node=node-3 GET /ha/state status=200
[1772538585158] api request start: node=node-1 GET /ha/state
[1772538585159] api request success: node=node-1 GET /ha/state status=200
[1772538585159] api request start: node=node-2 GET /ha/state
[1772538585159] api request success: node=node-2 GET /ha/state status=200
[1772538585159] api request start: node=node-3 GET /ha/state
[1772538585159] api request success: node=node-3 GET /ha/state status=200
[1772538585159] stable-primary poll states: node-1:WaitingPostgresReachable:leader=node-2, node-2:Primary:leader=node-2, node-3:Replica:leader=node-2
[1772538585362] api request start: node=node-1 GET /ha/state
[1772538585673] api request success: node=node-1 GET /ha/state status=200
[1772538585673] api request start: node=node-2 GET /ha/state
[1772538585674] api request success: node=node-2 GET /ha/state status=200
[1772538585674] api request start: node=node-3 GET /ha/state
[1772538585674] api request success: node=node-3 GET /ha/state status=200
[1772538585876] api request start: node=node-1 GET /ha/state
[1772538585983] api request success: node=node-1 GET /ha/state status=200
[1772538585983] api request start: node=node-2 GET /ha/state
[1772538585983] api request success: node=node-2 GET /ha/state status=200
[1772538585983] api request start: node=node-3 GET /ha/state
[1772538585984] api request success: node=node-3 GET /ha/state status=200
[1772538586189] api request start: node=node-1 GET /ha/state
[1772538586398] api request success: node=node-1 GET /ha/state status=200
[1772538586398] api request start: node=node-2 GET /ha/state
[1772538586399] api request success: node=node-2 GET /ha/state status=200
[1772538586399] api request start: node=node-3 GET /ha/state
[1772538586399] api request success: node=node-3 GET /ha/state status=200
[1772538586709] api request start: node=node-1 GET /ha/state
[1772538586818] api request success: node=node-1 GET /ha/state status=200
[1772538586818] api request start: node=node-2 GET /ha/state
[1772538586818] api request success: node=node-2 GET /ha/state status=200
[1772538586818] api request start: node=node-3 GET /ha/state
[1772538586818] api request success: node=node-3 GET /ha/state status=200
[1772538586818] api request start: node=node-1 GET /ha/state
[1772538586819] api request success: node=node-1 GET /ha/state status=200
[1772538586819] api request start: node=node-1 GET /ha/state
[1772538586819] api request success: node=node-1 GET /ha/state status=200
[1772538586819] api request start: node=node-2 GET /ha/state
[1772538586819] api request success: node=node-2 GET /ha/state status=200
[1772538586819] api request start: node=node-3 GET /ha/state
[1772538586819] api request success: node=node-3 GET /ha/state status=200
[1772538586895] api request start: node=node-1 GET /ha/state
[1772538586896] api request success: node=node-1 GET /ha/state status=200
[1772538586896] api request start: node=node-2 GET /ha/state
[1772538586896] api request success: node=node-2 GET /ha/state status=200
[1772538586896] api request start: node=node-3 GET /ha/state
[1772538586896] api request success: node=node-3 GET /ha/state status=200
[1772538587019] api request start: node=node-1 GET /ha/state
[1772538587335] api request success: node=node-1 GET /ha/state status=200
[1772538587335] api request start: node=node-2 GET /ha/state
[1772538587336] api request success: node=node-2 GET /ha/state status=200
[1772538587336] api request start: node=node-3 GET /ha/state
[1772538587336] api request success: node=node-3 GET /ha/state status=200
[1772538587412] api request start: node=node-1 GET /ha/state
[1772538587412] api request success: node=node-1 GET /ha/state status=200
[1772538587412] api request start: node=node-2 GET /ha/state
[1772538587412] api request success: node=node-2 GET /ha/state status=200
[1772538587412] api request start: node=node-3 GET /ha/state
[1772538587413] api request success: node=node-3 GET /ha/state status=200
[1772538587647] api request start: node=node-1 GET /ha/state
[1772538587758] api request success: node=node-1 GET /ha/state status=200
[1772538587758] api request start: node=node-2 GET /ha/state
[1772538587758] api request success: node=node-2 GET /ha/state status=200
[1772538587758] api request start: node=node-3 GET /ha/state
[1772538587759] api request success: node=node-3 GET /ha/state status=200
[1772538587835] api request start: node=node-1 GET /ha/state
[1772538587835] api request success: node=node-1 GET /ha/state status=200
[1772538587835] api request start: node=node-2 GET /ha/state
[1772538587836] api request success: node=node-2 GET /ha/state status=200
[1772538587836] api request start: node=node-3 GET /ha/state
[1772538587836] api request success: node=node-3 GET /ha/state status=200
[1772538588068] api request start: node=node-1 GET /ha/state
[1772538588184] api request success: node=node-1 GET /ha/state status=200
[1772538588184] api request start: node=node-2 GET /ha/state
[1772538588185] api request success: node=node-2 GET /ha/state status=200
[1772538588185] api request start: node=node-3 GET /ha/state
[1772538588185] api request success: node=node-3 GET /ha/state status=200
[1772538588262] api request start: node=node-1 GET /ha/state
[1772538588262] api request success: node=node-1 GET /ha/state status=200
[1772538588262] api request start: node=node-2 GET /ha/state
[1772538588262] api request success: node=node-2 GET /ha/state status=200
[1772538588262] api request start: node=node-3 GET /ha/state
[1772538588262] api request success: node=node-3 GET /ha/state status=200
[1772538588374] api request start: node=node-1 GET /ha/state
[1772538588692] api request success: node=node-1 GET /ha/state status=200
[1772538588692] api request start: node=node-2 GET /ha/state
[1772538588692] api request success: node=node-2 GET /ha/state status=200
[1772538588692] api request start: node=node-3 GET /ha/state
[1772538588692] api request success: node=node-3 GET /ha/state status=200
[1772538588769] api request start: node=node-1 GET /ha/state
[1772538588770] api request success: node=node-1 GET /ha/state status=200
[1772538588770] api request start: node=node-2 GET /ha/state
[1772538588770] api request success: node=node-2 GET /ha/state status=200
[1772538588770] api request start: node=node-3 GET /ha/state
[1772538588771] api request success: node=node-3 GET /ha/state status=200
[1772538588894] api request start: node=node-1 GET /ha/state
[1772538589014] api request success: node=node-1 GET /ha/state status=200
[1772538589014] api request start: node=node-2 GET /ha/state
[1772538589015] api request success: node=node-2 GET /ha/state status=200
[1772538589015] api request start: node=node-3 GET /ha/state
[1772538589015] api request success: node=node-3 GET /ha/state status=200
[1772538589092] api request start: node=node-1 GET /ha/state
[1772538589092] api request success: node=node-1 GET /ha/state status=200
[1772538589092] api request start: node=node-2 GET /ha/state
[1772538589092] api request success: node=node-2 GET /ha/state status=200
[1772538589092] api request start: node=node-3 GET /ha/state
[1772538589093] api request success: node=node-3 GET /ha/state status=200
[1772538589209] api request start: node=node-1 GET /ha/state
[1772538589420] api request success: node=node-1 GET /ha/state status=200
[1772538589420] api request start: node=node-2 GET /ha/state
[1772538589420] api request success: node=node-2 GET /ha/state status=200
[1772538589420] api request start: node=node-3 GET /ha/state
[1772538589421] api request success: node=node-3 GET /ha/state status=200
[1772538589496] api request start: node=node-1 GET /ha/state
[1772538589497] api request success: node=node-1 GET /ha/state status=200
[1772538589497] api request start: node=node-2 GET /ha/state
[1772538589497] api request success: node=node-2 GET /ha/state status=200
[1772538589497] api request start: node=node-3 GET /ha/state
[1772538589498] api request success: node=node-3 GET /ha/state status=200
[1772538589625] api request start: node=node-1 GET /ha/state
[1772538589940] api request success: node=node-1 GET /ha/state status=200
[1772538589940] api request start: node=node-2 GET /ha/state
[1772538589940] api request success: node=node-2 GET /ha/state status=200
[1772538589940] api request start: node=node-3 GET /ha/state
[1772538589941] api request success: node=node-3 GET /ha/state status=200
[1772538590017] api request start: node=node-1 GET /ha/state
[1772538590018] api request success: node=node-1 GET /ha/state status=200
[1772538590018] api request start: node=node-2 GET /ha/state
[1772538590018] api request success: node=node-2 GET /ha/state status=200
[1772538590018] api request start: node=node-3 GET /ha/state
[1772538590019] api request success: node=node-3 GET /ha/state status=200
[1772538590149] api request start: node=node-1 GET /ha/state
[1772538590257] api request success: node=node-1 GET /ha/state status=200
[1772538590257] api request start: node=node-2 GET /ha/state
[1772538590258] api request success: node=node-2 GET /ha/state status=200
[1772538590258] api request start: node=node-3 GET /ha/state
[1772538590258] api request success: node=node-3 GET /ha/state status=200
[1772538590335] api request start: node=node-1 GET /ha/state
[1772538590335] api request success: node=node-1 GET /ha/state status=200
[1772538590335] api request start: node=node-2 GET /ha/state
[1772538590335] api request success: node=node-2 GET /ha/state status=200
[1772538590335] api request start: node=node-3 GET /ha/state
[1772538590335] api request success: node=node-3 GET /ha/state status=200
[1772538590458] api request start: node=node-1 GET /ha/state
[1772538590666] api request success: node=node-1 GET /ha/state status=200
[1772538590666] api request start: node=node-2 GET /ha/state
[1772538590666] api request success: node=node-2 GET /ha/state status=200
[1772538590666] api request start: node=node-3 GET /ha/state
[1772538590667] api request success: node=node-3 GET /ha/state status=200
[1772538590743] api request start: node=node-1 GET /ha/state
[1772538590743] api request success: node=node-1 GET /ha/state status=200
[1772538590743] api request start: node=node-2 GET /ha/state
[1772538590744] api request success: node=node-2 GET /ha/state status=200
[1772538590744] api request start: node=node-3 GET /ha/state
[1772538590744] api request success: node=node-3 GET /ha/state status=200
[1772538590869] api request start: node=node-1 GET /ha/state
[1772538590980] api request success: node=node-1 GET /ha/state status=200
[1772538590980] api request start: node=node-2 GET /ha/state
[1772538590981] api request success: node=node-2 GET /ha/state status=200
[1772538590981] api request start: node=node-3 GET /ha/state
[1772538590981] api request success: node=node-3 GET /ha/state status=200
[1772538591057] api request start: node=node-1 GET /ha/state
[1772538591057] api request success: node=node-1 GET /ha/state status=200
[1772538591057] api request start: node=node-2 GET /ha/state
[1772538591057] api request success: node=node-2 GET /ha/state status=200
[1772538591057] api request start: node=node-3 GET /ha/state
[1772538591058] api request success: node=node-3 GET /ha/state status=200
[1772538591178] api request start: node=node-1 GET /ha/state
[1772538591488] api request success: node=node-1 GET /ha/state status=200
[1772538591488] api request start: node=node-2 GET /ha/state
[1772538591489] api request success: node=node-2 GET /ha/state status=200
[1772538591489] api request start: node=node-3 GET /ha/state
[1772538591489] api request success: node=node-3 GET /ha/state status=200
[1772538591565] api request start: node=node-1 GET /ha/state
[1772538591565] api request success: node=node-1 GET /ha/state status=200
[1772538591565] api request start: node=node-2 GET /ha/state
[1772538591566] api request success: node=node-2 GET /ha/state status=200
[1772538591566] api request start: node=node-3 GET /ha/state
[1772538591566] api request success: node=node-3 GET /ha/state status=200
[1772538591695] api request start: node=node-1 GET /ha/state
[1772538591806] api request success: node=node-1 GET /ha/state status=200
[1772538591806] api request start: node=node-2 GET /ha/state
[1772538591806] api request success: node=node-2 GET /ha/state status=200
[1772538591806] api request start: node=node-3 GET /ha/state
[1772538591807] api request success: node=node-3 GET /ha/state status=200
[1772538591882] api request start: node=node-1 GET /ha/state
[1772538591883] api request success: node=node-1 GET /ha/state status=200
[1772538591883] api request start: node=node-2 GET /ha/state
[1772538591883] api request success: node=node-2 GET /ha/state status=200
[1772538591883] api request start: node=node-3 GET /ha/state
[1772538591883] api request success: node=node-3 GET /ha/state status=200
[1772538594405] sql workload stopped: scenario=ha-e2e-stress-planned-switchover-concurrent-sql committed=15 unique_keys=15 transient=338 fencing=0 hard=0
[1772538594530] stress switchover key integrity verified on node-2 with row_count=2