[1772535007201] stress failover bootstrap: wait for stable primary
[1772535007201] api request start: node=node-1 GET /ha/state
[1772535007300] api request success: node=node-1 GET /ha/state status=200
[1772535007300] api request start: node=node-2 GET /ha/state
[1772535007300] api request success: node=node-2 GET /ha/state status=200
[1772535007300] api request start: node=node-3 GET /ha/state
[1772535007300] api request success: node=node-3 GET /ha/state status=200
[1772535007300] stable-primary poll states: node-1:Primary:leader=node-1, node-2:WaitingPostgresReachable:leader=node-1, node-3:WaitingPostgresReachable:leader=node-1
[1772535007408] api request start: node=node-1 GET /ha/state
[1772535007525] api request success: node=node-1 GET /ha/state status=200
[1772535007525] api request start: node=node-2 GET /ha/state
[1772535007526] api request success: node=node-2 GET /ha/state status=200
[1772535007526] api request start: node=node-3 GET /ha/state
[1772535007527] api request success: node=node-3 GET /ha/state status=200
[1772535007527] stable-primary poll states: node-1:Primary:leader=node-1, node-2:Replica:leader=node-1, node-3:WaitingPostgresReachable:leader=node-1
[1772535007725] api request start: node=node-1 GET /ha/state
[1772535007949] api request success: node=node-1 GET /ha/state status=200
[1772535007949] api request start: node=node-2 GET /ha/state
[1772535007950] api request success: node=node-2 GET /ha/state status=200
[1772535007950] api request start: node=node-3 GET /ha/state
[1772535007950] api request success: node=node-3 GET /ha/state status=200
[1772535008156] api request start: node=node-1 GET /ha/state
[1772535008380] api request success: node=node-1 GET /ha/state status=200
[1772535008380] api request start: node=node-2 GET /ha/state
[1772535008381] api request success: node=node-2 GET /ha/state status=200
[1772535008381] api request start: node=node-3 GET /ha/state
[1772535008381] api request success: node=node-3 GET /ha/state status=200
[1772535008381] stable-primary poll states: node-1:Primary:leader=node-1, node-2:Replica:leader=node-1, node-3:Replica:leader=node-1
[1772535008584] api request start: node=node-1 GET /ha/state
[1772535008806] api request success: node=node-1 GET /ha/state status=200
[1772535008806] api request start: node=node-2 GET /ha/state
[1772535008807] api request success: node=node-2 GET /ha/state status=200
[1772535008807] api request start: node=node-3 GET /ha/state
[1772535008807] api request success: node=node-3 GET /ha/state status=200
[1772535008848] sql workload started: scenario=ha-e2e-stress-unassisted-failover-concurrent-sql table=ha_stress_failover workers=6 interval_ms=150
[1772535012032] stress failover: stop postgres on bootstrap primary node-1
[1772535012238] api request start: node=node-1 GET /ha/state
[1772535012663] api request success: node=node-1 GET /ha/state status=200
[1772535012664] api request start: node=node-2 GET /ha/state
[1772535012664] api request success: node=node-2 GET /ha/state status=200
[1772535012664] api request start: node=node-3 GET /ha/state
[1772535012665] api request success: node=node-3 GET /ha/state status=200
[1772535013093] api request start: node=node-1 GET /ha/state
[1772535013199] api request success: node=node-1 GET /ha/state status=200
[1772535013199] api request start: node=node-2 GET /ha/state
[1772535013199] api request success: node=node-2 GET /ha/state status=200
[1772535013199] api request start: node=node-3 GET /ha/state
[1772535013200] api request success: node=node-3 GET /ha/state status=200
[1772535013414] api request start: node=node-1 GET /ha/state
[1772535013628] api request success: node=node-1 GET /ha/state status=200
[1772535013628] api request start: node=node-2 GET /ha/state
[1772535013629] api request success: node=node-2 GET /ha/state status=200
[1772535013629] api request start: node=node-3 GET /ha/state
[1772535013629] api request success: node=node-3 GET /ha/state status=200
[1772535013946] api request start: node=node-1 GET /ha/state
[1772535013955] api request success: node=node-1 GET /ha/state status=200
[1772535013955] api request start: node=node-2 GET /ha/state
[1772535013955] api request success: node=node-2 GET /ha/state status=200
[1772535013955] api request start: node=node-3 GET /ha/state
[1772535013958] api request success: node=node-3 GET /ha/state status=200
[1772535014156] api request start: node=node-1 GET /ha/state
[1772535014490] api request success: node=node-1 GET /ha/state status=200
[1772535014490] api request start: node=node-2 GET /ha/state
[1772535014494] api request success: node=node-2 GET /ha/state status=200
[1772535014494] api request start: node=node-3 GET /ha/state
[1772535014497] api request success: node=node-3 GET /ha/state status=200
[1772535014701] api request start: node=node-1 GET /ha/state
[1772535015034] api request success: node=node-1 GET /ha/state status=200
[1772535015034] api request start: node=node-2 GET /ha/state
[1772535015039] api request success: node=node-2 GET /ha/state status=200
[1772535015039] api request start: node=node-3 GET /ha/state
[1772535015040] api request success: node=node-3 GET /ha/state status=200
[1772535015242] api request start: node=node-1 GET /ha/state
[1772535015260] api request success: node=node-1 GET /ha/state status=200
[1772535015260] api request start: node=node-2 GET /ha/state
[1772535015261] api request success: node=node-2 GET /ha/state status=200
[1772535015261] api request start: node=node-3 GET /ha/state
[1772535015263] api request success: node=node-3 GET /ha/state status=200
[1772535015457] api request start: node=node-1 GET /ha/state
[1772535015595] api request success: node=node-1 GET /ha/state status=200
[1772535015595] api request start: node=node-2 GET /ha/state
[1772535015595] api request success: node=node-2 GET /ha/state status=200
[1772535015595] api request start: node=node-3 GET /ha/state
[1772535015596] api request success: node=node-3 GET /ha/state status=200
[1772535015786] api request start: node=node-1 GET /ha/state
[1772535016106] api request success: node=node-1 GET /ha/state status=200
[1772535016106] api request start: node=node-2 GET /ha/state
[1772535016109] api request success: node=node-2 GET /ha/state status=200
[1772535016109] api request start: node=node-3 GET /ha/state
[1772535016110] api request success: node=node-3 GET /ha/state status=200
[1772535016432] api request start: node=node-1 GET /ha/state
[1772535016552] api request success: node=node-1 GET /ha/state status=200
[1772535016552] api request start: node=node-2 GET /ha/state
[1772535016552] api request success: node=node-2 GET /ha/state status=200
[1772535016552] api request start: node=node-3 GET /ha/state
[1772535016553] api request success: node=node-3 GET /ha/state status=200
[1772535016753] api request start: node=node-1 GET /ha/state
[1772535017084] api request success: node=node-1 GET /ha/state status=200
[1772535017084] api request start: node=node-2 GET /ha/state
[1772535017085] api request success: node=node-2 GET /ha/state status=200
[1772535017085] api request start: node=node-3 GET /ha/state
[1772535017085] api request success: node=node-3 GET /ha/state status=200
[1772535017292] api request start: node=node-1 GET /ha/state
[1772535017307] api request success: node=node-1 GET /ha/state status=200
[1772535017307] api request start: node=node-2 GET /ha/state
[1772535017307] api request success: node=node-2 GET /ha/state status=200
[1772535017307] api request start: node=node-3 GET /ha/state
[1772535017307] api request success: node=node-3 GET /ha/state status=200
[1772535017625] api request start: node=node-1 GET /ha/state
[1772535017639] api request success: node=node-1 GET /ha/state status=200
[1772535017639] api request start: node=node-2 GET /ha/state
[1772535017639] api request success: node=node-2 GET /ha/state status=200
[1772535017639] api request start: node=node-3 GET /ha/state
[1772535017640] api request success: node=node-3 GET /ha/state status=200
[1772535017835] api request start: node=node-1 GET /ha/state
[1772535017837] api request success: node=node-1 GET /ha/state status=200
[1772535017837] api request start: node=node-2 GET /ha/state
[1772535017838] api request success: node=node-2 GET /ha/state status=200
[1772535017838] api request start: node=node-3 GET /ha/state
[1772535017838] api request success: node=node-3 GET /ha/state status=200
[1772535018153] api request start: node=node-1 GET /ha/state
[1772535018261] api request success: node=node-1 GET /ha/state status=200
[1772535018261] api request start: node=node-2 GET /ha/state
[1772535018262] api request success: node=node-2 GET /ha/state status=200
[1772535018262] api request start: node=node-3 GET /ha/state
[1772535018262] api request success: node=node-3 GET /ha/state status=200
[1772535018581] api request start: node=node-1 GET /ha/state
[1772535018689] api request success: node=node-1 GET /ha/state status=200
[1772535018689] api request start: node=node-2 GET /ha/state
[1772535018689] api request success: node=node-2 GET /ha/state status=200
[1772535018689] api request start: node=node-3 GET /ha/state
[1772535018689] api request success: node=node-3 GET /ha/state status=200
[1772535019003] api request start: node=node-1 GET /ha/state
[1772535019113] api request success: node=node-1 GET /ha/state status=200
[1772535019113] api request start: node=node-2 GET /ha/state
[1772535019113] api request success: node=node-2 GET /ha/state status=200
[1772535019113] api request start: node=node-3 GET /ha/state
[1772535019113] api request success: node=node-3 GET /ha/state status=200
[1772535019321] api request start: node=node-1 GET /ha/state
[1772535019537] api request success: node=node-1 GET /ha/state status=200
[1772535019537] api request start: node=node-2 GET /ha/state
[1772535019537] api request success: node=node-2 GET /ha/state status=200
[1772535019537] api request start: node=node-3 GET /ha/state
[1772535019538] api request success: node=node-3 GET /ha/state status=200
[1772535019748] api request start: node=node-1 GET /ha/state
[1772535020074] api request success: node=node-1 GET /ha/state status=200
[1772535020074] api request start: node=node-2 GET /ha/state
[1772535020074] api request success: node=node-2 GET /ha/state status=200
[1772535020074] api request start: node=node-3 GET /ha/state
[1772535020075] api request success: node=node-3 GET /ha/state status=200
[1772535020284] api request start: node=node-1 GET /ha/state
[1772535020409] api request success: node=node-1 GET /ha/state status=200
[1772535020409] api request start: node=node-2 GET /ha/state
[1772535020409] api request success: node=node-2 GET /ha/state status=200
[1772535020409] api request start: node=node-3 GET /ha/state
[1772535020410] api request success: node=node-3 GET /ha/state status=200
[1772535020719] api request start: node=node-1 GET /ha/state
[1772535020823] api request success: node=node-1 GET /ha/state status=200
[1772535020823] api request start: node=node-2 GET /ha/state
[1772535020823] api request success: node=node-2 GET /ha/state status=200
[1772535020823] api request start: node=node-3 GET /ha/state
[1772535020823] api request success: node=node-3 GET /ha/state status=200
[1772535021142] api request start: node=node-1 GET /ha/state
[1772535021251] api request success: node=node-1 GET /ha/state status=200
[1772535021251] api request start: node=node-2 GET /ha/state
[1772535021252] api request success: node=node-2 GET /ha/state status=200
[1772535021252] api request start: node=node-3 GET /ha/state
[1772535021252] api request success: node=node-3 GET /ha/state status=200
[1772535021561] api request start: node=node-1 GET /ha/state
[1772535021672] api request success: node=node-1 GET /ha/state status=200
[1772535021672] api request start: node=node-2 GET /ha/state
[1772535021672] api request success: node=node-2 GET /ha/state status=200
[1772535021672] api request start: node=node-3 GET /ha/state
[1772535021673] api request success: node=node-3 GET /ha/state status=200
[1772535021884] api request start: node=node-1 GET /ha/state
[1772535021894] api request success: node=node-1 GET /ha/state status=200
[1772535021894] api request start: node=node-2 GET /ha/state
[1772535021897] api request success: node=node-2 GET /ha/state status=200
[1772535021897] api request start: node=node-3 GET /ha/state
[1772535021900] api request success: node=node-3 GET /ha/state status=200
[1772535022091] api request start: node=node-1 GET /ha/state
[1772535022315] api request success: node=node-1 GET /ha/state status=200
[1772535022315] api request start: node=node-2 GET /ha/state
[1772535022316] api request success: node=node-2 GET /ha/state status=200
[1772535022316] api request start: node=node-3 GET /ha/state
[1772535022317] api request success: node=node-3 GET /ha/state status=200
[1772535022317] api request start: node=node-1 GET /ha/state
[1772535022318] api request success: node=node-1 GET /ha/state status=200
[1772535022318] api request start: node=node-2 GET /ha/state
[1772535022319] api request success: node=node-2 GET /ha/state status=200
[1772535022319] api request start: node=node-3 GET /ha/state
[1772535022322] api request success: node=node-3 GET /ha/state status=200
[1772535022322] stable-primary poll states: node-1:WaitingPostgresReachable:leader=node-3, node-2:Replica:leader=node-3, node-3:Primary:leader=node-3
[1772535022515] api request start: node=node-1 GET /ha/state
[1772535022841] api request success: node=node-1 GET /ha/state status=200
[1772535022841] api request start: node=node-2 GET /ha/state
[1772535022843] api request success: node=node-2 GET /ha/state status=200
[1772535022845] api request start: node=node-3 GET /ha/state
[1772535022850] api request success: node=node-3 GET /ha/state status=200
[1772535023045] api request start: node=node-1 GET /ha/state
[1772535023171] api request success: node=node-1 GET /ha/state status=200
[1772535023171] api request start: node=node-2 GET /ha/state
[1772535023172] api request success: node=node-2 GET /ha/state status=200
[1772535023172] api request start: node=node-3 GET /ha/state
[1772535023172] api request success: node=node-3 GET /ha/state status=200
[1772535023368] api request start: node=node-1 GET /ha/state
[1772535023694] api request success: node=node-1 GET /ha/state status=200
[1772535023694] api request start: node=node-2 GET /ha/state
[1772535023695] api request success: node=node-2 GET /ha/state status=200
[1772535023695] api request start: node=node-3 GET /ha/state
[1772535023695] api request success: node=node-3 GET /ha/state status=200
[1772535023904] api request start: node=node-1 GET /ha/state
[1772535024226] api request success: node=node-1 GET /ha/state status=200
[1772535024226] api request start: node=node-2 GET /ha/state
[1772535024227] api request success: node=node-2 GET /ha/state status=200
[1772535024227] api request start: node=node-3 GET /ha/state
[1772535024227] api request success: node=node-3 GET /ha/state status=200
[1772535024228] api request start: node=node-1 GET /ha/state
[1772535024228] api request success: node=node-1 GET /ha/state status=200
[1772535024228] api request start: node=node-1 GET /ha/state
[1772535024228] api request success: node=node-1 GET /ha/state status=200
[1772535024229] api request start: node=node-2 GET /ha/state
[1772535024229] api request success: node=node-2 GET /ha/state status=200
[1772535024229] api request start: node=node-3 GET /ha/state
[1772535024229] api request success: node=node-3 GET /ha/state status=200
[1772535024305] api request start: node=node-1 GET /ha/state
[1772535024306] api request success: node=node-1 GET /ha/state status=200
[1772535024306] api request start: node=node-2 GET /ha/state
[1772535024306] api request success: node=node-2 GET /ha/state status=200
[1772535024306] api request start: node=node-3 GET /ha/state
[1772535024306] api request success: node=node-3 GET /ha/state status=200
[1772535024540] api request start: node=node-1 GET /ha/state
[1772535024658] api request success: node=node-1 GET /ha/state status=200
[1772535024658] api request start: node=node-2 GET /ha/state
[1772535024659] api request success: node=node-2 GET /ha/state status=200
[1772535024659] api request start: node=node-3 GET /ha/state
[1772535024660] api request success: node=node-3 GET /ha/state status=200
[1772535024737] api request start: node=node-1 GET /ha/state
[1772535024737] api request success: node=node-1 GET /ha/state status=200
[1772535024737] api request start: node=node-2 GET /ha/state
[1772535024738] api request success: node=node-2 GET /ha/state status=200
[1772535024738] api request start: node=node-3 GET /ha/state
[1772535024738] api request success: node=node-3 GET /ha/state status=200
[1772535024856] api request start: node=node-1 GET /ha/state
[1772535025189] api request success: node=node-1 GET /ha/state status=200
[1772535025189] api request start: node=node-2 GET /ha/state
[1772535025191] api request success: node=node-2 GET /ha/state status=200
[1772535025191] api request start: node=node-3 GET /ha/state
[1772535025191] api request success: node=node-3 GET /ha/state status=200
[1772535025287] api request start: node=node-1 GET /ha/state
[1772535025610] api request success: node=node-1 GET /ha/state status=200
[1772535025610] api request start: node=node-2 GET /ha/state
[1772535025615] api request success: node=node-2 GET /ha/state status=200
[1772535025615] api request start: node=node-3 GET /ha/state
[1772535025616] api request success: node=node-3 GET /ha/state status=200
[1772535025693] api request start: node=node-1 GET /ha/state
[1772535025694] api request success: node=node-1 GET /ha/state status=200
[1772535025694] api request start: node=node-2 GET /ha/state
[1772535025694] api request success: node=node-2 GET /ha/state status=200
[1772535025694] api request start: node=node-3 GET /ha/state
[1772535025694] api request success: node=node-3 GET /ha/state status=200
[1772535025827] api request start: node=node-1 GET /ha/state
[1772535026152] api request success: node=node-1 GET /ha/state status=200
[1772535026152] api request start: node=node-2 GET /ha/state
[1772535026153] api request success: node=node-2 GET /ha/state status=200
[1772535026153] api request start: node=node-3 GET /ha/state
[1772535026153] api request success: node=node-3 GET /ha/state status=200
[1772535026231] api request start: node=node-1 GET /ha/state
[1772535026231] api request success: node=node-1 GET /ha/state status=200
[1772535026231] api request start: node=node-2 GET /ha/state
[1772535026232] api request success: node=node-2 GET /ha/state status=200
[1772535026232] api request start: node=node-3 GET /ha/state
[1772535026232] api request success: node=node-3 GET /ha/state status=200
[1772535026363] api request start: node=node-1 GET /ha/state
[1772535026484] api request success: node=node-1 GET /ha/state status=200
[1772535026484] api request start: node=node-2 GET /ha/state
[1772535026484] api request success: node=node-2 GET /ha/state status=200
[1772535026484] api request start: node=node-3 GET /ha/state
[1772535026485] api request success: node=node-3 GET /ha/state status=200
[1772535026564] api request start: node=node-1 GET /ha/state
[1772535026564] api request success: node=node-1 GET /ha/state status=200
[1772535026564] api request start: node=node-2 GET /ha/state
[1772535026564] api request success: node=node-2 GET /ha/state status=200
[1772535026564] api request start: node=node-3 GET /ha/state
[1772535026565] api request success: node=node-3 GET /ha/state status=200
[1772535026683] api request start: node=node-1 GET /ha/state
[1772535027010] api request success: node=node-1 GET /ha/state status=200
[1772535027010] api request start: node=node-2 GET /ha/state
[1772535027010] api request success: node=node-2 GET /ha/state status=200
[1772535027010] api request start: node=node-3 GET /ha/state
[1772535027010] api request success: node=node-3 GET /ha/state status=200
[1772535027108] api request start: node=node-1 GET /ha/state
[1772535027427] api request success: node=node-1 GET /ha/state status=200
[1772535027427] api request start: node=node-2 GET /ha/state
[1772535027432] api request success: node=node-2 GET /ha/state status=200
[1772535027432] api request start: node=node-3 GET /ha/state
[1772535027433] api request success: node=node-3 GET /ha/state status=200
[1772535027511] api request start: node=node-1 GET /ha/state
[1772535027512] api request success: node=node-1 GET /ha/state status=200
[1772535027512] api request start: node=node-2 GET /ha/state
[1772535027512] api request success: node=node-2 GET /ha/state status=200
[1772535027512] api request start: node=node-3 GET /ha/state
[1772535027513] api request success: node=node-3 GET /ha/state status=200
[1772535027635] api request start: node=node-1 GET /ha/state
[1772535027953] api request success: node=node-1 GET /ha/state status=200
[1772535027953] api request start: node=node-2 GET /ha/state
[1772535027953] api request success: node=node-2 GET /ha/state status=200
[1772535027953] api request start: node=node-3 GET /ha/state
[1772535027954] api request success: node=node-3 GET /ha/state status=200
[1772535028032] api request start: node=node-1 GET /ha/state
[1772535028033] api request success: node=node-1 GET /ha/state status=200
[1772535028033] api request start: node=node-2 GET /ha/state
[1772535028034] api request success: node=node-2 GET /ha/state status=200
[1772535028034] api request start: node=node-3 GET /ha/state
[1772535028035] api request success: node=node-3 GET /ha/state status=200
[1772535028165] api request start: node=node-1 GET /ha/state
[1772535028283] api request success: node=node-1 GET /ha/state status=200
[1772535028283] api request start: node=node-2 GET /ha/state
[1772535028283] api request success: node=node-2 GET /ha/state status=200
[1772535028283] api request start: node=node-3 GET /ha/state
[1772535028284] api request success: node=node-3 GET /ha/state status=200
[1772535028360] api request start: node=node-1 GET /ha/state
[1772535028360] api request success: node=node-1 GET /ha/state status=200
[1772535028360] api request start: node=node-2 GET /ha/state
[1772535028361] api request success: node=node-2 GET /ha/state status=200
[1772535028361] api request start: node=node-3 GET /ha/state
[1772535028361] api request success: node=node-3 GET /ha/state status=200
[1772535028481] api request start: node=node-1 GET /ha/state
[1772535028809] api request success: node=node-1 GET /ha/state status=200
[1772535028809] api request start: node=node-2 GET /ha/state
[1772535028809] api request success: node=node-2 GET /ha/state status=200
[1772535028809] api request start: node=node-3 GET /ha/state
[1772535028810] api request success: node=node-3 GET /ha/state status=200
[1772535028887] api request start: node=node-1 GET /ha/state
[1772535028888] api request success: node=node-1 GET /ha/state status=200
[1772535028888] api request start: node=node-2 GET /ha/state
[1772535028888] api request success: node=node-2 GET /ha/state status=200
[1772535028888] api request start: node=node-3 GET /ha/state
[1772535028888] api request success: node=node-3 GET /ha/state status=200
[1772535029012] api request start: node=node-1 GET /ha/state
[1772535029131] api request success: node=node-1 GET /ha/state status=200
[1772535029131] api request start: node=node-2 GET /ha/state
[1772535029132] api request success: node=node-2 GET /ha/state status=200
[1772535029132] api request start: node=node-3 GET /ha/state
[1772535029134] api request success: node=node-3 GET /ha/state status=200
[1772535029210] api request start: node=node-1 GET /ha/state
[1772535029210] api request success: node=node-1 GET /ha/state status=200
[1772535029210] api request start: node=node-2 GET /ha/state
[1772535029211] api request success: node=node-2 GET /ha/state status=200
[1772535029211] api request start: node=node-3 GET /ha/state
[1772535029211] api request success: node=node-3 GET /ha/state status=200
[1772535029328] api request start: node=node-1 GET /ha/state
[1772535029657] api request success: node=node-1 GET /ha/state status=200
[1772535029657] api request start: node=node-2 GET /ha/state
[1772535029658] api request success: node=node-2 GET /ha/state status=200
[1772535029658] api request start: node=node-3 GET /ha/state
[1772535029658] api request success: node=node-3 GET /ha/state status=200
[1772535029736] api request start: node=node-1 GET /ha/state
[1772535029737] api request success: node=node-1 GET /ha/state status=200
[1772535029737] api request start: node=node-2 GET /ha/state
[1772535029737] api request success: node=node-2 GET /ha/state status=200
[1772535029737] api request start: node=node-3 GET /ha/state
[1772535029738] api request success: node=node-3 GET /ha/state status=200
[1772535029867] api request start: node=node-1 GET /ha/state
[1772535030194] api request success: node=node-1 GET /ha/state status=200
[1772535030194] api request start: node=node-2 GET /ha/state
[1772535030195] api request success: node=node-2 GET /ha/state status=200
[1772535030195] api request start: node=node-3 GET /ha/state
[1772535030196] api request success: node=node-3 GET /ha/state status=200
[1772535030272] api request start: node=node-1 GET /ha/state
[1772535030273] api request success: node=node-1 GET /ha/state status=200
[1772535030273] api request start: node=node-2 GET /ha/state
[1772535030273] api request success: node=node-2 GET /ha/state status=200
[1772535030273] api request start: node=node-3 GET /ha/state
[1772535030274] api request success: node=node-3 GET /ha/state status=200
[1772535032633] sql workload stopped: scenario=ha-e2e-stress-unassisted-failover-concurrent-sql committed=18 unique_keys=18 transient=588 fencing=0 hard=0
[1772535033106] stress failover key integrity verified on node-3 with row_count=2