[1772536255119] stress failover bootstrap: wait for stable primary
[1772536255119] api request start: node=node-1 GET /ha/state
[1772536255216] api request success: node=node-1 GET /ha/state status=200
[1772536255216] api request start: node=node-2 GET /ha/state
[1772536255216] api request success: node=node-2 GET /ha/state status=200
[1772536255216] api request start: node=node-3 GET /ha/state
[1772536255216] api request success: node=node-3 GET /ha/state status=200
[1772536255216] stable-primary poll states: node-1:Primary:leader=node-1, node-2:WaitingPostgresReachable:leader=node-1, node-3:WaitingPostgresReachable:leader=node-1
[1772536255318] api request start: node=node-1 GET /ha/state
[1772536255637] api request success: node=node-1 GET /ha/state status=200
[1772536255637] api request start: node=node-2 GET /ha/state
[1772536255637] api request success: node=node-2 GET /ha/state status=200
[1772536255637] api request start: node=node-3 GET /ha/state
[1772536255637] api request success: node=node-3 GET /ha/state status=200
[1772536255637] stable-primary poll states: node-1:Primary:leader=node-1, node-2:Replica:leader=node-1, node-3:WaitingPostgresReachable:leader=node-1
[1772536256067] api request start: node=node-1 GET /ha/state
[1772536256070] api request success: node=node-1 GET /ha/state status=200
[1772536256070] api request start: node=node-2 GET /ha/state
[1772536256071] api request success: node=node-2 GET /ha/state status=200
[1772536256071] api request start: node=node-3 GET /ha/state
[1772536256071] api request success: node=node-3 GET /ha/state status=200
[1772536256072] stable-primary poll states: node-1:Primary:leader=node-1, node-2:Replica:leader=node-1, node-3:Replica:leader=node-1
[1772536256280] api request start: node=node-1 GET /ha/state
[1772536256509] api request success: node=node-1 GET /ha/state status=200
[1772536256509] api request start: node=node-2 GET /ha/state
[1772536256510] api request success: node=node-2 GET /ha/state status=200
[1772536256510] api request start: node=node-3 GET /ha/state
[1772536256511] api request success: node=node-3 GET /ha/state status=200
[1772536256721] api request start: node=node-1 GET /ha/state
[1772536256938] api request success: node=node-1 GET /ha/state status=200
[1772536256938] api request start: node=node-2 GET /ha/state
[1772536256938] api request success: node=node-2 GET /ha/state status=200
[1772536256938] api request start: node=node-3 GET /ha/state
[1772536256939] api request success: node=node-3 GET /ha/state status=200
[1772536256969] sql workload started: scenario=ha-e2e-stress-unassisted-failover-concurrent-sql table=ha_stress_failover workers=4 interval_ms=250
[1772536260064] stress failover: stop postgres on bootstrap primary node-1
[1772536260281] api request start: node=node-1 GET /ha/state
[1772536260503] api request success: node=node-1 GET /ha/state status=200
[1772536260503] api request start: node=node-2 GET /ha/state
[1772536260503] api request success: node=node-2 GET /ha/state status=200
[1772536260503] api request start: node=node-3 GET /ha/state
[1772536260504] api request success: node=node-3 GET /ha/state status=200
[1772536260937] api request start: node=node-1 GET /ha/state
[1772536261055] api request success: node=node-1 GET /ha/state status=200
[1772536261055] api request start: node=node-2 GET /ha/state
[1772536261055] api request success: node=node-2 GET /ha/state status=200
[1772536261055] api request start: node=node-3 GET /ha/state
[1772536261056] api request success: node=node-3 GET /ha/state status=200
[1772536261261] api request start: node=node-1 GET /ha/state
[1772536261583] api request success: node=node-1 GET /ha/state status=200
[1772536261583] api request start: node=node-2 GET /ha/state
[1772536261584] api request success: node=node-2 GET /ha/state status=200
[1772536261584] api request start: node=node-3 GET /ha/state
[1772536261586] api request success: node=node-3 GET /ha/state status=200
[1772536261899] api request start: node=node-1 GET /ha/state
[1772536262010] api request success: node=node-1 GET /ha/state status=200
[1772536262010] api request start: node=node-2 GET /ha/state
[1772536262010] api request success: node=node-2 GET /ha/state status=200
[1772536262010] api request start: node=node-3 GET /ha/state
[1772536262011] api request success: node=node-3 GET /ha/state status=200
[1772536262212] api request start: node=node-1 GET /ha/state
[1772536262545] api request success: node=node-1 GET /ha/state status=200
[1772536262545] api request start: node=node-2 GET /ha/state
[1772536262547] api request success: node=node-2 GET /ha/state status=200
[1772536262547] api request start: node=node-3 GET /ha/state
[1772536262547] api request success: node=node-3 GET /ha/state status=200
[1772536262878] api request start: node=node-1 GET /ha/state
[1772536262883] api request success: node=node-1 GET /ha/state status=200
[1772536262883] api request start: node=node-2 GET /ha/state
[1772536262883] api request success: node=node-2 GET /ha/state status=200
[1772536262883] api request start: node=node-3 GET /ha/state
[1772536262883] api request success: node=node-3 GET /ha/state status=200
[1772536263092] api request start: node=node-1 GET /ha/state
[1772536263201] api request success: node=node-1 GET /ha/state status=200
[1772536263201] api request start: node=node-2 GET /ha/state
[1772536263201] api request success: node=node-2 GET /ha/state status=200
[1772536263201] api request start: node=node-3 GET /ha/state
[1772536263201] api request success: node=node-3 GET /ha/state status=200
[1772536263417] api request start: node=node-1 GET /ha/state
[1772536263741] api request success: node=node-1 GET /ha/state status=200
[1772536263741] api request start: node=node-2 GET /ha/state
[1772536263742] api request success: node=node-2 GET /ha/state status=200
[1772536263742] api request start: node=node-3 GET /ha/state
[1772536263742] api request success: node=node-3 GET /ha/state status=200
[1772536263950] api request start: node=node-1 GET /ha/state
[1772536264170] api request success: node=node-1 GET /ha/state status=200
[1772536264170] api request start: node=node-2 GET /ha/state
[1772536264171] api request success: node=node-2 GET /ha/state status=200
[1772536264171] api request start: node=node-3 GET /ha/state
[1772536264171] api request success: node=node-3 GET /ha/state status=200
[1772536264376] api request start: node=node-1 GET /ha/state
[1772536264481] api request success: node=node-1 GET /ha/state status=200
[1772536264481] api request start: node=node-2 GET /ha/state
[1772536264481] api request success: node=node-2 GET /ha/state status=200
[1772536264481] api request start: node=node-3 GET /ha/state
[1772536264482] api request success: node=node-3 GET /ha/state status=200
[1772536264805] api request start: node=node-1 GET /ha/state
[1772536265021] api request success: node=node-1 GET /ha/state status=200
[1772536265021] api request start: node=node-2 GET /ha/state
[1772536265022] api request success: node=node-2 GET /ha/state status=200
[1772536265022] api request start: node=node-3 GET /ha/state
[1772536265023] api request success: node=node-3 GET /ha/state status=200
[1772536265224] api request start: node=node-1 GET /ha/state
[1772536265450] api request success: node=node-1 GET /ha/state status=200
[1772536265450] api request start: node=node-2 GET /ha/state
[1772536265451] api request success: node=node-2 GET /ha/state status=200
[1772536265451] api request start: node=node-3 GET /ha/state
[1772536265452] api request success: node=node-3 GET /ha/state status=200
[1772536265656] api request start: node=node-1 GET /ha/state
[1772536265987] api request success: node=node-1 GET /ha/state status=200
[1772536265987] api request start: node=node-2 GET /ha/state
[1772536265988] api request success: node=node-2 GET /ha/state status=200
[1772536265988] api request start: node=node-3 GET /ha/state
[1772536265989] api request success: node=node-3 GET /ha/state status=200
[1772536266190] api request start: node=node-1 GET /ha/state
[1772536266415] api request success: node=node-1 GET /ha/state status=200
[1772536266415] api request start: node=node-2 GET /ha/state
[1772536266416] api request success: node=node-2 GET /ha/state status=200
[1772536266416] api request start: node=node-3 GET /ha/state
[1772536266417] api request success: node=node-3 GET /ha/state status=200
[1772536266742] api request start: node=node-1 GET /ha/state
[1772536266866] api request success: node=node-1 GET /ha/state status=200
[1772536266866] api request start: node=node-2 GET /ha/state
[1772536266869] api request success: node=node-2 GET /ha/state status=200
[1772536266869] api request start: node=node-3 GET /ha/state
[1772536266871] api request success: node=node-3 GET /ha/state status=200
[1772536267064] api request start: node=node-1 GET /ha/state
[1772536267397] api request success: node=node-1 GET /ha/state status=200
[1772536267398] api request start: node=node-2 GET /ha/state
[1772536267399] api request success: node=node-2 GET /ha/state status=200
[1772536267399] api request start: node=node-3 GET /ha/state
[1772536267400] api request success: node=node-3 GET /ha/state status=200
[1772536267705] api request start: node=node-1 GET /ha/state
[1772536267824] api request success: node=node-1 GET /ha/state status=200
[1772536267824] api request start: node=node-2 GET /ha/state
[1772536267825] api request success: node=node-2 GET /ha/state status=200
[1772536267825] api request start: node=node-3 GET /ha/state
[1772536267825] api request success: node=node-3 GET /ha/state status=200
[1772536268030] api request start: node=node-1 GET /ha/state
[1772536268146] api request success: node=node-1 GET /ha/state status=200
[1772536268146] api request start: node=node-2 GET /ha/state
[1772536268148] api request success: node=node-2 GET /ha/state status=200
[1772536268148] api request start: node=node-3 GET /ha/state
[1772536268149] api request success: node=node-3 GET /ha/state status=200
[1772536268348] api request start: node=node-1 GET /ha/state
[1772536268689] api request success: node=node-1 GET /ha/state status=200
[1772536268689] api request start: node=node-2 GET /ha/state
[1772536268691] api request success: node=node-2 GET /ha/state status=200
[1772536268691] api request start: node=node-3 GET /ha/state
[1772536268692] api request success: node=node-3 GET /ha/state status=200
[1772536268897] api request start: node=node-1 GET /ha/state
[1772536269237] api request success: node=node-1 GET /ha/state status=200
[1772536269237] api request start: node=node-2 GET /ha/state
[1772536269240] api request success: node=node-2 GET /ha/state status=200
[1772536269240] api request start: node=node-3 GET /ha/state
[1772536269242] api request success: node=node-3 GET /ha/state status=200
[1772536269559] api request start: node=node-1 GET /ha/state
[1772536269686] api request success: node=node-1 GET /ha/state status=200
[1772536269686] api request start: node=node-2 GET /ha/state
[1772536269687] api request success: node=node-2 GET /ha/state status=200
[1772536269687] api request start: node=node-3 GET /ha/state
[1772536269687] api request success: node=node-3 GET /ha/state status=200
[1772536269883] api request start: node=node-1 GET /ha/state
[1772536270208] api request success: node=node-1 GET /ha/state status=200
[1772536270208] api request start: node=node-2 GET /ha/state
[1772536270211] api request success: node=node-2 GET /ha/state status=200
[1772536270211] api request start: node=node-3 GET /ha/state
[1772536270213] api request success: node=node-3 GET /ha/state status=200
[1772536270415] api request start: node=node-1 GET /ha/state
[1772536270749] api request success: node=node-1 GET /ha/state status=200
[1772536270749] api request start: node=node-2 GET /ha/state
[1772536270750] api request success: node=node-2 GET /ha/state status=200
[1772536270750] api request start: node=node-3 GET /ha/state
[1772536270750] api request success: node=node-3 GET /ha/state status=200
[1772536270751] api request start: node=node-1 GET /ha/state
[1772536270751] api request success: node=node-1 GET /ha/state status=200
[1772536270751] api request start: node=node-2 GET /ha/state
[1772536270751] api request success: node=node-2 GET /ha/state status=200
[1772536270751] api request start: node=node-3 GET /ha/state
[1772536270751] api request success: node=node-3 GET /ha/state status=200
[1772536270751] stable-primary poll states: node-1:WaitingPostgresReachable:leader=node-3, node-2:Replica:leader=node-3, node-3:Primary:leader=node-3
[1772536270959] api request start: node=node-1 GET /ha/state
[1772536271183] api request success: node=node-1 GET /ha/state status=200
[1772536271183] api request start: node=node-2 GET /ha/state
[1772536271184] api request success: node=node-2 GET /ha/state status=200
[1772536271184] api request start: node=node-3 GET /ha/state
[1772536271185] api request success: node=node-3 GET /ha/state status=200
[1772536271389] api request start: node=node-1 GET /ha/state
[1772536271619] api request success: node=node-1 GET /ha/state status=200
[1772536271619] api request start: node=node-2 GET /ha/state
[1772536271619] api request success: node=node-2 GET /ha/state status=200
[1772536271619] api request start: node=node-3 GET /ha/state
[1772536271621] api request success: node=node-3 GET /ha/state status=200
[1772536271934] api request start: node=node-1 GET /ha/state
[1772536272047] api request success: node=node-1 GET /ha/state status=200
[1772536272047] api request start: node=node-2 GET /ha/state
[1772536272048] api request success: node=node-2 GET /ha/state status=200
[1772536272048] api request start: node=node-3 GET /ha/state
[1772536272049] api request success: node=node-3 GET /ha/state status=200
[1772536272259] api request start: node=node-1 GET /ha/state
[1772536272589] api request success: node=node-1 GET /ha/state status=200
[1772536272589] api request start: node=node-2 GET /ha/state
[1772536272589] api request success: node=node-2 GET /ha/state status=200
[1772536272589] api request start: node=node-3 GET /ha/state
[1772536272590] api request success: node=node-3 GET /ha/state status=200
[1772536272590] api request start: node=node-1 GET /ha/state
[1772536272590] api request success: node=node-1 GET /ha/state status=200
[1772536272590] api request start: node=node-1 GET /ha/state
[1772536272591] api request success: node=node-1 GET /ha/state status=200
[1772536272591] api request start: node=node-2 GET /ha/state
[1772536272591] api request success: node=node-2 GET /ha/state status=200
[1772536272591] api request start: node=node-3 GET /ha/state
[1772536272592] api request success: node=node-3 GET /ha/state status=200
[1772536272669] api request start: node=node-1 GET /ha/state
[1772536272670] api request success: node=node-1 GET /ha/state status=200
[1772536272670] api request start: node=node-2 GET /ha/state
[1772536272670] api request success: node=node-2 GET /ha/state status=200
[1772536272670] api request start: node=node-3 GET /ha/state
[1772536272671] api request success: node=node-3 GET /ha/state status=200
[1772536272801] api request start: node=node-1 GET /ha/state
[1772536273133] api request success: node=node-1 GET /ha/state status=200
[1772536273133] api request start: node=node-2 GET /ha/state
[1772536273134] api request success: node=node-2 GET /ha/state status=200
[1772536273134] api request start: node=node-3 GET /ha/state
[1772536273136] api request success: node=node-3 GET /ha/state status=200
[1772536273212] api request start: node=node-1 GET /ha/state
[1772536273213] api request success: node=node-1 GET /ha/state status=200
[1772536273213] api request start: node=node-2 GET /ha/state
[1772536273213] api request success: node=node-2 GET /ha/state status=200
[1772536273213] api request start: node=node-3 GET /ha/state
[1772536273214] api request success: node=node-3 GET /ha/state status=200
[1772536273454] api request start: node=node-1 GET /ha/state
[1772536273580] api request success: node=node-1 GET /ha/state status=200
[1772536273580] api request start: node=node-2 GET /ha/state
[1772536273582] api request success: node=node-2 GET /ha/state status=200
[1772536273582] api request start: node=node-3 GET /ha/state
[1772536273583] api request success: node=node-3 GET /ha/state status=200
[1772536273661] api request start: node=node-1 GET /ha/state
[1772536273661] api request success: node=node-1 GET /ha/state status=200
[1772536273661] api request start: node=node-2 GET /ha/state
[1772536273662] api request success: node=node-2 GET /ha/state status=200
[1772536273662] api request start: node=node-3 GET /ha/state
[1772536273662] api request success: node=node-3 GET /ha/state status=200
[1772536273788] api request start: node=node-1 GET /ha/state
[1772536274122] api request success: node=node-1 GET /ha/state status=200
[1772536274122] api request start: node=node-2 GET /ha/state
[1772536274122] api request success: node=node-2 GET /ha/state status=200
[1772536274122] api request start: node=node-3 GET /ha/state
[1772536274123] api request success: node=node-3 GET /ha/state status=200
[1772536274201] api request start: node=node-1 GET /ha/state
[1772536274201] api request success: node=node-1 GET /ha/state status=200
[1772536274201] api request start: node=node-2 GET /ha/state
[1772536274202] api request success: node=node-2 GET /ha/state status=200
[1772536274202] api request start: node=node-3 GET /ha/state
[1772536274202] api request success: node=node-3 GET /ha/state status=200
[1772536274361] api request start: node=node-1 GET /ha/state
[1772536274688] api request success: node=node-1 GET /ha/state status=200
[1772536274689] api request start: node=node-2 GET /ha/state
[1772536274690] api request success: node=node-2 GET /ha/state status=200
[1772536274690] api request start: node=node-3 GET /ha/state
[1772536274691] api request success: node=node-3 GET /ha/state status=200
[1772536274769] api request start: node=node-1 GET /ha/state
[1772536274770] api request success: node=node-1 GET /ha/state status=200
[1772536274770] api request start: node=node-2 GET /ha/state
[1772536274770] api request success: node=node-2 GET /ha/state status=200
[1772536274770] api request start: node=node-3 GET /ha/state
[1772536274770] api request success: node=node-3 GET /ha/state status=200
[1772536275004] api request start: node=node-1 GET /ha/state
[1772536275126] api request success: node=node-1 GET /ha/state status=200
[1772536275126] api request start: node=node-2 GET /ha/state
[1772536275126] api request success: node=node-2 GET /ha/state status=200
[1772536275126] api request start: node=node-3 GET /ha/state
[1772536275128] api request success: node=node-3 GET /ha/state status=200
[1772536275206] api request start: node=node-1 GET /ha/state
[1772536275206] api request success: node=node-1 GET /ha/state status=200
[1772536275206] api request start: node=node-2 GET /ha/state
[1772536275206] api request success: node=node-2 GET /ha/state status=200
[1772536275206] api request start: node=node-3 GET /ha/state
[1772536275207] api request success: node=node-3 GET /ha/state status=200
[1772536275437] api request start: node=node-1 GET /ha/state
[1772536275543] api request success: node=node-1 GET /ha/state status=200
[1772536275543] api request start: node=node-2 GET /ha/state
[1772536275544] api request success: node=node-2 GET /ha/state status=200
[1772536275544] api request start: node=node-3 GET /ha/state
[1772536275544] api request success: node=node-3 GET /ha/state status=200
[1772536275623] api request start: node=node-1 GET /ha/state
[1772536275623] api request success: node=node-1 GET /ha/state status=200
[1772536275624] api request start: node=node-2 GET /ha/state
[1772536275624] api request success: node=node-2 GET /ha/state status=200
[1772536275624] api request start: node=node-3 GET /ha/state
[1772536275624] api request success: node=node-3 GET /ha/state status=200
[1772536275753] api request start: node=node-1 GET /ha/state
[1772536276085] api request success: node=node-1 GET /ha/state status=200
[1772536276085] api request start: node=node-2 GET /ha/state
[1772536276086] api request success: node=node-2 GET /ha/state status=200
[1772536276086] api request start: node=node-3 GET /ha/state
[1772536276087] api request success: node=node-3 GET /ha/state status=200
[1772536276165] api request start: node=node-1 GET /ha/state
[1772536276167] api request success: node=node-1 GET /ha/state status=200
[1772536276167] api request start: node=node-2 GET /ha/state
[1772536276168] api request success: node=node-2 GET /ha/state status=200
[1772536276168] api request start: node=node-3 GET /ha/state
[1772536276169] api request success: node=node-3 GET /ha/state status=200
[1772536276398] api request start: node=node-1 GET /ha/state
[1772536276516] api request success: node=node-1 GET /ha/state status=200
[1772536276516] api request start: node=node-2 GET /ha/state
[1772536276517] api request success: node=node-2 GET /ha/state status=200
[1772536276517] api request start: node=node-3 GET /ha/state
[1772536276518] api request success: node=node-3 GET /ha/state status=200
[1772536276594] api request start: node=node-1 GET /ha/state
[1772536276595] api request success: node=node-1 GET /ha/state status=200
[1772536276595] api request start: node=node-2 GET /ha/state
[1772536276595] api request success: node=node-2 GET /ha/state status=200
[1772536276595] api request start: node=node-3 GET /ha/state
[1772536276595] api request success: node=node-3 GET /ha/state status=200
[1772536276717] api request start: node=node-1 GET /ha/state
[1772536277039] api request success: node=node-1 GET /ha/state status=200
[1772536277039] api request start: node=node-2 GET /ha/state
[1772536277040] api request success: node=node-2 GET /ha/state status=200
[1772536277040] api request start: node=node-3 GET /ha/state
[1772536277042] api request success: node=node-3 GET /ha/state status=200
[1772536277118] api request start: node=node-1 GET /ha/state
[1772536277119] api request success: node=node-1 GET /ha/state status=200
[1772536277119] api request start: node=node-2 GET /ha/state
[1772536277120] api request success: node=node-2 GET /ha/state status=200
[1772536277120] api request start: node=node-3 GET /ha/state
[1772536277120] api request success: node=node-3 GET /ha/state status=200
[1772536277238] api request start: node=node-1 GET /ha/state
[1772536277463] api request success: node=node-1 GET /ha/state status=200
[1772536277463] api request start: node=node-2 GET /ha/state
[1772536277463] api request success: node=node-2 GET /ha/state status=200
[1772536277463] api request start: node=node-3 GET /ha/state
[1772536277464] api request success: node=node-3 GET /ha/state status=200
[1772536277541] api request start: node=node-1 GET /ha/state
[1772536277542] api request success: node=node-1 GET /ha/state status=200
[1772536277542] api request start: node=node-2 GET /ha/state
[1772536277543] api request success: node=node-2 GET /ha/state status=200
[1772536277543] api request start: node=node-3 GET /ha/state
[1772536277543] api request success: node=node-3 GET /ha/state status=200
[1772536277673] api request start: node=node-1 GET /ha/state
[1772536277896] api request success: node=node-1 GET /ha/state status=200
[1772536277896] api request start: node=node-2 GET /ha/state
[1772536277897] api request success: node=node-2 GET /ha/state status=200
[1772536277897] api request start: node=node-3 GET /ha/state
[1772536277898] api request success: node=node-3 GET /ha/state status=200
[1772536277974] api request start: node=node-1 GET /ha/state
[1772536277976] api request success: node=node-1 GET /ha/state status=200
[1772536277976] api request start: node=node-2 GET /ha/state
[1772536277976] api request success: node=node-2 GET /ha/state status=200
[1772536277976] api request start: node=node-3 GET /ha/state
[1772536277978] api request success: node=node-3 GET /ha/state status=200
[1772536278113] api request start: node=node-1 GET /ha/state
[1772536278440] api request success: node=node-1 GET /ha/state status=200
[1772536278440] api request start: node=node-2 GET /ha/state
[1772536278441] api request success: node=node-2 GET /ha/state status=200
[1772536278441] api request start: node=node-3 GET /ha/state
[1772536278441] api request success: node=node-3 GET /ha/state status=200
[1772536278517] api request start: node=node-1 GET /ha/state
[1772536278518] api request success: node=node-1 GET /ha/state status=200
[1772536278518] api request start: node=node-2 GET /ha/state
[1772536278519] api request success: node=node-2 GET /ha/state status=200
[1772536278519] api request start: node=node-3 GET /ha/state
[1772536278519] api request success: node=node-3 GET /ha/state status=200
[1772536278753] api request start: node=node-1 GET /ha/state
[1772536278878] api request success: node=node-1 GET /ha/state status=200
[1772536278878] api request start: node=node-2 GET /ha/state
[1772536278882] api request success: node=node-2 GET /ha/state status=200
[1772536278882] api request start: node=node-3 GET /ha/state
[1772536278884] api request success: node=node-3 GET /ha/state status=200
[1772536281042] sql workload stopped: scenario=ha-e2e-stress-unassisted-failover-concurrent-sql committed=12 unique_keys=12 transient=367 fencing=0 hard=0
[1772536281175] stress failover key integrity verified on node-3 with row_count=1