[1772534097789] stress switchover bootstrap: wait for stable primary
[1772534097789] api request start: node=node-1 GET /ha/state
[1772534097900] api request success: node=node-1 GET /ha/state status=200
[1772534097900] api request start: node=node-2 GET /ha/state
[1772534097901] api request success: node=node-2 GET /ha/state status=200
[1772534097901] api request start: node=node-3 GET /ha/state
[1772534097902] api request success: node=node-3 GET /ha/state status=200
[1772534097902] stable-primary poll states: node-1:Primary:leader=node-1, node-2:WaitingPostgresReachable:leader=node-1, node-3:WaitingPostgresReachable:leader=node-1
[1772534098115] api request start: node=node-1 GET /ha/state
[1772534098423] api request success: node=node-1 GET /ha/state status=200
[1772534098423] api request start: node=node-2 GET /ha/state
[1772534098423] api request success: node=node-2 GET /ha/state status=200
[1772534098423] api request start: node=node-3 GET /ha/state
[1772534098424] api request success: node=node-3 GET /ha/state status=200
[1772534098424] stable-primary poll states: node-1:Primary:leader=node-1, node-2:Replica:leader=node-1, node-3:WaitingPostgresReachable:leader=node-1
[1772534098846] api request start: node=node-1 GET /ha/state
[1772534098850] api request success: node=node-1 GET /ha/state status=200
[1772534098850] api request start: node=node-2 GET /ha/state
[1772534098850] api request success: node=node-2 GET /ha/state status=200
[1772534098850] api request start: node=node-3 GET /ha/state
[1772534098851] api request success: node=node-3 GET /ha/state status=200
[1772534098851] stable-primary poll states: node-1:Primary:leader=node-1, node-2:Replica:leader=node-1, node-3:Replica:leader=node-1
[1772534099057] api request start: node=node-1 GET /ha/state
[1772534099279] api request success: node=node-1 GET /ha/state status=200
[1772534099279] api request start: node=node-2 GET /ha/state
[1772534099279] api request success: node=node-2 GET /ha/state status=200
[1772534099279] api request start: node=node-3 GET /ha/state
[1772534099280] api request success: node=node-3 GET /ha/state status=200
[1772534099386] api request start: node=node-1 GET /ha/state
[1772534099606] api request success: node=node-1 GET /ha/state status=200
[1772534099606] api request start: node=node-2 GET /ha/state
[1772534099607] api request success: node=node-2 GET /ha/state status=200
[1772534099607] api request start: node=node-3 GET /ha/state
[1772534099607] api request success: node=node-3 GET /ha/state status=200