[1772535892263] stress switchover bootstrap: wait for stable primary
[1772535892263] api request start: node=node-1 GET /ha/state
[1772535892695] api request success: node=node-1 GET /ha/state status=200
[1772535892696] api request start: node=node-2 GET /ha/state
[1772535892698] api request success: node=node-2 GET /ha/state status=200
[1772535892698] api request start: node=node-3 GET /ha/state
[1772535892699] api request success: node=node-3 GET /ha/state status=200
[1772535892699] stable-primary poll states: node-1:Primary:leader=node-1, node-2:WaitingPostgresReachable:leader=node-1, node-3:WaitingPostgresReachable:leader=node-1
[1772535892898] api request start: node=node-1 GET /ha/state
[1772535893132] api request success: node=node-1 GET /ha/state status=200
[1772535893132] api request start: node=node-2 GET /ha/state
[1772535893133] api request success: node=node-2 GET /ha/state status=200
[1772535893133] api request start: node=node-3 GET /ha/state
[1772535893134] api request success: node=node-3 GET /ha/state status=200
[1772535893134] stable-primary poll states: node-1:Primary:leader=node-1, node-2:Replica:leader=node-1, node-3:WaitingPostgresReachable:leader=node-1
[1772535893338] api request start: node=node-1 GET /ha/state
[1772535893556] api request success: node=node-1 GET /ha/state status=200
[1772535893556] api request start: node=node-2 GET /ha/state
[1772535893557] api request success: node=node-2 GET /ha/state status=200
[1772535893557] api request start: node=node-3 GET /ha/state
[1772535893558] api request success: node=node-3 GET /ha/state status=200
[1772535893558] stable-primary poll states: node-1:Primary:leader=node-1, node-2:Replica:leader=node-1, node-3:Replica:leader=node-1
[1772535893768] api request start: node=node-1 GET /ha/state
[1772535893985] api request success: node=node-1 GET /ha/state status=200
[1772535893985] api request start: node=node-2 GET /ha/state
[1772535893986] api request success: node=node-2 GET /ha/state status=200
[1772535893986] api request start: node=node-3 GET /ha/state
[1772535893986] api request success: node=node-3 GET /ha/state status=200
[1772535894092] api request start: node=node-1 GET /ha/state
[1772535894213] api request success: node=node-1 GET /ha/state status=200
[1772535894213] api request start: node=node-2 GET /ha/state
[1772535894213] api request success: node=node-2 GET /ha/state status=200
[1772535894213] api request start: node=node-3 GET /ha/state
[1772535894213] api request success: node=node-3 GET /ha/state status=200
[1772535894230] sql workload started: scenario=ha-e2e-stress-planned-switchover-concurrent-sql table=ha_stress_switchover workers=4 interval_ms=250
[1772535897434] stress switchover: trigger API switchover while workload is active
[1772535897434] api request start: node=node-1 POST /switchover
[1772535897537] api request success: node=node-1 POST /switchover status=202
[1772535897537] api request start: node=node-1 GET /ha/state
[1772535897957] api request success: node=node-1 GET /ha/state status=200
[1772535897957] api request start: node=node-2 GET /ha/state
[1772535897958] api request success: node=node-2 GET /ha/state status=200
[1772535897958] api request start: node=node-3 GET /ha/state
[1772535897958] api request success: node=node-3 GET /ha/state status=200
[1772535898377] api request start: node=node-1 GET /ha/state
[1772535898388] api request success: node=node-1 GET /ha/state status=200
[1772535898388] api request start: node=node-2 GET /ha/state
[1772535898393] api request success: node=node-2 GET /ha/state status=200
[1772535898393] api request start: node=node-3 GET /ha/state
[1772535898393] api request success: node=node-3 GET /ha/state status=200
[1772535898587] api request start: node=node-1 GET /ha/state
[1772535898911] api request success: node=node-1 GET /ha/state status=200
[1772535898911] api request start: node=node-2 GET /ha/state
[1772535898912] api request success: node=node-2 GET /ha/state status=200
[1772535898912] api request start: node=node-3 GET /ha/state
[1772535898912] api request success: node=node-3 GET /ha/state status=200
[1772535899122] api request start: node=node-1 GET /ha/state
[1772535899441] api request success: node=node-1 GET /ha/state status=200
[1772535899441] api request start: node=node-2 GET /ha/state
[1772535899442] api request success: node=node-2 GET /ha/state status=200
[1772535899442] api request start: node=node-3 GET /ha/state
[1772535899442] api request success: node=node-3 GET /ha/state status=200
[1772535899758] api request start: node=node-1 GET /ha/state
[1772535899870] api request success: node=node-1 GET /ha/state status=200
[1772535899870] api request start: node=node-2 GET /ha/state
[1772535899871] api request success: node=node-2 GET /ha/state status=200
[1772535899872] api request start: node=node-3 GET /ha/state
[1772535899873] api request success: node=node-3 GET /ha/state status=200
[1772535900077] api request start: node=node-1 GET /ha/state
[1772535900447] api request success: node=node-1 GET /ha/state status=200
[1772535900447] api request start: node=node-2 GET /ha/state
[1772535900448] api request success: node=node-2 GET /ha/state status=200
[1772535900448] api request start: node=node-3 GET /ha/state
[1772535900449] api request success: node=node-3 GET /ha/state status=200
[1772535900658] api request start: node=node-1 GET /ha/state
[1772535900989] api request success: node=node-1 GET /ha/state status=200
[1772535900989] api request start: node=node-2 GET /ha/state
[1772535900989] api request success: node=node-2 GET /ha/state status=200
[1772535900989] api request start: node=node-3 GET /ha/state
[1772535900990] api request success: node=node-3 GET /ha/state status=200
[1772535901307] api request start: node=node-1 GET /ha/state
[1772535901428] api request success: node=node-1 GET /ha/state status=200
[1772535901428] api request start: node=node-2 GET /ha/state
[1772535901429] api request success: node=node-2 GET /ha/state status=200
[1772535901429] api request start: node=node-3 GET /ha/state
[1772535901430] api request success: node=node-3 GET /ha/state status=200
[1772535901627] api request start: node=node-1 GET /ha/state
[1772535901967] api request success: node=node-1 GET /ha/state status=200
[1772535901967] api request start: node=node-2 GET /ha/state
[1772535901968] api request success: node=node-2 GET /ha/state status=200
[1772535901968] api request start: node=node-3 GET /ha/state
[1772535901969] api request success: node=node-3 GET /ha/state status=200
[1772535902170] api request start: node=node-1 GET /ha/state
[1772535902502] api request success: node=node-1 GET /ha/state status=200
[1772535902502] api request start: node=node-2 GET /ha/state
[1772535902502] api request success: node=node-2 GET /ha/state status=200
[1772535902502] api request start: node=node-3 GET /ha/state
[1772535902503] api request success: node=node-3 GET /ha/state status=200
[1772535902815] api request start: node=node-1 GET /ha/state
[1772535902930] api request success: node=node-1 GET /ha/state status=200
[1772535902930] api request start: node=node-2 GET /ha/state
[1772535902931] api request success: node=node-2 GET /ha/state status=200
[1772535902931] api request start: node=node-3 GET /ha/state
[1772535902931] api request success: node=node-3 GET /ha/state status=200
[1772535903131] api request start: node=node-1 GET /ha/state
[1772535903456] api request success: node=node-1 GET /ha/state status=200
[1772535903456] api request start: node=node-2 GET /ha/state
[1772535903457] api request success: node=node-2 GET /ha/state status=200
[1772535903457] api request start: node=node-3 GET /ha/state
[1772535903458] api request success: node=node-3 GET /ha/state status=200
[1772535903665] api request start: node=node-1 GET /ha/state
[1772535903992] api request success: node=node-1 GET /ha/state status=200
[1772535903992] api request start: node=node-2 GET /ha/state
[1772535903993] api request success: node=node-2 GET /ha/state status=200
[1772535903993] api request start: node=node-3 GET /ha/state
[1772535903993] api request success: node=node-3 GET /ha/state status=200
[1772535904204] api request start: node=node-1 GET /ha/state
[1772535904322] api request success: node=node-1 GET /ha/state status=200
[1772535904322] api request start: node=node-2 GET /ha/state
[1772535904323] api request success: node=node-2 GET /ha/state status=200
[1772535904323] api request start: node=node-3 GET /ha/state
[1772535904324] api request success: node=node-3 GET /ha/state status=200
[1772535904533] api request start: node=node-1 GET /ha/state
[1772535904745] api request success: node=node-1 GET /ha/state status=200
[1772535904745] api request start: node=node-2 GET /ha/state
[1772535904752] api request success: node=node-2 GET /ha/state status=200
[1772535904752] api request start: node=node-3 GET /ha/state
[1772535904752] api request success: node=node-3 GET /ha/state status=200
[1772535904954] api request start: node=node-1 GET /ha/state
[1772535905285] api request success: node=node-1 GET /ha/state status=200
[1772535905285] api request start: node=node-2 GET /ha/state
[1772535905286] api request success: node=node-2 GET /ha/state status=200
[1772535905286] api request start: node=node-3 GET /ha/state
[1772535905286] api request success: node=node-3 GET /ha/state status=200
[1772535905601] api request start: node=node-1 GET /ha/state
[1772535905720] api request success: node=node-1 GET /ha/state status=200
[1772535905720] api request start: node=node-2 GET /ha/state
[1772535905721] api request success: node=node-2 GET /ha/state status=200
[1772535905721] api request start: node=node-3 GET /ha/state
[1772535905721] api request success: node=node-3 GET /ha/state status=200
[1772535905721] api request start: node=node-1 GET /ha/state
[1772535905721] api request success: node=node-1 GET /ha/state status=200
[1772535905721] api request start: node=node-2 GET /ha/state
[1772535905723] api request success: node=node-2 GET /ha/state status=200
[1772535905723] api request start: node=node-3 GET /ha/state
[1772535905723] api request success: node=node-3 GET /ha/state status=200
[1772535905724] stable-primary poll states: node-1:WaitingPostgresReachable:leader=node-2, node-2:Primary:leader=node-2, node-3:Replica:leader=node-2
[1772535905918] api request start: node=node-1 GET /ha/state
[1772535906244] api request success: node=node-1 GET /ha/state status=200
[1772535906244] api request start: node=node-2 GET /ha/state
[1772535906245] api request success: node=node-2 GET /ha/state status=200
[1772535906245] api request start: node=node-3 GET /ha/state
[1772535906246] api request success: node=node-3 GET /ha/state status=200
[1772535906572] api request start: node=node-1 GET /ha/state
[1772535906583] api request success: node=node-1 GET /ha/state status=200
[1772535906583] api request start: node=node-2 GET /ha/state
[1772535906584] api request success: node=node-2 GET /ha/state status=200
[1772535906584] api request start: node=node-3 GET /ha/state
[1772535906584] api request success: node=node-3 GET /ha/state status=200
[1772535906779] api request start: node=node-1 GET /ha/state
[1772535907008] api request success: node=node-1 GET /ha/state status=200
[1772535907008] api request start: node=node-2 GET /ha/state
[1772535907010] api request success: node=node-2 GET /ha/state status=200
[1772535907010] api request start: node=node-3 GET /ha/state
[1772535907012] api request success: node=node-3 GET /ha/state status=200
[1772535907208] api request start: node=node-1 GET /ha/state
[1772535907426] api request success: node=node-1 GET /ha/state status=200
[1772535907426] api request start: node=node-2 GET /ha/state
[1772535907427] api request success: node=node-2 GET /ha/state status=200
[1772535907427] api request start: node=node-3 GET /ha/state
[1772535907427] api request success: node=node-3 GET /ha/state status=200
[1772535907427] api request start: node=node-1 GET /ha/state
[1772535907428] api request success: node=node-1 GET /ha/state status=200
[1772535907428] api request start: node=node-1 GET /ha/state
[1772535907429] api request success: node=node-1 GET /ha/state status=200
[1772535907429] api request start: node=node-2 GET /ha/state
[1772535907429] api request success: node=node-2 GET /ha/state status=200
[1772535907429] api request start: node=node-3 GET /ha/state
[1772535907430] api request success: node=node-3 GET /ha/state status=200
[1772535907507] api request start: node=node-1 GET /ha/state
[1772535907507] api request success: node=node-1 GET /ha/state status=200
[1772535907507] api request start: node=node-2 GET /ha/state
[1772535907508] api request success: node=node-2 GET /ha/state status=200
[1772535907508] api request start: node=node-3 GET /ha/state
[1772535907508] api request success: node=node-3 GET /ha/state status=200
[1772535907630] api request start: node=node-1 GET /ha/state
[1772535907963] api request success: node=node-1 GET /ha/state status=200
[1772535907964] api request start: node=node-2 GET /ha/state
[1772535907965] api request success: node=node-2 GET /ha/state status=200
[1772535907966] api request start: node=node-3 GET /ha/state
[1772535907966] api request success: node=node-3 GET /ha/state status=200
[1772535908044] api request start: node=node-1 GET /ha/state
[1772535908045] api request success: node=node-1 GET /ha/state status=200
[1772535908045] api request start: node=node-2 GET /ha/state
[1772535908045] api request success: node=node-2 GET /ha/state status=200
[1772535908045] api request start: node=node-3 GET /ha/state
[1772535908045] api request success: node=node-3 GET /ha/state status=200
[1772535908281] api request start: node=node-1 GET /ha/state
[1772535908392] api request success: node=node-1 GET /ha/state status=200
[1772535908392] api request start: node=node-2 GET /ha/state
[1772535908393] api request success: node=node-2 GET /ha/state status=200
[1772535908393] api request start: node=node-3 GET /ha/state
[1772535908394] api request success: node=node-3 GET /ha/state status=200
[1772535908471] api request start: node=node-1 GET /ha/state
[1772535908471] api request success: node=node-1 GET /ha/state status=200
[1772535908471] api request start: node=node-2 GET /ha/state
[1772535908472] api request success: node=node-2 GET /ha/state status=200
[1772535908472] api request start: node=node-3 GET /ha/state
[1772535908472] api request success: node=node-3 GET /ha/state status=200
[1772535908604] api request start: node=node-1 GET /ha/state
[1772535908936] api request success: node=node-1 GET /ha/state status=200
[1772535908936] api request start: node=node-2 GET /ha/state
[1772535908937] api request success: node=node-2 GET /ha/state status=200
[1772535908937] api request start: node=node-3 GET /ha/state
[1772535908937] api request success: node=node-3 GET /ha/state status=200
[1772535909015] api request start: node=node-1 GET /ha/state
[1772535909016] api request success: node=node-1 GET /ha/state status=200
[1772535909016] api request start: node=node-2 GET /ha/state
[1772535909016] api request success: node=node-2 GET /ha/state status=200
[1772535909016] api request start: node=node-3 GET /ha/state
[1772535909017] api request success: node=node-3 GET /ha/state status=200
[1772535909266] api request start: node=node-1 GET /ha/state
[1772535909380] api request success: node=node-1 GET /ha/state status=200
[1772535909381] api request start: node=node-2 GET /ha/state
[1772535909381] api request success: node=node-2 GET /ha/state status=200
[1772535909381] api request start: node=node-3 GET /ha/state
[1772535909382] api request success: node=node-3 GET /ha/state status=200
[1772535909459] api request start: node=node-1 GET /ha/state
[1772535909459] api request success: node=node-1 GET /ha/state status=200
[1772535909459] api request start: node=node-2 GET /ha/state
[1772535909459] api request success: node=node-2 GET /ha/state status=200
[1772535909459] api request start: node=node-3 GET /ha/state
[1772535909460] api request success: node=node-3 GET /ha/state status=200
[1772535909584] api request start: node=node-1 GET /ha/state
[1772535909810] api request success: node=node-1 GET /ha/state status=200
[1772535909810] api request start: node=node-2 GET /ha/state
[1772535909810] api request success: node=node-2 GET /ha/state status=200
[1772535909810] api request start: node=node-3 GET /ha/state
[1772535909811] api request success: node=node-3 GET /ha/state status=200
[1772535909912] api request start: node=node-1 GET /ha/state
[1772535910131] api request success: node=node-1 GET /ha/state status=200
[1772535910131] api request start: node=node-2 GET /ha/state
[1772535910132] api request success: node=node-2 GET /ha/state status=200
[1772535910132] api request start: node=node-3 GET /ha/state
[1772535910133] api request success: node=node-3 GET /ha/state status=200
[1772535910209] api request start: node=node-1 GET /ha/state
[1772535910209] api request success: node=node-1 GET /ha/state status=200
[1772535910209] api request start: node=node-2 GET /ha/state
[1772535910209] api request success: node=node-2 GET /ha/state status=200
[1772535910209] api request start: node=node-3 GET /ha/state
[1772535910210] api request success: node=node-3 GET /ha/state status=200
[1772535910338] api request start: node=node-1 GET /ha/state
[1772535910673] api request success: node=node-1 GET /ha/state status=200
[1772535910674] api request start: node=node-2 GET /ha/state
[1772535910675] api request success: node=node-2 GET /ha/state status=200
[1772535910675] api request start: node=node-3 GET /ha/state
[1772535910675] api request success: node=node-3 GET /ha/state status=200
[1772535910753] api request start: node=node-1 GET /ha/state
[1772535910753] api request success: node=node-1 GET /ha/state status=200
[1772535910753] api request start: node=node-2 GET /ha/state
[1772535910753] api request success: node=node-2 GET /ha/state status=200
[1772535910753] api request start: node=node-3 GET /ha/state
[1772535910754] api request success: node=node-3 GET /ha/state status=200
[1772535910878] api request start: node=node-1 GET /ha/state
[1772535911210] api request success: node=node-1 GET /ha/state status=200
[1772535911210] api request start: node=node-2 GET /ha/state
[1772535911210] api request success: node=node-2 GET /ha/state status=200
[1772535911210] api request start: node=node-3 GET /ha/state
[1772535911211] api request success: node=node-3 GET /ha/state status=200
[1772535911287] api request start: node=node-1 GET /ha/state
[1772535911288] api request success: node=node-1 GET /ha/state status=200
[1772535911288] api request start: node=node-2 GET /ha/state
[1772535911288] api request success: node=node-2 GET /ha/state status=200
[1772535911288] api request start: node=node-3 GET /ha/state
[1772535911289] api request success: node=node-3 GET /ha/state status=200
[1772535911530] api request start: node=node-1 GET /ha/state
[1772535911650] api request success: node=node-1 GET /ha/state status=200
[1772535911650] api request start: node=node-2 GET /ha/state
[1772535911651] api request success: node=node-2 GET /ha/state status=200
[1772535911651] api request start: node=node-3 GET /ha/state
[1772535911651] api request success: node=node-3 GET /ha/state status=200
[1772535911727] api request start: node=node-1 GET /ha/state
[1772535911728] api request success: node=node-1 GET /ha/state status=200
[1772535911728] api request start: node=node-2 GET /ha/state
[1772535911728] api request success: node=node-2 GET /ha/state status=200
[1772535911728] api request start: node=node-3 GET /ha/state
[1772535911729] api request success: node=node-3 GET /ha/state status=200
[1772535911961] api request start: node=node-1 GET /ha/state
[1772535912074] api request success: node=node-1 GET /ha/state status=200
[1772535912074] api request start: node=node-2 GET /ha/state
[1772535912076] api request success: node=node-2 GET /ha/state status=200
[1772535912076] api request start: node=node-3 GET /ha/state
[1772535912077] api request success: node=node-3 GET /ha/state status=200
[1772535912155] api request start: node=node-1 GET /ha/state
[1772535912156] api request success: node=node-1 GET /ha/state status=200
[1772535912156] api request start: node=node-2 GET /ha/state
[1772535912157] api request success: node=node-2 GET /ha/state status=200
[1772535912157] api request start: node=node-3 GET /ha/state
[1772535912157] api request success: node=node-3 GET /ha/state status=200
[1772535912278] api request start: node=node-1 GET /ha/state
[1772535912607] api request success: node=node-1 GET /ha/state status=200
[1772535912607] api request start: node=node-2 GET /ha/state
[1772535912608] api request success: node=node-2 GET /ha/state status=200
[1772535912608] api request start: node=node-3 GET /ha/state
[1772535912608] api request success: node=node-3 GET /ha/state status=200
[1772535914677] sql workload stopped: scenario=ha-e2e-stress-planned-switchover-concurrent-sql committed=12 unique_keys=12 transient=304 fencing=0 hard=0
[1772535914715] stress switchover key integrity verified on node-2 with row_count=1