[1772533142261] stress switchover bootstrap: wait for stable primary
[1772533142261] api request start: node=node-1 GET /ha/state
[1772533142691] api request success: node=node-1 GET /ha/state status=200
[1772533142691] api request start: node=node-2 GET /ha/state
[1772533142693] api request success: node=node-2 GET /ha/state status=200
[1772533142693] api request start: node=node-3 GET /ha/state
[1772533142694] api request success: node=node-3 GET /ha/state status=200
[1772533142694] stable-primary poll states: node-1:Primary:leader=node-1, node-2:WaitingPostgresReachable:leader=node-1, node-3:WaitingPostgresReachable:leader=node-1
[1772533142894] api request start: node=node-1 GET /ha/state
[1772533143005] api request success: node=node-1 GET /ha/state status=200
[1772533143005] api request start: node=node-2 GET /ha/state
[1772533143006] api request success: node=node-2 GET /ha/state status=200
[1772533143006] api request start: node=node-3 GET /ha/state
[1772533143006] api request success: node=node-3 GET /ha/state status=200
[1772533143006] stable-primary poll states: node-1:Primary:leader=node-1, node-2:Replica:leader=node-1, node-3:WaitingPostgresReachable:leader=node-1
[1772533143214] api request start: node=node-1 GET /ha/state
[1772533143435] api request success: node=node-1 GET /ha/state status=200
[1772533143435] api request start: node=node-2 GET /ha/state
[1772533143435] api request success: node=node-2 GET /ha/state status=200
[1772533143435] api request start: node=node-3 GET /ha/state
[1772533143436] api request success: node=node-3 GET /ha/state status=200
[1772533143436] stable-primary poll states: node-1:Primary:leader=node-1, node-2:Replica:leader=node-1, node-3:Replica:leader=node-1
[1772533143638] api request start: node=node-1 GET /ha/state
[1772533143867] api request success: node=node-1 GET /ha/state status=200
[1772533143867] api request start: node=node-2 GET /ha/state
[1772533143868] api request success: node=node-2 GET /ha/state status=200
[1772533143868] api request start: node=node-3 GET /ha/state
[1772533143869] api request success: node=node-3 GET /ha/state status=200
[1772533144069] api request start: node=node-1 GET /ha/state
[1772533144287] api request success: node=node-1 GET /ha/state status=200
[1772533144287] api request start: node=node-2 GET /ha/state
[1772533144288] api request success: node=node-2 GET /ha/state status=200
[1772533144289] api request start: node=node-3 GET /ha/state
[1772533144289] api request success: node=node-3 GET /ha/state status=200
[1772533144316] sql workload started: scenario=ha-e2e-stress-planned-switchover-concurrent-sql table=ha_stress_switchover workers=6 interval_ms=150
[1772533147513] stress switchover: trigger API switchover while workload is active
[1772533147513] api request start: node=node-1 POST /switchover
[1772533147616] api request success: node=node-1 POST /switchover status=202
[1772533147616] api request start: node=node-1 GET /ha/state
[1772533147620] api request success: node=node-1 GET /ha/state status=200
[1772533147620] api request start: node=node-2 GET /ha/state
[1772533147621] api request success: node=node-2 GET /ha/state status=200
[1772533147621] api request start: node=node-3 GET /ha/state
[1772533147621] api request success: node=node-3 GET /ha/state status=200
[1772533147952] api request start: node=node-1 GET /ha/state
[1772533148500] api request success: node=node-1 GET /ha/state status=200
[1772533148500] api request start: node=node-2 GET /ha/state
[1772533148504] api request success: node=node-2 GET /ha/state status=200
[1772533148504] api request start: node=node-3 GET /ha/state
[1772533148505] api request success: node=node-3 GET /ha/state status=200
[1772533148699] api request start: node=node-1 GET /ha/state
[1772533149019] api request success: node=node-1 GET /ha/state status=200
[1772533149019] api request start: node=node-2 GET /ha/state
[1772533149019] api request success: node=node-2 GET /ha/state status=200
[1772533149019] api request start: node=node-3 GET /ha/state
[1772533149019] api request success: node=node-3 GET /ha/state status=200
[1772533149336] api request start: node=node-1 GET /ha/state
[1772533149451] api request success: node=node-1 GET /ha/state status=200
[1772533149451] api request start: node=node-2 GET /ha/state
[1772533149452] api request success: node=node-2 GET /ha/state status=200
[1772533149452] api request start: node=node-3 GET /ha/state
[1772533149452] api request success: node=node-3 GET /ha/state status=200
[1772533149759] api request start: node=node-1 GET /ha/state
[1772533149866] api request success: node=node-1 GET /ha/state status=200
[1772533149866] api request start: node=node-2 GET /ha/state
[1772533149867] api request success: node=node-2 GET /ha/state status=200
[1772533149867] api request start: node=node-3 GET /ha/state
[1772533149868] api request success: node=node-3 GET /ha/state status=200
[1772533150181] api request start: node=node-1 GET /ha/state
[1772533150295] api request success: node=node-1 GET /ha/state status=200
[1772533150295] api request start: node=node-2 GET /ha/state
[1772533150295] api request success: node=node-2 GET /ha/state status=200
[1772533150295] api request start: node=node-3 GET /ha/state
[1772533150295] api request success: node=node-3 GET /ha/state status=200
[1772533150617] api request start: node=node-1 GET /ha/state
[1772533150738] api request success: node=node-1 GET /ha/state status=200
[1772533150738] api request start: node=node-2 GET /ha/state
[1772533150738] api request success: node=node-2 GET /ha/state status=200
[1772533150738] api request start: node=node-3 GET /ha/state
[1772533150739] api request success: node=node-3 GET /ha/state status=200
[1772533150935] api request start: node=node-1 GET /ha/state
[1772533151263] api request success: node=node-1 GET /ha/state status=200
[1772533151263] api request start: node=node-2 GET /ha/state
[1772533151264] api request success: node=node-2 GET /ha/state status=200
[1772533151264] api request start: node=node-3 GET /ha/state
[1772533151265] api request success: node=node-3 GET /ha/state status=200
[1772533151475] api request start: node=node-1 GET /ha/state
[1772533151693] api request success: node=node-1 GET /ha/state status=200
[1772533151693] api request start: node=node-2 GET /ha/state
[1772533151694] api request success: node=node-2 GET /ha/state status=200
[1772533151694] api request start: node=node-3 GET /ha/state
[1772533151694] api request success: node=node-3 GET /ha/state status=200
[1772533152019] api request start: node=node-1 GET /ha/state
[1772533152124] api request success: node=node-1 GET /ha/state status=200
[1772533152124] api request start: node=node-2 GET /ha/state
[1772533152125] api request success: node=node-2 GET /ha/state status=200
[1772533152125] api request start: node=node-3 GET /ha/state
[1772533152125] api request success: node=node-3 GET /ha/state status=200
[1772533152446] api request start: node=node-1 GET /ha/state
[1772533152560] api request success: node=node-1 GET /ha/state status=200
[1772533152560] api request start: node=node-2 GET /ha/state
[1772533152561] api request success: node=node-2 GET /ha/state status=200
[1772533152561] api request start: node=node-3 GET /ha/state
[1772533152562] api request success: node=node-3 GET /ha/state status=200
[1772533152768] api request start: node=node-1 GET /ha/state
[1772533152983] api request success: node=node-1 GET /ha/state status=200
[1772533152984] api request start: node=node-2 GET /ha/state
[1772533152985] api request success: node=node-2 GET /ha/state status=200
[1772533152985] api request start: node=node-3 GET /ha/state
[1772533152987] api request success: node=node-3 GET /ha/state status=200
[1772533153204] api request start: node=node-1 GET /ha/state
[1772533153313] api request success: node=node-1 GET /ha/state status=200
[1772533153313] api request start: node=node-2 GET /ha/state
[1772533153314] api request success: node=node-2 GET /ha/state status=200
[1772533153314] api request start: node=node-3 GET /ha/state
[1772533153315] api request success: node=node-3 GET /ha/state status=200
[1772533153523] api request start: node=node-1 GET /ha/state
[1772533153852] api request success: node=node-1 GET /ha/state status=200
[1772533153852] api request start: node=node-2 GET /ha/state
[1772533153852] api request success: node=node-2 GET /ha/state status=200
[1772533153852] api request start: node=node-3 GET /ha/state
[1772533153853] api request success: node=node-3 GET /ha/state status=200
[1772533154057] api request start: node=node-1 GET /ha/state
[1772533154191] api request success: node=node-1 GET /ha/state status=200
[1772533154191] api request start: node=node-2 GET /ha/state
[1772533154191] api request success: node=node-2 GET /ha/state status=200
[1772533154191] api request start: node=node-3 GET /ha/state
[1772533154191] api request success: node=node-3 GET /ha/state status=200
[1772533154369] api request start: node=node-1 GET /ha/state
[1772533154696] api request success: node=node-1 GET /ha/state status=200
[1772533154696] api request start: node=node-2 GET /ha/state
[1772533154696] api request success: node=node-2 GET /ha/state status=200
[1772533154696] api request start: node=node-3 GET /ha/state
[1772533154697] api request success: node=node-3 GET /ha/state status=200
[1772533155024] api request start: node=node-1 GET /ha/state
[1772533155033] api request success: node=node-1 GET /ha/state status=200
[1772533155033] api request start: node=node-2 GET /ha/state
[1772533155033] api request success: node=node-2 GET /ha/state status=200
[1772533155033] api request start: node=node-3 GET /ha/state
[1772533155034] api request success: node=node-3 GET /ha/state status=200
[1772533155232] api request start: node=node-1 GET /ha/state
[1772533155460] api request success: node=node-1 GET /ha/state status=200
[1772533155460] api request start: node=node-2 GET /ha/state
[1772533155460] api request success: node=node-2 GET /ha/state status=200
[1772533155460] api request start: node=node-3 GET /ha/state
[1772533155461] api request success: node=node-3 GET /ha/state status=200
[1772533155771] api request start: node=node-1 GET /ha/state
[1772533155889] api request success: node=node-1 GET /ha/state status=200
[1772533155889] api request start: node=node-2 GET /ha/state
[1772533155891] api request success: node=node-2 GET /ha/state status=200
[1772533155891] api request start: node=node-3 GET /ha/state
[1772533155894] api request success: node=node-3 GET /ha/state status=200
[1772533155894] api request start: node=node-1 GET /ha/state
[1772533155898] api request success: node=node-1 GET /ha/state status=200
[1772533155898] api request start: node=node-2 GET /ha/state
[1772533155901] api request success: node=node-2 GET /ha/state status=200
[1772533155901] api request start: node=node-3 GET /ha/state
[1772533155903] api request success: node=node-3 GET /ha/state status=200
[1772533155903] stable-primary poll states: node-1:WaitingPostgresReachable:leader=node-2, node-2:Primary:leader=node-2, node-3:Replica:leader=node-2
[1772533156089] api request start: node=node-1 GET /ha/state
[1772533156412] api request success: node=node-1 GET /ha/state status=200
[1772533156412] api request start: node=node-2 GET /ha/state
[1772533156413] api request success: node=node-2 GET /ha/state status=200
[1772533156413] api request start: node=node-3 GET /ha/state
[1772533156414] api request success: node=node-3 GET /ha/state status=200
[1772533156634] api request start: node=node-1 GET /ha/state
[1772533156748] api request success: node=node-1 GET /ha/state status=200
[1772533156748] api request start: node=node-2 GET /ha/state
[1772533156749] api request success: node=node-2 GET /ha/state status=200
[1772533156749] api request start: node=node-3 GET /ha/state
[1772533156750] api request success: node=node-3 GET /ha/state status=200
[1772533156850] api request start: node=node-1 GET /ha/state
[1772533157159] api request success: node=node-1 GET /ha/state status=200
[1772533157159] api request start: node=node-2 GET /ha/state
[1772533157160] api request success: node=node-2 GET /ha/state status=200
[1772533157160] api request start: node=node-3 GET /ha/state
[1772533157160] api request success: node=node-3 GET /ha/state status=200
[1772533157367] api request start: node=node-1 GET /ha/state
[1772533157489] api request success: node=node-1 GET /ha/state status=200
[1772533157489] api request start: node=node-2 GET /ha/state
[1772533157491] api request success: node=node-2 GET /ha/state status=200
[1772533157491] api request start: node=node-3 GET /ha/state
[1772533157492] api request success: node=node-3 GET /ha/state status=200
[1772533157493] api request start: node=node-1 GET /ha/state
[1772533157494] api request success: node=node-1 GET /ha/state status=200
[1772533157494] api request start: node=node-1 GET /ha/state
[1772533157495] api request success: node=node-1 GET /ha/state status=200
[1772533157495] api request start: node=node-2 GET /ha/state
[1772533157495] api request success: node=node-2 GET /ha/state status=200
[1772533157495] api request start: node=node-3 GET /ha/state
[1772533157496] api request success: node=node-3 GET /ha/state status=200
[1772533157574] api request start: node=node-1 GET /ha/state
[1772533157575] api request success: node=node-1 GET /ha/state status=200
[1772533157575] api request start: node=node-2 GET /ha/state
[1772533157575] api request success: node=node-2 GET /ha/state status=200
[1772533157575] api request start: node=node-3 GET /ha/state
[1772533157575] api request success: node=node-3 GET /ha/state status=200
[1772533157684] api request start: node=node-1 GET /ha/state
[1772533158025] api request success: node=node-1 GET /ha/state status=200
[1772533158025] api request start: node=node-2 GET /ha/state
[1772533158026] api request success: node=node-2 GET /ha/state status=200
[1772533158026] api request start: node=node-3 GET /ha/state
[1772533158026] api request success: node=node-3 GET /ha/state status=200
[1772533158126] api request start: node=node-1 GET /ha/state
[1772533158457] api request success: node=node-1 GET /ha/state status=200
[1772533158457] api request start: node=node-2 GET /ha/state
[1772533158462] api request success: node=node-2 GET /ha/state status=200
[1772533158462] api request start: node=node-3 GET /ha/state
[1772533158463] api request success: node=node-3 GET /ha/state status=200
[1772533158539] api request start: node=node-1 GET /ha/state
[1772533158540] api request success: node=node-1 GET /ha/state status=200
[1772533158540] api request start: node=node-2 GET /ha/state
[1772533158540] api request success: node=node-2 GET /ha/state status=200
[1772533158540] api request start: node=node-3 GET /ha/state
[1772533158540] api request success: node=node-3 GET /ha/state status=200
[1772533158672] api request start: node=node-1 GET /ha/state
[1772533158999] api request success: node=node-1 GET /ha/state status=200
[1772533158999] api request start: node=node-2 GET /ha/state
[1772533159000] api request success: node=node-2 GET /ha/state status=200
[1772533159000] api request start: node=node-3 GET /ha/state
[1772533159000] api request success: node=node-3 GET /ha/state status=200
[1772533159077] api request start: node=node-1 GET /ha/state
[1772533159077] api request success: node=node-1 GET /ha/state status=200
[1772533159077] api request start: node=node-2 GET /ha/state
[1772533159078] api request success: node=node-2 GET /ha/state status=200
[1772533159078] api request start: node=node-3 GET /ha/state
[1772533159078] api request success: node=node-3 GET /ha/state status=200
[1772533159216] api request start: node=node-1 GET /ha/state
[1772533159338] api request success: node=node-1 GET /ha/state status=200
[1772533159338] api request start: node=node-2 GET /ha/state
[1772533159339] api request success: node=node-2 GET /ha/state status=200
[1772533159339] api request start: node=node-3 GET /ha/state
[1772533159340] api request success: node=node-3 GET /ha/state status=200
[1772533159416] api request start: node=node-1 GET /ha/state
[1772533159417] api request success: node=node-1 GET /ha/state status=200
[1772533159417] api request start: node=node-2 GET /ha/state
[1772533159417] api request success: node=node-2 GET /ha/state status=200
[1772533159417] api request start: node=node-3 GET /ha/state
[1772533159417] api request success: node=node-3 GET /ha/state status=200
[1772533159529] api request start: node=node-1 GET /ha/state
[1772533159848] api request success: node=node-1 GET /ha/state status=200
[1772533159848] api request start: node=node-2 GET /ha/state
[1772533159848] api request success: node=node-2 GET /ha/state status=200
[1772533159848] api request start: node=node-3 GET /ha/state
[1772533159849] api request success: node=node-3 GET /ha/state status=200
[1772533159950] api request start: node=node-1 GET /ha/state
[1772533160284] api request success: node=node-1 GET /ha/state status=200
[1772533160284] api request start: node=node-2 GET /ha/state
[1772533160284] api request success: node=node-2 GET /ha/state status=200
[1772533160284] api request start: node=node-3 GET /ha/state
[1772533160285] api request success: node=node-3 GET /ha/state status=200
[1772533160362] api request start: node=node-1 GET /ha/state
[1772533160364] api request success: node=node-1 GET /ha/state status=200
[1772533160364] api request start: node=node-2 GET /ha/state
[1772533160364] api request success: node=node-2 GET /ha/state status=200
[1772533160364] api request start: node=node-3 GET /ha/state
[1772533160365] api request success: node=node-3 GET /ha/state status=200
[1772533160602] api request start: node=node-1 GET /ha/state
[1772533160714] api request success: node=node-1 GET /ha/state status=200
[1772533160714] api request start: node=node-2 GET /ha/state
[1772533160715] api request success: node=node-2 GET /ha/state status=200
[1772533160715] api request start: node=node-3 GET /ha/state
[1772533160715] api request success: node=node-3 GET /ha/state status=200
[1772533160794] api request start: node=node-1 GET /ha/state
[1772533160795] api request success: node=node-1 GET /ha/state status=200
[1772533160795] api request start: node=node-2 GET /ha/state
[1772533160795] api request success: node=node-2 GET /ha/state status=200
[1772533160795] api request start: node=node-3 GET /ha/state
[1772533160795] api request success: node=node-3 GET /ha/state status=200
[1772533161027] api request start: node=node-1 GET /ha/state
[1772533161145] api request success: node=node-1 GET /ha/state status=200
[1772533161145] api request start: node=node-2 GET /ha/state
[1772533161146] api request success: node=node-2 GET /ha/state status=200
[1772533161146] api request start: node=node-3 GET /ha/state
[1772533161148] api request success: node=node-3 GET /ha/state status=200
[1772533161227] api request start: node=node-1 GET /ha/state
[1772533161228] api request success: node=node-1 GET /ha/state status=200
[1772533161228] api request start: node=node-2 GET /ha/state
[1772533161228] api request success: node=node-2 GET /ha/state status=200
[1772533161228] api request start: node=node-3 GET /ha/state
[1772533161228] api request success: node=node-3 GET /ha/state status=200
[1772533161340] api request start: node=node-1 GET /ha/state
[1772533161661] api request success: node=node-1 GET /ha/state status=200
[1772533161661] api request start: node=node-2 GET /ha/state
[1772533161662] api request success: node=node-2 GET /ha/state status=200
[1772533161662] api request start: node=node-3 GET /ha/state
[1772533161662] api request success: node=node-3 GET /ha/state status=200
[1772533161762] api request start: node=node-1 GET /ha/state
[1772533162101] api request success: node=node-1 GET /ha/state status=200
[1772533162101] api request start: node=node-2 GET /ha/state
[1772533162107] api request success: node=node-2 GET /ha/state status=200
[1772533162107] api request start: node=node-3 GET /ha/state
[1772533162115] api request success: node=node-3 GET /ha/state status=200
[1772533162193] api request start: node=node-1 GET /ha/state
[1772533162194] api request success: node=node-1 GET /ha/state status=200
[1772533162194] api request start: node=node-2 GET /ha/state
[1772533162194] api request success: node=node-2 GET /ha/state status=200
[1772533162194] api request start: node=node-3 GET /ha/state
[1772533162195] api request success: node=node-3 GET /ha/state status=200
[1772533162312] api request start: node=node-1 GET /ha/state
[1772533162441] api request success: node=node-1 GET /ha/state status=200
[1772533162441] api request start: node=node-2 GET /ha/state
[1772533162442] api request success: node=node-2 GET /ha/state status=200
[1772533162442] api request start: node=node-3 GET /ha/state
[1772533162443] api request success: node=node-3 GET /ha/state status=200
[1772533162520] api request start: node=node-1 GET /ha/state
[1772533162520] api request success: node=node-1 GET /ha/state status=200
[1772533162520] api request start: node=node-2 GET /ha/state
[1772533162521] api request success: node=node-2 GET /ha/state status=200
[1772533162521] api request start: node=node-3 GET /ha/state
[1772533162521] api request success: node=node-3 GET /ha/state status=200
[1772533164535] sql workload stopped: scenario=ha-e2e-stress-planned-switchover-concurrent-sql committed=18 unique_keys=18 transient=132 fencing=0 hard=336