[1772532987450] stress no-quorum bootstrap: wait for stable primary
[1772532987450] api request start: node=node-1 GET /ha/state
[1772532987549] api request success: node=node-1 GET /ha/state status=200
[1772532987549] api request start: node=node-2 GET /ha/state
[1772532987550] api request success: node=node-2 GET /ha/state status=200
[1772532987550] api request start: node=node-3 GET /ha/state
[1772532987550] api request success: node=node-3 GET /ha/state status=200
[1772532987550] stable-primary poll states: node-1:Primary:leader=node-1, node-2:WaitingPostgresReachable:leader=node-1, node-3:WaitingPostgresReachable:leader=node-1
[1772532987651] api request start: node=node-1 GET /ha/state
[1772532987762] api request success: node=node-1 GET /ha/state status=200
[1772532987762] api request start: node=node-2 GET /ha/state
[1772532987763] api request success: node=node-2 GET /ha/state status=200
[1772532987763] api request start: node=node-3 GET /ha/state
[1772532987763] api request success: node=node-3 GET /ha/state status=200
[1772532987965] api request start: node=node-1 GET /ha/state
[1772532988188] api request success: node=node-1 GET /ha/state status=200
[1772532988188] api request start: node=node-2 GET /ha/state
[1772532988189] api request success: node=node-2 GET /ha/state status=200
[1772532988189] api request start: node=node-3 GET /ha/state
[1772532988189] api request success: node=node-3 GET /ha/state status=200
[1772532988190] stable-primary poll states: node-1:Primary:leader=node-1, node-2:Replica:leader=node-1, node-3:WaitingPostgresReachable:leader=node-1
[1772532988395] api request start: node=node-1 GET /ha/state
[1772532988614] api request success: node=node-1 GET /ha/state status=200
[1772532988614] api request start: node=node-2 GET /ha/state
[1772532988615] api request success: node=node-2 GET /ha/state status=200
[1772532988615] api request start: node=node-3 GET /ha/state
[1772532988615] api request success: node=node-3 GET /ha/state status=200
[1772532988615] stable-primary poll states: node-1:Primary:leader=node-1, node-2:Replica:leader=node-1, node-3:Replica:leader=node-1
[1772532988817] api request start: node=node-1 GET /ha/state
[1772532989036] api request success: node=node-1 GET /ha/state status=200
[1772532989036] api request start: node=node-2 GET /ha/state
[1772532989037] api request success: node=node-2 GET /ha/state status=200
[1772532989037] api request start: node=node-3 GET /ha/state
[1772532989038] api request success: node=node-3 GET /ha/state status=200
[1772532989455] sql workload started: scenario=ha-e2e-stress-no-quorum-fencing-concurrent-sql table=ha_stress_fencing workers=6 interval_ms=150
[1772532992602] stress no-quorum: stop etcd majority while workload active
[1772533012902] stress no-quorum members stopped: etcd-a,etcd-b
[1772533012902] api request start: node=node-1 GET /ha/state
[1772533018637] api request success: node=node-1 GET /ha/state status=200
[1772533018638] api request start: node=node-2 GET /ha/state
[1772533034783] api request success: node=node-2 GET /ha/state status=200
[1772533034783] api request start: node=node-3 GET /ha/state
[1772533055530] api request success: node=node-3 GET /ha/state status=200
[1772533055530] api request start: node=node-1 GET /ha/state
[1772533077226] api request success: node=node-1 GET /ha/state status=200
[1772533077227] api request start: node=node-2 GET /ha/state
[1772533087764] api request success: node=node-2 GET /ha/state status=200
[1772533087764] api request start: node=node-3 GET /ha/state
[1772533103512] api request success: node=node-3 GET /ha/state status=200
[1772533118844] sql workload stopped: scenario=ha-e2e-stress-no-quorum-fencing-concurrent-sql committed=78 unique_keys=78 transient=0 fencing=0 hard=312