[1772538571787] stress failover bootstrap: wait for stable primary
[1772538571787] api request start: node=node-1 GET /ha/state
[1772538571887] api request success: node=node-1 GET /ha/state status=200
[1772538571887] api request start: node=node-2 GET /ha/state
[1772538571887] api request success: node=node-2 GET /ha/state status=200
[1772538571887] api request start: node=node-3 GET /ha/state
[1772538571887] api request success: node=node-3 GET /ha/state status=200
[1772538571887] stable-primary poll states: node-1:Primary:leader=node-1, node-2:Replica:leader=node-1, node-3:WaitingPostgresReachable:leader=node-1
[1772538571989] api request start: node=node-1 GET /ha/state
[1772538572311] api request success: node=node-1 GET /ha/state status=200
[1772538572311] api request start: node=node-2 GET /ha/state
[1772538572311] api request success: node=node-2 GET /ha/state status=200
[1772538572311] api request start: node=node-3 GET /ha/state
[1772538572311] api request success: node=node-3 GET /ha/state status=200
[1772538572412] api request start: node=node-1 GET /ha/state
[1772538572834] api request success: node=node-1 GET /ha/state status=200
[1772538572834] api request start: node=node-2 GET /ha/state
[1772538572834] api request success: node=node-2 GET /ha/state status=200
[1772538572834] api request start: node=node-3 GET /ha/state
[1772538572835] api request success: node=node-3 GET /ha/state status=200
[1772538572835] stable-primary poll states: node-1:Primary:leader=node-1, node-2:Replica:leader=node-1, node-3:Replica:leader=node-1
[1772538572936] api request start: node=node-1 GET /ha/state
[1772538573152] api request success: node=node-1 GET /ha/state status=200
[1772538573152] api request start: node=node-2 GET /ha/state
[1772538573152] api request success: node=node-2 GET /ha/state status=200
[1772538573152] api request start: node=node-3 GET /ha/state
[1772538573153] api request success: node=node-3 GET /ha/state status=200
[1772538573354] api request start: node=node-1 GET /ha/state
[1772538573563] api request success: node=node-1 GET /ha/state status=200
[1772538573563] api request start: node=node-2 GET /ha/state
[1772538573563] api request success: node=node-2 GET /ha/state status=200
[1772538573563] api request start: node=node-3 GET /ha/state
[1772538573563] api request success: node=node-3 GET /ha/state status=200
[1772538573576] sql workload started: scenario=ha-e2e-stress-unassisted-failover-concurrent-sql table=ha_stress_failover workers=4 interval_ms=250
[1772538576577] stress failover: stop postgres on bootstrap primary node-1
[1772538576756] api request start: node=node-1 GET /ha/state
[1772538577167] api request success: node=node-1 GET /ha/state status=200
[1772538577167] api request start: node=node-2 GET /ha/state
[1772538577271] api request success: node=node-2 GET /ha/state status=200
[1772538577271] api request start: node=node-3 GET /ha/state
[1772538577271] api request success: node=node-3 GET /ha/state status=200
[1772538577678] api request start: node=node-1 GET /ha/state
[1772538577783] api request success: node=node-1 GET /ha/state status=200
[1772538577783] api request start: node=node-2 GET /ha/state
[1772538577783] api request success: node=node-2 GET /ha/state status=200
[1772538577783] api request start: node=node-3 GET /ha/state
[1772538577783] api request success: node=node-3 GET /ha/state status=200
[1772538578086] api request start: node=node-1 GET /ha/state
[1772538578192] api request success: node=node-1 GET /ha/state status=200
[1772538578192] api request start: node=node-2 GET /ha/state
[1772538578193] api request success: node=node-2 GET /ha/state status=200
[1772538578193] api request start: node=node-3 GET /ha/state
[1772538578193] api request success: node=node-3 GET /ha/state status=200
[1772538578395] api request start: node=node-1 GET /ha/state
[1772538578705] api request success: node=node-1 GET /ha/state status=200
[1772538578705] api request start: node=node-2 GET /ha/state
[1772538578705] api request success: node=node-2 GET /ha/state status=200
[1772538578705] api request start: node=node-3 GET /ha/state
[1772538578706] api request success: node=node-3 GET /ha/state status=200
[1772538578908] api request start: node=node-1 GET /ha/state
[1772538579116] api request success: node=node-1 GET /ha/state status=200
[1772538579116] api request start: node=node-2 GET /ha/state
[1772538579116] api request success: node=node-2 GET /ha/state status=200
[1772538579116] api request start: node=node-3 GET /ha/state
[1772538579116] api request success: node=node-3 GET /ha/state status=200
[1772538579316] api request start: node=node-1 GET /ha/state
[1772538579626] api request success: node=node-1 GET /ha/state status=200
[1772538579626] api request start: node=node-2 GET /ha/state
[1772538579628] api request success: node=node-2 GET /ha/state status=200
[1772538579628] api request start: node=node-3 GET /ha/state
[1772538579630] api request success: node=node-3 GET /ha/state status=200
[1772538579829] api request start: node=node-1 GET /ha/state
[1772538579942] api request success: node=node-1 GET /ha/state status=200
[1772538579942] api request start: node=node-2 GET /ha/state
[1772538579942] api request success: node=node-2 GET /ha/state status=200
[1772538579942] api request start: node=node-3 GET /ha/state
[1772538579942] api request success: node=node-3 GET /ha/state status=200
[1772538580138] api request start: node=node-1 GET /ha/state
[1772538580352] api request success: node=node-1 GET /ha/state status=200
[1772538580352] api request start: node=node-2 GET /ha/state
[1772538580353] api request success: node=node-2 GET /ha/state status=200
[1772538580353] api request start: node=node-3 GET /ha/state
[1772538580353] api request success: node=node-3 GET /ha/state status=200
[1772538580549] api request start: node=node-1 GET /ha/state
[1772538580859] api request success: node=node-1 GET /ha/state status=200
[1772538580859] api request start: node=node-2 GET /ha/state
[1772538580859] api request success: node=node-2 GET /ha/state status=200
[1772538580859] api request start: node=node-3 GET /ha/state
[1772538580859] api request success: node=node-3 GET /ha/state status=200
[1772538581062] api request start: node=node-1 GET /ha/state
[1772538581169] api request success: node=node-1 GET /ha/state status=200
[1772538581169] api request start: node=node-2 GET /ha/state
[1772538581169] api request success: node=node-2 GET /ha/state status=200
[1772538581169] api request start: node=node-3 GET /ha/state
[1772538581170] api request success: node=node-3 GET /ha/state status=200
[1772538581470] api request start: node=node-1 GET /ha/state
[1772538581677] api request success: node=node-1 GET /ha/state status=200
[1772538581677] api request start: node=node-2 GET /ha/state
[1772538581677] api request success: node=node-2 GET /ha/state status=200
[1772538581677] api request start: node=node-3 GET /ha/state
[1772538581678] api request success: node=node-3 GET /ha/state status=200
[1772538581885] api request start: node=node-1 GET /ha/state
[1772538582093] api request success: node=node-1 GET /ha/state status=200
[1772538582093] api request start: node=node-2 GET /ha/state
[1772538582094] api request success: node=node-2 GET /ha/state status=200
[1772538582094] api request start: node=node-3 GET /ha/state
[1772538582094] api request success: node=node-3 GET /ha/state status=200
[1772538582296] api request start: node=node-1 GET /ha/state
[1772538582617] api request success: node=node-1 GET /ha/state status=200
[1772538582617] api request start: node=node-2 GET /ha/state
[1772538582618] api request success: node=node-2 GET /ha/state status=200
[1772538582618] api request start: node=node-3 GET /ha/state
[1772538582618] api request success: node=node-3 GET /ha/state status=200
[1772538582820] api request start: node=node-1 GET /ha/state
[1772538582926] api request success: node=node-1 GET /ha/state status=200
[1772538582926] api request start: node=node-2 GET /ha/state
[1772538582926] api request success: node=node-2 GET /ha/state status=200
[1772538582926] api request start: node=node-3 GET /ha/state
[1772538582927] api request success: node=node-3 GET /ha/state status=200
[1772538583130] api request start: node=node-1 GET /ha/state
[1772538583340] api request success: node=node-1 GET /ha/state status=200
[1772538583340] api request start: node=node-2 GET /ha/state
[1772538583341] api request success: node=node-2 GET /ha/state status=200
[1772538583341] api request start: node=node-3 GET /ha/state
[1772538583341] api request success: node=node-3 GET /ha/state status=200
[1772538583645] api request start: node=node-1 GET /ha/state
[1772538583749] api request success: node=node-1 GET /ha/state status=200
[1772538583749] api request start: node=node-2 GET /ha/state
[1772538583750] api request success: node=node-2 GET /ha/state status=200
[1772538583750] api request start: node=node-3 GET /ha/state
[1772538583751] api request success: node=node-3 GET /ha/state status=200
[1772538583950] api request start: node=node-1 GET /ha/state
[1772538584262] api request success: node=node-1 GET /ha/state status=200
[1772538584262] api request start: node=node-2 GET /ha/state
[1772538584262] api request success: node=node-2 GET /ha/state status=200
[1772538584262] api request start: node=node-3 GET /ha/state
[1772538584263] api request success: node=node-3 GET /ha/state status=200
[1772538584567] api request start: node=node-1 GET /ha/state
[1772538584674] api request success: node=node-1 GET /ha/state status=200
[1772538584674] api request start: node=node-2 GET /ha/state
[1772538584675] api request success: node=node-2 GET /ha/state status=200
[1772538584675] api request start: node=node-3 GET /ha/state
[1772538584675] api request success: node=node-3 GET /ha/state status=200
[1772538584979] api request start: node=node-1 GET /ha/state
[1772538585083] api request success: node=node-1 GET /ha/state status=200
[1772538585083] api request start: node=node-2 GET /ha/state
[1772538585084] api request success: node=node-2 GET /ha/state status=200
[1772538585084] api request start: node=node-3 GET /ha/state
[1772538585084] api request success: node=node-3 GET /ha/state status=200
[1772538585287] api request start: node=node-1 GET /ha/state
[1772538585397] api request success: node=node-1 GET /ha/state status=200
[1772538585397] api request start: node=node-2 GET /ha/state
[1772538585398] api request success: node=node-2 GET /ha/state status=200
[1772538585398] api request start: node=node-3 GET /ha/state
[1772538585399] api request success: node=node-3 GET /ha/state status=200
[1772538585594] api request start: node=node-1 GET /ha/state
[1772538585904] api request success: node=node-1 GET /ha/state status=200
[1772538585904] api request start: node=node-2 GET /ha/state
[1772538585905] api request success: node=node-2 GET /ha/state status=200
[1772538585905] api request start: node=node-3 GET /ha/state
[1772538585905] api request success: node=node-3 GET /ha/state status=200
[1772538586105] api request start: node=node-1 GET /ha/state
[1772538586416] api request success: node=node-1 GET /ha/state status=200
[1772538586416] api request start: node=node-2 GET /ha/state
[1772538586416] api request success: node=node-2 GET /ha/state status=200
[1772538586416] api request start: node=node-3 GET /ha/state
[1772538586416] api request success: node=node-3 GET /ha/state status=200
[1772538586719] api request start: node=node-1 GET /ha/state
[1772538586828] api request success: node=node-1 GET /ha/state status=200
[1772538586828] api request start: node=node-2 GET /ha/state
[1772538586828] api request success: node=node-2 GET /ha/state status=200
[1772538586828] api request start: node=node-3 GET /ha/state
[1772538586829] api request success: node=node-3 GET /ha/state status=200
[1772538586829] api request start: node=node-1 GET /ha/state
[1772538586829] api request success: node=node-1 GET /ha/state status=200
[1772538586829] api request start: node=node-2 GET /ha/state
[1772538586829] api request success: node=node-2 GET /ha/state status=200
[1772538586829] api request start: node=node-3 GET /ha/state
[1772538586830] api request success: node=node-3 GET /ha/state status=200
[1772538586830] stable-primary poll states: node-1:WaitingPostgresReachable:leader=node-3, node-2:Replica:leader=node-3, node-3:Primary:leader=node-3
[1772538587026] api request start: node=node-1 GET /ha/state
[1772538587344] api request success: node=node-1 GET /ha/state status=200
[1772538587344] api request start: node=node-2 GET /ha/state
[1772538587344] api request success: node=node-2 GET /ha/state status=200
[1772538587344] api request start: node=node-3 GET /ha/state
[1772538587345] api request success: node=node-3 GET /ha/state status=200
[1772538587547] api request start: node=node-1 GET /ha/state
[1772538587766] api request success: node=node-1 GET /ha/state status=200
[1772538587766] api request start: node=node-2 GET /ha/state
[1772538587766] api request success: node=node-2 GET /ha/state status=200
[1772538587766] api request start: node=node-3 GET /ha/state
[1772538587767] api request success: node=node-3 GET /ha/state status=200
[1772538587959] api request start: node=node-1 GET /ha/state
[1772538588172] api request success: node=node-1 GET /ha/state status=200
[1772538588172] api request start: node=node-2 GET /ha/state
[1772538588172] api request success: node=node-2 GET /ha/state status=200
[1772538588172] api request start: node=node-3 GET /ha/state
[1772538588173] api request success: node=node-3 GET /ha/state status=200
[1772538588481] api request start: node=node-1 GET /ha/state
[1772538588596] api request success: node=node-1 GET /ha/state status=200
[1772538588597] api request start: node=node-2 GET /ha/state
[1772538588598] api request success: node=node-2 GET /ha/state status=200
[1772538588598] api request start: node=node-3 GET /ha/state
[1772538588598] api request success: node=node-3 GET /ha/state status=200
[1772538588598] api request start: node=node-1 GET /ha/state
[1772538588599] api request success: node=node-1 GET /ha/state status=200
[1772538588599] api request start: node=node-1 GET /ha/state
[1772538588599] api request success: node=node-1 GET /ha/state status=200
[1772538588599] api request start: node=node-2 GET /ha/state
[1772538588600] api request success: node=node-2 GET /ha/state status=200
[1772538588600] api request start: node=node-3 GET /ha/state
[1772538588600] api request success: node=node-3 GET /ha/state status=200
[1772538588677] api request start: node=node-1 GET /ha/state
[1772538588678] api request success: node=node-1 GET /ha/state status=200
[1772538588678] api request start: node=node-2 GET /ha/state
[1772538588678] api request success: node=node-2 GET /ha/state status=200
[1772538588678] api request start: node=node-3 GET /ha/state
[1772538588678] api request success: node=node-3 GET /ha/state status=200
[1772538588787] api request start: node=node-1 GET /ha/state
[1772538589104] api request success: node=node-1 GET /ha/state status=200
[1772538589104] api request start: node=node-2 GET /ha/state
[1772538589104] api request success: node=node-2 GET /ha/state status=200
[1772538589104] api request start: node=node-3 GET /ha/state
[1772538589105] api request success: node=node-3 GET /ha/state status=200
[1772538589181] api request start: node=node-1 GET /ha/state
[1772538589181] api request success: node=node-1 GET /ha/state status=200
[1772538589181] api request start: node=node-2 GET /ha/state
[1772538589181] api request success: node=node-2 GET /ha/state status=200
[1772538589181] api request start: node=node-3 GET /ha/state
[1772538589182] api request success: node=node-3 GET /ha/state status=200
[1772538589308] api request start: node=node-1 GET /ha/state
[1772538589620] api request success: node=node-1 GET /ha/state status=200
[1772538589620] api request start: node=node-2 GET /ha/state
[1772538589621] api request success: node=node-2 GET /ha/state status=200
[1772538589621] api request start: node=node-3 GET /ha/state
[1772538589621] api request success: node=node-3 GET /ha/state status=200
[1772538589697] api request start: node=node-1 GET /ha/state
[1772538589698] api request success: node=node-1 GET /ha/state status=200
[1772538589698] api request start: node=node-2 GET /ha/state
[1772538589698] api request success: node=node-2 GET /ha/state status=200
[1772538589698] api request start: node=node-3 GET /ha/state
[1772538589699] api request success: node=node-3 GET /ha/state status=200
[1772538589925] api request start: node=node-1 GET /ha/state
[1772538590030] api request success: node=node-1 GET /ha/state status=200
[1772538590030] api request start: node=node-2 GET /ha/state
[1772538590031] api request success: node=node-2 GET /ha/state status=200
[1772538590031] api request start: node=node-3 GET /ha/state
[1772538590031] api request success: node=node-3 GET /ha/state status=200
[1772538590108] api request start: node=node-1 GET /ha/state
[1772538590108] api request success: node=node-1 GET /ha/state status=200
[1772538590108] api request start: node=node-2 GET /ha/state
[1772538590109] api request success: node=node-2 GET /ha/state status=200
[1772538590109] api request start: node=node-3 GET /ha/state
[1772538590109] api request success: node=node-3 GET /ha/state status=200
[1772538590231] api request start: node=node-1 GET /ha/state
[1772538590611] api request success: node=node-1 GET /ha/state status=200
[1772538590611] api request start: node=node-2 GET /ha/state
[1772538590612] api request success: node=node-2 GET /ha/state status=200
[1772538590612] api request start: node=node-3 GET /ha/state
[1772538590612] api request success: node=node-3 GET /ha/state status=200
[1772538590688] api request start: node=node-1 GET /ha/state
[1772538590689] api request success: node=node-1 GET /ha/state status=200
[1772538590689] api request start: node=node-2 GET /ha/state
[1772538590689] api request success: node=node-2 GET /ha/state status=200
[1772538590689] api request start: node=node-3 GET /ha/state
[1772538590689] api request success: node=node-3 GET /ha/state status=200
[1772538590815] api request start: node=node-1 GET /ha/state
[1772538591126] api request success: node=node-1 GET /ha/state status=200
[1772538591126] api request start: node=node-2 GET /ha/state
[1772538591127] api request success: node=node-2 GET /ha/state status=200
[1772538591127] api request start: node=node-3 GET /ha/state
[1772538591129] api request success: node=node-3 GET /ha/state status=200
[1772538591205] api request start: node=node-1 GET /ha/state
[1772538591205] api request success: node=node-1 GET /ha/state status=200
[1772538591205] api request start: node=node-2 GET /ha/state
[1772538591205] api request success: node=node-2 GET /ha/state status=200
[1772538591205] api request start: node=node-3 GET /ha/state
[1772538591205] api request success: node=node-3 GET /ha/state status=200
[1772538591432] api request start: node=node-1 GET /ha/state
[1772538591537] api request success: node=node-1 GET /ha/state status=200
[1772538591537] api request start: node=node-2 GET /ha/state
[1772538591537] api request success: node=node-2 GET /ha/state status=200
[1772538591537] api request start: node=node-3 GET /ha/state
[1772538591537] api request success: node=node-3 GET /ha/state status=200
[1772538591614] api request start: node=node-1 GET /ha/state
[1772538591614] api request success: node=node-1 GET /ha/state status=200
[1772538591614] api request start: node=node-2 GET /ha/state
[1772538591615] api request success: node=node-2 GET /ha/state status=200
[1772538591615] api request start: node=node-3 GET /ha/state
[1772538591615] api request success: node=node-3 GET /ha/state status=200
[1772538591740] api request start: node=node-1 GET /ha/state
[1772538592050] api request success: node=node-1 GET /ha/state status=200
[1772538592050] api request start: node=node-2 GET /ha/state
[1772538592050] api request success: node=node-2 GET /ha/state status=200
[1772538592050] api request start: node=node-3 GET /ha/state
[1772538592050] api request success: node=node-3 GET /ha/state status=200
[1772538592126] api request start: node=node-1 GET /ha/state
[1772538592126] api request success: node=node-1 GET /ha/state status=200
[1772538592126] api request start: node=node-2 GET /ha/state
[1772538592127] api request success: node=node-2 GET /ha/state status=200
[1772538592127] api request start: node=node-3 GET /ha/state
[1772538592127] api request success: node=node-3 GET /ha/state status=200
[1772538592356] api request start: node=node-1 GET /ha/state
[1772538592469] api request success: node=node-1 GET /ha/state status=200
[1772538592469] api request start: node=node-2 GET /ha/state
[1772538592471] api request success: node=node-2 GET /ha/state status=200
[1772538592471] api request start: node=node-3 GET /ha/state
[1772538592476] api request success: node=node-3 GET /ha/state status=200
[1772538592553] api request start: node=node-1 GET /ha/state
[1772538592553] api request success: node=node-1 GET /ha/state status=200
[1772538592553] api request start: node=node-2 GET /ha/state
[1772538592554] api request success: node=node-2 GET /ha/state status=200
[1772538592554] api request start: node=node-3 GET /ha/state
[1772538592554] api request success: node=node-3 GET /ha/state status=200
[1772538592668] api request start: node=node-1 GET /ha/state
[1772538592986] api request success: node=node-1 GET /ha/state status=200
[1772538592986] api request start: node=node-2 GET /ha/state
[1772538592986] api request success: node=node-2 GET /ha/state status=200
[1772538592986] api request start: node=node-3 GET /ha/state
[1772538592988] api request success: node=node-3 GET /ha/state status=200
[1772538593064] api request start: node=node-1 GET /ha/state
[1772538593065] api request success: node=node-1 GET /ha/state status=200
[1772538593065] api request start: node=node-2 GET /ha/state
[1772538593065] api request success: node=node-2 GET /ha/state status=200
[1772538593065] api request start: node=node-3 GET /ha/state
[1772538593065] api request success: node=node-3 GET /ha/state status=200
[1772538593194] api request start: node=node-1 GET /ha/state
[1772538593405] api request success: node=node-1 GET /ha/state status=200
[1772538593405] api request start: node=node-2 GET /ha/state
[1772538593406] api request success: node=node-2 GET /ha/state status=200
[1772538593406] api request start: node=node-3 GET /ha/state
[1772538593406] api request success: node=node-3 GET /ha/state status=200
[1772538593483] api request start: node=node-1 GET /ha/state
[1772538593484] api request success: node=node-1 GET /ha/state status=200
[1772538593484] api request start: node=node-2 GET /ha/state
[1772538593484] api request success: node=node-2 GET /ha/state status=200
[1772538593484] api request start: node=node-3 GET /ha/state
[1772538593485] api request success: node=node-3 GET /ha/state status=200
[1772538593726] api request start: node=node-1 GET /ha/state
[1772538593835] api request success: node=node-1 GET /ha/state status=200
[1772538593836] api request start: node=node-2 GET /ha/state
[1772538593836] api request success: node=node-2 GET /ha/state status=200
[1772538593836] api request start: node=node-3 GET /ha/state
[1772538593836] api request success: node=node-3 GET /ha/state status=200
[1772538593915] api request start: node=node-1 GET /ha/state
[1772538593915] api request success: node=node-1 GET /ha/state status=200
[1772538593915] api request start: node=node-2 GET /ha/state
[1772538593916] api request success: node=node-2 GET /ha/state status=200
[1772538593916] api request start: node=node-3 GET /ha/state
[1772538593916] api request success: node=node-3 GET /ha/state status=200
[1772538594037] api request start: node=node-1 GET /ha/state
[1772538594249] api request success: node=node-1 GET /ha/state status=200
[1772538594249] api request start: node=node-2 GET /ha/state
[1772538594250] api request success: node=node-2 GET /ha/state status=200
[1772538594250] api request start: node=node-3 GET /ha/state
[1772538594250] api request success: node=node-3 GET /ha/state status=200
[1772538594326] api request start: node=node-1 GET /ha/state
[1772538594327] api request success: node=node-1 GET /ha/state status=200
[1772538594327] api request start: node=node-2 GET /ha/state
[1772538594327] api request success: node=node-2 GET /ha/state status=200
[1772538594327] api request start: node=node-3 GET /ha/state
[1772538594328] api request success: node=node-3 GET /ha/state status=200
[1772538594449] api request start: node=node-1 GET /ha/state
[1772538594776] api request success: node=node-1 GET /ha/state status=200
[1772538594776] api request start: node=node-2 GET /ha/state
[1772538594777] api request success: node=node-2 GET /ha/state status=200
[1772538594777] api request start: node=node-3 GET /ha/state
[1772538594777] api request success: node=node-3 GET /ha/state status=200
[1772538596818] sql workload stopped: scenario=ha-e2e-stress-unassisted-failover-concurrent-sql committed=12 unique_keys=12 transient=368 fencing=0 hard=0
[1772538596857] stress failover key integrity verified on node-3 with row_count=1