[1772534579026] stress switchover bootstrap: wait for stable primary
[1772534579026] api request start: node=node-1 GET /ha/state
[1772534579467] api request success: node=node-1 GET /ha/state status=200
[1772534579467] api request start: node=node-2 GET /ha/state
[1772534579469] api request success: node=node-2 GET /ha/state status=200
[1772534579469] api request start: node=node-3 GET /ha/state
[1772534579470] api request success: node=node-3 GET /ha/state status=200
[1772534579470] stable-primary poll states: node-1:Primary:leader=node-1, node-2:Replica:leader=node-1, node-3:WaitingPostgresReachable:leader=node-1
[1772534579795] api request start: node=node-1 GET /ha/state
[1772534579798] api request success: node=node-1 GET /ha/state status=200
[1772534579798] api request start: node=node-2 GET /ha/state
[1772534579798] api request success: node=node-2 GET /ha/state status=200
[1772534579798] api request start: node=node-3 GET /ha/state
[1772534579799] api request success: node=node-3 GET /ha/state status=200
[1772534580011] api request start: node=node-1 GET /ha/state
[1772534580122] api request success: node=node-1 GET /ha/state status=200
[1772534580122] api request start: node=node-2 GET /ha/state
[1772534580123] api request success: node=node-2 GET /ha/state status=200
[1772534580123] api request start: node=node-3 GET /ha/state
[1772534580123] api request success: node=node-3 GET /ha/state status=200
[1772534580123] stable-primary poll states: node-1:Primary:leader=node-1, node-2:Replica:leader=node-1, node-3:Replica:leader=node-1
[1772534580328] api request start: node=node-1 GET /ha/state
[1772534580552] api request success: node=node-1 GET /ha/state status=200
[1772534580552] api request start: node=node-2 GET /ha/state
[1772534580552] api request success: node=node-2 GET /ha/state status=200
[1772534580552] api request start: node=node-3 GET /ha/state
[1772534580552] api request success: node=node-3 GET /ha/state status=200
[1772534580653] api request start: node=node-1 GET /ha/state
[1772534580891] api request success: node=node-1 GET /ha/state status=200
[1772534580891] api request start: node=node-2 GET /ha/state
[1772534580891] api request success: node=node-2 GET /ha/state status=200
[1772534580891] api request start: node=node-3 GET /ha/state
[1772534580892] api request success: node=node-3 GET /ha/state status=200
[1772534580932] sql workload started: scenario=ha-e2e-stress-planned-switchover-concurrent-sql table=ha_stress_switchover workers=6 interval_ms=150
[1772534583992] stress switchover: trigger API switchover while workload is active
[1772534583992] api request start: node=node-1 POST /switchover
[1772534584323] api request success: node=node-1 POST /switchover status=202
[1772534584323] api request start: node=node-1 GET /ha/state
[1772534584773] api request success: node=node-1 GET /ha/state status=200
[1772534584773] api request start: node=node-2 GET /ha/state
[1772534584784] api request success: node=node-2 GET /ha/state status=200
[1772534584784] api request start: node=node-3 GET /ha/state
[1772534584785] api request success: node=node-3 GET /ha/state status=200
[1772534585206] api request start: node=node-1 GET /ha/state
[1772534585213] api request success: node=node-1 GET /ha/state status=200
[1772534585213] api request start: node=node-2 GET /ha/state
[1772534585214] api request success: node=node-2 GET /ha/state status=200
[1772534585214] api request start: node=node-3 GET /ha/state
[1772534585215] api request success: node=node-3 GET /ha/state status=200
[1772534585531] api request start: node=node-1 GET /ha/state
[1772534585540] api request success: node=node-1 GET /ha/state status=200
[1772534585540] api request start: node=node-2 GET /ha/state
[1772534585541] api request success: node=node-2 GET /ha/state status=200
[1772534585541] api request start: node=node-3 GET /ha/state
[1772534585541] api request success: node=node-3 GET /ha/state status=200
[1772534585749] api request start: node=node-1 GET /ha/state
[1772534586084] api request success: node=node-1 GET /ha/state status=200
[1772534586084] api request start: node=node-2 GET /ha/state
[1772534586085] api request success: node=node-2 GET /ha/state status=200
[1772534586085] api request start: node=node-3 GET /ha/state
[1772534586086] api request success: node=node-3 GET /ha/state status=200
[1772534586287] api request start: node=node-1 GET /ha/state
[1772534586614] api request success: node=node-1 GET /ha/state status=200
[1772534586614] api request start: node=node-2 GET /ha/state
[1772534586619] api request success: node=node-2 GET /ha/state status=200
[1772534586619] api request start: node=node-3 GET /ha/state
[1772534586621] api request success: node=node-3 GET /ha/state status=200
[1772534586930] api request start: node=node-1 GET /ha/state
[1772534587048] api request success: node=node-1 GET /ha/state status=200
[1772534587048] api request start: node=node-2 GET /ha/state
[1772534587048] api request success: node=node-2 GET /ha/state status=200
[1772534587048] api request start: node=node-3 GET /ha/state
[1772534587049] api request success: node=node-3 GET /ha/state status=200
[1772534587249] api request start: node=node-1 GET /ha/state
[1772534587570] api request success: node=node-1 GET /ha/state status=200
[1772534587570] api request start: node=node-2 GET /ha/state
[1772534587571] api request success: node=node-2 GET /ha/state status=200
[1772534587571] api request start: node=node-3 GET /ha/state
[1772534587571] api request success: node=node-3 GET /ha/state status=200
[1772534587785] api request start: node=node-1 GET /ha/state
[1772534587790] api request success: node=node-1 GET /ha/state status=200
[1772534587790] api request start: node=node-2 GET /ha/state
[1772534587792] api request success: node=node-2 GET /ha/state status=200
[1772534587792] api request start: node=node-3 GET /ha/state
[1772534587793] api request success: node=node-3 GET /ha/state status=200
[1772534588098] api request start: node=node-1 GET /ha/state
[1772534588219] api request success: node=node-1 GET /ha/state status=200
[1772534588220] api request start: node=node-2 GET /ha/state
[1772534588220] api request success: node=node-2 GET /ha/state status=200
[1772534588220] api request start: node=node-3 GET /ha/state
[1772534588221] api request success: node=node-3 GET /ha/state status=200
[1772534588412] api request start: node=node-1 GET /ha/state
[1772534588550] api request success: node=node-1 GET /ha/state status=200
[1772534588550] api request start: node=node-2 GET /ha/state
[1772534588551] api request success: node=node-2 GET /ha/state status=200
[1772534588551] api request start: node=node-3 GET /ha/state
[1772534588551] api request success: node=node-3 GET /ha/state status=200
[1772534588759] api request start: node=node-1 GET /ha/state
[1772534588993] api request success: node=node-1 GET /ha/state status=200
[1772534588993] api request start: node=node-2 GET /ha/state
[1772534588994] api request success: node=node-2 GET /ha/state status=200
[1772534588994] api request start: node=node-3 GET /ha/state
[1772534588994] api request success: node=node-3 GET /ha/state status=200
[1772534589200] api request start: node=node-1 GET /ha/state
[1772534589527] api request success: node=node-1 GET /ha/state status=200
[1772534589527] api request start: node=node-2 GET /ha/state
[1772534589535] api request success: node=node-2 GET /ha/state status=200
[1772534589535] api request start: node=node-3 GET /ha/state
[1772534589536] api request success: node=node-3 GET /ha/state status=200
[1772534589900] api request start: node=node-1 GET /ha/state
[1772534590012] api request success: node=node-1 GET /ha/state status=200
[1772534590012] api request start: node=node-2 GET /ha/state
[1772534590012] api request success: node=node-2 GET /ha/state status=200
[1772534590012] api request start: node=node-3 GET /ha/state
[1772534590013] api request success: node=node-3 GET /ha/state status=200
[1772534590226] api request start: node=node-1 GET /ha/state
[1772534590551] api request success: node=node-1 GET /ha/state status=200
[1772534590551] api request start: node=node-2 GET /ha/state
[1772534590555] api request success: node=node-2 GET /ha/state status=200
[1772534590555] api request start: node=node-3 GET /ha/state
[1772534590556] api request success: node=node-3 GET /ha/state status=200
[1772534590757] api request start: node=node-1 GET /ha/state
[1772534591091] api request success: node=node-1 GET /ha/state status=200
[1772534591091] api request start: node=node-2 GET /ha/state
[1772534591091] api request success: node=node-2 GET /ha/state status=200
[1772534591092] api request start: node=node-3 GET /ha/state
[1772534591092] api request success: node=node-3 GET /ha/state status=200
[1772534591426] api request start: node=node-1 GET /ha/state
[1772534591442] api request success: node=node-1 GET /ha/state status=200
[1772534591442] api request start: node=node-2 GET /ha/state
[1772534591445] api request success: node=node-2 GET /ha/state status=200
[1772534591445] api request start: node=node-3 GET /ha/state
[1772534591445] api request success: node=node-3 GET /ha/state status=200
[1772534591646] api request start: node=node-1 GET /ha/state
[1772534591790] api request success: node=node-1 GET /ha/state status=200
[1772534591790] api request start: node=node-2 GET /ha/state
[1772534591790] api request success: node=node-2 GET /ha/state status=200
[1772534591790] api request start: node=node-3 GET /ha/state
[1772534591790] api request success: node=node-3 GET /ha/state status=200
[1772534591994] api request start: node=node-1 GET /ha/state
[1772534592277] api request success: node=node-1 GET /ha/state status=200
[1772534592277] api request start: node=node-2 GET /ha/state
[1772534592277] api request success: node=node-2 GET /ha/state status=200
[1772534592277] api request start: node=node-3 GET /ha/state
[1772534592277] api request success: node=node-3 GET /ha/state status=200
[1772534592481] api request start: node=node-1 GET /ha/state
[1772534592812] api request success: node=node-1 GET /ha/state status=200
[1772534592812] api request start: node=node-2 GET /ha/state
[1772534592812] api request success: node=node-2 GET /ha/state status=200
[1772534592812] api request start: node=node-3 GET /ha/state
[1772534592813] api request success: node=node-3 GET /ha/state status=200
[1772534592813] api request start: node=node-1 GET /ha/state
[1772534592813] api request success: node=node-1 GET /ha/state status=200
[1772534592813] api request start: node=node-2 GET /ha/state
[1772534592813] api request success: node=node-2 GET /ha/state status=200
[1772534592813] api request start: node=node-3 GET /ha/state
[1772534592814] api request success: node=node-3 GET /ha/state status=200
[1772534592814] stable-primary poll states: node-1:WaitingPostgresReachable:leader=node-3, node-2:Replica:leader=node-3, node-3:Primary:leader=node-3
[1772534593026] api request start: node=node-1 GET /ha/state
[1772534593150] api request success: node=node-1 GET /ha/state status=200
[1772534593150] api request start: node=node-2 GET /ha/state
[1772534593150] api request success: node=node-2 GET /ha/state status=200
[1772534593150] api request start: node=node-3 GET /ha/state
[1772534593150] api request success: node=node-3 GET /ha/state status=200
[1772534593348] api request start: node=node-1 GET /ha/state
[1772534593570] api request success: node=node-1 GET /ha/state status=200
[1772534593570] api request start: node=node-2 GET /ha/state
[1772534593571] api request success: node=node-2 GET /ha/state status=200
[1772534593571] api request start: node=node-3 GET /ha/state
[1772534593572] api request success: node=node-3 GET /ha/state status=200
[1772534593781] api request start: node=node-1 GET /ha/state
[1772534593784] api request success: node=node-1 GET /ha/state status=200
[1772534593784] api request start: node=node-2 GET /ha/state
[1772534593784] api request success: node=node-2 GET /ha/state status=200
[1772534593784] api request start: node=node-3 GET /ha/state
[1772534593784] api request success: node=node-3 GET /ha/state status=200
[1772534594117] api request start: node=node-1 GET /ha/state
[1772534594119] api request success: node=node-1 GET /ha/state status=200
[1772534594119] api request start: node=node-2 GET /ha/state
[1772534594119] api request success: node=node-2 GET /ha/state status=200
[1772534594119] api request start: node=node-3 GET /ha/state
[1772534594119] api request success: node=node-3 GET /ha/state status=200
[1772534594119] api request start: node=node-1 GET /ha/state
[1772534594120] api request success: node=node-1 GET /ha/state status=200
[1772534594120] api request start: node=node-1 GET /ha/state
[1772534594120] api request success: node=node-1 GET /ha/state status=200
[1772534594120] api request start: node=node-2 GET /ha/state
[1772534594120] api request success: node=node-2 GET /ha/state status=200
[1772534594120] api request start: node=node-3 GET /ha/state
[1772534594121] api request success: node=node-3 GET /ha/state status=200
[1772534594198] api request start: node=node-1 GET /ha/state
[1772534594198] api request success: node=node-1 GET /ha/state status=200
[1772534594198] api request start: node=node-2 GET /ha/state
[1772534594199] api request success: node=node-2 GET /ha/state status=200
[1772534594199] api request start: node=node-3 GET /ha/state
[1772534594199] api request success: node=node-3 GET /ha/state status=200
[1772534594451] api request start: node=node-1 GET /ha/state
[1772534594556] api request success: node=node-1 GET /ha/state status=200
[1772534594556] api request start: node=node-2 GET /ha/state
[1772534594557] api request success: node=node-2 GET /ha/state status=200
[1772534594557] api request start: node=node-3 GET /ha/state
[1772534594557] api request success: node=node-3 GET /ha/state status=200
[1772534594657] api request start: node=node-1 GET /ha/state
[1772534594988] api request success: node=node-1 GET /ha/state status=200
[1772534594988] api request start: node=node-2 GET /ha/state
[1772534594989] api request success: node=node-2 GET /ha/state status=200
[1772534594989] api request start: node=node-3 GET /ha/state
[1772534594990] api request success: node=node-3 GET /ha/state status=200
[1772534595089] api request start: node=node-1 GET /ha/state
[1772534595318] api request success: node=node-1 GET /ha/state status=200
[1772534595318] api request start: node=node-2 GET /ha/state
[1772534595321] api request success: node=node-2 GET /ha/state status=200
[1772534595321] api request start: node=node-3 GET /ha/state
[1772534595322] api request success: node=node-3 GET /ha/state status=200
[1772534595401] api request start: node=node-1 GET /ha/state
[1772534595401] api request success: node=node-1 GET /ha/state status=200
[1772534595401] api request start: node=node-2 GET /ha/state
[1772534595401] api request success: node=node-2 GET /ha/state status=200
[1772534595401] api request start: node=node-3 GET /ha/state
[1772534595402] api request success: node=node-3 GET /ha/state status=200
[1772534595513] api request start: node=node-1 GET /ha/state
[1772534595745] api request success: node=node-1 GET /ha/state status=200
[1772534595745] api request start: node=node-2 GET /ha/state
[1772534595745] api request success: node=node-2 GET /ha/state status=200
[1772534595745] api request start: node=node-3 GET /ha/state
[1772534595746] api request success: node=node-3 GET /ha/state status=200
[1772534595826] api request start: node=node-1 GET /ha/state
[1772534595826] api request success: node=node-1 GET /ha/state status=200
[1772534595826] api request start: node=node-2 GET /ha/state
[1772534595827] api request success: node=node-2 GET /ha/state status=200
[1772534595827] api request start: node=node-3 GET /ha/state
[1772534595827] api request success: node=node-3 GET /ha/state status=200
[1772534595950] api request start: node=node-1 GET /ha/state
[1772534596273] api request success: node=node-1 GET /ha/state status=200
[1772534596273] api request start: node=node-2 GET /ha/state
[1772534596274] api request success: node=node-2 GET /ha/state status=200
[1772534596274] api request start: node=node-3 GET /ha/state
[1772534596274] api request success: node=node-3 GET /ha/state status=200
[1772534596353] api request start: node=node-1 GET /ha/state
[1772534596353] api request success: node=node-1 GET /ha/state status=200
[1772534596353] api request start: node=node-2 GET /ha/state
[1772534596354] api request success: node=node-2 GET /ha/state status=200
[1772534596354] api request start: node=node-3 GET /ha/state
[1772534596354] api request success: node=node-3 GET /ha/state status=200
[1772534596489] api request start: node=node-1 GET /ha/state
[1772534596608] api request success: node=node-1 GET /ha/state status=200
[1772534596608] api request start: node=node-2 GET /ha/state
[1772534596608] api request success: node=node-2 GET /ha/state status=200
[1772534596608] api request start: node=node-3 GET /ha/state
[1772534596608] api request success: node=node-3 GET /ha/state status=200
[1772534596685] api request start: node=node-1 GET /ha/state
[1772534596685] api request success: node=node-1 GET /ha/state status=200
[1772534596685] api request start: node=node-2 GET /ha/state
[1772534596686] api request success: node=node-2 GET /ha/state status=200
[1772534596686] api request start: node=node-3 GET /ha/state
[1772534596686] api request success: node=node-3 GET /ha/state status=200
[1772534596825] api request start: node=node-1 GET /ha/state
[1772534597169] api request success: node=node-1 GET /ha/state status=200
[1772534597169] api request start: node=node-2 GET /ha/state
[1772534597170] api request success: node=node-2 GET /ha/state status=200
[1772534597170] api request start: node=node-3 GET /ha/state
[1772534597170] api request success: node=node-3 GET /ha/state status=200
[1772534597247] api request start: node=node-1 GET /ha/state
[1772534597248] api request success: node=node-1 GET /ha/state status=200
[1772534597248] api request start: node=node-2 GET /ha/state
[1772534597248] api request success: node=node-2 GET /ha/state status=200
[1772534597248] api request start: node=node-3 GET /ha/state
[1772534597248] api request success: node=node-3 GET /ha/state status=200
[1772534597372] api request start: node=node-1 GET /ha/state
[1772534597592] api request success: node=node-1 GET /ha/state status=200
[1772534597592] api request start: node=node-2 GET /ha/state
[1772534597593] api request success: node=node-2 GET /ha/state status=200
[1772534597593] api request start: node=node-3 GET /ha/state
[1772534597594] api request success: node=node-3 GET /ha/state status=200
[1772534597672] api request start: node=node-1 GET /ha/state
[1772534597672] api request success: node=node-1 GET /ha/state status=200
[1772534597672] api request start: node=node-2 GET /ha/state
[1772534597672] api request success: node=node-2 GET /ha/state status=200
[1772534597672] api request start: node=node-3 GET /ha/state
[1772534597673] api request success: node=node-3 GET /ha/state status=200
[1772534597911] api request start: node=node-1 GET /ha/state
[1772534597925] api request success: node=node-1 GET /ha/state status=200
[1772534597925] api request start: node=node-2 GET /ha/state
[1772534597926] api request success: node=node-2 GET /ha/state status=200
[1772534597926] api request start: node=node-3 GET /ha/state
[1772534597927] api request success: node=node-3 GET /ha/state status=200
[1772534598004] api request start: node=node-1 GET /ha/state
[1772534598005] api request success: node=node-1 GET /ha/state status=200
[1772534598005] api request start: node=node-2 GET /ha/state
[1772534598005] api request success: node=node-2 GET /ha/state status=200
[1772534598005] api request start: node=node-3 GET /ha/state
[1772534598005] api request success: node=node-3 GET /ha/state status=200
[1772534598122] api request start: node=node-1 GET /ha/state
[1772534598453] api request success: node=node-1 GET /ha/state status=200
[1772534598453] api request start: node=node-2 GET /ha/state
[1772534598454] api request success: node=node-2 GET /ha/state status=200
[1772534598454] api request start: node=node-3 GET /ha/state
[1772534598455] api request success: node=node-3 GET /ha/state status=200
[1772534598532] api request start: node=node-1 GET /ha/state
[1772534598532] api request success: node=node-1 GET /ha/state status=200
[1772534598532] api request start: node=node-2 GET /ha/state
[1772534598532] api request success: node=node-2 GET /ha/state status=200
[1772534598532] api request start: node=node-3 GET /ha/state
[1772534598532] api request success: node=node-3 GET /ha/state status=200
[1772534598659] api request start: node=node-1 GET /ha/state
[1772534598986] api request success: node=node-1 GET /ha/state status=200
[1772534598987] api request start: node=node-2 GET /ha/state
[1772534598987] api request success: node=node-2 GET /ha/state status=200
[1772534598987] api request start: node=node-3 GET /ha/state
[1772534598988] api request success: node=node-3 GET /ha/state status=200
[1772534599064] api request start: node=node-1 GET /ha/state
[1772534599065] api request success: node=node-1 GET /ha/state status=200
[1772534599065] api request start: node=node-2 GET /ha/state
[1772534599066] api request success: node=node-2 GET /ha/state status=200
[1772534599066] api request start: node=node-3 GET /ha/state
[1772534599066] api request success: node=node-3 GET /ha/state status=200
[1772534599311] api request start: node=node-1 GET /ha/state
[1772534599419] api request success: node=node-1 GET /ha/state status=200
[1772534599419] api request start: node=node-2 GET /ha/state
[1772534599419] api request success: node=node-2 GET /ha/state status=200
[1772534599419] api request start: node=node-3 GET /ha/state
[1772534599419] api request success: node=node-3 GET /ha/state status=200
[1772534601656] sql workload stopped: scenario=ha-e2e-stress-planned-switchover-concurrent-sql committed=22 unique_keys=22 transient=506 fencing=0 hard=0