[1772536214738] stress switchover bootstrap: wait for stable primary
[1772536214738] api request start: node=node-1 GET /ha/state
[1772536214969] api request success: node=node-1 GET /ha/state status=200
[1772536214969] api request start: node=node-2 GET /ha/state
[1772536214969] api request success: node=node-2 GET /ha/state status=200
[1772536214969] api request start: node=node-3 GET /ha/state
[1772536214969] api request success: node=node-3 GET /ha/state status=200
[1772536214969] stable-primary poll states: node-1:Primary:leader=node-1, node-2:WaitingPostgresReachable:leader=node-1, node-3:WaitingPostgresReachable:leader=node-1
[1772536215070] api request start: node=node-1 GET /ha/state
[1772536215388] api request success: node=node-1 GET /ha/state status=200
[1772536215388] api request start: node=node-2 GET /ha/state
[1772536215389] api request success: node=node-2 GET /ha/state status=200
[1772536215389] api request start: node=node-3 GET /ha/state
[1772536215390] api request success: node=node-3 GET /ha/state status=200
[1772536215390] stable-primary poll states: node-1:Primary:leader=node-1, node-2:Replica:leader=node-1, node-3:WaitingPostgresReachable:leader=node-1
[1772536215615] api request start: node=node-1 GET /ha/state
[1772536215733] api request success: node=node-1 GET /ha/state status=200
[1772536215733] api request start: node=node-2 GET /ha/state
[1772536215733] api request success: node=node-2 GET /ha/state status=200
[1772536215733] api request start: node=node-3 GET /ha/state
[1772536215734] api request success: node=node-3 GET /ha/state status=200
[1772536215734] stable-primary poll states: node-1:Primary:leader=node-1, node-2:Replica:leader=node-1, node-3:Replica:leader=node-1
[1772536215933] api request start: node=node-1 GET /ha/state
[1772536216155] api request success: node=node-1 GET /ha/state status=200
[1772536216155] api request start: node=node-2 GET /ha/state
[1772536216156] api request success: node=node-2 GET /ha/state status=200
[1772536216156] api request start: node=node-3 GET /ha/state
[1772536216156] api request success: node=node-3 GET /ha/state status=200
[1772536216369] api request start: node=node-1 GET /ha/state
[1772536216597] api request success: node=node-1 GET /ha/state status=200
[1772536216597] api request start: node=node-2 GET /ha/state
[1772536216599] api request success: node=node-2 GET /ha/state status=200
[1772536216599] api request start: node=node-3 GET /ha/state
[1772536216599] api request success: node=node-3 GET /ha/state status=200
[1772536216633] sql workload started: scenario=ha-e2e-stress-planned-switchover-concurrent-sql table=ha_stress_switchover workers=4 interval_ms=250
[1772536219634] stress switchover: trigger API switchover while workload is active
[1772536219634] api request start: node=node-1 POST /switchover
[1772536219706] api request success: node=node-1 POST /switchover status=202
[1772536219706] api request start: node=node-1 GET /ha/state
[1772536220478] api request success: node=node-1 GET /ha/state status=200
[1772536220478] api request start: node=node-2 GET /ha/state
[1772536220488] api request success: node=node-2 GET /ha/state status=200
[1772536220488] api request start: node=node-3 GET /ha/state
[1772536220489] api request success: node=node-3 GET /ha/state status=200
[1772536220921] api request start: node=node-1 GET /ha/state
[1772536220928] api request success: node=node-1 GET /ha/state status=200
[1772536220928] api request start: node=node-2 GET /ha/state
[1772536220928] api request success: node=node-2 GET /ha/state status=200
[1772536220928] api request start: node=node-3 GET /ha/state
[1772536220929] api request success: node=node-3 GET /ha/state status=200
[1772536221126] api request start: node=node-1 GET /ha/state
[1772536221466] api request success: node=node-1 GET /ha/state status=200
[1772536221466] api request start: node=node-2 GET /ha/state
[1772536221467] api request success: node=node-2 GET /ha/state status=200
[1772536221467] api request start: node=node-3 GET /ha/state
[1772536221467] api request success: node=node-3 GET /ha/state status=200
[1772536221787] api request start: node=node-1 GET /ha/state
[1772536221921] api request success: node=node-1 GET /ha/state status=200
[1772536221921] api request start: node=node-2 GET /ha/state
[1772536221922] api request success: node=node-2 GET /ha/state status=200
[1772536221922] api request start: node=node-3 GET /ha/state
[1772536221922] api request success: node=node-3 GET /ha/state status=200
[1772536222239] api request start: node=node-1 GET /ha/state
[1772536222344] api request success: node=node-1 GET /ha/state status=200
[1772536222344] api request start: node=node-2 GET /ha/state
[1772536222345] api request success: node=node-2 GET /ha/state status=200
[1772536222345] api request start: node=node-3 GET /ha/state
[1772536222345] api request success: node=node-3 GET /ha/state status=200
[1772536222555] api request start: node=node-1 GET /ha/state
[1772536222872] api request success: node=node-1 GET /ha/state status=200
[1772536222872] api request start: node=node-2 GET /ha/state
[1772536222873] api request success: node=node-2 GET /ha/state status=200
[1772536222873] api request start: node=node-3 GET /ha/state
[1772536222873] api request success: node=node-3 GET /ha/state status=200
[1772536223096] api request start: node=node-1 GET /ha/state
[1772536223103] api request success: node=node-1 GET /ha/state status=200
[1772536223103] api request start: node=node-2 GET /ha/state
[1772536223103] api request success: node=node-2 GET /ha/state status=200
[1772536223103] api request start: node=node-3 GET /ha/state
[1772536223104] api request success: node=node-3 GET /ha/state status=200
[1772536223324] api request start: node=node-1 GET /ha/state
[1772536223448] api request success: node=node-1 GET /ha/state status=200
[1772536223448] api request start: node=node-2 GET /ha/state
[1772536223449] api request success: node=node-2 GET /ha/state status=200
[1772536223449] api request start: node=node-3 GET /ha/state
[1772536223449] api request success: node=node-3 GET /ha/state status=200
[1772536223765] api request start: node=node-1 GET /ha/state
[1772536223772] api request success: node=node-1 GET /ha/state status=200
[1772536223772] api request start: node=node-2 GET /ha/state
[1772536223773] api request success: node=node-2 GET /ha/state status=200
[1772536223773] api request start: node=node-3 GET /ha/state
[1772536223774] api request success: node=node-3 GET /ha/state status=200
[1772536223977] api request start: node=node-1 GET /ha/state
[1772536224094] api request success: node=node-1 GET /ha/state status=200
[1772536224094] api request start: node=node-2 GET /ha/state
[1772536224095] api request success: node=node-2 GET /ha/state status=200
[1772536224095] api request start: node=node-3 GET /ha/state
[1772536224095] api request success: node=node-3 GET /ha/state status=200
[1772536224302] api request start: node=node-1 GET /ha/state
[1772536224529] api request success: node=node-1 GET /ha/state status=200
[1772536224529] api request start: node=node-2 GET /ha/state
[1772536224529] api request success: node=node-2 GET /ha/state status=200
[1772536224530] api request start: node=node-3 GET /ha/state
[1772536224530] api request success: node=node-3 GET /ha/state status=200
[1772536224840] api request start: node=node-1 GET /ha/state
[1772536224845] api request success: node=node-1 GET /ha/state status=200
[1772536224845] api request start: node=node-2 GET /ha/state
[1772536224846] api request success: node=node-2 GET /ha/state status=200
[1772536224846] api request start: node=node-3 GET /ha/state
[1772536224846] api request success: node=node-3 GET /ha/state status=200
[1772536225165] api request start: node=node-1 GET /ha/state
[1772536225382] api request success: node=node-1 GET /ha/state status=200
[1772536225382] api request start: node=node-2 GET /ha/state
[1772536225383] api request success: node=node-2 GET /ha/state status=200
[1772536225383] api request start: node=node-3 GET /ha/state
[1772536225384] api request success: node=node-3 GET /ha/state status=200
[1772536225596] api request start: node=node-1 GET /ha/state
[1772536225937] api request success: node=node-1 GET /ha/state status=200
[1772536225937] api request start: node=node-2 GET /ha/state
[1772536225937] api request success: node=node-2 GET /ha/state status=200
[1772536225937] api request start: node=node-3 GET /ha/state
[1772536225938] api request success: node=node-3 GET /ha/state status=200
[1772536226154] api request start: node=node-1 GET /ha/state
[1772536226384] api request success: node=node-1 GET /ha/state status=200
[1772536226384] api request start: node=node-2 GET /ha/state
[1772536226387] api request success: node=node-2 GET /ha/state status=200
[1772536226387] api request start: node=node-3 GET /ha/state
[1772536226389] api request success: node=node-3 GET /ha/state status=200
[1772536226697] api request start: node=node-1 GET /ha/state
[1772536226811] api request success: node=node-1 GET /ha/state status=200
[1772536226811] api request start: node=node-2 GET /ha/state
[1772536226812] api request success: node=node-2 GET /ha/state status=200
[1772536226812] api request start: node=node-3 GET /ha/state
[1772536226812] api request success: node=node-3 GET /ha/state status=200
[1772536227015] api request start: node=node-1 GET /ha/state
[1772536227347] api request success: node=node-1 GET /ha/state status=200
[1772536227347] api request start: node=node-2 GET /ha/state
[1772536227347] api request success: node=node-2 GET /ha/state status=200
[1772536227347] api request start: node=node-3 GET /ha/state
[1772536227348] api request success: node=node-3 GET /ha/state status=200
[1772536227661] api request start: node=node-1 GET /ha/state
[1772536227662] api request success: node=node-1 GET /ha/state status=200
[1772536227663] api request start: node=node-2 GET /ha/state
[1772536227663] api request success: node=node-2 GET /ha/state status=200
[1772536227663] api request start: node=node-3 GET /ha/state
[1772536227663] api request success: node=node-3 GET /ha/state status=200
[1772536227971] api request start: node=node-1 GET /ha/state
[1772536227971] api request success: node=node-1 GET /ha/state status=200
[1772536227971] api request start: node=node-2 GET /ha/state
[1772536227972] api request success: node=node-2 GET /ha/state status=200
[1772536227972] api request start: node=node-3 GET /ha/state
[1772536227972] api request success: node=node-3 GET /ha/state status=200
[1772536227972] api request start: node=node-1 GET /ha/state
[1772536227972] api request success: node=node-1 GET /ha/state status=200
[1772536227972] api request start: node=node-2 GET /ha/state
[1772536227972] api request success: node=node-2 GET /ha/state status=200
[1772536227972] api request start: node=node-3 GET /ha/state
[1772536227972] api request success: node=node-3 GET /ha/state status=200
[1772536227972] stable-primary poll states: node-1:WaitingPostgresReachable:leader=node-3, node-2:Replica:leader=node-3, node-3:Primary:leader=node-3
[1772536228073] api request start: node=node-1 GET /ha/state
[1772536228410] api request success: node=node-1 GET /ha/state status=200
[1772536228410] api request start: node=node-2 GET /ha/state
[1772536228411] api request success: node=node-2 GET /ha/state status=200
[1772536228411] api request start: node=node-3 GET /ha/state
[1772536228411] api request success: node=node-3 GET /ha/state status=200
[1772536228622] api request start: node=node-1 GET /ha/state
[1772536228849] api request success: node=node-1 GET /ha/state status=200
[1772536228849] api request start: node=node-2 GET /ha/state
[1772536228849] api request success: node=node-2 GET /ha/state status=200
[1772536228849] api request start: node=node-3 GET /ha/state
[1772536228849] api request success: node=node-3 GET /ha/state status=200
[1772536229154] api request start: node=node-1 GET /ha/state
[1772536229263] api request success: node=node-1 GET /ha/state status=200
[1772536229263] api request start: node=node-2 GET /ha/state
[1772536229263] api request success: node=node-2 GET /ha/state status=200
[1772536229263] api request start: node=node-3 GET /ha/state
[1772536229264] api request success: node=node-3 GET /ha/state status=200
[1772536229469] api request start: node=node-1 GET /ha/state
[1772536229683] api request success: node=node-1 GET /ha/state status=200
[1772536229683] api request start: node=node-2 GET /ha/state
[1772536229684] api request success: node=node-2 GET /ha/state status=200
[1772536229684] api request start: node=node-3 GET /ha/state
[1772536229684] api request success: node=node-3 GET /ha/state status=200
[1772536229684] api request start: node=node-1 GET /ha/state
[1772536229686] api request success: node=node-1 GET /ha/state status=200
[1772536229686] api request start: node=node-1 GET /ha/state
[1772536229686] api request success: node=node-1 GET /ha/state status=200
[1772536229686] api request start: node=node-2 GET /ha/state
[1772536229687] api request success: node=node-2 GET /ha/state status=200
[1772536229687] api request start: node=node-3 GET /ha/state
[1772536229687] api request success: node=node-3 GET /ha/state status=200
[1772536229767] api request start: node=node-1 GET /ha/state
[1772536229768] api request success: node=node-1 GET /ha/state status=200
[1772536229768] api request start: node=node-2 GET /ha/state
[1772536229768] api request success: node=node-2 GET /ha/state status=200
[1772536229768] api request start: node=node-3 GET /ha/state
[1772536229769] api request success: node=node-3 GET /ha/state status=200
[1772536229894] api request start: node=node-1 GET /ha/state
[1772536230232] api request success: node=node-1 GET /ha/state status=200
[1772536230232] api request start: node=node-2 GET /ha/state
[1772536230234] api request success: node=node-2 GET /ha/state status=200
[1772536230234] api request start: node=node-3 GET /ha/state
[1772536230235] api request success: node=node-3 GET /ha/state status=200
[1772536230312] api request start: node=node-1 GET /ha/state
[1772536230313] api request success: node=node-1 GET /ha/state status=200
[1772536230313] api request start: node=node-2 GET /ha/state
[1772536230313] api request success: node=node-2 GET /ha/state status=200
[1772536230313] api request start: node=node-3 GET /ha/state
[1772536230314] api request success: node=node-3 GET /ha/state status=200
[1772536230555] api request start: node=node-1 GET /ha/state
[1772536230663] api request success: node=node-1 GET /ha/state status=200
[1772536230663] api request start: node=node-2 GET /ha/state
[1772536230663] api request success: node=node-2 GET /ha/state status=200
[1772536230663] api request start: node=node-3 GET /ha/state
[1772536230664] api request success: node=node-3 GET /ha/state status=200
[1772536230741] api request start: node=node-1 GET /ha/state
[1772536230741] api request success: node=node-1 GET /ha/state status=200
[1772536230742] api request start: node=node-2 GET /ha/state
[1772536230742] api request success: node=node-2 GET /ha/state status=200
[1772536230742] api request start: node=node-3 GET /ha/state
[1772536230742] api request success: node=node-3 GET /ha/state status=200
[1772536230870] api request start: node=node-1 GET /ha/state
[1772536231203] api request success: node=node-1 GET /ha/state status=200
[1772536231203] api request start: node=node-2 GET /ha/state
[1772536231204] api request success: node=node-2 GET /ha/state status=200
[1772536231204] api request start: node=node-3 GET /ha/state
[1772536231207] api request success: node=node-3 GET /ha/state status=200
[1772536231284] api request start: node=node-1 GET /ha/state
[1772536231285] api request success: node=node-1 GET /ha/state status=200
[1772536231285] api request start: node=node-2 GET /ha/state
[1772536231285] api request success: node=node-2 GET /ha/state status=200
[1772536231285] api request start: node=node-3 GET /ha/state
[1772536231285] api request success: node=node-3 GET /ha/state status=200
[1772536231407] api request start: node=node-1 GET /ha/state
[1772536231735] api request success: node=node-1 GET /ha/state status=200
[1772536231735] api request start: node=node-2 GET /ha/state
[1772536231737] api request success: node=node-2 GET /ha/state status=200
[1772536231737] api request start: node=node-3 GET /ha/state
[1772536231738] api request success: node=node-3 GET /ha/state status=200
[1772536231817] api request start: node=node-1 GET /ha/state
[1772536231817] api request success: node=node-1 GET /ha/state status=200
[1772536231817] api request start: node=node-2 GET /ha/state
[1772536231818] api request success: node=node-2 GET /ha/state status=200
[1772536231818] api request start: node=node-3 GET /ha/state
[1772536231818] api request success: node=node-3 GET /ha/state status=200
[1772536232049] api request start: node=node-1 GET /ha/state
[1772536232168] api request success: node=node-1 GET /ha/state status=200
[1772536232168] api request start: node=node-2 GET /ha/state
[1772536232169] api request success: node=node-2 GET /ha/state status=200
[1772536232169] api request start: node=node-3 GET /ha/state
[1772536232169] api request success: node=node-3 GET /ha/state status=200
[1772536232245] api request start: node=node-1 GET /ha/state
[1772536232246] api request success: node=node-1 GET /ha/state status=200
[1772536232246] api request start: node=node-2 GET /ha/state
[1772536232246] api request success: node=node-2 GET /ha/state status=200
[1772536232246] api request start: node=node-3 GET /ha/state
[1772536232246] api request success: node=node-3 GET /ha/state status=200
[1772536232371] api request start: node=node-1 GET /ha/state
[1772536232696] api request success: node=node-1 GET /ha/state status=200
[1772536232696] api request start: node=node-2 GET /ha/state
[1772536232697] api request success: node=node-2 GET /ha/state status=200
[1772536232697] api request start: node=node-3 GET /ha/state
[1772536232697] api request success: node=node-3 GET /ha/state status=200
[1772536232774] api request start: node=node-1 GET /ha/state
[1772536232775] api request success: node=node-1 GET /ha/state status=200
[1772536232775] api request start: node=node-2 GET /ha/state
[1772536232775] api request success: node=node-2 GET /ha/state status=200
[1772536232775] api request start: node=node-3 GET /ha/state
[1772536232775] api request success: node=node-3 GET /ha/state status=200
[1772536233011] api request start: node=node-1 GET /ha/state
[1772536233126] api request success: node=node-1 GET /ha/state status=200
[1772536233126] api request start: node=node-2 GET /ha/state
[1772536233127] api request success: node=node-2 GET /ha/state status=200
[1772536233127] api request start: node=node-3 GET /ha/state
[1772536233135] api request success: node=node-3 GET /ha/state status=200
[1772536233212] api request start: node=node-1 GET /ha/state
[1772536233213] api request success: node=node-1 GET /ha/state status=200
[1772536233213] api request start: node=node-2 GET /ha/state
[1772536233213] api request success: node=node-2 GET /ha/state status=200
[1772536233213] api request start: node=node-3 GET /ha/state
[1772536233213] api request success: node=node-3 GET /ha/state status=200
[1772536233327] api request start: node=node-1 GET /ha/state
[1772536233647] api request success: node=node-1 GET /ha/state status=200
[1772536233647] api request start: node=node-2 GET /ha/state
[1772536233647] api request success: node=node-2 GET /ha/state status=200
[1772536233647] api request start: node=node-3 GET /ha/state
[1772536233647] api request success: node=node-3 GET /ha/state status=200
[1772536233723] api request start: node=node-1 GET /ha/state
[1772536233724] api request success: node=node-1 GET /ha/state status=200
[1772536233724] api request start: node=node-2 GET /ha/state
[1772536233725] api request success: node=node-2 GET /ha/state status=200
[1772536233725] api request start: node=node-3 GET /ha/state
[1772536233726] api request success: node=node-3 GET /ha/state status=200
[1772536233955] api request start: node=node-1 GET /ha/state
[1772536234072] api request success: node=node-1 GET /ha/state status=200
[1772536234072] api request start: node=node-2 GET /ha/state
[1772536234073] api request success: node=node-2 GET /ha/state status=200
[1772536234073] api request start: node=node-3 GET /ha/state
[1772536234074] api request success: node=node-3 GET /ha/state status=200
[1772536234151] api request start: node=node-1 GET /ha/state
[1772536234151] api request success: node=node-1 GET /ha/state status=200
[1772536234152] api request start: node=node-2 GET /ha/state
[1772536234152] api request success: node=node-2 GET /ha/state status=200
[1772536234152] api request start: node=node-3 GET /ha/state
[1772536234152] api request success: node=node-3 GET /ha/state status=200
[1772536234281] api request start: node=node-1 GET /ha/state
[1772536234606] api request success: node=node-1 GET /ha/state status=200
[1772536234606] api request start: node=node-2 GET /ha/state
[1772536234606] api request success: node=node-2 GET /ha/state status=200
[1772536234606] api request start: node=node-3 GET /ha/state
[1772536234607] api request success: node=node-3 GET /ha/state status=200
[1772536234706] api request start: node=node-1 GET /ha/state
[1772536235054] api request success: node=node-1 GET /ha/state status=200
[1772536235054] api request start: node=node-2 GET /ha/state
[1772536235058] api request success: node=node-2 GET /ha/state status=200
[1772536235058] api request start: node=node-3 GET /ha/state
[1772536235059] api request success: node=node-3 GET /ha/state status=200
[1772536237139] sql workload stopped: scenario=ha-e2e-stress-planned-switchover-concurrent-sql committed=12 unique_keys=12 transient=319 fencing=0 hard=0
[1772536237270] stress switchover key integrity verified on node-3 with row_count=1