[1772535227061] stress no-quorum bootstrap: wait for stable primary
[1772535227061] api request start: node=node-1 GET /ha/state
[1772535227488] api request success: node=node-1 GET /ha/state status=200
[1772535227488] api request start: node=node-2 GET /ha/state
[1772535227495] api request success: node=node-2 GET /ha/state status=200
[1772535227495] api request start: node=node-3 GET /ha/state
[1772535227499] api request success: node=node-3 GET /ha/state status=200
[1772535227499] stable-primary poll states: node-1:Primary:leader=node-1, node-2:WaitingPostgresReachable:leader=node-1, node-3:WaitingPostgresReachable:leader=node-1
[1772535227689] api request start: node=node-1 GET /ha/state
[1772535227805] api request success: node=node-1 GET /ha/state status=200
[1772535227805] api request start: node=node-2 GET /ha/state
[1772535227806] api request success: node=node-2 GET /ha/state status=200
[1772535227806] api request start: node=node-3 GET /ha/state
[1772535227806] api request success: node=node-3 GET /ha/state status=200
[1772535227806] stable-primary poll states: node-1:Primary:leader=node-1, node-2:Replica:leader=node-1, node-3:WaitingPostgresReachable:leader=node-1
[1772535228131] api request start: node=node-1 GET /ha/state
[1772535228241] api request success: node=node-1 GET /ha/state status=200
[1772535228241] api request start: node=node-2 GET /ha/state
[1772535228242] api request success: node=node-2 GET /ha/state status=200
[1772535228242] api request start: node=node-3 GET /ha/state
[1772535228243] api request success: node=node-3 GET /ha/state status=200
[1772535228243] stable-primary poll states: node-1:Primary:leader=node-1, node-2:Replica:leader=node-1, node-3:Replica:leader=node-1
[1772535228447] api request start: node=node-1 GET /ha/state
[1772535228667] api request success: node=node-1 GET /ha/state status=200
[1772535228667] api request start: node=node-2 GET /ha/state
[1772535228669] api request success: node=node-2 GET /ha/state status=200
[1772535228669] api request start: node=node-3 GET /ha/state
[1772535228670] api request success: node=node-3 GET /ha/state status=200
[1772535228772] api request start: node=node-1 GET /ha/state
[1772535228992] api request success: node=node-1 GET /ha/state status=200
[1772535228992] api request start: node=node-2 GET /ha/state
[1772535228992] api request success: node=node-2 GET /ha/state status=200
[1772535228992] api request start: node=node-3 GET /ha/state
[1772535228993] api request success: node=node-3 GET /ha/state status=200
[1772535229023] sql workload started: scenario=ha-e2e-stress-no-quorum-fencing-concurrent-sql table=ha_stress_fencing workers=6 interval_ms=150
[1772535232046] stress no-quorum: stop etcd majority while workload active
[1772535245799] stress no-quorum members stopped: etcd-a,etcd-b
[1772535245799] api request start: node=node-1 GET /ha/state
[1772535255998] api request success: node=node-1 GET /ha/state status=200
[1772535255998] api request start: node=node-2 GET /ha/state
[1772535266432] api request success: node=node-2 GET /ha/state status=200
[1772535266432] api request start: node=node-3 GET /ha/state
[1772535282055] api request success: node=node-3 GET /ha/state status=200
[1772535282055] api request start: node=node-1 GET /ha/state
[1772535308155] api request success: node=node-1 GET /ha/state status=200
[1772535308155] api request start: node=node-2 GET /ha/state
[1772535328682] api request success: node=node-2 GET /ha/state status=200
[1772535328682] api request start: node=node-3 GET /ha/state
[1772535349742] api request success: node=node-3 GET /ha/state status=200
[1772535370369] sql workload stopped: scenario=ha-e2e-stress-no-quorum-fencing-concurrent-sql committed=66 unique_keys=66 transient=264 fencing=0 hard=0
[1772535397951] stress no-quorum key integrity verified on node-1 with row_count=66