[1772540578751] stress no-quorum bootstrap: wait for stable primary
[1772540578751] api request start: node=node-1 GET /ha/state
[1772540578851] api request success: node=node-1 GET /ha/state status=200
[1772540578851] api request start: node=node-2 GET /ha/state
[1772540578852] api request success: node=node-2 GET /ha/state status=200
[1772540578852] api request start: node=node-3 GET /ha/state
[1772540578852] api request success: node=node-3 GET /ha/state status=200
[1772540578852] stable-primary poll states: node-1:Primary:leader=node-1, node-2:WaitingPostgresReachable:leader=node-1, node-3:WaitingPostgresReachable:leader=node-1
[1772540579062] api request start: node=node-1 GET /ha/state
[1772540579289] api request success: node=node-1 GET /ha/state status=200
[1772540579289] api request start: node=node-2 GET /ha/state
[1772540579290] api request success: node=node-2 GET /ha/state status=200
[1772540579290] api request start: node=node-3 GET /ha/state
[1772540579290] api request success: node=node-3 GET /ha/state status=200
[1772540579290] stable-primary poll states: node-1:Primary:leader=node-1, node-2:Replica:leader=node-1, node-3:WaitingPostgresReachable:leader=node-1
[1772540579496] api request start: node=node-1 GET /ha/state
[1772540579619] api request success: node=node-1 GET /ha/state status=200
[1772540579619] api request start: node=node-2 GET /ha/state
[1772540579620] api request success: node=node-2 GET /ha/state status=200
[1772540579620] api request start: node=node-3 GET /ha/state
[1772540579621] api request success: node=node-3 GET /ha/state status=200
[1772540579621] stable-primary poll states: node-1:Primary:leader=node-1, node-2:Replica:leader=node-1, node-3:Replica:leader=node-1
[1772540579840] api request start: node=node-1 GET /ha/state
[1772540580073] api request success: node=node-1 GET /ha/state status=200
[1772540580073] api request start: node=node-2 GET /ha/state
[1772540580074] api request success: node=node-2 GET /ha/state status=200
[1772540580074] api request start: node=node-3 GET /ha/state
[1772540580075] api request success: node=node-3 GET /ha/state status=200
[1772540580405] api request start: node=node-1 GET /ha/state
[1772540580409] api request success: node=node-1 GET /ha/state status=200
[1772540580409] api request start: node=node-2 GET /ha/state
[1772540580410] api request success: node=node-2 GET /ha/state status=200
[1772540580410] api request start: node=node-3 GET /ha/state
[1772540580410] api request success: node=node-3 GET /ha/state status=200
[1772540580444] sql workload started: scenario=ha-e2e-stress-no-quorum-fencing-concurrent-sql table=ha_stress_fencing workers=4 interval_ms=250
[1772540583535] stress no-quorum: stop etcd majority while workload active
[1772540594147] stress no-quorum members stopped: etcd-a,etcd-b
[1772540594147] api request start: node=node-1 GET /ha/state
[1772540599251] api request success: node=node-1 GET /ha/state status=200
[1772540599251] api request start: node=node-2 GET /ha/state
[1772540599251] api request success: node=node-2 GET /ha/state status=200
[1772540599251] api request start: node=node-3 GET /ha/state
[1772540599251] api request success: node=node-3 GET /ha/state status=200
[1772540599251] api request start: node=node-1 GET /ha/state
[1772540599251] api request success: node=node-1 GET /ha/state status=200
[1772540599251] api request start: node=node-2 GET /ha/state
[1772540599251] api request success: node=node-2 GET /ha/state status=200
[1772540599251] api request start: node=node-3 GET /ha/state
[1772540599252] api request success: node=node-3 GET /ha/state status=200
[1772540604268] api request start: node=node-1 GET /ha/state
[1772540630007] api request success: node=node-1 GET /ha/state status=200
[1772540630007] api request start: node=node-2 GET /ha/state
[1772540651688] api request success: node=node-2 GET /ha/state status=200
[1772540651688] api request start: node=node-3 GET /ha/state
[1772540672640] api request success: node=node-3 GET /ha/state status=200
[1772540685515] sql workload stopped: scenario=ha-e2e-stress-no-quorum-fencing-concurrent-sql committed=48 unique_keys=48 transient=192 fencing=0 hard=0
[1772540710398] stress no-quorum key integrity verified on node-1 with row_count=48