[1772538818829] stress switchover bootstrap: wait for stable primary
[1772538818829] api request start: node=node-1 GET /ha/state
[1772538818932] api request success: node=node-1 GET /ha/state status=200
[1772538818932] api request start: node=node-2 GET /ha/state
[1772538818933] api request success: node=node-2 GET /ha/state status=200
[1772538818933] api request start: node=node-3 GET /ha/state
[1772538818933] api request success: node=node-3 GET /ha/state status=200
[1772538818933] stable-primary poll states: node-1:Primary:leader=node-1, node-2:WaitingPostgresReachable:leader=node-1, node-3:WaitingPostgresReachable:leader=node-1
[1772538819149] api request start: node=node-1 GET /ha/state
[1772538819454] api request success: node=node-1 GET /ha/state status=200
[1772538819454] api request start: node=node-2 GET /ha/state
[1772538819455] api request success: node=node-2 GET /ha/state status=200
[1772538819455] api request start: node=node-3 GET /ha/state
[1772538819455] api request success: node=node-3 GET /ha/state status=200
[1772538819455] stable-primary poll states: node-1:Primary:leader=node-1, node-2:Replica:leader=node-1, node-3:WaitingPostgresReachable:leader=node-1
[1772538819561] api request start: node=node-1 GET /ha/state
[1772538819777] api request success: node=node-1 GET /ha/state status=200
[1772538819777] api request start: node=node-2 GET /ha/state
[1772538819790] api request success: node=node-2 GET /ha/state status=200
[1772538819790] api request start: node=node-3 GET /ha/state
[1772538819791] api request success: node=node-3 GET /ha/state status=200
[1772538819791] stable-primary poll states: node-1:Primary:leader=node-1, node-2:Replica:leader=node-1, node-3:Replica:leader=node-1
[1772538819991] api request start: node=node-1 GET /ha/state
[1772538820211] api request success: node=node-1 GET /ha/state status=200
[1772538820211] api request start: node=node-2 GET /ha/state
[1772538820211] api request success: node=node-2 GET /ha/state status=200
[1772538820211] api request start: node=node-3 GET /ha/state
[1772538820211] api request success: node=node-3 GET /ha/state status=200
[1772538820640] api request start: node=node-1 GET /ha/state
[1772538820643] api request success: node=node-1 GET /ha/state status=200
[1772538820643] api request start: node=node-2 GET /ha/state
[1772538820643] api request success: node=node-2 GET /ha/state status=200
[1772538820643] api request start: node=node-3 GET /ha/state
[1772538820644] api request success: node=node-3 GET /ha/state status=200
[1772538820667] sql workload started: scenario=ha-e2e-stress-planned-switchover-concurrent-sql table=ha_stress_switchover workers=4 interval_ms=250
[1772538823744] stress switchover: trigger API switchover while workload is active
[1772538823744] api request start: node=node-1 POST /switchover
[1772538823955] api request success: node=node-1 POST /switchover status=202
[1772538823955] api request start: node=node-1 GET /ha/state
[1772538824383] api request success: node=node-1 GET /ha/state status=200
[1772538824383] api request start: node=node-2 GET /ha/state
[1772538824384] api request success: node=node-2 GET /ha/state status=200
[1772538824384] api request start: node=node-3 GET /ha/state
[1772538824384] api request success: node=node-3 GET /ha/state status=200
[1772538824797] api request start: node=node-1 GET /ha/state
[1772538824915] api request success: node=node-1 GET /ha/state status=200
[1772538824915] api request start: node=node-2 GET /ha/state
[1772538824915] api request success: node=node-2 GET /ha/state status=200
[1772538824915] api request start: node=node-3 GET /ha/state
[1772538824915] api request success: node=node-3 GET /ha/state status=200
[1772538825110] api request start: node=node-1 GET /ha/state
[1772538825436] api request success: node=node-1 GET /ha/state status=200
[1772538825436] api request start: node=node-2 GET /ha/state
[1772538825436] api request success: node=node-2 GET /ha/state status=200
[1772538825436] api request start: node=node-3 GET /ha/state
[1772538825436] api request success: node=node-3 GET /ha/state status=200
[1772538825745] api request start: node=node-1 GET /ha/state
[1772538825852] api request success: node=node-1 GET /ha/state status=200
[1772538825853] api request start: node=node-2 GET /ha/state
[1772538825853] api request success: node=node-2 GET /ha/state status=200
[1772538825853] api request start: node=node-3 GET /ha/state
[1772538825854] api request success: node=node-3 GET /ha/state status=200
[1772538826169] api request start: node=node-1 GET /ha/state
[1772538826277] api request success: node=node-1 GET /ha/state status=200
[1772538826277] api request start: node=node-2 GET /ha/state
[1772538826278] api request success: node=node-2 GET /ha/state status=200
[1772538826278] api request start: node=node-3 GET /ha/state
[1772538826278] api request success: node=node-3 GET /ha/state status=200
[1772538826584] api request start: node=node-1 GET /ha/state
[1772538826688] api request success: node=node-1 GET /ha/state status=200
[1772538826688] api request start: node=node-2 GET /ha/state
[1772538826688] api request success: node=node-2 GET /ha/state status=200
[1772538826688] api request start: node=node-3 GET /ha/state
[1772538826688] api request success: node=node-3 GET /ha/state status=200
[1772538827044] api request start: node=node-1 GET /ha/state
[1772538827148] api request success: node=node-1 GET /ha/state status=200
[1772538827148] api request start: node=node-2 GET /ha/state
[1772538827148] api request success: node=node-2 GET /ha/state status=200
[1772538827148] api request start: node=node-3 GET /ha/state
[1772538827148] api request success: node=node-3 GET /ha/state status=200
[1772538827390] api request start: node=node-1 GET /ha/state
[1772538827698] api request success: node=node-1 GET /ha/state status=200
[1772538827698] api request start: node=node-2 GET /ha/state
[1772538827699] api request success: node=node-2 GET /ha/state status=200
[1772538827699] api request start: node=node-3 GET /ha/state
[1772538827699] api request success: node=node-3 GET /ha/state status=200
[1772538827944] api request start: node=node-1 GET /ha/state
[1772538828049] api request success: node=node-1 GET /ha/state status=200
[1772538828049] api request start: node=node-2 GET /ha/state
[1772538828049] api request success: node=node-2 GET /ha/state status=200
[1772538828049] api request start: node=node-3 GET /ha/state
[1772538828050] api request success: node=node-3 GET /ha/state status=200
[1772538828250] api request start: node=node-1 GET /ha/state
[1772538828561] api request success: node=node-1 GET /ha/state status=200
[1772538828561] api request start: node=node-2 GET /ha/state
[1772538828561] api request success: node=node-2 GET /ha/state status=200
[1772538828561] api request start: node=node-3 GET /ha/state
[1772538828561] api request success: node=node-3 GET /ha/state status=200
[1772538828884] api request start: node=node-1 GET /ha/state
[1772538828996] api request success: node=node-1 GET /ha/state status=200
[1772538828996] api request start: node=node-2 GET /ha/state
[1772538828997] api request success: node=node-2 GET /ha/state status=200
[1772538828997] api request start: node=node-3 GET /ha/state
[1772538828997] api request success: node=node-3 GET /ha/state status=200
[1772538829199] api request start: node=node-1 GET /ha/state
[1772538829516] api request success: node=node-1 GET /ha/state status=200
[1772538829516] api request start: node=node-2 GET /ha/state
[1772538829519] api request success: node=node-2 GET /ha/state status=200
[1772538829519] api request start: node=node-3 GET /ha/state
[1772538829520] api request success: node=node-3 GET /ha/state status=200
[1772538829723] api request start: node=node-1 GET /ha/state
[1772538829828] api request success: node=node-1 GET /ha/state status=200
[1772538829828] api request start: node=node-2 GET /ha/state
[1772538829828] api request success: node=node-2 GET /ha/state status=200
[1772538829828] api request start: node=node-3 GET /ha/state
[1772538829828] api request success: node=node-3 GET /ha/state status=200
[1772538830151] api request start: node=node-1 GET /ha/state
[1772538830365] api request success: node=node-1 GET /ha/state status=200
[1772538830365] api request start: node=node-2 GET /ha/state
[1772538830366] api request success: node=node-2 GET /ha/state status=200
[1772538830366] api request start: node=node-3 GET /ha/state
[1772538830366] api request success: node=node-3 GET /ha/state status=200
[1772538830685] api request start: node=node-1 GET /ha/state
[1772538830795] api request success: node=node-1 GET /ha/state status=200
[1772538830795] api request start: node=node-2 GET /ha/state
[1772538830796] api request success: node=node-2 GET /ha/state status=200
[1772538830796] api request start: node=node-3 GET /ha/state
[1772538830797] api request success: node=node-3 GET /ha/state status=200
[1772538831008] api request start: node=node-1 GET /ha/state
[1772538831318] api request success: node=node-1 GET /ha/state status=200
[1772538831318] api request start: node=node-2 GET /ha/state
[1772538831318] api request success: node=node-2 GET /ha/state status=200
[1772538831318] api request start: node=node-3 GET /ha/state
[1772538831319] api request success: node=node-3 GET /ha/state status=200
[1772538831639] api request start: node=node-1 GET /ha/state
[1772538831746] api request success: node=node-1 GET /ha/state status=200
[1772538831746] api request start: node=node-2 GET /ha/state
[1772538831746] api request success: node=node-2 GET /ha/state status=200
[1772538831746] api request start: node=node-3 GET /ha/state
[1772538831746] api request success: node=node-3 GET /ha/state status=200
[1772538832054] api request start: node=node-1 GET /ha/state
[1772538832162] api request success: node=node-1 GET /ha/state status=200
[1772538832162] api request start: node=node-2 GET /ha/state
[1772538832162] api request success: node=node-2 GET /ha/state status=200
[1772538832162] api request start: node=node-3 GET /ha/state
[1772538832163] api request success: node=node-3 GET /ha/state status=200
[1772538832163] api request start: node=node-1 GET /ha/state
[1772538832163] api request success: node=node-1 GET /ha/state status=200
[1772538832163] api request start: node=node-2 GET /ha/state
[1772538832164] api request success: node=node-2 GET /ha/state status=200
[1772538832164] api request start: node=node-3 GET /ha/state
[1772538832164] api request success: node=node-3 GET /ha/state status=200
[1772538832164] stable-primary poll states: node-1:WaitingPostgresReachable:leader=node-3, node-2:Replica:leader=node-3, node-3:Primary:leader=node-3
[1772538832368] api request start: node=node-1 GET /ha/state
[1772538832691] api request success: node=node-1 GET /ha/state status=200
[1772538832691] api request start: node=node-2 GET /ha/state
[1772538832693] api request success: node=node-2 GET /ha/state status=200
[1772538832693] api request start: node=node-3 GET /ha/state
[1772538832694] api request success: node=node-3 GET /ha/state status=200
[1772538832893] api request start: node=node-1 GET /ha/state
[1772538833133] api request success: node=node-1 GET /ha/state status=200
[1772538833133] api request start: node=node-2 GET /ha/state
[1772538833133] api request success: node=node-2 GET /ha/state status=200
[1772538833133] api request start: node=node-3 GET /ha/state
[1772538833134] api request success: node=node-3 GET /ha/state status=200
[1772538833239] api request start: node=node-1 GET /ha/state
[1772538833665] api request success: node=node-1 GET /ha/state status=200
[1772538833665] api request start: node=node-2 GET /ha/state
[1772538833666] api request success: node=node-2 GET /ha/state status=200
[1772538833666] api request start: node=node-3 GET /ha/state
[1772538833666] api request success: node=node-3 GET /ha/state status=200
[1772538833767] api request start: node=node-1 GET /ha/state
[1772538834076] api request success: node=node-1 GET /ha/state status=200
[1772538834076] api request start: node=node-2 GET /ha/state
[1772538834077] api request success: node=node-2 GET /ha/state status=200
[1772538834077] api request start: node=node-3 GET /ha/state
[1772538834077] api request success: node=node-3 GET /ha/state status=200
[1772538834077] api request start: node=node-1 GET /ha/state
[1772538834077] api request success: node=node-1 GET /ha/state status=200
[1772538834077] api request start: node=node-1 GET /ha/state
[1772538834078] api request success: node=node-1 GET /ha/state status=200
[1772538834078] api request start: node=node-2 GET /ha/state
[1772538834078] api request success: node=node-2 GET /ha/state status=200
[1772538834078] api request start: node=node-3 GET /ha/state
[1772538834079] api request success: node=node-3 GET /ha/state status=200
[1772538834156] api request start: node=node-1 GET /ha/state
[1772538834157] api request success: node=node-1 GET /ha/state status=200
[1772538834157] api request start: node=node-2 GET /ha/state
[1772538834157] api request success: node=node-2 GET /ha/state status=200
[1772538834157] api request start: node=node-3 GET /ha/state
[1772538834157] api request success: node=node-3 GET /ha/state status=200
[1772538834399] api request start: node=node-1 GET /ha/state
[1772538834506] api request success: node=node-1 GET /ha/state status=200
[1772538834506] api request start: node=node-2 GET /ha/state
[1772538834506] api request success: node=node-2 GET /ha/state status=200
[1772538834506] api request start: node=node-3 GET /ha/state
[1772538834507] api request success: node=node-3 GET /ha/state status=200
[1772538834583] api request start: node=node-1 GET /ha/state
[1772538834584] api request success: node=node-1 GET /ha/state status=200
[1772538834584] api request start: node=node-2 GET /ha/state
[1772538834584] api request success: node=node-2 GET /ha/state status=200
[1772538834584] api request start: node=node-3 GET /ha/state
[1772538834584] api request success: node=node-3 GET /ha/state status=200
[1772538834706] api request start: node=node-1 GET /ha/state
[1772538835018] api request success: node=node-1 GET /ha/state status=200
[1772538835018] api request start: node=node-2 GET /ha/state
[1772538835018] api request success: node=node-2 GET /ha/state status=200
[1772538835018] api request start: node=node-3 GET /ha/state
[1772538835019] api request success: node=node-3 GET /ha/state status=200
[1772538835095] api request start: node=node-1 GET /ha/state
[1772538835096] api request success: node=node-1 GET /ha/state status=200
[1772538835096] api request start: node=node-2 GET /ha/state
[1772538835096] api request success: node=node-2 GET /ha/state status=200
[1772538835096] api request start: node=node-3 GET /ha/state
[1772538835096] api request success: node=node-3 GET /ha/state status=200
[1772538835346] api request start: node=node-1 GET /ha/state
[1772538835454] api request success: node=node-1 GET /ha/state status=200
[1772538835454] api request start: node=node-2 GET /ha/state
[1772538835455] api request success: node=node-2 GET /ha/state status=200
[1772538835455] api request start: node=node-3 GET /ha/state
[1772538835455] api request success: node=node-3 GET /ha/state status=200
[1772538835531] api request start: node=node-1 GET /ha/state
[1772538835531] api request success: node=node-1 GET /ha/state status=200
[1772538835531] api request start: node=node-2 GET /ha/state
[1772538835531] api request success: node=node-2 GET /ha/state status=200
[1772538835531] api request start: node=node-3 GET /ha/state
[1772538835531] api request success: node=node-3 GET /ha/state status=200
[1772538835757] api request start: node=node-1 GET /ha/state
[1772538835964] api request success: node=node-1 GET /ha/state status=200
[1772538835964] api request start: node=node-2 GET /ha/state
[1772538835965] api request success: node=node-2 GET /ha/state status=200
[1772538835965] api request start: node=node-3 GET /ha/state
[1772538835965] api request success: node=node-3 GET /ha/state status=200
[1772538836041] api request start: node=node-1 GET /ha/state
[1772538836042] api request success: node=node-1 GET /ha/state status=200
[1772538836042] api request start: node=node-2 GET /ha/state
[1772538836042] api request success: node=node-2 GET /ha/state status=200
[1772538836042] api request start: node=node-3 GET /ha/state
[1772538836042] api request success: node=node-3 GET /ha/state status=200
[1772538836167] api request start: node=node-1 GET /ha/state
[1772538836477] api request success: node=node-1 GET /ha/state status=200
[1772538836477] api request start: node=node-2 GET /ha/state
[1772538836477] api request success: node=node-2 GET /ha/state status=200
[1772538836477] api request start: node=node-3 GET /ha/state
[1772538836477] api request success: node=node-3 GET /ha/state status=200
[1772538836553] api request start: node=node-1 GET /ha/state
[1772538836553] api request success: node=node-1 GET /ha/state status=200
[1772538836553] api request start: node=node-2 GET /ha/state
[1772538836554] api request success: node=node-2 GET /ha/state status=200
[1772538836554] api request start: node=node-3 GET /ha/state
[1772538836554] api request success: node=node-3 GET /ha/state status=200
[1772538836782] api request start: node=node-1 GET /ha/state
[1772538836886] api request success: node=node-1 GET /ha/state status=200
[1772538836886] api request start: node=node-2 GET /ha/state
[1772538836886] api request success: node=node-2 GET /ha/state status=200
[1772538836886] api request start: node=node-3 GET /ha/state
[1772538836886] api request success: node=node-3 GET /ha/state status=200
[1772538836964] api request start: node=node-1 GET /ha/state
[1772538836964] api request success: node=node-1 GET /ha/state status=200
[1772538836965] api request start: node=node-2 GET /ha/state
[1772538836965] api request success: node=node-2 GET /ha/state status=200
[1772538836965] api request start: node=node-3 GET /ha/state
[1772538836965] api request success: node=node-3 GET /ha/state status=200
[1772538837212] api request start: node=node-1 GET /ha/state
[1772538837319] api request success: node=node-1 GET /ha/state status=200
[1772538837319] api request start: node=node-2 GET /ha/state
[1772538837319] api request success: node=node-2 GET /ha/state status=200
[1772538837319] api request start: node=node-3 GET /ha/state
[1772538837320] api request success: node=node-3 GET /ha/state status=200
[1772538837396] api request start: node=node-1 GET /ha/state
[1772538837396] api request success: node=node-1 GET /ha/state status=200
[1772538837396] api request start: node=node-2 GET /ha/state
[1772538837397] api request success: node=node-2 GET /ha/state status=200
[1772538837397] api request start: node=node-3 GET /ha/state
[1772538837397] api request success: node=node-3 GET /ha/state status=200
[1772538837622] api request start: node=node-1 GET /ha/state
[1772538837624] api request success: node=node-1 GET /ha/state status=200
[1772538837624] api request start: node=node-2 GET /ha/state
[1772538837625] api request success: node=node-2 GET /ha/state status=200
[1772538837625] api request start: node=node-3 GET /ha/state
[1772538837625] api request success: node=node-3 GET /ha/state status=200
[1772538837702] api request start: node=node-1 GET /ha/state
[1772538837702] api request success: node=node-1 GET /ha/state status=200
[1772538837702] api request start: node=node-2 GET /ha/state
[1772538837702] api request success: node=node-2 GET /ha/state status=200
[1772538837703] api request start: node=node-3 GET /ha/state
[1772538837703] api request success: node=node-3 GET /ha/state status=200
[1772538837828] api request start: node=node-1 GET /ha/state
[1772538838035] api request success: node=node-1 GET /ha/state status=200
[1772538838035] api request start: node=node-2 GET /ha/state
[1772538838035] api request success: node=node-2 GET /ha/state status=200
[1772538838035] api request start: node=node-3 GET /ha/state
[1772538838035] api request success: node=node-3 GET /ha/state status=200
[1772538838113] api request start: node=node-1 GET /ha/state
[1772538838114] api request success: node=node-1 GET /ha/state status=200
[1772538838114] api request start: node=node-2 GET /ha/state
[1772538838114] api request success: node=node-2 GET /ha/state status=200
[1772538838114] api request start: node=node-3 GET /ha/state
[1772538838114] api request success: node=node-3 GET /ha/state status=200
[1772538838443] api request start: node=node-1 GET /ha/state
[1772538838547] api request success: node=node-1 GET /ha/state status=200
[1772538838547] api request start: node=node-2 GET /ha/state
[1772538838548] api request success: node=node-2 GET /ha/state status=200
[1772538838548] api request start: node=node-3 GET /ha/state
[1772538838548] api request success: node=node-3 GET /ha/state status=200
[1772538838624] api request start: node=node-1 GET /ha/state
[1772538838625] api request success: node=node-1 GET /ha/state status=200
[1772538838625] api request start: node=node-2 GET /ha/state
[1772538838625] api request success: node=node-2 GET /ha/state status=200
[1772538838625] api request start: node=node-3 GET /ha/state
[1772538838625] api request success: node=node-3 GET /ha/state status=200
[1772538838864] api request start: node=node-1 GET /ha/state
[1772538838967] api request success: node=node-1 GET /ha/state status=200
[1772538838967] api request start: node=node-2 GET /ha/state
[1772538838968] api request success: node=node-2 GET /ha/state status=200
[1772538838968] api request start: node=node-3 GET /ha/state
[1772538838968] api request success: node=node-3 GET /ha/state status=200
[1772538839045] api request start: node=node-1 GET /ha/state
[1772538839045] api request success: node=node-1 GET /ha/state status=200
[1772538839045] api request start: node=node-2 GET /ha/state
[1772538839046] api request success: node=node-2 GET /ha/state status=200
[1772538839046] api request start: node=node-3 GET /ha/state
[1772538839046] api request success: node=node-3 GET /ha/state status=200
[1772538839169] api request start: node=node-1 GET /ha/state
[1772538839480] api request success: node=node-1 GET /ha/state status=200
[1772538839480] api request start: node=node-2 GET /ha/state
[1772538839481] api request success: node=node-2 GET /ha/state status=200
[1772538839481] api request start: node=node-3 GET /ha/state
[1772538839482] api request success: node=node-3 GET /ha/state status=200
[1772538841791] sql workload stopped: scenario=ha-e2e-stress-planned-switchover-concurrent-sql committed=12 unique_keys=12 transient=319 fencing=0 hard=0
[1772538841922] stress switchover key integrity verified on node-3 with row_count=1