[1772538653053] stress no-quorum bootstrap: wait for stable primary
[1772538653053] api request start: node=node-1 GET /ha/state
[1772538653164] api request success: node=node-1 GET /ha/state status=200
[1772538653164] api request start: node=node-2 GET /ha/state
[1772538653165] api request success: node=node-2 GET /ha/state status=200
[1772538653165] api request start: node=node-3 GET /ha/state
[1772538653165] api request success: node=node-3 GET /ha/state status=200
[1772538653165] stable-primary poll states: node-1:Primary:leader=node-1, node-2:WaitingPostgresReachable:leader=node-1, node-3:WaitingPostgresReachable:leader=node-1
[1772538653377] api request start: node=node-1 GET /ha/state
[1772538653694] api request success: node=node-1 GET /ha/state status=200
[1772538653694] api request start: node=node-2 GET /ha/state
[1772538653695] api request success: node=node-2 GET /ha/state status=200
[1772538653695] api request start: node=node-3 GET /ha/state
[1772538653696] api request success: node=node-3 GET /ha/state status=200
[1772538653697] stable-primary poll states: node-1:Primary:leader=node-1, node-2:Replica:leader=node-1, node-3:WaitingPostgresReachable:leader=node-1
[1772538654011] api request start: node=node-1 GET /ha/state
[1772538654014] api request success: node=node-1 GET /ha/state status=200
[1772538654014] api request start: node=node-2 GET /ha/state
[1772538654015] api request success: node=node-2 GET /ha/state status=200
[1772538654015] api request start: node=node-3 GET /ha/state
[1772538654015] api request success: node=node-3 GET /ha/state status=200
[1772538654015] stable-primary poll states: node-1:Primary:leader=node-1, node-2:Replica:leader=node-1, node-3:Replica:leader=node-1
[1772538654449] api request start: node=node-1 GET /ha/state
[1772538654453] api request success: node=node-1 GET /ha/state status=200
[1772538654453] api request start: node=node-2 GET /ha/state
[1772538654454] api request success: node=node-2 GET /ha/state status=200
[1772538654454] api request start: node=node-3 GET /ha/state
[1772538654455] api request success: node=node-3 GET /ha/state status=200
[1772538654668] api request start: node=node-1 GET /ha/state
[1772538654684] api request success: node=node-1 GET /ha/state status=200
[1772538654684] api request start: node=node-2 GET /ha/state
[1772538654686] api request success: node=node-2 GET /ha/state status=200
[1772538654686] api request start: node=node-3 GET /ha/state
[1772538654687] api request success: node=node-3 GET /ha/state status=200
[1772538654717] sql workload started: scenario=ha-e2e-stress-no-quorum-fencing-concurrent-sql table=ha_stress_fencing workers=4 interval_ms=250
[1772538657896] stress no-quorum: stop etcd majority while workload active
[1772538668432] stress no-quorum members stopped: etcd-a,etcd-b
[1772538668432] api request start: node=node-1 GET /ha/state
[1772538683745] api request success: node=node-1 GET /ha/state status=200
[1772538683745] api request start: node=node-2 GET /ha/state
[1772538694577] api request success: node=node-2 GET /ha/state status=200
[1772538694577] api request start: node=node-3 GET /ha/state
[1772538715326] api request success: node=node-3 GET /ha/state status=200
[1772538715326] api request start: node=node-1 GET /ha/state
[1772538730652] api request success: node=node-1 GET /ha/state status=200
[1772538730652] api request start: node=node-2 GET /ha/state
[1772538742155] api request success: node=node-2 GET /ha/state status=200
[1772538742155] api request start: node=node-3 GET /ha/state
[1772538763122] api request success: node=node-3 GET /ha/state status=200
[1772538784302] sql workload stopped: scenario=ha-e2e-stress-no-quorum-fencing-concurrent-sql committed=52 unique_keys=52 transient=208 fencing=0 hard=0
[1772538808962] stress no-quorum key integrity verified on node-1 with row_count=52