[1772540246644] stress no-quorum bootstrap: wait for stable primary
[1772540246644] api request start: node=node-1 GET /ha/state
[1772540246753] api request success: node=node-1 GET /ha/state status=200
[1772540246753] api request start: node=node-2 GET /ha/state
[1772540246753] api request success: node=node-2 GET /ha/state status=200
[1772540246753] api request start: node=node-3 GET /ha/state
[1772540246755] api request success: node=node-3 GET /ha/state status=200
[1772540246755] stable-primary poll states: node-1:Primary:leader=node-1, node-2:WaitingPostgresReachable:leader=node-1, node-3:WaitingPostgresReachable:leader=node-1
[1772540246977] api request start: node=node-1 GET /ha/state
[1772540247293] api request success: node=node-1 GET /ha/state status=200
[1772540247293] api request start: node=node-2 GET /ha/state
[1772540247294] api request success: node=node-2 GET /ha/state status=200
[1772540247294] api request start: node=node-3 GET /ha/state
[1772540247294] api request success: node=node-3 GET /ha/state status=200
[1772540247294] stable-primary poll states: node-1:Primary:leader=node-1, node-2:Replica:leader=node-1, node-3:WaitingPostgresReachable:leader=node-1
[1772540247620] api request start: node=node-1 GET /ha/state
[1772540247625] api request success: node=node-1 GET /ha/state status=200
[1772540247625] api request start: node=node-2 GET /ha/state
[1772540247626] api request success: node=node-2 GET /ha/state status=200
[1772540247626] api request start: node=node-3 GET /ha/state
[1772540247626] api request success: node=node-3 GET /ha/state status=200
[1772540247626] stable-primary poll states: node-1:Primary:leader=node-1, node-2:Replica:leader=node-1, node-3:Replica:leader=node-1
[1772540247745] api request start: node=node-1 GET /ha/state
[1772540247978] api request success: node=node-1 GET /ha/state status=200
[1772540247978] api request start: node=node-2 GET /ha/state
[1772540247978] api request success: node=node-2 GET /ha/state status=200
[1772540247978] api request start: node=node-3 GET /ha/state
[1772540247979] api request success: node=node-3 GET /ha/state status=200
[1772540248181] api request start: node=node-1 GET /ha/state
[1772540248404] api request success: node=node-1 GET /ha/state status=200
[1772540248404] api request start: node=node-2 GET /ha/state
[1772540248404] api request success: node=node-2 GET /ha/state status=200
[1772540248404] api request start: node=node-3 GET /ha/state
[1772540248405] api request success: node=node-3 GET /ha/state status=200
[1772540248822] sql workload started: scenario=ha-e2e-stress-no-quorum-fencing-concurrent-sql table=ha_stress_fencing workers=4 interval_ms=250
[1772540251823] stress no-quorum: stop etcd majority while workload active
[1772540262484] stress no-quorum members stopped: etcd-a,etcd-b
[1772540262484] api request start: node=node-1 GET /ha/state
[1772540277535] api request success: node=node-1 GET /ha/state status=200
[1772540277535] api request start: node=node-2 GET /ha/state
[1772540288570] api request success: node=node-2 GET /ha/state status=200
[1772540288570] api request start: node=node-3 GET /ha/state
[1772540293785] api request success: node=node-3 GET /ha/state status=200
[1772540293785] api request start: node=node-1 GET /ha/state
[1772540293786] api request success: node=node-1 GET /ha/state status=200
[1772540293786] api request start: node=node-2 GET /ha/state
[1772540293786] api request success: node=node-2 GET /ha/state status=200
[1772540293787] api request start: node=node-3 GET /ha/state
[1772540293787] api request success: node=node-3 GET /ha/state status=200
[1772540298817] api request start: node=node-1 GET /ha/state
[1772540318282] api request success: node=node-1 GET /ha/state status=200
[1772540318283] api request start: node=node-2 GET /ha/state
[1772540325320] api request success: node=node-2 GET /ha/state status=200
[1772540325320] api request start: node=node-3 GET /ha/state
[1772540341176] api request success: node=node-3 GET /ha/state status=200
[1772540351812] sql workload stopped: scenario=ha-e2e-stress-no-quorum-fencing-concurrent-sql committed=35 unique_keys=35 transient=138 fencing=0 hard=0
[1772540380540] stress no-quorum key integrity verified on node-1 with row_count=35