[1772540446635] stress failover bootstrap: wait for stable primary
[1772540446635] api request start: node=node-1 GET /ha/state
[1772540446958] api request success: node=node-1 GET /ha/state status=200
[1772540446959] api request start: node=node-2 GET /ha/state
[1772540446960] api request success: node=node-2 GET /ha/state status=200
[1772540446960] api request start: node=node-3 GET /ha/state
[1772540446960] api request success: node=node-3 GET /ha/state status=200
[1772540446960] stable-primary poll states: node-1:Primary:leader=node-1, node-2:WaitingPostgresReachable:leader=node-1, node-3:WaitingPostgresReachable:leader=node-1
[1772540447165] api request start: node=node-1 GET /ha/state
[1772540447389] api request success: node=node-1 GET /ha/state status=200
[1772540447389] api request start: node=node-2 GET /ha/state
[1772540447390] api request success: node=node-2 GET /ha/state status=200
[1772540447390] api request start: node=node-3 GET /ha/state
[1772540447390] api request success: node=node-3 GET /ha/state status=200
[1772540447391] stable-primary poll states: node-1:Primary:leader=node-1, node-2:Replica:leader=node-1, node-3:WaitingPostgresReachable:leader=node-1
[1772540447600] api request start: node=node-1 GET /ha/state
[1772540447830] api request success: node=node-1 GET /ha/state status=200
[1772540447830] api request start: node=node-2 GET /ha/state
[1772540447831] api request success: node=node-2 GET /ha/state status=200
[1772540447831] api request start: node=node-3 GET /ha/state
[1772540447831] api request success: node=node-3 GET /ha/state status=200
[1772540447832] stable-primary poll states: node-1:Primary:leader=node-1, node-2:Replica:leader=node-1, node-3:Replica:leader=node-1
[1772540447947] api request start: node=node-1 GET /ha/state
[1772540448170] api request success: node=node-1 GET /ha/state status=200
[1772540448170] api request start: node=node-2 GET /ha/state
[1772540448171] api request success: node=node-2 GET /ha/state status=200
[1772540448171] api request start: node=node-3 GET /ha/state
[1772540448171] api request success: node=node-3 GET /ha/state status=200
[1772540448282] api request start: node=node-1 GET /ha/state
[1772540448507] api request success: node=node-1 GET /ha/state status=200
[1772540448507] api request start: node=node-2 GET /ha/state
[1772540448509] api request success: node=node-2 GET /ha/state status=200
[1772540448509] api request start: node=node-3 GET /ha/state
[1772540448510] api request success: node=node-3 GET /ha/state status=200
[1772540448545] sql workload started: scenario=ha-e2e-stress-unassisted-failover-concurrent-sql table=ha_stress_failover workers=4 interval_ms=250
[1772540451546] stress failover: stop postgres on bootstrap primary node-1
[1772540451870] api request start: node=node-1 GET /ha/state
[1772540451879] api request success: node=node-1 GET /ha/state status=200
[1772540451879] api request start: node=node-2 GET /ha/state
[1772540451880] api request success: node=node-2 GET /ha/state status=200
[1772540451880] api request start: node=node-3 GET /ha/state
[1772540451880] api request success: node=node-3 GET /ha/state status=200
[1772540452080] api request start: node=node-1 GET /ha/state
[1772540452639] api request success: node=node-1 GET /ha/state status=200
[1772540452639] api request start: node=node-2 GET /ha/state
[1772540452640] api request success: node=node-2 GET /ha/state status=200
[1772540452640] api request start: node=node-3 GET /ha/state
[1772540452640] api request success: node=node-3 GET /ha/state status=200
[1772540453068] api request start: node=node-1 GET /ha/state
[1772540453079] api request success: node=node-1 GET /ha/state status=200
[1772540453079] api request start: node=node-2 GET /ha/state
[1772540453081] api request success: node=node-2 GET /ha/state status=200
[1772540453081] api request start: node=node-3 GET /ha/state
[1772540453081] api request success: node=node-3 GET /ha/state status=200
[1772540453272] api request start: node=node-1 GET /ha/state
[1772540453601] api request success: node=node-1 GET /ha/state status=200
[1772540453601] api request start: node=node-2 GET /ha/state
[1772540453602] api request success: node=node-2 GET /ha/state status=200
[1772540453602] api request start: node=node-3 GET /ha/state
[1772540453603] api request success: node=node-3 GET /ha/state status=200
[1772540453816] api request start: node=node-1 GET /ha/state
[1772540454150] api request success: node=node-1 GET /ha/state status=200
[1772540454150] api request start: node=node-2 GET /ha/state
[1772540454150] api request success: node=node-2 GET /ha/state status=200
[1772540454150] api request start: node=node-3 GET /ha/state
[1772540454150] api request success: node=node-3 GET /ha/state status=200
[1772540454469] api request start: node=node-1 GET /ha/state
[1772540454588] api request success: node=node-1 GET /ha/state status=200
[1772540454588] api request start: node=node-2 GET /ha/state
[1772540454589] api request success: node=node-2 GET /ha/state status=200
[1772540454589] api request start: node=node-3 GET /ha/state
[1772540454589] api request success: node=node-3 GET /ha/state status=200
[1772540454786] api request start: node=node-1 GET /ha/state
[1772540455111] api request success: node=node-1 GET /ha/state status=200
[1772540455111] api request start: node=node-2 GET /ha/state
[1772540455112] api request success: node=node-2 GET /ha/state status=200
[1772540455112] api request start: node=node-3 GET /ha/state
[1772540455113] api request success: node=node-3 GET /ha/state status=200
[1772540455360] api request start: node=node-1 GET /ha/state
[1772540455677] api request success: node=node-1 GET /ha/state status=200
[1772540455677] api request start: node=node-2 GET /ha/state
[1772540455678] api request success: node=node-2 GET /ha/state status=200
[1772540455678] api request start: node=node-3 GET /ha/state
[1772540455678] api request success: node=node-3 GET /ha/state status=200
[1772540456106] api request start: node=node-1 GET /ha/state
[1772540456219] api request success: node=node-1 GET /ha/state status=200
[1772540456219] api request start: node=node-2 GET /ha/state
[1772540456220] api request success: node=node-2 GET /ha/state status=200
[1772540456220] api request start: node=node-3 GET /ha/state
[1772540456220] api request success: node=node-3 GET /ha/state status=200
[1772540456417] api request start: node=node-1 GET /ha/state
[1772540456749] api request success: node=node-1 GET /ha/state status=200
[1772540456749] api request start: node=node-2 GET /ha/state
[1772540456750] api request success: node=node-2 GET /ha/state status=200
[1772540456750] api request start: node=node-3 GET /ha/state
[1772540456750] api request success: node=node-3 GET /ha/state status=200
[1772540457072] api request start: node=node-1 GET /ha/state
[1772540457196] api request success: node=node-1 GET /ha/state status=200
[1772540457197] api request start: node=node-2 GET /ha/state
[1772540457197] api request success: node=node-2 GET /ha/state status=200
[1772540457198] api request start: node=node-3 GET /ha/state
[1772540457198] api request success: node=node-3 GET /ha/state status=200
[1772540457394] api request start: node=node-1 GET /ha/state
[1772540457724] api request success: node=node-1 GET /ha/state status=200
[1772540457724] api request start: node=node-2 GET /ha/state
[1772540457725] api request success: node=node-2 GET /ha/state status=200
[1772540457725] api request start: node=node-3 GET /ha/state
[1772540457725] api request success: node=node-3 GET /ha/state status=200
[1772540457933] api request start: node=node-1 GET /ha/state
[1772540458264] api request success: node=node-1 GET /ha/state status=200
[1772540458265] api request start: node=node-2 GET /ha/state
[1772540458266] api request success: node=node-2 GET /ha/state status=200
[1772540458266] api request start: node=node-3 GET /ha/state
[1772540458267] api request success: node=node-3 GET /ha/state status=200
[1772540458585] api request start: node=node-1 GET /ha/state
[1772540458710] api request success: node=node-1 GET /ha/state status=200
[1772540458710] api request start: node=node-2 GET /ha/state
[1772540458711] api request success: node=node-2 GET /ha/state status=200
[1772540458711] api request start: node=node-3 GET /ha/state
[1772540458711] api request success: node=node-3 GET /ha/state status=200
[1772540458910] api request start: node=node-1 GET /ha/state
[1772540459042] api request success: node=node-1 GET /ha/state status=200
[1772540459042] api request start: node=node-2 GET /ha/state
[1772540459043] api request success: node=node-2 GET /ha/state status=200
[1772540459043] api request start: node=node-3 GET /ha/state
[1772540459043] api request success: node=node-3 GET /ha/state status=200
[1772540459249] api request start: node=node-1 GET /ha/state
[1772540459483] api request success: node=node-1 GET /ha/state status=200
[1772540459484] api request start: node=node-2 GET /ha/state
[1772540459484] api request success: node=node-2 GET /ha/state status=200
[1772540459484] api request start: node=node-3 GET /ha/state
[1772540459485] api request success: node=node-3 GET /ha/state status=200
[1772540459688] api request start: node=node-1 GET /ha/state
[1772540460028] api request success: node=node-1 GET /ha/state status=200
[1772540460028] api request start: node=node-2 GET /ha/state
[1772540460028] api request success: node=node-2 GET /ha/state status=200
[1772540460028] api request start: node=node-3 GET /ha/state
[1772540460028] api request success: node=node-3 GET /ha/state status=200
[1772540460240] api request start: node=node-1 GET /ha/state
[1772540460462] api request success: node=node-1 GET /ha/state status=200
[1772540460462] api request start: node=node-2 GET /ha/state
[1772540460463] api request success: node=node-2 GET /ha/state status=200
[1772540460463] api request start: node=node-3 GET /ha/state
[1772540460463] api request success: node=node-3 GET /ha/state status=200
[1772540460667] api request start: node=node-1 GET /ha/state
[1772540460785] api request success: node=node-1 GET /ha/state status=200
[1772540460785] api request start: node=node-2 GET /ha/state
[1772540460785] api request success: node=node-2 GET /ha/state status=200
[1772540460785] api request start: node=node-3 GET /ha/state
[1772540460785] api request success: node=node-3 GET /ha/state status=200
[1772540460985] api request start: node=node-1 GET /ha/state
[1772540461314] api request success: node=node-1 GET /ha/state status=200
[1772540461314] api request start: node=node-2 GET /ha/state
[1772540461315] api request success: node=node-2 GET /ha/state status=200
[1772540461315] api request start: node=node-3 GET /ha/state
[1772540461316] api request success: node=node-3 GET /ha/state status=200
[1772540461518] api request start: node=node-1 GET /ha/state
[1772540461850] api request success: node=node-1 GET /ha/state status=200
[1772540461850] api request start: node=node-2 GET /ha/state
[1772540461854] api request success: node=node-2 GET /ha/state status=200
[1772540461854] api request start: node=node-3 GET /ha/state
[1772540461855] api request success: node=node-3 GET /ha/state status=200
[1772540462059] api request start: node=node-1 GET /ha/state
[1772540462186] api request success: node=node-1 GET /ha/state status=200
[1772540462186] api request start: node=node-2 GET /ha/state
[1772540462187] api request success: node=node-2 GET /ha/state status=200
[1772540462187] api request start: node=node-3 GET /ha/state
[1772540462188] api request success: node=node-3 GET /ha/state status=200
[1772540462188] api request start: node=node-1 GET /ha/state
[1772540462188] api request success: node=node-1 GET /ha/state status=200
[1772540462188] api request start: node=node-2 GET /ha/state
[1772540462189] api request success: node=node-2 GET /ha/state status=200
[1772540462189] api request start: node=node-3 GET /ha/state
[1772540462189] api request success: node=node-3 GET /ha/state status=200
[1772540462189] stable-primary poll states: node-1:WaitingPostgresReachable:leader=node-3, node-2:Replica:leader=node-3, node-3:Primary:leader=node-3
[1772540462383] api request start: node=node-1 GET /ha/state
[1772540462715] api request success: node=node-1 GET /ha/state status=200
[1772540462715] api request start: node=node-2 GET /ha/state
[1772540462716] api request success: node=node-2 GET /ha/state status=200
[1772540462716] api request start: node=node-3 GET /ha/state
[1772540462716] api request success: node=node-3 GET /ha/state status=200
[1772540462818] api request start: node=node-1 GET /ha/state
[1772540462924] api request success: node=node-1 GET /ha/state status=200
[1772540462924] api request start: node=node-2 GET /ha/state
[1772540462924] api request success: node=node-2 GET /ha/state status=200
[1772540462924] api request start: node=node-3 GET /ha/state
[1772540462925] api request success: node=node-3 GET /ha/state status=200
[1772540463032] api request start: node=node-1 GET /ha/state
[1772540463259] api request success: node=node-1 GET /ha/state status=200
[1772540463259] api request start: node=node-2 GET /ha/state
[1772540463260] api request success: node=node-2 GET /ha/state status=200
[1772540463260] api request start: node=node-3 GET /ha/state
[1772540463263] api request success: node=node-3 GET /ha/state status=200
[1772540463472] api request start: node=node-1 GET /ha/state
[1772540463803] api request success: node=node-1 GET /ha/state status=200
[1772540463803] api request start: node=node-2 GET /ha/state
[1772540463803] api request success: node=node-2 GET /ha/state status=200
[1772540463803] api request start: node=node-3 GET /ha/state
[1772540463803] api request success: node=node-3 GET /ha/state status=200
[1772540463804] api request start: node=node-1 GET /ha/state
[1772540463804] api request success: node=node-1 GET /ha/state status=200
[1772540463804] api request start: node=node-1 GET /ha/state
[1772540463804] api request success: node=node-1 GET /ha/state status=200
[1772540463804] api request start: node=node-2 GET /ha/state
[1772540463805] api request success: node=node-2 GET /ha/state status=200
[1772540463805] api request start: node=node-3 GET /ha/state
[1772540463805] api request success: node=node-3 GET /ha/state status=200
[1772540463881] api request start: node=node-1 GET /ha/state
[1772540463882] api request success: node=node-1 GET /ha/state status=200
[1772540463882] api request start: node=node-2 GET /ha/state
[1772540463882] api request success: node=node-2 GET /ha/state status=200
[1772540463882] api request start: node=node-3 GET /ha/state
[1772540463883] api request success: node=node-3 GET /ha/state status=200
[1772540464114] api request start: node=node-1 GET /ha/state
[1772540464237] api request success: node=node-1 GET /ha/state status=200
[1772540464237] api request start: node=node-2 GET /ha/state
[1772540464238] api request success: node=node-2 GET /ha/state status=200
[1772540464238] api request start: node=node-3 GET /ha/state
[1772540464239] api request success: node=node-3 GET /ha/state status=200
[1772540464315] api request start: node=node-1 GET /ha/state
[1772540464316] api request success: node=node-1 GET /ha/state status=200
[1772540464316] api request start: node=node-2 GET /ha/state
[1772540464316] api request success: node=node-2 GET /ha/state status=200
[1772540464316] api request start: node=node-3 GET /ha/state
[1772540464316] api request success: node=node-3 GET /ha/state status=200
[1772540464434] api request start: node=node-1 GET /ha/state
[1772540464759] api request success: node=node-1 GET /ha/state status=200
[1772540464759] api request start: node=node-2 GET /ha/state
[1772540464759] api request success: node=node-2 GET /ha/state status=200
[1772540464759] api request start: node=node-3 GET /ha/state
[1772540464760] api request success: node=node-3 GET /ha/state status=200
[1772540464860] api request start: node=node-1 GET /ha/state
[1772540465209] api request success: node=node-1 GET /ha/state status=200
[1772540465209] api request start: node=node-2 GET /ha/state
[1772540465211] api request success: node=node-2 GET /ha/state status=200
[1772540465211] api request start: node=node-3 GET /ha/state
[1772540465212] api request success: node=node-3 GET /ha/state status=200
[1772540465288] api request start: node=node-1 GET /ha/state
[1772540465288] api request success: node=node-1 GET /ha/state status=200
[1772540465288] api request start: node=node-2 GET /ha/state
[1772540465288] api request success: node=node-2 GET /ha/state status=200
[1772540465288] api request start: node=node-3 GET /ha/state
[1772540465289] api request success: node=node-3 GET /ha/state status=200
[1772540465415] api request start: node=node-1 GET /ha/state
[1772540465639] api request success: node=node-1 GET /ha/state status=200
[1772540465639] api request start: node=node-2 GET /ha/state
[1772540465640] api request success: node=node-2 GET /ha/state status=200
[1772540465640] api request start: node=node-3 GET /ha/state
[1772540465641] api request success: node=node-3 GET /ha/state status=200
[1772540465717] api request start: node=node-1 GET /ha/state
[1772540465719] api request success: node=node-1 GET /ha/state status=200
[1772540465719] api request start: node=node-2 GET /ha/state
[1772540465719] api request success: node=node-2 GET /ha/state status=200
[1772540465719] api request start: node=node-3 GET /ha/state
[1772540465720] api request success: node=node-3 GET /ha/state status=200
[1772540465852] api request start: node=node-1 GET /ha/state
[1772540465870] api request success: node=node-1 GET /ha/state status=200
[1772540465870] api request start: node=node-2 GET /ha/state
[1772540465870] api request success: node=node-2 GET /ha/state status=200
[1772540465870] api request start: node=node-3 GET /ha/state
[1772540465871] api request success: node=node-3 GET /ha/state status=200
[1772540465947] api request start: node=node-1 GET /ha/state
[1772540465948] api request success: node=node-1 GET /ha/state status=200
[1772540465948] api request start: node=node-2 GET /ha/state
[1772540465948] api request success: node=node-2 GET /ha/state status=200
[1772540465948] api request start: node=node-3 GET /ha/state
[1772540465948] api request success: node=node-3 GET /ha/state status=200
[1772540466190] api request start: node=node-1 GET /ha/state
[1772540466204] api request success: node=node-1 GET /ha/state status=200
[1772540466204] api request start: node=node-2 GET /ha/state
[1772540466204] api request success: node=node-2 GET /ha/state status=200
[1772540466204] api request start: node=node-3 GET /ha/state
[1772540466205] api request success: node=node-3 GET /ha/state status=200
[1772540466281] api request start: node=node-1 GET /ha/state
[1772540466281] api request success: node=node-1 GET /ha/state status=200
[1772540466281] api request start: node=node-2 GET /ha/state
[1772540466282] api request success: node=node-2 GET /ha/state status=200
[1772540466282] api request start: node=node-3 GET /ha/state
[1772540466282] api request success: node=node-3 GET /ha/state status=200
[1772540466429] api request start: node=node-1 GET /ha/state
[1772540466548] api request success: node=node-1 GET /ha/state status=200
[1772540466549] api request start: node=node-2 GET /ha/state
[1772540466549] api request success: node=node-2 GET /ha/state status=200
[1772540466549] api request start: node=node-3 GET /ha/state
[1772540466550] api request success: node=node-3 GET /ha/state status=200
[1772540466627] api request start: node=node-1 GET /ha/state
[1772540466628] api request success: node=node-1 GET /ha/state status=200
[1772540466628] api request start: node=node-2 GET /ha/state
[1772540466628] api request success: node=node-2 GET /ha/state status=200
[1772540466628] api request start: node=node-3 GET /ha/state
[1772540466628] api request success: node=node-3 GET /ha/state status=200
[1772540466857] api request start: node=node-1 GET /ha/state
[1772540466980] api request success: node=node-1 GET /ha/state status=200
[1772540466980] api request start: node=node-2 GET /ha/state
[1772540466980] api request success: node=node-2 GET /ha/state status=200
[1772540466980] api request start: node=node-3 GET /ha/state
[1772540466981] api request success: node=node-3 GET /ha/state status=200
[1772540467058] api request start: node=node-1 GET /ha/state
[1772540467058] api request success: node=node-1 GET /ha/state status=200
[1772540467058] api request start: node=node-2 GET /ha/state
[1772540467058] api request success: node=node-2 GET /ha/state status=200
[1772540467058] api request start: node=node-3 GET /ha/state
[1772540467059] api request success: node=node-3 GET /ha/state status=200
[1772540467181] api request start: node=node-1 GET /ha/state
[1772540467510] api request success: node=node-1 GET /ha/state status=200
[1772540467510] api request start: node=node-2 GET /ha/state
[1772540467511] api request success: node=node-2 GET /ha/state status=200
[1772540467511] api request start: node=node-3 GET /ha/state
[1772540467511] api request success: node=node-3 GET /ha/state status=200
[1772540467588] api request start: node=node-1 GET /ha/state
[1772540467589] api request success: node=node-1 GET /ha/state status=200
[1772540467589] api request start: node=node-2 GET /ha/state
[1772540467589] api request success: node=node-2 GET /ha/state status=200
[1772540467589] api request start: node=node-3 GET /ha/state
[1772540467589] api request success: node=node-3 GET /ha/state status=200
[1772540467717] api request start: node=node-1 GET /ha/state
[1772540468044] api request success: node=node-1 GET /ha/state status=200
[1772540468044] api request start: node=node-2 GET /ha/state
[1772540468044] api request success: node=node-2 GET /ha/state status=200
[1772540468044] api request start: node=node-3 GET /ha/state
[1772540468045] api request success: node=node-3 GET /ha/state status=200
[1772540468122] api request start: node=node-1 GET /ha/state
[1772540468123] api request success: node=node-1 GET /ha/state status=200
[1772540468123] api request start: node=node-2 GET /ha/state
[1772540468124] api request success: node=node-2 GET /ha/state status=200
[1772540468124] api request start: node=node-3 GET /ha/state
[1772540468124] api request success: node=node-3 GET /ha/state status=200
[1772540468371] api request start: node=node-1 GET /ha/state
[1772540468495] api request success: node=node-1 GET /ha/state status=200
[1772540468495] api request start: node=node-2 GET /ha/state
[1772540468497] api request success: node=node-2 GET /ha/state status=200
[1772540468497] api request start: node=node-3 GET /ha/state
[1772540468498] api request success: node=node-3 GET /ha/state status=200
[1772540468578] api request start: node=node-1 GET /ha/state
[1772540468578] api request success: node=node-1 GET /ha/state status=200
[1772540468578] api request start: node=node-2 GET /ha/state
[1772540468579] api request success: node=node-2 GET /ha/state status=200
[1772540468579] api request start: node=node-3 GET /ha/state
[1772540468579] api request success: node=node-3 GET /ha/state status=200
[1772540468695] api request start: node=node-1 GET /ha/state
[1772540469019] api request success: node=node-1 GET /ha/state status=200
[1772540469019] api request start: node=node-2 GET /ha/state
[1772540469020] api request success: node=node-2 GET /ha/state status=200
[1772540469020] api request start: node=node-3 GET /ha/state
[1772540469021] api request success: node=node-3 GET /ha/state status=200
[1772540469121] api request start: node=node-1 GET /ha/state
[1772540469470] api request success: node=node-1 GET /ha/state status=200
[1772540469470] api request start: node=node-2 GET /ha/state
[1772540469471] api request success: node=node-2 GET /ha/state status=200
[1772540469471] api request start: node=node-3 GET /ha/state
[1772540469471] api request success: node=node-3 GET /ha/state status=200
[1772540469547] api request start: node=node-1 GET /ha/state
[1772540469548] api request success: node=node-1 GET /ha/state status=200
[1772540469548] api request start: node=node-2 GET /ha/state
[1772540469548] api request success: node=node-2 GET /ha/state status=200
[1772540469548] api request start: node=node-3 GET /ha/state
[1772540469549] api request success: node=node-3 GET /ha/state status=200
[1772540469668] api request start: node=node-1 GET /ha/state
[1772540470018] api request success: node=node-1 GET /ha/state status=200
[1772540470018] api request start: node=node-2 GET /ha/state
[1772540470018] api request success: node=node-2 GET /ha/state status=200
[1772540470018] api request start: node=node-3 GET /ha/state
[1772540470018] api request success: node=node-3 GET /ha/state status=200
[1772540472070] sql workload stopped: scenario=ha-e2e-stress-unassisted-failover-concurrent-sql committed=11 unique_keys=11 transient=360 fencing=0 hard=0
[1772540472506] stress failover key integrity verified on node-3 with row_count=1