[1772534760144] stress no-quorum bootstrap: wait for stable primary
[1772534760145] api request start: node=node-1 GET /ha/state
[1772534760198] api request success: node=node-1 GET /ha/state status=200
[1772534760198] api request start: node=node-2 GET /ha/state
[1772534760199] api request success: node=node-2 GET /ha/state status=200
[1772534760199] api request start: node=node-3 GET /ha/state
[1772534760199] api request success: node=node-3 GET /ha/state status=200
[1772534760199] stable-primary poll states: node-1:Primary:leader=node-1, node-2:WaitingPostgresReachable:leader=node-1, node-3:WaitingPostgresReachable:leader=node-1
[1772534760306] api request start: node=node-1 GET /ha/state
[1772534760623] api request success: node=node-1 GET /ha/state status=200
[1772534760623] api request start: node=node-2 GET /ha/state
[1772534760623] api request success: node=node-2 GET /ha/state status=200
[1772534760623] api request start: node=node-3 GET /ha/state
[1772534760624] api request success: node=node-3 GET /ha/state status=200
[1772534760624] stable-primary poll states: node-1:Primary:leader=node-1, node-2:Replica:leader=node-1, node-3:WaitingPostgresReachable:leader=node-1
[1772534760725] api request start: node=node-1 GET /ha/state
[1772534761056] api request success: node=node-1 GET /ha/state status=200
[1772534761056] api request start: node=node-2 GET /ha/state
[1772534761057] api request success: node=node-2 GET /ha/state status=200
[1772534761057] api request start: node=node-3 GET /ha/state
[1772534761058] api request success: node=node-3 GET /ha/state status=200
[1772534761058] stable-primary poll states: node-1:Primary:leader=node-1, node-2:Replica:leader=node-1, node-3:Replica:leader=node-1
[1772534761271] api request start: node=node-1 GET /ha/state
[1772534761496] api request success: node=node-1 GET /ha/state status=200
[1772534761496] api request start: node=node-2 GET /ha/state
[1772534761496] api request success: node=node-2 GET /ha/state status=200
[1772534761496] api request start: node=node-3 GET /ha/state
[1772534761497] api request success: node=node-3 GET /ha/state status=200
[1772534761707] api request start: node=node-1 GET /ha/state
[1772534761929] api request success: node=node-1 GET /ha/state status=200
[1772534761929] api request start: node=node-2 GET /ha/state
[1772534761930] api request success: node=node-2 GET /ha/state status=200
[1772534761930] api request start: node=node-3 GET /ha/state
[1772534761931] api request success: node=node-3 GET /ha/state status=200
[1772534761972] sql workload started: scenario=ha-e2e-stress-no-quorum-fencing-concurrent-sql table=ha_stress_fencing workers=6 interval_ms=150
[1772534765018] stress no-quorum: stop etcd majority while workload active
[1772534780319] stress no-quorum members stopped: etcd-a,etcd-b
[1772534780319] api request start: node=node-1 GET /ha/state
[1772534780319] api request success: node=node-1 GET /ha/state status=200
[1772534780319] api request start: node=node-2 GET /ha/state
[1772534780322] api request success: node=node-2 GET /ha/state status=200
[1772534780322] api request start: node=node-3 GET /ha/state
[1772534780324] api request success: node=node-3 GET /ha/state status=200
[1772534785478] api request start: node=node-1 GET /ha/state
[1772534800716] api request success: node=node-1 GET /ha/state status=200
[1772534800716] api request start: node=node-2 GET /ha/state
[1772534821034] api request success: node=node-2 GET /ha/state status=200
[1772534821034] api request start: node=node-3 GET /ha/state
[1772534842207] api request success: node=node-3 GET /ha/state status=200
[1772534842207] api request start: node=node-1 GET /ha/state
[1772534863241] api request success: node=node-1 GET /ha/state status=200
[1772534863241] api request start: node=node-2 GET /ha/state
[1772534878740] api request success: node=node-2 GET /ha/state status=200
[1772534878740] api request start: node=node-3 GET /ha/state
[1772534899276] api request success: node=node-3 GET /ha/state status=200
[1772534922019] sql workload stopped: scenario=ha-e2e-stress-no-quorum-fencing-concurrent-sql committed=74 unique_keys=74 transient=296 fencing=0 hard=0
[1772534952565] stress no-quorum key integrity verified on node-1 with row_count=74