[1772535932459] stress failover bootstrap: wait for stable primary
[1772535932459] api request start: node=node-1 GET /ha/state
[1772535932894] api request success: node=node-1 GET /ha/state status=200
[1772535932895] api request start: node=node-2 GET /ha/state
[1772535932898] api request success: node=node-2 GET /ha/state status=200
[1772535932898] api request start: node=node-3 GET /ha/state
[1772535932899] api request success: node=node-3 GET /ha/state status=200
[1772535932899] stable-primary poll states: node-1:Primary:leader=node-1, node-2:WaitingPostgresReachable:leader=node-1, node-3:WaitingPostgresReachable:leader=node-1
[1772535933096] api request start: node=node-1 GET /ha/state
[1772535933327] api request success: node=node-1 GET /ha/state status=200
[1772535933327] api request start: node=node-2 GET /ha/state
[1772535933327] api request success: node=node-2 GET /ha/state status=200
[1772535933327] api request start: node=node-3 GET /ha/state
[1772535933328] api request success: node=node-3 GET /ha/state status=200
[1772535933328] stable-primary poll states: node-1:Primary:leader=node-1, node-2:Replica:leader=node-1, node-3:WaitingPostgresReachable:leader=node-1
[1772535933540] api request start: node=node-1 GET /ha/state
[1772535933767] api request success: node=node-1 GET /ha/state status=200
[1772535933767] api request start: node=node-2 GET /ha/state
[1772535933768] api request success: node=node-2 GET /ha/state status=200
[1772535933768] api request start: node=node-3 GET /ha/state
[1772535933769] api request success: node=node-3 GET /ha/state status=200
[1772535933769] stable-primary poll states: node-1:Primary:leader=node-1, node-2:Replica:leader=node-1, node-3:Replica:leader=node-1
[1772535933975] api request start: node=node-1 GET /ha/state
[1772535934197] api request success: node=node-1 GET /ha/state status=200
[1772535934197] api request start: node=node-2 GET /ha/state
[1772535934198] api request success: node=node-2 GET /ha/state status=200
[1772535934198] api request start: node=node-3 GET /ha/state
[1772535934199] api request success: node=node-3 GET /ha/state status=200
[1772535934304] api request start: node=node-1 GET /ha/state
[1772535934534] api request success: node=node-1 GET /ha/state status=200
[1772535934535] api request start: node=node-2 GET /ha/state
[1772535934536] api request success: node=node-2 GET /ha/state status=200
[1772535934536] api request start: node=node-3 GET /ha/state
[1772535934539] api request success: node=node-3 GET /ha/state status=200
[1772535934568] sql workload started: scenario=ha-e2e-stress-unassisted-failover-concurrent-sql table=ha_stress_failover workers=4 interval_ms=250
[1772535937571] stress failover: stop postgres on bootstrap primary node-1
[1772535937843] api request start: node=node-1 GET /ha/state
[1772535937969] api request success: node=node-1 GET /ha/state status=200
[1772535937969] api request start: node=node-2 GET /ha/state
[1772535937970] api request success: node=node-2 GET /ha/state status=200
[1772535937970] api request start: node=node-3 GET /ha/state
[1772535937970] api request success: node=node-3 GET /ha/state status=200
[1772535938166] api request start: node=node-1 GET /ha/state
[1772535938611] api request success: node=node-1 GET /ha/state status=200
[1772535938611] api request start: node=node-2 GET /ha/state
[1772535938612] api request success: node=node-2 GET /ha/state status=200
[1772535938612] api request start: node=node-3 GET /ha/state
[1772535938612] api request success: node=node-3 GET /ha/state status=200
[1772535938948] api request start: node=node-1 GET /ha/state
[1772535939066] api request success: node=node-1 GET /ha/state status=200
[1772535939066] api request start: node=node-2 GET /ha/state
[1772535939067] api request success: node=node-2 GET /ha/state status=200
[1772535939067] api request start: node=node-3 GET /ha/state
[1772535939067] api request success: node=node-3 GET /ha/state status=200
[1772535939268] api request start: node=node-1 GET /ha/state
[1772535939604] api request success: node=node-1 GET /ha/state status=200
[1772535939604] api request start: node=node-2 GET /ha/state
[1772535939604] api request success: node=node-2 GET /ha/state status=200
[1772535939605] api request start: node=node-3 GET /ha/state
[1772535939605] api request success: node=node-3 GET /ha/state status=200
[1772535939927] api request start: node=node-1 GET /ha/state
[1772535940055] api request success: node=node-1 GET /ha/state status=200
[1772535940055] api request start: node=node-2 GET /ha/state
[1772535940056] api request success: node=node-2 GET /ha/state status=200
[1772535940056] api request start: node=node-3 GET /ha/state
[1772535940056] api request success: node=node-3 GET /ha/state status=200
[1772535940246] api request start: node=node-1 GET /ha/state
[1772535940591] api request success: node=node-1 GET /ha/state status=200
[1772535940591] api request start: node=node-2 GET /ha/state
[1772535940592] api request success: node=node-2 GET /ha/state status=200
[1772535940592] api request start: node=node-3 GET /ha/state
[1772535940593] api request success: node=node-3 GET /ha/state status=200
[1772535940800] api request start: node=node-1 GET /ha/state
[1772535941129] api request success: node=node-1 GET /ha/state status=200
[1772535941129] api request start: node=node-2 GET /ha/state
[1772535941130] api request success: node=node-2 GET /ha/state status=200
[1772535941130] api request start: node=node-3 GET /ha/state
[1772535941131] api request success: node=node-3 GET /ha/state status=200
[1772535941452] api request start: node=node-1 GET /ha/state
[1772535941565] api request success: node=node-1 GET /ha/state status=200
[1772535941565] api request start: node=node-2 GET /ha/state
[1772535941565] api request success: node=node-2 GET /ha/state status=200
[1772535941565] api request start: node=node-3 GET /ha/state
[1772535941566] api request success: node=node-3 GET /ha/state status=200
[1772535941769] api request start: node=node-1 GET /ha/state
[1772535942096] api request success: node=node-1 GET /ha/state status=200
[1772535942096] api request start: node=node-2 GET /ha/state
[1772535942097] api request success: node=node-2 GET /ha/state status=200
[1772535942097] api request start: node=node-3 GET /ha/state
[1772535942098] api request success: node=node-3 GET /ha/state status=200
[1772535942400] api request start: node=node-1 GET /ha/state
[1772535942519] api request success: node=node-1 GET /ha/state status=200
[1772535942519] api request start: node=node-2 GET /ha/state
[1772535942520] api request success: node=node-2 GET /ha/state status=200
[1772535942520] api request start: node=node-3 GET /ha/state
[1772535942520] api request success: node=node-3 GET /ha/state status=200
[1772535942722] api request start: node=node-1 GET /ha/state
[1772535943051] api request success: node=node-1 GET /ha/state status=200
[1772535943051] api request start: node=node-2 GET /ha/state
[1772535943052] api request success: node=node-2 GET /ha/state status=200
[1772535943052] api request start: node=node-3 GET /ha/state
[1772535943053] api request success: node=node-3 GET /ha/state status=200
[1772535943264] api request start: node=node-1 GET /ha/state
[1772535943473] api request success: node=node-1 GET /ha/state status=200
[1772535943473] api request start: node=node-2 GET /ha/state
[1772535943474] api request success: node=node-2 GET /ha/state status=200
[1772535943474] api request start: node=node-3 GET /ha/state
[1772535943474] api request success: node=node-3 GET /ha/state status=200
[1772535943679] api request start: node=node-1 GET /ha/state
[1772535944012] api request success: node=node-1 GET /ha/state status=200
[1772535944012] api request start: node=node-2 GET /ha/state
[1772535944013] api request success: node=node-2 GET /ha/state status=200
[1772535944013] api request start: node=node-3 GET /ha/state
[1772535944013] api request success: node=node-3 GET /ha/state status=200
[1772535944331] api request start: node=node-1 GET /ha/state
[1772535944451] api request success: node=node-1 GET /ha/state status=200
[1772535944451] api request start: node=node-2 GET /ha/state
[1772535944452] api request success: node=node-2 GET /ha/state status=200
[1772535944452] api request start: node=node-3 GET /ha/state
[1772535944452] api request success: node=node-3 GET /ha/state status=200
[1772535944657] api request start: node=node-1 GET /ha/state
[1772535944998] api request success: node=node-1 GET /ha/state status=200
[1772535944998] api request start: node=node-2 GET /ha/state
[1772535944999] api request success: node=node-2 GET /ha/state status=200
[1772535944999] api request start: node=node-3 GET /ha/state
[1772535944999] api request success: node=node-3 GET /ha/state status=200
[1772535945314] api request start: node=node-1 GET /ha/state
[1772535945326] api request success: node=node-1 GET /ha/state status=200
[1772535945326] api request start: node=node-2 GET /ha/state
[1772535945327] api request success: node=node-2 GET /ha/state status=200
[1772535945327] api request start: node=node-3 GET /ha/state
[1772535945327] api request success: node=node-3 GET /ha/state status=200
[1772535945522] api request start: node=node-1 GET /ha/state
[1772535945853] api request success: node=node-1 GET /ha/state status=200
[1772535945853] api request start: node=node-2 GET /ha/state
[1772535945854] api request success: node=node-2 GET /ha/state status=200
[1772535945854] api request start: node=node-3 GET /ha/state
[1772535945854] api request success: node=node-3 GET /ha/state status=200
[1772535946071] api request start: node=node-1 GET /ha/state
[1772535946189] api request success: node=node-1 GET /ha/state status=200
[1772535946189] api request start: node=node-2 GET /ha/state
[1772535946190] api request success: node=node-2 GET /ha/state status=200
[1772535946190] api request start: node=node-3 GET /ha/state
[1772535946190] api request success: node=node-3 GET /ha/state status=200
[1772535946396] api request start: node=node-1 GET /ha/state
[1772535946398] api request success: node=node-1 GET /ha/state status=200
[1772535946398] api request start: node=node-2 GET /ha/state
[1772535946398] api request success: node=node-2 GET /ha/state status=200
[1772535946398] api request start: node=node-3 GET /ha/state
[1772535946399] api request success: node=node-3 GET /ha/state status=200
[1772535946722] api request start: node=node-1 GET /ha/state
[1772535946835] api request success: node=node-1 GET /ha/state status=200
[1772535946835] api request start: node=node-2 GET /ha/state
[1772535946835] api request success: node=node-2 GET /ha/state status=200
[1772535946835] api request start: node=node-3 GET /ha/state
[1772535946836] api request success: node=node-3 GET /ha/state status=200
[1772535947043] api request start: node=node-1 GET /ha/state
[1772535947263] api request success: node=node-1 GET /ha/state status=200
[1772535947263] api request start: node=node-2 GET /ha/state
[1772535947263] api request success: node=node-2 GET /ha/state status=200
[1772535947263] api request start: node=node-3 GET /ha/state
[1772535947264] api request success: node=node-3 GET /ha/state status=200
[1772535947467] api request start: node=node-1 GET /ha/state
[1772535947800] api request success: node=node-1 GET /ha/state status=200
[1772535947800] api request start: node=node-2 GET /ha/state
[1772535947801] api request success: node=node-2 GET /ha/state status=200
[1772535947802] api request start: node=node-3 GET /ha/state
[1772535947802] api request success: node=node-3 GET /ha/state status=200
[1772535948014] api request start: node=node-1 GET /ha/state
[1772535948141] api request success: node=node-1 GET /ha/state status=200
[1772535948141] api request start: node=node-2 GET /ha/state
[1772535948142] api request success: node=node-2 GET /ha/state status=200
[1772535948142] api request start: node=node-3 GET /ha/state
[1772535948143] api request success: node=node-3 GET /ha/state status=200
[1772535948143] api request start: node=node-1 GET /ha/state
[1772535948144] api request success: node=node-1 GET /ha/state status=200
[1772535948144] api request start: node=node-2 GET /ha/state
[1772535948145] api request success: node=node-2 GET /ha/state status=200
[1772535948145] api request start: node=node-3 GET /ha/state
[1772535948146] api request success: node=node-3 GET /ha/state status=200
[1772535948146] stable-primary poll states: node-1:WaitingPostgresReachable:leader=node-3, node-2:Replica:leader=node-3, node-3:Primary:leader=node-3
[1772535948339] api request start: node=node-1 GET /ha/state
[1772535948575] api request success: node=node-1 GET /ha/state status=200
[1772535948575] api request start: node=node-2 GET /ha/state
[1772535948576] api request success: node=node-2 GET /ha/state status=200
[1772535948576] api request start: node=node-3 GET /ha/state
[1772535948576] api request success: node=node-3 GET /ha/state status=200
[1772535948787] api request start: node=node-1 GET /ha/state
[1772535949120] api request success: node=node-1 GET /ha/state status=200
[1772535949120] api request start: node=node-2 GET /ha/state
[1772535949121] api request success: node=node-2 GET /ha/state status=200
[1772535949121] api request start: node=node-3 GET /ha/state
[1772535949121] api request success: node=node-3 GET /ha/state status=200
[1772535949446] api request start: node=node-1 GET /ha/state
[1772535949464] api request success: node=node-1 GET /ha/state status=200
[1772535949464] api request start: node=node-2 GET /ha/state
[1772535949464] api request success: node=node-2 GET /ha/state status=200
[1772535949464] api request start: node=node-3 GET /ha/state
[1772535949465] api request success: node=node-3 GET /ha/state status=200
[1772535949662] api request start: node=node-1 GET /ha/state
[1772535949782] api request success: node=node-1 GET /ha/state status=200
[1772535949782] api request start: node=node-2 GET /ha/state
[1772535949783] api request success: node=node-2 GET /ha/state status=200
[1772535949783] api request start: node=node-3 GET /ha/state
[1772535949783] api request success: node=node-3 GET /ha/state status=200
[1772535949783] api request start: node=node-1 GET /ha/state
[1772535949784] api request success: node=node-1 GET /ha/state status=200
[1772535949784] api request start: node=node-1 GET /ha/state
[1772535949784] api request success: node=node-1 GET /ha/state status=200
[1772535949784] api request start: node=node-2 GET /ha/state
[1772535949785] api request success: node=node-2 GET /ha/state status=200
[1772535949785] api request start: node=node-3 GET /ha/state
[1772535949785] api request success: node=node-3 GET /ha/state status=200
[1772535949863] api request start: node=node-1 GET /ha/state
[1772535949864] api request success: node=node-1 GET /ha/state status=200
[1772535949864] api request start: node=node-2 GET /ha/state
[1772535949864] api request success: node=node-2 GET /ha/state status=200
[1772535949864] api request start: node=node-3 GET /ha/state
[1772535949864] api request success: node=node-3 GET /ha/state status=200
[1772535949989] api request start: node=node-1 GET /ha/state
[1772535950228] api request success: node=node-1 GET /ha/state status=200
[1772535950228] api request start: node=node-2 GET /ha/state
[1772535950228] api request success: node=node-2 GET /ha/state status=200
[1772535950228] api request start: node=node-3 GET /ha/state
[1772535950229] api request success: node=node-3 GET /ha/state status=200
[1772535950309] api request start: node=node-1 GET /ha/state
[1772535950309] api request success: node=node-1 GET /ha/state status=200
[1772535950309] api request start: node=node-2 GET /ha/state
[1772535950310] api request success: node=node-2 GET /ha/state status=200
[1772535950310] api request start: node=node-3 GET /ha/state
[1772535950310] api request success: node=node-3 GET /ha/state status=200
[1772535950419] api request start: node=node-1 GET /ha/state
[1772535950664] api request success: node=node-1 GET /ha/state status=200
[1772535950664] api request start: node=node-2 GET /ha/state
[1772535950664] api request success: node=node-2 GET /ha/state status=200
[1772535950664] api request start: node=node-3 GET /ha/state
[1772535950664] api request success: node=node-3 GET /ha/state status=200
[1772535950744] api request start: node=node-1 GET /ha/state
[1772535950744] api request success: node=node-1 GET /ha/state status=200
[1772535950744] api request start: node=node-2 GET /ha/state
[1772535950745] api request success: node=node-2 GET /ha/state status=200
[1772535950745] api request start: node=node-3 GET /ha/state
[1772535950745] api request success: node=node-3 GET /ha/state status=200
[1772535950868] api request start: node=node-1 GET /ha/state
[1772535951096] api request success: node=node-1 GET /ha/state status=200
[1772535951096] api request start: node=node-2 GET /ha/state
[1772535951097] api request success: node=node-2 GET /ha/state status=200
[1772535951097] api request start: node=node-3 GET /ha/state
[1772535951097] api request success: node=node-3 GET /ha/state status=200
[1772535951176] api request start: node=node-1 GET /ha/state
[1772535951177] api request success: node=node-1 GET /ha/state status=200
[1772535951177] api request start: node=node-2 GET /ha/state
[1772535951177] api request success: node=node-2 GET /ha/state status=200
[1772535951177] api request start: node=node-3 GET /ha/state
[1772535951178] api request success: node=node-3 GET /ha/state status=200
[1772535951307] api request start: node=node-1 GET /ha/state
[1772535951635] api request success: node=node-1 GET /ha/state status=200
[1772535951635] api request start: node=node-2 GET /ha/state
[1772535951635] api request success: node=node-2 GET /ha/state status=200
[1772535951635] api request start: node=node-3 GET /ha/state
[1772535951635] api request success: node=node-3 GET /ha/state status=200
[1772535951713] api request start: node=node-1 GET /ha/state
[1772535951714] api request success: node=node-1 GET /ha/state status=200
[1772535951714] api request start: node=node-2 GET /ha/state
[1772535951714] api request success: node=node-2 GET /ha/state status=200
[1772535951714] api request start: node=node-3 GET /ha/state
[1772535951714] api request success: node=node-3 GET /ha/state status=200
[1772535951842] api request start: node=node-1 GET /ha/state
[1772535951967] api request success: node=node-1 GET /ha/state status=200
[1772535951967] api request start: node=node-2 GET /ha/state
[1772535951968] api request success: node=node-2 GET /ha/state status=200
[1772535951968] api request start: node=node-3 GET /ha/state
[1772535951968] api request success: node=node-3 GET /ha/state status=200
[1772535952044] api request start: node=node-1 GET /ha/state
[1772535952045] api request success: node=node-1 GET /ha/state status=200
[1772535952045] api request start: node=node-2 GET /ha/state
[1772535952045] api request success: node=node-2 GET /ha/state status=200
[1772535952045] api request start: node=node-3 GET /ha/state
[1772535952045] api request success: node=node-3 GET /ha/state status=200
[1772535952161] api request start: node=node-1 GET /ha/state
[1772535952501] api request success: node=node-1 GET /ha/state status=200
[1772535952501] api request start: node=node-2 GET /ha/state
[1772535952502] api request success: node=node-2 GET /ha/state status=200
[1772535952502] api request start: node=node-3 GET /ha/state
[1772535952503] api request success: node=node-3 GET /ha/state status=200
[1772535952584] api request start: node=node-1 GET /ha/state
[1772535952586] api request success: node=node-1 GET /ha/state status=200
[1772535952586] api request start: node=node-2 GET /ha/state
[1772535952589] api request success: node=node-2 GET /ha/state status=200
[1772535952590] api request start: node=node-3 GET /ha/state
[1772535952591] api request success: node=node-3 GET /ha/state status=200
[1772535952814] api request start: node=node-1 GET /ha/state
[1772535952934] api request success: node=node-1 GET /ha/state status=200
[1772535952934] api request start: node=node-2 GET /ha/state
[1772535952936] api request success: node=node-2 GET /ha/state status=200
[1772535952936] api request start: node=node-3 GET /ha/state
[1772535952937] api request success: node=node-3 GET /ha/state status=200
[1772535953013] api request start: node=node-1 GET /ha/state
[1772535953014] api request success: node=node-1 GET /ha/state status=200
[1772535953014] api request start: node=node-2 GET /ha/state
[1772535953014] api request success: node=node-2 GET /ha/state status=200
[1772535953014] api request start: node=node-3 GET /ha/state
[1772535953014] api request success: node=node-3 GET /ha/state status=200
[1772535953139] api request start: node=node-1 GET /ha/state
[1772535953373] api request success: node=node-1 GET /ha/state status=200
[1772535953373] api request start: node=node-2 GET /ha/state
[1772535953375] api request success: node=node-2 GET /ha/state status=200
[1772535953375] api request start: node=node-3 GET /ha/state
[1772535953382] api request success: node=node-3 GET /ha/state status=200
[1772535953459] api request start: node=node-1 GET /ha/state
[1772535953460] api request success: node=node-1 GET /ha/state status=200
[1772535953460] api request start: node=node-2 GET /ha/state
[1772535953460] api request success: node=node-2 GET /ha/state status=200
[1772535953460] api request start: node=node-3 GET /ha/state
[1772535953461] api request success: node=node-3 GET /ha/state status=200
[1772535953583] api request start: node=node-1 GET /ha/state
[1772535953905] api request success: node=node-1 GET /ha/state status=200
[1772535953905] api request start: node=node-2 GET /ha/state
[1772535953906] api request success: node=node-2 GET /ha/state status=200
[1772535953906] api request start: node=node-3 GET /ha/state
[1772535953906] api request success: node=node-3 GET /ha/state status=200
[1772535953984] api request start: node=node-1 GET /ha/state
[1772535953985] api request success: node=node-1 GET /ha/state status=200
[1772535953985] api request start: node=node-2 GET /ha/state
[1772535953986] api request success: node=node-2 GET /ha/state status=200
[1772535953986] api request start: node=node-3 GET /ha/state
[1772535953986] api request success: node=node-3 GET /ha/state status=200
[1772535954116] api request start: node=node-1 GET /ha/state
[1772535954243] api request success: node=node-1 GET /ha/state status=200
[1772535954243] api request start: node=node-2 GET /ha/state
[1772535954244] api request success: node=node-2 GET /ha/state status=200
[1772535954244] api request start: node=node-3 GET /ha/state
[1772535954245] api request success: node=node-3 GET /ha/state status=200
[1772535954323] api request start: node=node-1 GET /ha/state
[1772535954324] api request success: node=node-1 GET /ha/state status=200
[1772535954324] api request start: node=node-2 GET /ha/state
[1772535954324] api request success: node=node-2 GET /ha/state status=200
[1772535954324] api request start: node=node-3 GET /ha/state
[1772535954325] api request success: node=node-3 GET /ha/state status=200
[1772535954444] api request start: node=node-1 GET /ha/state
[1772535954575] api request success: node=node-1 GET /ha/state status=200
[1772535954575] api request start: node=node-2 GET /ha/state
[1772535954576] api request success: node=node-2 GET /ha/state status=200
[1772535954576] api request start: node=node-3 GET /ha/state
[1772535954577] api request success: node=node-3 GET /ha/state status=200
[1772535954653] api request start: node=node-1 GET /ha/state
[1772535954654] api request success: node=node-1 GET /ha/state status=200
[1772535954654] api request start: node=node-2 GET /ha/state
[1772535954889] api request success: node=node-2 GET /ha/state status=200
[1772535954889] api request start: node=node-3 GET /ha/state
[1772535954897] api request success: node=node-3 GET /ha/state status=200
[1772535954976] api request start: node=node-1 GET /ha/state
[1772535954977] api request success: node=node-1 GET /ha/state status=200
[1772535954977] api request start: node=node-2 GET /ha/state
[1772535954977] api request success: node=node-2 GET /ha/state status=200
[1772535954977] api request start: node=node-3 GET /ha/state
[1772535954978] api request success: node=node-3 GET /ha/state status=200
[1772535955104] api request start: node=node-1 GET /ha/state
[1772535955449] api request success: node=node-1 GET /ha/state status=200
[1772535955449] api request start: node=node-2 GET /ha/state
[1772535955450] api request success: node=node-2 GET /ha/state status=200
[1772535955450] api request start: node=node-3 GET /ha/state
[1772535955451] api request success: node=node-3 GET /ha/state status=200
[1772535955527] api request start: node=node-1 GET /ha/state
[1772535955527] api request success: node=node-1 GET /ha/state status=200
[1772535955527] api request start: node=node-2 GET /ha/state
[1772535955528] api request success: node=node-2 GET /ha/state status=200
[1772535955528] api request start: node=node-3 GET /ha/state
[1772535955528] api request success: node=node-3 GET /ha/state status=200
[1772535955663] api request start: node=node-1 GET /ha/state
[1772535955980] api request success: node=node-1 GET /ha/state status=200
[1772535955980] api request start: node=node-2 GET /ha/state
[1772535955980] api request success: node=node-2 GET /ha/state status=200
[1772535955980] api request start: node=node-3 GET /ha/state
[1772535955981] api request success: node=node-3 GET /ha/state status=200
[1772535958341] sql workload stopped: scenario=ha-e2e-stress-unassisted-failover-concurrent-sql committed=12 unique_keys=12 transient=368 fencing=0 hard=0
[1772535958378] stress failover key integrity verified on node-3 with row_count=1