[1772537021212] stress switchover bootstrap: wait for stable primary
[1772537021212] api request start: node=node-1 GET /ha/state
[1772537021635] api request success: node=node-1 GET /ha/state status=200
[1772537021635] api request start: node=node-2 GET /ha/state
[1772537021635] api request success: node=node-2 GET /ha/state status=200
[1772537021635] api request start: node=node-3 GET /ha/state
[1772537021636] api request success: node=node-3 GET /ha/state status=200
[1772537021636] stable-primary poll states: node-1:Primary:leader=node-1, node-2:Replica:leader=node-1, node-3:WaitingPostgresReachable:leader=node-1
[1772537021736] api request start: node=node-1 GET /ha/state
[1772537022062] api request success: node=node-1 GET /ha/state status=200
[1772537022062] api request start: node=node-2 GET /ha/state
[1772537022063] api request success: node=node-2 GET /ha/state status=200
[1772537022063] api request start: node=node-3 GET /ha/state
[1772537022063] api request success: node=node-3 GET /ha/state status=200
[1772537022263] api request start: node=node-1 GET /ha/state
[1772537022484] api request success: node=node-1 GET /ha/state status=200
[1772537022484] api request start: node=node-2 GET /ha/state
[1772537022485] api request success: node=node-2 GET /ha/state status=200
[1772537022485] api request start: node=node-3 GET /ha/state
[1772537022485] api request success: node=node-3 GET /ha/state status=200
[1772537022485] stable-primary poll states: node-1:Primary:leader=node-1, node-2:Replica:leader=node-1, node-3:Replica:leader=node-1
[1772537022698] api request start: node=node-1 GET /ha/state
[1772537022925] api request success: node=node-1 GET /ha/state status=200
[1772537022925] api request start: node=node-2 GET /ha/state
[1772537022926] api request success: node=node-2 GET /ha/state status=200
[1772537022926] api request start: node=node-3 GET /ha/state
[1772537022927] api request success: node=node-3 GET /ha/state status=200
[1772537023136] api request start: node=node-1 GET /ha/state
[1772537023358] api request success: node=node-1 GET /ha/state status=200
[1772537023358] api request start: node=node-2 GET /ha/state
[1772537023358] api request success: node=node-2 GET /ha/state status=200
[1772537023358] api request start: node=node-3 GET /ha/state
[1772537023359] api request success: node=node-3 GET /ha/state status=200
[1772537023390] sql workload started: scenario=ha-e2e-stress-planned-switchover-concurrent-sql table=ha_stress_switchover workers=4 interval_ms=250
[1772537026392] stress switchover: trigger API switchover while workload is active
[1772537026392] api request start: node=node-1 POST /switchover
[1772537026435] api request success: node=node-1 POST /switchover status=202
[1772537026435] api request start: node=node-1 GET /ha/state
[1772537026994] api request success: node=node-1 GET /ha/state status=200
[1772537026994] api request start: node=node-2 GET /ha/state
[1772537027099] api request success: node=node-2 GET /ha/state status=200
[1772537027099] api request start: node=node-3 GET /ha/state
[1772537027100] api request success: node=node-3 GET /ha/state status=200
[1772537027311] api request start: node=node-1 GET /ha/state
[1772537027637] api request success: node=node-1 GET /ha/state status=200
[1772537027637] api request start: node=node-2 GET /ha/state
[1772537027638] api request success: node=node-2 GET /ha/state status=200
[1772537027638] api request start: node=node-3 GET /ha/state
[1772537027638] api request success: node=node-3 GET /ha/state status=200
[1772537027957] api request start: node=node-1 GET /ha/state
[1772537028076] api request success: node=node-1 GET /ha/state status=200
[1772537028076] api request start: node=node-2 GET /ha/state
[1772537028077] api request success: node=node-2 GET /ha/state status=200
[1772537028077] api request start: node=node-3 GET /ha/state
[1772537028077] api request success: node=node-3 GET /ha/state status=200
[1772537028280] api request start: node=node-1 GET /ha/state
[1772537028617] api request success: node=node-1 GET /ha/state status=200
[1772537028617] api request start: node=node-2 GET /ha/state
[1772537028618] api request success: node=node-2 GET /ha/state status=200
[1772537028618] api request start: node=node-3 GET /ha/state
[1772537028619] api request success: node=node-3 GET /ha/state status=200
[1772537028828] api request start: node=node-1 GET /ha/state
[1772537029160] api request success: node=node-1 GET /ha/state status=200
[1772537029160] api request start: node=node-2 GET /ha/state
[1772537029161] api request success: node=node-2 GET /ha/state status=200
[1772537029161] api request start: node=node-3 GET /ha/state
[1772537029161] api request success: node=node-3 GET /ha/state status=200
[1772537029479] api request start: node=node-1 GET /ha/state
[1772537029586] api request success: node=node-1 GET /ha/state status=200
[1772537029586] api request start: node=node-2 GET /ha/state
[1772537029586] api request success: node=node-2 GET /ha/state status=200
[1772537029586] api request start: node=node-3 GET /ha/state
[1772537029587] api request success: node=node-3 GET /ha/state status=200
[1772537029801] api request start: node=node-1 GET /ha/state
[1772537030133] api request success: node=node-1 GET /ha/state status=200
[1772537030133] api request start: node=node-2 GET /ha/state
[1772537030133] api request success: node=node-2 GET /ha/state status=200
[1772537030133] api request start: node=node-3 GET /ha/state
[1772537030134] api request success: node=node-3 GET /ha/state status=200
[1772537030342] api request start: node=node-1 GET /ha/state
[1772537030665] api request success: node=node-1 GET /ha/state status=200
[1772537030665] api request start: node=node-2 GET /ha/state
[1772537030665] api request success: node=node-2 GET /ha/state status=200
[1772537030665] api request start: node=node-3 GET /ha/state
[1772537030665] api request success: node=node-3 GET /ha/state status=200
[1772537031089] api request start: node=node-1 GET /ha/state
[1772537031098] api request success: node=node-1 GET /ha/state status=200
[1772537031098] api request start: node=node-2 GET /ha/state
[1772537031098] api request success: node=node-2 GET /ha/state status=200
[1772537031098] api request start: node=node-3 GET /ha/state
[1772537031099] api request success: node=node-3 GET /ha/state status=200
[1772537031300] api request start: node=node-1 GET /ha/state
[1772537031629] api request success: node=node-1 GET /ha/state status=200
[1772537031629] api request start: node=node-2 GET /ha/state
[1772537031630] api request success: node=node-2 GET /ha/state status=200
[1772537031630] api request start: node=node-3 GET /ha/state
[1772537031631] api request success: node=node-3 GET /ha/state status=200
[1772537031853] api request start: node=node-1 GET /ha/state
[1772537031963] api request success: node=node-1 GET /ha/state status=200
[1772537031963] api request start: node=node-2 GET /ha/state
[1772537031964] api request success: node=node-2 GET /ha/state status=200
[1772537031964] api request start: node=node-3 GET /ha/state
[1772537031964] api request success: node=node-3 GET /ha/state status=200
[1772537032171] api request start: node=node-1 GET /ha/state
[1772537032504] api request success: node=node-1 GET /ha/state status=200
[1772537032504] api request start: node=node-2 GET /ha/state
[1772537032504] api request success: node=node-2 GET /ha/state status=200
[1772537032504] api request start: node=node-3 GET /ha/state
[1772537032505] api request success: node=node-3 GET /ha/state status=200
[1772537032820] api request start: node=node-1 GET /ha/state
[1772537032944] api request success: node=node-1 GET /ha/state status=200
[1772537032944] api request start: node=node-2 GET /ha/state
[1772537032945] api request success: node=node-2 GET /ha/state status=200
[1772537032945] api request start: node=node-3 GET /ha/state
[1772537032946] api request success: node=node-3 GET /ha/state status=200
[1772537033145] api request start: node=node-1 GET /ha/state
[1772537033372] api request success: node=node-1 GET /ha/state status=200
[1772537033372] api request start: node=node-2 GET /ha/state
[1772537033373] api request success: node=node-2 GET /ha/state status=200
[1772537033373] api request start: node=node-3 GET /ha/state
[1772537033374] api request success: node=node-3 GET /ha/state status=200
[1772537033689] api request start: node=node-1 GET /ha/state
[1772537033693] api request success: node=node-1 GET /ha/state status=200
[1772537033693] api request start: node=node-2 GET /ha/state
[1772537033693] api request success: node=node-2 GET /ha/state status=200
[1772537033693] api request start: node=node-3 GET /ha/state
[1772537033694] api request success: node=node-3 GET /ha/state status=200
[1772537033895] api request start: node=node-1 GET /ha/state
[1772537034131] api request success: node=node-1 GET /ha/state status=200
[1772537034131] api request start: node=node-2 GET /ha/state
[1772537034131] api request success: node=node-2 GET /ha/state status=200
[1772537034131] api request start: node=node-3 GET /ha/state
[1772537034132] api request success: node=node-3 GET /ha/state status=200
[1772537034337] api request start: node=node-1 GET /ha/state
[1772537034671] api request success: node=node-1 GET /ha/state status=200
[1772537034671] api request start: node=node-2 GET /ha/state
[1772537034672] api request success: node=node-2 GET /ha/state status=200
[1772537034672] api request start: node=node-3 GET /ha/state
[1772537034673] api request success: node=node-3 GET /ha/state status=200
[1772537034673] api request start: node=node-1 GET /ha/state
[1772537034674] api request success: node=node-1 GET /ha/state status=200
[1772537034674] api request start: node=node-2 GET /ha/state
[1772537034674] api request success: node=node-2 GET /ha/state status=200
[1772537034674] api request start: node=node-3 GET /ha/state
[1772537034675] api request success: node=node-3 GET /ha/state status=200
[1772537034675] stable-primary poll states: node-1:WaitingPostgresReachable:leader=node-3, node-2:Replica:leader=node-3, node-3:Primary:leader=node-3
[1772537034883] api request start: node=node-1 GET /ha/state
[1772537035005] api request success: node=node-1 GET /ha/state status=200
[1772537035005] api request start: node=node-2 GET /ha/state
[1772537035006] api request success: node=node-2 GET /ha/state status=200
[1772537035006] api request start: node=node-3 GET /ha/state
[1772537035006] api request success: node=node-3 GET /ha/state status=200
[1772537035205] api request start: node=node-1 GET /ha/state
[1772537035427] api request success: node=node-1 GET /ha/state status=200
[1772537035427] api request start: node=node-2 GET /ha/state
[1772537035428] api request success: node=node-2 GET /ha/state status=200
[1772537035428] api request start: node=node-3 GET /ha/state
[1772537035428] api request success: node=node-3 GET /ha/state status=200
[1772537035534] api request start: node=node-1 GET /ha/state
[1772537035870] api request success: node=node-1 GET /ha/state status=200
[1772537035870] api request start: node=node-2 GET /ha/state
[1772537035871] api request success: node=node-2 GET /ha/state status=200
[1772537035871] api request start: node=node-3 GET /ha/state
[1772537035872] api request success: node=node-3 GET /ha/state status=200
[1772537036070] api request start: node=node-1 GET /ha/state
[1772537036305] api request success: node=node-1 GET /ha/state status=200
[1772537036305] api request start: node=node-2 GET /ha/state
[1772537036306] api request success: node=node-2 GET /ha/state status=200
[1772537036306] api request start: node=node-3 GET /ha/state
[1772537036307] api request success: node=node-3 GET /ha/state status=200
[1772537036307] api request start: node=node-1 GET /ha/state
[1772537036307] api request success: node=node-1 GET /ha/state status=200
[1772537036307] api request start: node=node-1 GET /ha/state
[1772537036307] api request success: node=node-1 GET /ha/state status=200
[1772537036307] api request start: node=node-2 GET /ha/state
[1772537036307] api request success: node=node-2 GET /ha/state status=200
[1772537036307] api request start: node=node-3 GET /ha/state
[1772537036308] api request success: node=node-3 GET /ha/state status=200
[1772537036385] api request start: node=node-1 GET /ha/state
[1772537036387] api request success: node=node-1 GET /ha/state status=200
[1772537036387] api request start: node=node-2 GET /ha/state
[1772537036388] api request success: node=node-2 GET /ha/state status=200
[1772537036388] api request start: node=node-3 GET /ha/state
[1772537036389] api request success: node=node-3 GET /ha/state status=200
[1772537036613] api request start: node=node-1 GET /ha/state
[1772537036721] api request success: node=node-1 GET /ha/state status=200
[1772537036721] api request start: node=node-2 GET /ha/state
[1772537036721] api request success: node=node-2 GET /ha/state status=200
[1772537036722] api request start: node=node-3 GET /ha/state
[1772537036722] api request success: node=node-3 GET /ha/state status=200
[1772537036800] api request start: node=node-1 GET /ha/state
[1772537036800] api request success: node=node-1 GET /ha/state status=200
[1772537036800] api request start: node=node-2 GET /ha/state
[1772537036801] api request success: node=node-2 GET /ha/state status=200
[1772537036801] api request start: node=node-3 GET /ha/state
[1772537036801] api request success: node=node-3 GET /ha/state status=200
[1772537036925] api request start: node=node-1 GET /ha/state
[1772537037263] api request success: node=node-1 GET /ha/state status=200
[1772537037263] api request start: node=node-2 GET /ha/state
[1772537037264] api request success: node=node-2 GET /ha/state status=200
[1772537037264] api request start: node=node-3 GET /ha/state
[1772537037264] api request success: node=node-3 GET /ha/state status=200
[1772537037364] api request start: node=node-1 GET /ha/state
[1772537037490] api request success: node=node-1 GET /ha/state status=200
[1772537037490] api request start: node=node-2 GET /ha/state
[1772537037491] api request success: node=node-2 GET /ha/state status=200
[1772537037491] api request start: node=node-3 GET /ha/state
[1772537037492] api request success: node=node-3 GET /ha/state status=200
[1772537037569] api request start: node=node-1 GET /ha/state
[1772537037571] api request success: node=node-1 GET /ha/state status=200
[1772537037571] api request start: node=node-2 GET /ha/state
[1772537037571] api request success: node=node-2 GET /ha/state status=200
[1772537037571] api request start: node=node-3 GET /ha/state
[1772537037572] api request success: node=node-3 GET /ha/state status=200
[1772537037704] api request start: node=node-1 GET /ha/state
[1772537037920] api request success: node=node-1 GET /ha/state status=200
[1772537037920] api request start: node=node-2 GET /ha/state
[1772537037922] api request success: node=node-2 GET /ha/state status=200
[1772537037922] api request start: node=node-3 GET /ha/state
[1772537037925] api request success: node=node-3 GET /ha/state status=200
[1772537038002] api request start: node=node-1 GET /ha/state
[1772537038002] api request success: node=node-1 GET /ha/state status=200
[1772537038003] api request start: node=node-2 GET /ha/state
[1772537038003] api request success: node=node-2 GET /ha/state status=200
[1772537038003] api request start: node=node-3 GET /ha/state
[1772537038003] api request success: node=node-3 GET /ha/state status=200
[1772537038128] api request start: node=node-1 GET /ha/state
[1772537038458] api request success: node=node-1 GET /ha/state status=200
[1772537038458] api request start: node=node-2 GET /ha/state
[1772537038459] api request success: node=node-2 GET /ha/state status=200
[1772537038459] api request start: node=node-3 GET /ha/state
[1772537038460] api request success: node=node-3 GET /ha/state status=200
[1772537038536] api request start: node=node-1 GET /ha/state
[1772537038537] api request success: node=node-1 GET /ha/state status=200
[1772537038537] api request start: node=node-2 GET /ha/state
[1772537038537] api request success: node=node-2 GET /ha/state status=200
[1772537038537] api request start: node=node-3 GET /ha/state
[1772537038538] api request success: node=node-3 GET /ha/state status=200
[1772537038670] api request start: node=node-1 GET /ha/state
[1772537038800] api request success: node=node-1 GET /ha/state status=200
[1772537038800] api request start: node=node-2 GET /ha/state
[1772537038800] api request success: node=node-2 GET /ha/state status=200
[1772537038800] api request start: node=node-3 GET /ha/state
[1772537038801] api request success: node=node-3 GET /ha/state status=200
[1772537038878] api request start: node=node-1 GET /ha/state
[1772537038878] api request success: node=node-1 GET /ha/state status=200
[1772537038878] api request start: node=node-2 GET /ha/state
[1772537038879] api request success: node=node-2 GET /ha/state status=200
[1772537038879] api request start: node=node-3 GET /ha/state
[1772537038879] api request success: node=node-3 GET /ha/state status=200
[1772537038983] api request start: node=node-1 GET /ha/state
[1772537039308] api request success: node=node-1 GET /ha/state status=200
[1772537039308] api request start: node=node-2 GET /ha/state
[1772537039309] api request success: node=node-2 GET /ha/state status=200
[1772537039309] api request start: node=node-3 GET /ha/state
[1772537039310] api request success: node=node-3 GET /ha/state status=200
[1772537039385] api request start: node=node-1 GET /ha/state
[1772537039386] api request success: node=node-1 GET /ha/state status=200
[1772537039386] api request start: node=node-2 GET /ha/state
[1772537039387] api request success: node=node-2 GET /ha/state status=200
[1772537039387] api request start: node=node-3 GET /ha/state
[1772537039387] api request success: node=node-3 GET /ha/state status=200
[1772537039517] api request start: node=node-1 GET /ha/state
[1772537039852] api request success: node=node-1 GET /ha/state status=200
[1772537039852] api request start: node=node-2 GET /ha/state
[1772537039857] api request success: node=node-2 GET /ha/state status=200
[1772537039857] api request start: node=node-3 GET /ha/state
[1772537039859] api request success: node=node-3 GET /ha/state status=200
[1772537039938] api request start: node=node-1 GET /ha/state
[1772537039939] api request success: node=node-1 GET /ha/state status=200
[1772537039939] api request start: node=node-2 GET /ha/state
[1772537039939] api request success: node=node-2 GET /ha/state status=200
[1772537039939] api request start: node=node-3 GET /ha/state
[1772537039940] api request success: node=node-3 GET /ha/state status=200
[1772537040171] api request start: node=node-1 GET /ha/state
[1772537040295] api request success: node=node-1 GET /ha/state status=200
[1772537040296] api request start: node=node-2 GET /ha/state
[1772537040296] api request success: node=node-2 GET /ha/state status=200
[1772537040296] api request start: node=node-3 GET /ha/state
[1772537040297] api request success: node=node-3 GET /ha/state status=200
[1772537040374] api request start: node=node-1 GET /ha/state
[1772537040375] api request success: node=node-1 GET /ha/state status=200
[1772537040375] api request start: node=node-2 GET /ha/state
[1772537040375] api request success: node=node-2 GET /ha/state status=200
[1772537040375] api request start: node=node-3 GET /ha/state
[1772537040376] api request success: node=node-3 GET /ha/state status=200
[1772537040496] api request start: node=node-1 GET /ha/state
[1772537040824] api request success: node=node-1 GET /ha/state status=200
[1772537040824] api request start: node=node-2 GET /ha/state
[1772537040825] api request success: node=node-2 GET /ha/state status=200
[1772537040825] api request start: node=node-3 GET /ha/state
[1772537040826] api request success: node=node-3 GET /ha/state status=200
[1772537040903] api request start: node=node-1 GET /ha/state
[1772537040904] api request success: node=node-1 GET /ha/state status=200
[1772537040904] api request start: node=node-2 GET /ha/state
[1772537040905] api request success: node=node-2 GET /ha/state status=200
[1772537040905] api request start: node=node-3 GET /ha/state
[1772537040906] api request success: node=node-3 GET /ha/state status=200
[1772537041176] api request start: node=node-1 GET /ha/state
[1772537041293] api request success: node=node-1 GET /ha/state status=200
[1772537041293] api request start: node=node-2 GET /ha/state
[1772537041293] api request success: node=node-2 GET /ha/state status=200
[1772537041293] api request start: node=node-3 GET /ha/state
[1772537041296] api request success: node=node-3 GET /ha/state status=200
[1772537041372] api request start: node=node-1 GET /ha/state
[1772537041373] api request success: node=node-1 GET /ha/state status=200
[1772537041373] api request start: node=node-2 GET /ha/state
[1772537041374] api request success: node=node-2 GET /ha/state status=200
[1772537041374] api request start: node=node-3 GET /ha/state
[1772537041374] api request success: node=node-3 GET /ha/state status=200
[1772537044032] sql workload stopped: scenario=ha-e2e-stress-planned-switchover-concurrent-sql committed=12 unique_keys=12 transient=296 fencing=0 hard=0
[1772537044157] stress switchover key integrity verified on node-3 with row_count=2