[1772538263046] stress no-quorum bootstrap: wait for stable primary
[1772538263046] api request start: node=node-1 GET /ha/state
[1772538263146] api request success: node=node-1 GET /ha/state status=200
[1772538263146] api request start: node=node-2 GET /ha/state
[1772538263146] api request success: node=node-2 GET /ha/state status=200
[1772538263146] api request start: node=node-3 GET /ha/state
[1772538263147] api request success: node=node-3 GET /ha/state status=200
[1772538263147] stable-primary poll states: node-1:Primary:leader=node-1, node-2:WaitingPostgresReachable:leader=node-1, node-3:WaitingPostgresReachable:leader=node-1
[1772538263361] api request start: node=node-1 GET /ha/state
[1772538263582] api request success: node=node-1 GET /ha/state status=200
[1772538263583] api request start: node=node-2 GET /ha/state
[1772538263583] api request success: node=node-2 GET /ha/state status=200
[1772538263583] api request start: node=node-3 GET /ha/state
[1772538263584] api request success: node=node-3 GET /ha/state status=200
[1772538263585] stable-primary poll states: node-1:Primary:leader=node-1, node-2:Replica:leader=node-1, node-3:WaitingPostgresReachable:leader=node-1
[1772538263793] api request start: node=node-1 GET /ha/state
[1772538264033] api request success: node=node-1 GET /ha/state status=200
[1772538264033] api request start: node=node-2 GET /ha/state
[1772538264035] api request success: node=node-2 GET /ha/state status=200
[1772538264035] api request start: node=node-3 GET /ha/state
[1772538264036] api request success: node=node-3 GET /ha/state status=200
[1772538264036] stable-primary poll states: node-1:Primary:leader=node-1, node-2:Replica:leader=node-1, node-3:Replica:leader=node-1
[1772538264243] api request start: node=node-1 GET /ha/state
[1772538264469] api request success: node=node-1 GET /ha/state status=200
[1772538264469] api request start: node=node-2 GET /ha/state
[1772538264470] api request success: node=node-2 GET /ha/state status=200
[1772538264470] api request start: node=node-3 GET /ha/state
[1772538264471] api request success: node=node-3 GET /ha/state status=200
[1772538264679] api request start: node=node-1 GET /ha/state
[1772538264910] api request success: node=node-1 GET /ha/state status=200
[1772538264915] api request start: node=node-2 GET /ha/state
[1772538264916] api request success: node=node-2 GET /ha/state status=200
[1772538264916] api request start: node=node-3 GET /ha/state
[1772538264917] api request success: node=node-3 GET /ha/state status=200
[1772538265340] sql workload started: scenario=ha-e2e-stress-no-quorum-fencing-concurrent-sql table=ha_stress_fencing workers=4 interval_ms=250
[1772538268381] stress no-quorum: stop etcd majority while workload active
[1772538278714] stress no-quorum members stopped: etcd-a,etcd-b
[1772538278714] api request start: node=node-1 GET /ha/state
[1772538278716] api request success: node=node-1 GET /ha/state status=200
[1772538278716] api request start: node=node-2 GET /ha/state
[1772538278717] api request success: node=node-2 GET /ha/state status=200
[1772538278717] api request start: node=node-3 GET /ha/state
[1772538278717] api request success: node=node-3 GET /ha/state status=200
[1772538278717] api request start: node=node-1 GET /ha/state
[1772538278718] api request success: node=node-1 GET /ha/state status=200
[1772538278718] api request start: node=node-2 GET /ha/state
[1772538278718] api request success: node=node-2 GET /ha/state status=200
[1772538278718] api request start: node=node-3 GET /ha/state
[1772538278718] api request success: node=node-3 GET /ha/state status=200
[1772538283818] api request start: node=node-1 GET /ha/state
[1772538300797] api request success: node=node-1 GET /ha/state status=200
[1772538300798] api request start: node=node-2 GET /ha/state
[1772538319779] api request success: node=node-2 GET /ha/state status=200
[1772538319779] api request start: node=node-3 GET /ha/state
[1772538336053] api request success: node=node-3 GET /ha/state status=200
[1772538367435] sql workload stopped: scenario=ha-e2e-stress-no-quorum-fencing-concurrent-sql committed=34 unique_keys=34 transient=130 fencing=0 hard=0
[1772538385538] stress no-quorum key integrity verified on node-1 with row_count=34