[1772536816754] stress no-quorum bootstrap: wait for stable primary
[1772536816754] api request start: node=node-1 GET /ha/state
[1772536816956] api request success: node=node-1 GET /ha/state status=200
[1772536816956] api request start: node=node-2 GET /ha/state
[1772536816956] api request success: node=node-2 GET /ha/state status=200
[1772536816956] api request start: node=node-3 GET /ha/state
[1772536816957] api request success: node=node-3 GET /ha/state status=200
[1772536816957] stable-primary poll states: node-1:Primary:leader=node-1, node-2:WaitingPostgresReachable:leader=node-1, node-3:WaitingPostgresReachable:leader=node-1
[1772536817074] api request start: node=node-1 GET /ha/state
[1772536817381] api request success: node=node-1 GET /ha/state status=200
[1772536817381] api request start: node=node-2 GET /ha/state
[1772536817382] api request success: node=node-2 GET /ha/state status=200
[1772536817382] api request start: node=node-3 GET /ha/state
[1772536817383] api request success: node=node-3 GET /ha/state status=200
[1772536817383] stable-primary poll states: node-1:Primary:leader=node-1, node-2:Replica:leader=node-1, node-3:WaitingPostgresReachable:leader=node-1
[1772536817699] api request start: node=node-1 GET /ha/state
[1772536817808] api request success: node=node-1 GET /ha/state status=200
[1772536817808] api request start: node=node-2 GET /ha/state
[1772536817809] api request success: node=node-2 GET /ha/state status=200
[1772536817809] api request start: node=node-3 GET /ha/state
[1772536817811] api request success: node=node-3 GET /ha/state status=200
[1772536817811] stable-primary poll states: node-1:Primary:leader=node-1, node-2:Replica:leader=node-1, node-3:Replica:leader=node-1
[1772536818012] api request start: node=node-1 GET /ha/state
[1772536818223] api request success: node=node-1 GET /ha/state status=200
[1772536818223] api request start: node=node-2 GET /ha/state
[1772536818224] api request success: node=node-2 GET /ha/state status=200
[1772536818224] api request start: node=node-3 GET /ha/state
[1772536818224] api request success: node=node-3 GET /ha/state status=200
[1772536818643] api request start: node=node-1 GET /ha/state
[1772536818646] api request success: node=node-1 GET /ha/state status=200
[1772536818646] api request start: node=node-2 GET /ha/state
[1772536818646] api request success: node=node-2 GET /ha/state status=200
[1772536818647] api request start: node=node-3 GET /ha/state
[1772536818647] api request success: node=node-3 GET /ha/state status=200
[1772536818691] sql workload started: scenario=ha-e2e-stress-no-quorum-fencing-concurrent-sql table=ha_stress_fencing workers=4 interval_ms=250
[1772536821776] stress no-quorum: stop etcd majority while workload active
[1772536832117] stress no-quorum members stopped: etcd-a,etcd-b
[1772536832117] api request start: node=node-1 GET /ha/state
[1772536832118] api request success: node=node-1 GET /ha/state status=200
[1772536832118] api request start: node=node-2 GET /ha/state
[1772536832123] api request success: node=node-2 GET /ha/state status=200
[1772536832124] api request start: node=node-3 GET /ha/state
[1772536832124] api request success: node=node-3 GET /ha/state status=200
[1772536832304] api request start: node=node-1 GET /ha/state
[1772536842949] api request success: node=node-1 GET /ha/state status=200
[1772536842950] api request start: node=node-2 GET /ha/state
[1772536868059] api request success: node=node-2 GET /ha/state status=200
[1772536868060] api request start: node=node-3 GET /ha/state
[1772536890825] api request success: node=node-3 GET /ha/state status=200
[1772536890825] api request start: node=node-1 GET /ha/state
[1772536916072] api request success: node=node-1 GET /ha/state status=200
[1772536916073] api request start: node=node-2 GET /ha/state
[1772536937442] api request success: node=node-2 GET /ha/state status=200
[1772536937442] api request start: node=node-3 GET /ha/state
[1772536960308] api request success: node=node-3 GET /ha/state status=200
[1772536979251] sql workload stopped: scenario=ha-e2e-stress-no-quorum-fencing-concurrent-sql committed=51 unique_keys=51 transient=202 fencing=0 hard=0
[1772537006792] stress no-quorum key integrity verified on node-1 with row_count=51