[1772538792123] stress failover bootstrap: wait for stable primary
[1772538792123] api request start: node=node-1 GET /ha/state
[1772538792220] api request success: node=node-1 GET /ha/state status=200
[1772538792220] api request start: node=node-2 GET /ha/state
[1772538792220] api request success: node=node-2 GET /ha/state status=200
[1772538792220] api request start: node=node-3 GET /ha/state
[1772538792221] api request success: node=node-3 GET /ha/state status=200
[1772538792221] stable-primary poll states: node-1:Primary:leader=node-1, node-2:WaitingPostgresReachable:leader=node-1, node-3:WaitingPostgresReachable:leader=node-1
[1772538792322] api request start: node=node-1 GET /ha/state
[1772538792631] api request success: node=node-1 GET /ha/state status=200
[1772538792631] api request start: node=node-2 GET /ha/state
[1772538792631] api request success: node=node-2 GET /ha/state status=200
[1772538792631] api request start: node=node-3 GET /ha/state
[1772538792631] api request success: node=node-3 GET /ha/state status=200
[1772538792631] stable-primary poll states: node-1:Primary:leader=node-1, node-2:Replica:leader=node-1, node-3:WaitingPostgresReachable:leader=node-1
[1772538792835] api request start: node=node-1 GET /ha/state
[1772538792938] api request success: node=node-1 GET /ha/state status=200
[1772538792938] api request start: node=node-2 GET /ha/state
[1772538792938] api request success: node=node-2 GET /ha/state status=200
[1772538792938] api request start: node=node-3 GET /ha/state
[1772538792938] api request success: node=node-3 GET /ha/state status=200
[1772538792938] stable-primary poll states: node-1:Primary:leader=node-1, node-2:Replica:leader=node-1, node-3:Replica:leader=node-1
[1772538793140] api request start: node=node-1 GET /ha/state
[1772538793347] api request success: node=node-1 GET /ha/state status=200
[1772538793347] api request start: node=node-2 GET /ha/state
[1772538793348] api request success: node=node-2 GET /ha/state status=200
[1772538793348] api request start: node=node-3 GET /ha/state
[1772538793348] api request success: node=node-3 GET /ha/state status=200
[1772538793755] api request start: node=node-1 GET /ha/state
[1772538793756] api request success: node=node-1 GET /ha/state status=200
[1772538793756] api request start: node=node-2 GET /ha/state
[1772538793756] api request success: node=node-2 GET /ha/state status=200
[1772538793756] api request start: node=node-3 GET /ha/state
[1772538793756] api request success: node=node-3 GET /ha/state status=200
[1772538793770] sql workload started: scenario=ha-e2e-stress-unassisted-failover-concurrent-sql table=ha_stress_failover workers=4 interval_ms=250
[1772538796844] stress failover: stop postgres on bootstrap primary node-1
[1772538797051] api request start: node=node-1 GET /ha/state
[1772538797465] api request success: node=node-1 GET /ha/state status=200
[1772538797465] api request start: node=node-2 GET /ha/state
[1772538797465] api request success: node=node-2 GET /ha/state status=200
[1772538797465] api request start: node=node-3 GET /ha/state
[1772538797466] api request success: node=node-3 GET /ha/state status=200
[1772538797877] api request start: node=node-1 GET /ha/state
[1772538797986] api request success: node=node-1 GET /ha/state status=200
[1772538797986] api request start: node=node-2 GET /ha/state
[1772538797986] api request success: node=node-2 GET /ha/state status=200
[1772538797986] api request start: node=node-3 GET /ha/state
[1772538797986] api request success: node=node-3 GET /ha/state status=200
[1772538798286] api request start: node=node-1 GET /ha/state
[1772538798392] api request success: node=node-1 GET /ha/state status=200
[1772538798392] api request start: node=node-2 GET /ha/state
[1772538798392] api request success: node=node-2 GET /ha/state status=200
[1772538798392] api request start: node=node-3 GET /ha/state
[1772538798392] api request success: node=node-3 GET /ha/state status=200
[1772538798594] api request start: node=node-1 GET /ha/state
[1772538798803] api request success: node=node-1 GET /ha/state status=200
[1772538798803] api request start: node=node-2 GET /ha/state
[1772538798803] api request success: node=node-2 GET /ha/state status=200
[1772538798803] api request start: node=node-3 GET /ha/state
[1772538798803] api request success: node=node-3 GET /ha/state status=200
[1772538799109] api request start: node=node-1 GET /ha/state
[1772538799220] api request success: node=node-1 GET /ha/state status=200
[1772538799220] api request start: node=node-2 GET /ha/state
[1772538799221] api request success: node=node-2 GET /ha/state status=200
[1772538799221] api request start: node=node-3 GET /ha/state
[1772538799221] api request success: node=node-3 GET /ha/state status=200
[1772538799419] api request start: node=node-1 GET /ha/state
[1772538799745] api request success: node=node-1 GET /ha/state status=200
[1772538799745] api request start: node=node-2 GET /ha/state
[1772538799746] api request success: node=node-2 GET /ha/state status=200
[1772538799746] api request start: node=node-3 GET /ha/state
[1772538799747] api request success: node=node-3 GET /ha/state status=200
[1772538799945] api request start: node=node-1 GET /ha/state
[1772538800054] api request success: node=node-1 GET /ha/state status=200
[1772538800054] api request start: node=node-2 GET /ha/state
[1772538800054] api request success: node=node-2 GET /ha/state status=200
[1772538800054] api request start: node=node-3 GET /ha/state
[1772538800054] api request success: node=node-3 GET /ha/state status=200
[1772538800357] api request start: node=node-1 GET /ha/state
[1772538800566] api request success: node=node-1 GET /ha/state status=200
[1772538800566] api request start: node=node-2 GET /ha/state
[1772538800566] api request success: node=node-2 GET /ha/state status=200
[1772538800566] api request start: node=node-3 GET /ha/state
[1772538800566] api request success: node=node-3 GET /ha/state status=200
[1772538800769] api request start: node=node-1 GET /ha/state
[1772538801083] api request success: node=node-1 GET /ha/state status=200
[1772538801083] api request start: node=node-2 GET /ha/state
[1772538801083] api request success: node=node-2 GET /ha/state status=200
[1772538801083] api request start: node=node-3 GET /ha/state
[1772538801083] api request success: node=node-3 GET /ha/state status=200
[1772538801389] api request start: node=node-1 GET /ha/state
[1772538801495] api request success: node=node-1 GET /ha/state status=200
[1772538801495] api request start: node=node-2 GET /ha/state
[1772538801495] api request success: node=node-2 GET /ha/state status=200
[1772538801495] api request start: node=node-3 GET /ha/state
[1772538801495] api request success: node=node-3 GET /ha/state status=200
[1772538801698] api request start: node=node-1 GET /ha/state
[1772538801906] api request success: node=node-1 GET /ha/state status=200
[1772538801906] api request start: node=node-2 GET /ha/state
[1772538801906] api request success: node=node-2 GET /ha/state status=200
[1772538801906] api request start: node=node-3 GET /ha/state
[1772538801906] api request success: node=node-3 GET /ha/state status=200
[1772538802211] api request start: node=node-1 GET /ha/state
[1772538802417] api request success: node=node-1 GET /ha/state status=200
[1772538802417] api request start: node=node-2 GET /ha/state
[1772538802417] api request success: node=node-2 GET /ha/state status=200
[1772538802417] api request start: node=node-3 GET /ha/state
[1772538802417] api request success: node=node-3 GET /ha/state status=200
[1772538802619] api request start: node=node-1 GET /ha/state
[1772538802830] api request success: node=node-1 GET /ha/state status=200
[1772538802830] api request start: node=node-2 GET /ha/state
[1772538802830] api request success: node=node-2 GET /ha/state status=200
[1772538802830] api request start: node=node-3 GET /ha/state
[1772538802830] api request success: node=node-3 GET /ha/state status=200
[1772538803030] api request start: node=node-1 GET /ha/state
[1772538803339] api request success: node=node-1 GET /ha/state status=200
[1772538803339] api request start: node=node-2 GET /ha/state
[1772538803340] api request success: node=node-2 GET /ha/state status=200
[1772538803340] api request start: node=node-3 GET /ha/state
[1772538803340] api request success: node=node-3 GET /ha/state status=200
[1772538803645] api request start: node=node-1 GET /ha/state
[1772538803749] api request success: node=node-1 GET /ha/state status=200
[1772538803749] api request start: node=node-2 GET /ha/state
[1772538803749] api request success: node=node-2 GET /ha/state status=200
[1772538803749] api request start: node=node-3 GET /ha/state
[1772538803749] api request success: node=node-3 GET /ha/state status=200
[1772538803952] api request start: node=node-1 GET /ha/state
[1772538804262] api request success: node=node-1 GET /ha/state status=200
[1772538804262] api request start: node=node-2 GET /ha/state
[1772538804262] api request success: node=node-2 GET /ha/state status=200
[1772538804262] api request start: node=node-3 GET /ha/state
[1772538804262] api request success: node=node-3 GET /ha/state status=200
[1772538804464] api request start: node=node-1 GET /ha/state
[1772538804776] api request success: node=node-1 GET /ha/state status=200
[1772538804777] api request start: node=node-2 GET /ha/state
[1772538804777] api request success: node=node-2 GET /ha/state status=200
[1772538804777] api request start: node=node-3 GET /ha/state
[1772538804778] api request success: node=node-3 GET /ha/state status=200
[1772538805079] api request start: node=node-1 GET /ha/state
[1772538805188] api request success: node=node-1 GET /ha/state status=200
[1772538805188] api request start: node=node-2 GET /ha/state
[1772538805188] api request success: node=node-2 GET /ha/state status=200
[1772538805188] api request start: node=node-3 GET /ha/state
[1772538805189] api request success: node=node-3 GET /ha/state status=200
[1772538805389] api request start: node=node-1 GET /ha/state
[1772538805597] api request success: node=node-1 GET /ha/state status=200
[1772538805597] api request start: node=node-2 GET /ha/state
[1772538805597] api request success: node=node-2 GET /ha/state status=200
[1772538805597] api request start: node=node-3 GET /ha/state
[1772538805597] api request success: node=node-3 GET /ha/state status=200
[1772538805801] api request start: node=node-1 GET /ha/state
[1772538806112] api request success: node=node-1 GET /ha/state status=200
[1772538806112] api request start: node=node-2 GET /ha/state
[1772538806113] api request success: node=node-2 GET /ha/state status=200
[1772538806113] api request start: node=node-3 GET /ha/state
[1772538806114] api request success: node=node-3 GET /ha/state status=200
[1772538806316] api request start: node=node-1 GET /ha/state
[1772538806425] api request success: node=node-1 GET /ha/state status=200
[1772538806425] api request start: node=node-2 GET /ha/state
[1772538806426] api request success: node=node-2 GET /ha/state status=200
[1772538806426] api request start: node=node-3 GET /ha/state
[1772538806426] api request success: node=node-3 GET /ha/state status=200
[1772538806625] api request start: node=node-1 GET /ha/state
[1772538806832] api request success: node=node-1 GET /ha/state status=200
[1772538806832] api request start: node=node-2 GET /ha/state
[1772538806833] api request success: node=node-2 GET /ha/state status=200
[1772538806833] api request start: node=node-3 GET /ha/state
[1772538806833] api request success: node=node-3 GET /ha/state status=200
[1772538807033] api request start: node=node-1 GET /ha/state
[1772538807245] api request success: node=node-1 GET /ha/state status=200
[1772538807245] api request start: node=node-2 GET /ha/state
[1772538807245] api request success: node=node-2 GET /ha/state status=200
[1772538807245] api request start: node=node-3 GET /ha/state
[1772538807245] api request success: node=node-3 GET /ha/state status=200
[1772538807245] api request start: node=node-1 GET /ha/state
[1772538807246] api request success: node=node-1 GET /ha/state status=200
[1772538807246] api request start: node=node-2 GET /ha/state
[1772538807246] api request success: node=node-2 GET /ha/state status=200
[1772538807246] api request start: node=node-3 GET /ha/state
[1772538807246] api request success: node=node-3 GET /ha/state status=200
[1772538807246] stable-primary poll states: node-1:WaitingPostgresReachable:leader=node-2, node-2:Primary:leader=node-2, node-3:Replica:leader=node-2
[1772538807549] api request start: node=node-1 GET /ha/state
[1772538807554] api request success: node=node-1 GET /ha/state status=200
[1772538807554] api request start: node=node-2 GET /ha/state
[1772538807555] api request success: node=node-2 GET /ha/state status=200
[1772538807555] api request start: node=node-3 GET /ha/state
[1772538807555] api request success: node=node-3 GET /ha/state status=200
[1772538807759] api request start: node=node-1 GET /ha/state
[1772538807760] api request success: node=node-1 GET /ha/state status=200
[1772538807760] api request start: node=node-2 GET /ha/state
[1772538807760] api request success: node=node-2 GET /ha/state status=200
[1772538807760] api request start: node=node-3 GET /ha/state
[1772538807760] api request success: node=node-3 GET /ha/state status=200
[1772538807861] api request start: node=node-1 GET /ha/state
[1772538808070] api request success: node=node-1 GET /ha/state status=200
[1772538808070] api request start: node=node-2 GET /ha/state
[1772538808070] api request success: node=node-2 GET /ha/state status=200
[1772538808070] api request start: node=node-3 GET /ha/state
[1772538808071] api request success: node=node-3 GET /ha/state status=200
[1772538808276] api request start: node=node-1 GET /ha/state
[1772538808492] api request success: node=node-1 GET /ha/state status=200
[1772538808492] api request start: node=node-2 GET /ha/state
[1772538808493] api request success: node=node-2 GET /ha/state status=200
[1772538808493] api request start: node=node-3 GET /ha/state
[1772538808494] api request success: node=node-3 GET /ha/state status=200
[1772538808494] api request start: node=node-1 GET /ha/state
[1772538808494] api request success: node=node-1 GET /ha/state status=200
[1772538808494] api request start: node=node-1 GET /ha/state
[1772538808495] api request success: node=node-1 GET /ha/state status=200
[1772538808495] api request start: node=node-2 GET /ha/state
[1772538808495] api request success: node=node-2 GET /ha/state status=200
[1772538808495] api request start: node=node-3 GET /ha/state
[1772538808498] api request success: node=node-3 GET /ha/state status=200
[1772538808575] api request start: node=node-1 GET /ha/state
[1772538808575] api request success: node=node-1 GET /ha/state status=200
[1772538808575] api request start: node=node-2 GET /ha/state
[1772538808575] api request success: node=node-2 GET /ha/state status=200
[1772538808575] api request start: node=node-3 GET /ha/state
[1772538808576] api request success: node=node-3 GET /ha/state status=200
[1772538808796] api request start: node=node-1 GET /ha/state
[1772538808899] api request success: node=node-1 GET /ha/state status=200
[1772538808899] api request start: node=node-2 GET /ha/state
[1772538808900] api request success: node=node-2 GET /ha/state status=200
[1772538808900] api request start: node=node-3 GET /ha/state
[1772538808900] api request success: node=node-3 GET /ha/state status=200
[1772538808977] api request start: node=node-1 GET /ha/state
[1772538808977] api request success: node=node-1 GET /ha/state status=200
[1772538808977] api request start: node=node-2 GET /ha/state
[1772538808977] api request success: node=node-2 GET /ha/state status=200
[1772538808977] api request start: node=node-3 GET /ha/state
[1772538808977] api request success: node=node-3 GET /ha/state status=200
[1772538809106] api request start: node=node-1 GET /ha/state
[1772538809315] api request success: node=node-1 GET /ha/state status=200
[1772538809315] api request start: node=node-2 GET /ha/state
[1772538809315] api request success: node=node-2 GET /ha/state status=200
[1772538809315] api request start: node=node-3 GET /ha/state
[1772538809316] api request success: node=node-3 GET /ha/state status=200
[1772538809392] api request start: node=node-1 GET /ha/state
[1772538809392] api request success: node=node-1 GET /ha/state status=200
[1772538809392] api request start: node=node-2 GET /ha/state
[1772538809392] api request success: node=node-2 GET /ha/state status=200
[1772538809392] api request start: node=node-3 GET /ha/state
[1772538809392] api request success: node=node-3 GET /ha/state status=200
[1772538809625] api request start: node=node-1 GET /ha/state
[1772538809733] api request success: node=node-1 GET /ha/state status=200
[1772538809733] api request start: node=node-2 GET /ha/state
[1772538809733] api request success: node=node-2 GET /ha/state status=200
[1772538809733] api request start: node=node-3 GET /ha/state
[1772538809733] api request success: node=node-3 GET /ha/state status=200
[1772538809809] api request start: node=node-1 GET /ha/state
[1772538809810] api request success: node=node-1 GET /ha/state status=200
[1772538809810] api request start: node=node-2 GET /ha/state
[1772538809810] api request success: node=node-2 GET /ha/state status=200
[1772538809810] api request start: node=node-3 GET /ha/state
[1772538809810] api request success: node=node-3 GET /ha/state status=200
[1772538809934] api request start: node=node-1 GET /ha/state
[1772538810152] api request success: node=node-1 GET /ha/state status=200
[1772538810152] api request start: node=node-2 GET /ha/state
[1772538810153] api request success: node=node-2 GET /ha/state status=200
[1772538810153] api request start: node=node-3 GET /ha/state
[1772538810153] api request success: node=node-3 GET /ha/state status=200
[1772538810229] api request start: node=node-1 GET /ha/state
[1772538810229] api request success: node=node-1 GET /ha/state status=200
[1772538810229] api request start: node=node-2 GET /ha/state
[1772538810230] api request success: node=node-2 GET /ha/state status=200
[1772538810230] api request start: node=node-3 GET /ha/state
[1772538810230] api request success: node=node-3 GET /ha/state status=200
[1772538810357] api request start: node=node-1 GET /ha/state
[1772538810469] api request success: node=node-1 GET /ha/state status=200
[1772538810469] api request start: node=node-2 GET /ha/state
[1772538810470] api request success: node=node-2 GET /ha/state status=200
[1772538810470] api request start: node=node-3 GET /ha/state
[1772538810470] api request success: node=node-3 GET /ha/state status=200
[1772538810547] api request start: node=node-1 GET /ha/state
[1772538810547] api request success: node=node-1 GET /ha/state status=200
[1772538810547] api request start: node=node-2 GET /ha/state
[1772538810547] api request success: node=node-2 GET /ha/state status=200
[1772538810547] api request start: node=node-3 GET /ha/state
[1772538810548] api request success: node=node-3 GET /ha/state status=200
[1772538810667] api request start: node=node-1 GET /ha/state
[1772538810877] api request success: node=node-1 GET /ha/state status=200
[1772538810877] api request start: node=node-2 GET /ha/state
[1772538810877] api request success: node=node-2 GET /ha/state status=200
[1772538810877] api request start: node=node-3 GET /ha/state
[1772538810877] api request success: node=node-3 GET /ha/state status=200
[1772538810954] api request start: node=node-1 GET /ha/state
[1772538810954] api request success: node=node-1 GET /ha/state status=200
[1772538810954] api request start: node=node-2 GET /ha/state
[1772538810954] api request success: node=node-2 GET /ha/state status=200
[1772538810954] api request start: node=node-3 GET /ha/state
[1772538810955] api request success: node=node-3 GET /ha/state status=200
[1772538811187] api request start: node=node-1 GET /ha/state
[1772538811297] api request success: node=node-1 GET /ha/state status=200
[1772538811297] api request start: node=node-2 GET /ha/state
[1772538811298] api request success: node=node-2 GET /ha/state status=200
[1772538811298] api request start: node=node-3 GET /ha/state
[1772538811298] api request success: node=node-3 GET /ha/state status=200
[1772538811376] api request start: node=node-1 GET /ha/state
[1772538811377] api request success: node=node-1 GET /ha/state status=200
[1772538811377] api request start: node=node-2 GET /ha/state
[1772538811377] api request success: node=node-2 GET /ha/state status=200
[1772538811377] api request start: node=node-3 GET /ha/state
[1772538811377] api request success: node=node-3 GET /ha/state status=200
[1772538811496] api request start: node=node-1 GET /ha/state
[1772538811808] api request success: node=node-1 GET /ha/state status=200
[1772538811808] api request start: node=node-2 GET /ha/state
[1772538811809] api request success: node=node-2 GET /ha/state status=200
[1772538811809] api request start: node=node-3 GET /ha/state
[1772538811810] api request success: node=node-3 GET /ha/state status=200
[1772538811886] api request start: node=node-1 GET /ha/state
[1772538811886] api request success: node=node-1 GET /ha/state status=200
[1772538811886] api request start: node=node-2 GET /ha/state
[1772538811887] api request success: node=node-2 GET /ha/state status=200
[1772538811887] api request start: node=node-3 GET /ha/state
[1772538811887] api request success: node=node-3 GET /ha/state status=200
[1772538812027] api request start: node=node-1 GET /ha/state
[1772538812240] api request success: node=node-1 GET /ha/state status=200
[1772538812240] api request start: node=node-2 GET /ha/state
[1772538812240] api request success: node=node-2 GET /ha/state status=200
[1772538812240] api request start: node=node-3 GET /ha/state
[1772538812241] api request success: node=node-3 GET /ha/state status=200
[1772538812317] api request start: node=node-1 GET /ha/state
[1772538812317] api request success: node=node-1 GET /ha/state status=200
[1772538812317] api request start: node=node-2 GET /ha/state
[1772538812317] api request success: node=node-2 GET /ha/state status=200
[1772538812317] api request start: node=node-3 GET /ha/state
[1772538812318] api request success: node=node-3 GET /ha/state status=200
[1772538812448] api request start: node=node-1 GET /ha/state
[1772538812570] api request success: node=node-1 GET /ha/state status=200
[1772538812570] api request start: node=node-2 GET /ha/state
[1772538812571] api request success: node=node-2 GET /ha/state status=200
[1772538812571] api request start: node=node-3 GET /ha/state
[1772538812571] api request success: node=node-3 GET /ha/state status=200
[1772538812648] api request start: node=node-1 GET /ha/state
[1772538812648] api request success: node=node-1 GET /ha/state status=200
[1772538812648] api request start: node=node-2 GET /ha/state
[1772538812649] api request success: node=node-2 GET /ha/state status=200
[1772538812649] api request start: node=node-3 GET /ha/state
[1772538812649] api request success: node=node-3 GET /ha/state status=200
[1772538812762] api request start: node=node-1 GET /ha/state
[1772538813085] api request success: node=node-1 GET /ha/state status=200
[1772538813086] api request start: node=node-2 GET /ha/state
[1772538813086] api request success: node=node-2 GET /ha/state status=200
[1772538813086] api request start: node=node-3 GET /ha/state
[1772538813087] api request success: node=node-3 GET /ha/state status=200
[1772538813163] api request start: node=node-1 GET /ha/state
[1772538813164] api request success: node=node-1 GET /ha/state status=200
[1772538813164] api request start: node=node-2 GET /ha/state
[1772538813164] api request success: node=node-2 GET /ha/state status=200
[1772538813164] api request start: node=node-3 GET /ha/state
[1772538813165] api request success: node=node-3 GET /ha/state status=200
[1772538813407] api request start: node=node-1 GET /ha/state
[1772538813520] api request success: node=node-1 GET /ha/state status=200
[1772538813520] api request start: node=node-2 GET /ha/state
[1772538813521] api request success: node=node-2 GET /ha/state status=200
[1772538813521] api request start: node=node-3 GET /ha/state
[1772538813522] api request success: node=node-3 GET /ha/state status=200
[1772538813597] api request start: node=node-1 GET /ha/state
[1772538813598] api request success: node=node-1 GET /ha/state status=200
[1772538813598] api request start: node=node-2 GET /ha/state
[1772538813598] api request success: node=node-2 GET /ha/state status=200
[1772538813598] api request start: node=node-3 GET /ha/state
[1772538813598] api request success: node=node-3 GET /ha/state status=200
[1772538813718] api request start: node=node-1 GET /ha/state
[1772538813827] api request success: node=node-1 GET /ha/state status=200
[1772538813827] api request start: node=node-2 GET /ha/state
[1772538813827] api request success: node=node-2 GET /ha/state status=200
[1772538813827] api request start: node=node-3 GET /ha/state
[1772538813827] api request success: node=node-3 GET /ha/state status=200
[1772538813903] api request start: node=node-1 GET /ha/state
[1772538813904] api request success: node=node-1 GET /ha/state status=200
[1772538813904] api request start: node=node-2 GET /ha/state
[1772538813904] api request success: node=node-2 GET /ha/state status=200
[1772538813904] api request start: node=node-3 GET /ha/state
[1772538813904] api request success: node=node-3 GET /ha/state status=200
[1772538814141] api request start: node=node-1 GET /ha/state
[1772538814358] api request success: node=node-1 GET /ha/state status=200
[1772538814358] api request start: node=node-2 GET /ha/state
[1772538814358] api request success: node=node-2 GET /ha/state status=200
[1772538814358] api request start: node=node-3 GET /ha/state
[1772538814364] api request success: node=node-3 GET /ha/state status=200
[1772538814440] api request start: node=node-1 GET /ha/state
[1772538814440] api request success: node=node-1 GET /ha/state status=200
[1772538814440] api request start: node=node-2 GET /ha/state
[1772538814441] api request success: node=node-2 GET /ha/state status=200
[1772538814441] api request start: node=node-3 GET /ha/state
[1772538814441] api request success: node=node-3 GET /ha/state status=200
[1772538814572] api request start: node=node-1 GET /ha/state
[1772538814690] api request success: node=node-1 GET /ha/state status=200
[1772538814690] api request start: node=node-2 GET /ha/state
[1772538814691] api request success: node=node-2 GET /ha/state status=200
[1772538814691] api request start: node=node-3 GET /ha/state
[1772538814691] api request success: node=node-3 GET /ha/state status=200
[1772538816729] sql workload stopped: scenario=ha-e2e-stress-unassisted-failover-concurrent-sql committed=12 unique_keys=12 transient=374 fencing=0 hard=0
[1772538816750] stress failover key integrity verified on node-2 with row_count=1