[1772534413099] stress no-quorum bootstrap: wait for stable primary
[1772534413099] api request start: node=node-1 GET /ha/state
[1772534413139] api request success: node=node-1 GET /ha/state status=200
[1772534413139] api request start: node=node-2 GET /ha/state
[1772534413140] api request success: node=node-2 GET /ha/state status=200
[1772534413140] api request start: node=node-3 GET /ha/state
[1772534413140] api request success: node=node-3 GET /ha/state status=200
[1772534413140] stable-primary poll states: node-1:Primary:leader=node-1, node-2:WaitingPostgresReachable:leader=node-1, node-3:WaitingPostgresReachable:leader=node-1
[1772534413242] api request start: node=node-1 GET /ha/state
[1772534413564] api request success: node=node-1 GET /ha/state status=200
[1772534413564] api request start: node=node-2 GET /ha/state
[1772534413564] api request success: node=node-2 GET /ha/state status=200
[1772534413564] api request start: node=node-3 GET /ha/state
[1772534413565] api request success: node=node-3 GET /ha/state status=200
[1772534413565] stable-primary poll states: node-1:Primary:leader=node-1, node-2:Replica:leader=node-1, node-3:WaitingPostgresReachable:leader=node-1
[1772534413666] api request start: node=node-1 GET /ha/state
[1772534414008] api request success: node=node-1 GET /ha/state status=200
[1772534414008] api request start: node=node-2 GET /ha/state
[1772534414008] api request success: node=node-2 GET /ha/state status=200
[1772534414008] api request start: node=node-3 GET /ha/state
[1772534414008] api request success: node=node-3 GET /ha/state status=200
[1772534414008] stable-primary poll states: node-1:Primary:leader=node-1, node-2:Replica:leader=node-1, node-3:Replica:leader=node-1
[1772534414115] api request start: node=node-1 GET /ha/state
[1772534414359] api request success: node=node-1 GET /ha/state status=200
[1772534414359] api request start: node=node-2 GET /ha/state
[1772534414360] api request success: node=node-2 GET /ha/state status=200
[1772534414360] api request start: node=node-3 GET /ha/state
[1772534414360] api request success: node=node-3 GET /ha/state status=200
[1772534414461] api request start: node=node-1 GET /ha/state
[1772534414693] api request success: node=node-1 GET /ha/state status=200
[1772534414693] api request start: node=node-2 GET /ha/state
[1772534414694] api request success: node=node-2 GET /ha/state status=200
[1772534414694] api request start: node=node-3 GET /ha/state
[1772534414694] api request success: node=node-3 GET /ha/state status=200
[1772534414715] sql workload started: scenario=ha-e2e-stress-no-quorum-fencing-concurrent-sql table=ha_stress_fencing workers=6 interval_ms=150
[1772534417802] stress no-quorum: stop etcd majority while workload active
[1772534428716] stress no-quorum members stopped: etcd-a,etcd-b
[1772534428716] api request start: node=node-1 GET /ha/state
[1772534434129] api request success: node=node-1 GET /ha/state status=200
[1772534434129] api request start: node=node-2 GET /ha/state
[1772534434132] api request success: node=node-2 GET /ha/state status=200
[1772534434132] api request start: node=node-3 GET /ha/state
[1772534434133] api request success: node=node-3 GET /ha/state status=200
[1772534439143] api request start: node=node-1 GET /ha/state
[1772534455408] api request success: node=node-1 GET /ha/state status=200
[1772534455408] api request start: node=node-2 GET /ha/state
[1772534470019] api request success: node=node-2 GET /ha/state status=200
[1772534470019] api request start: node=node-3 GET /ha/state
[1772534486727] api request success: node=node-3 GET /ha/state status=200
[1772534486727] api request start: node=node-1 GET /ha/state
[1772534502253] api request success: node=node-1 GET /ha/state status=200
[1772534502253] api request start: node=node-2 GET /ha/state
[1772534513256] api request success: node=node-2 GET /ha/state status=200
[1772534513256] api request start: node=node-3 GET /ha/state
[1772534528549] api request success: node=node-3 GET /ha/state status=200
[1772534543878] sql workload stopped: scenario=ha-e2e-stress-no-quorum-fencing-concurrent-sql committed=56 unique_keys=56 transient=224 fencing=0 hard=0
[1772534569423] stress no-quorum key integrity verified on node-1 with row_count=56