[1772537460498] stress failover bootstrap: wait for stable primary
[1772537460498] api request start: node=node-1 GET /ha/state
[1772537460601] api request success: node=node-1 GET /ha/state status=200
[1772537460601] api request start: node=node-2 GET /ha/state
[1772537460601] api request success: node=node-2 GET /ha/state status=200
[1772537460601] api request start: node=node-3 GET /ha/state
[1772537460601] api request success: node=node-3 GET /ha/state status=200
[1772537460602] stable-primary poll states: node-1:Primary:leader=node-1, node-2:WaitingPostgresReachable:leader=node-1, node-3:WaitingPostgresReachable:leader=node-1
[1772537460702] api request start: node=node-1 GET /ha/state
[1772537461129] api request success: node=node-1 GET /ha/state status=200
[1772537461129] api request start: node=node-2 GET /ha/state
[1772537461129] api request success: node=node-2 GET /ha/state status=200
[1772537461129] api request start: node=node-3 GET /ha/state
[1772537461129] api request success: node=node-3 GET /ha/state status=200
[1772537461129] stable-primary poll states: node-1:Primary:leader=node-1, node-2:Replica:leader=node-1, node-3:WaitingPostgresReachable:leader=node-1
[1772537461594] api request start: node=node-1 GET /ha/state
[1772537461598] api request success: node=node-1 GET /ha/state status=200
[1772537461598] api request start: node=node-2 GET /ha/state
[1772537461600] api request success: node=node-2 GET /ha/state status=200
[1772537461600] api request start: node=node-3 GET /ha/state
[1772537461600] api request success: node=node-3 GET /ha/state status=200
[1772537461601] stable-primary poll states: node-1:Primary:leader=node-1, node-2:Replica:leader=node-1, node-3:Replica:leader=node-1
[1772537461801] api request start: node=node-1 GET /ha/state
[1772537462036] api request success: node=node-1 GET /ha/state status=200
[1772537462036] api request start: node=node-2 GET /ha/state
[1772537462038] api request success: node=node-2 GET /ha/state status=200
[1772537462038] api request start: node=node-3 GET /ha/state
[1772537462038] api request success: node=node-3 GET /ha/state status=200
[1772537462242] api request start: node=node-1 GET /ha/state
[1772537462370] api request success: node=node-1 GET /ha/state status=200
[1772537462370] api request start: node=node-2 GET /ha/state
[1772537462370] api request success: node=node-2 GET /ha/state status=200
[1772537462370] api request start: node=node-3 GET /ha/state
[1772537462371] api request success: node=node-3 GET /ha/state status=200
[1772537462402] sql workload started: scenario=ha-e2e-stress-unassisted-failover-concurrent-sql table=ha_stress_failover workers=4 interval_ms=250
[1772537465470] stress failover: stop postgres on bootstrap primary node-1
[1772537465686] api request start: node=node-1 GET /ha/state
[1772537465915] api request success: node=node-1 GET /ha/state status=200
[1772537465915] api request start: node=node-2 GET /ha/state
[1772537465915] api request success: node=node-2 GET /ha/state status=200
[1772537465915] api request start: node=node-3 GET /ha/state
[1772537465915] api request success: node=node-3 GET /ha/state status=200
[1772537466341] api request start: node=node-1 GET /ha/state
[1772537466455] api request success: node=node-1 GET /ha/state status=200
[1772537466455] api request start: node=node-2 GET /ha/state
[1772537466455] api request success: node=node-2 GET /ha/state status=200
[1772537466455] api request start: node=node-3 GET /ha/state
[1772537466455] api request success: node=node-3 GET /ha/state status=200
[1772537466664] api request start: node=node-1 GET /ha/state
[1772537466995] api request success: node=node-1 GET /ha/state status=200
[1772537466995] api request start: node=node-2 GET /ha/state
[1772537466995] api request success: node=node-2 GET /ha/state status=200
[1772537466995] api request start: node=node-3 GET /ha/state
[1772537466996] api request success: node=node-3 GET /ha/state status=200
[1772537467314] api request start: node=node-1 GET /ha/state
[1772537467439] api request success: node=node-1 GET /ha/state status=200
[1772537467439] api request start: node=node-2 GET /ha/state
[1772537467439] api request success: node=node-2 GET /ha/state status=200
[1772537467439] api request start: node=node-3 GET /ha/state
[1772537467440] api request success: node=node-3 GET /ha/state status=200
[1772537467631] api request start: node=node-1 GET /ha/state
[1772537467638] api request success: node=node-1 GET /ha/state status=200
[1772537467638] api request start: node=node-2 GET /ha/state
[1772537467638] api request success: node=node-2 GET /ha/state status=200
[1772537467638] api request start: node=node-3 GET /ha/state
[1772537467639] api request success: node=node-3 GET /ha/state status=200
[1772537467962] api request start: node=node-1 GET /ha/state
[1772537468066] api request success: node=node-1 GET /ha/state status=200
[1772537468066] api request start: node=node-2 GET /ha/state
[1772537468066] api request success: node=node-2 GET /ha/state status=200
[1772537468066] api request start: node=node-3 GET /ha/state
[1772537468067] api request success: node=node-3 GET /ha/state status=200
[1772537468508] api request start: node=node-1 GET /ha/state
[1772537468519] api request success: node=node-1 GET /ha/state status=200
[1772537468519] api request start: node=node-2 GET /ha/state
[1772537468519] api request success: node=node-2 GET /ha/state status=200
[1772537468519] api request start: node=node-3 GET /ha/state
[1772537468519] api request success: node=node-3 GET /ha/state status=200
[1772537468722] api request start: node=node-1 GET /ha/state
[1772537468857] api request success: node=node-1 GET /ha/state status=200
[1772537468858] api request start: node=node-2 GET /ha/state
[1772537468858] api request success: node=node-2 GET /ha/state status=200
[1772537468858] api request start: node=node-3 GET /ha/state
[1772537468859] api request success: node=node-3 GET /ha/state status=200
[1772537469050] api request start: node=node-1 GET /ha/state
[1772537469281] api request success: node=node-1 GET /ha/state status=200
[1772537469281] api request start: node=node-2 GET /ha/state
[1772537469282] api request success: node=node-2 GET /ha/state status=200
[1772537469282] api request start: node=node-3 GET /ha/state
[1772537469282] api request success: node=node-3 GET /ha/state status=200
[1772537469478] api request start: node=node-1 GET /ha/state
[1772537469812] api request success: node=node-1 GET /ha/state status=200
[1772537469812] api request start: node=node-2 GET /ha/state
[1772537469812] api request success: node=node-2 GET /ha/state status=200
[1772537469812] api request start: node=node-3 GET /ha/state
[1772537469813] api request success: node=node-3 GET /ha/state status=200
[1772537470023] api request start: node=node-1 GET /ha/state
[1772537470138] api request success: node=node-1 GET /ha/state status=200
[1772537470138] api request start: node=node-2 GET /ha/state
[1772537470139] api request success: node=node-2 GET /ha/state status=200
[1772537470139] api request start: node=node-3 GET /ha/state
[1772537470139] api request success: node=node-3 GET /ha/state status=200
[1772537470340] api request start: node=node-1 GET /ha/state
[1772537470572] api request success: node=node-1 GET /ha/state status=200
[1772537470572] api request start: node=node-2 GET /ha/state
[1772537470572] api request success: node=node-2 GET /ha/state status=200
[1772537470572] api request start: node=node-3 GET /ha/state
[1772537470572] api request success: node=node-3 GET /ha/state status=200
[1772537470896] api request start: node=node-1 GET /ha/state
[1772537471022] api request success: node=node-1 GET /ha/state status=200
[1772537471022] api request start: node=node-2 GET /ha/state
[1772537471023] api request success: node=node-2 GET /ha/state status=200
[1772537471023] api request start: node=node-3 GET /ha/state
[1772537471023] api request success: node=node-3 GET /ha/state status=200
[1772537471226] api request start: node=node-1 GET /ha/state
[1772537471559] api request success: node=node-1 GET /ha/state status=200
[1772537471559] api request start: node=node-2 GET /ha/state
[1772537471560] api request success: node=node-2 GET /ha/state status=200
[1772537471560] api request start: node=node-3 GET /ha/state
[1772537471561] api request success: node=node-3 GET /ha/state status=200
[1772537471876] api request start: node=node-1 GET /ha/state
[1772537471990] api request success: node=node-1 GET /ha/state status=200
[1772537471990] api request start: node=node-2 GET /ha/state
[1772537471991] api request success: node=node-2 GET /ha/state status=200
[1772537471991] api request start: node=node-3 GET /ha/state
[1772537471991] api request success: node=node-3 GET /ha/state status=200
[1772537472199] api request start: node=node-1 GET /ha/state
[1772537472323] api request success: node=node-1 GET /ha/state status=200
[1772537472323] api request start: node=node-2 GET /ha/state
[1772537472324] api request success: node=node-2 GET /ha/state status=200
[1772537472324] api request start: node=node-3 GET /ha/state
[1772537472325] api request success: node=node-3 GET /ha/state status=200
[1772537472538] api request start: node=node-1 GET /ha/state
[1772537472770] api request success: node=node-1 GET /ha/state status=200
[1772537472770] api request start: node=node-2 GET /ha/state
[1772537472771] api request success: node=node-2 GET /ha/state status=200
[1772537472771] api request start: node=node-3 GET /ha/state
[1772537472772] api request success: node=node-3 GET /ha/state status=200
[1772537472969] api request start: node=node-1 GET /ha/state
[1772537473299] api request success: node=node-1 GET /ha/state status=200
[1772537473299] api request start: node=node-2 GET /ha/state
[1772537473299] api request success: node=node-2 GET /ha/state status=200
[1772537473300] api request start: node=node-3 GET /ha/state
[1772537473300] api request success: node=node-3 GET /ha/state status=200
[1772537473618] api request start: node=node-1 GET /ha/state
[1772537473741] api request success: node=node-1 GET /ha/state status=200
[1772537473741] api request start: node=node-2 GET /ha/state
[1772537473742] api request success: node=node-2 GET /ha/state status=200
[1772537473742] api request start: node=node-3 GET /ha/state
[1772537473743] api request success: node=node-3 GET /ha/state status=200
[1772537473940] api request start: node=node-1 GET /ha/state
[1772537474269] api request success: node=node-1 GET /ha/state status=200
[1772537474269] api request start: node=node-2 GET /ha/state
[1772537474269] api request success: node=node-2 GET /ha/state status=200
[1772537474270] api request start: node=node-3 GET /ha/state
[1772537474270] api request success: node=node-3 GET /ha/state status=200
[1772537474478] api request start: node=node-1 GET /ha/state
[1772537474808] api request success: node=node-1 GET /ha/state status=200
[1772537474808] api request start: node=node-2 GET /ha/state
[1772537474809] api request success: node=node-2 GET /ha/state status=200
[1772537474810] api request start: node=node-3 GET /ha/state
[1772537474815] api request success: node=node-3 GET /ha/state status=200
[1772537475134] api request start: node=node-1 GET /ha/state
[1772537475255] api request success: node=node-1 GET /ha/state status=200
[1772537475255] api request start: node=node-2 GET /ha/state
[1772537475256] api request success: node=node-2 GET /ha/state status=200
[1772537475256] api request start: node=node-3 GET /ha/state
[1772537475256] api request success: node=node-3 GET /ha/state status=200
[1772537475461] api request start: node=node-1 GET /ha/state
[1772537475584] api request success: node=node-1 GET /ha/state status=200
[1772537475584] api request start: node=node-2 GET /ha/state
[1772537475584] api request success: node=node-2 GET /ha/state status=200
[1772537475584] api request start: node=node-3 GET /ha/state
[1772537475585] api request success: node=node-3 GET /ha/state status=200
[1772537475791] api request start: node=node-1 GET /ha/state
[1772537476020] api request success: node=node-1 GET /ha/state status=200
[1772537476020] api request start: node=node-2 GET /ha/state
[1772537476021] api request success: node=node-2 GET /ha/state status=200
[1772537476021] api request start: node=node-3 GET /ha/state
[1772537476022] api request success: node=node-3 GET /ha/state status=200
[1772537476022] api request start: node=node-1 GET /ha/state
[1772537476023] api request success: node=node-1 GET /ha/state status=200
[1772537476023] api request start: node=node-2 GET /ha/state
[1772537476024] api request success: node=node-2 GET /ha/state status=200
[1772537476024] api request start: node=node-3 GET /ha/state
[1772537476025] api request success: node=node-3 GET /ha/state status=200
[1772537476025] stable-primary poll states: node-1:WaitingPostgresReachable:leader=node-3, node-2:Replica:leader=node-3, node-3:Primary:leader=node-3
[1772537476220] api request start: node=node-1 GET /ha/state
[1772537476550] api request success: node=node-1 GET /ha/state status=200
[1772537476550] api request start: node=node-2 GET /ha/state
[1772537476551] api request success: node=node-2 GET /ha/state status=200
[1772537476551] api request start: node=node-3 GET /ha/state
[1772537476551] api request success: node=node-3 GET /ha/state status=200
[1772537476865] api request start: node=node-1 GET /ha/state
[1772537476991] api request success: node=node-1 GET /ha/state status=200
[1772537476991] api request start: node=node-2 GET /ha/state
[1772537476992] api request success: node=node-2 GET /ha/state status=200
[1772537476992] api request start: node=node-3 GET /ha/state
[1772537476992] api request success: node=node-3 GET /ha/state status=200
[1772537477205] api request start: node=node-1 GET /ha/state
[1772537477527] api request success: node=node-1 GET /ha/state status=200
[1772537477527] api request start: node=node-2 GET /ha/state
[1772537477527] api request success: node=node-2 GET /ha/state status=200
[1772537477527] api request start: node=node-3 GET /ha/state
[1772537477528] api request success: node=node-3 GET /ha/state status=200
[1772537477741] api request start: node=node-1 GET /ha/state
[1772537478098] api request success: node=node-1 GET /ha/state status=200
[1772537478098] api request start: node=node-2 GET /ha/state
[1772537478106] api request success: node=node-2 GET /ha/state status=200
[1772537478106] api request start: node=node-3 GET /ha/state
[1772537478107] api request success: node=node-3 GET /ha/state status=200
[1772537478108] api request start: node=node-1 GET /ha/state
[1772537478108] api request success: node=node-1 GET /ha/state status=200
[1772537478108] api request start: node=node-1 GET /ha/state
[1772537478109] api request success: node=node-1 GET /ha/state status=200
[1772537478109] api request start: node=node-2 GET /ha/state
[1772537478110] api request success: node=node-2 GET /ha/state status=200
[1772537478110] api request start: node=node-3 GET /ha/state
[1772537478110] api request success: node=node-3 GET /ha/state status=200
[1772537478188] api request start: node=node-1 GET /ha/state
[1772537478188] api request success: node=node-1 GET /ha/state status=200
[1772537478188] api request start: node=node-2 GET /ha/state
[1772537478189] api request success: node=node-2 GET /ha/state status=200
[1772537478189] api request start: node=node-3 GET /ha/state
[1772537478189] api request success: node=node-3 GET /ha/state status=200
[1772537478421] api request start: node=node-1 GET /ha/state
[1772537478548] api request success: node=node-1 GET /ha/state status=200
[1772537478548] api request start: node=node-2 GET /ha/state
[1772537478549] api request success: node=node-2 GET /ha/state status=200
[1772537478549] api request start: node=node-3 GET /ha/state
[1772537478550] api request success: node=node-3 GET /ha/state status=200
[1772537478627] api request start: node=node-1 GET /ha/state
[1772537478627] api request success: node=node-1 GET /ha/state status=200
[1772537478627] api request start: node=node-2 GET /ha/state
[1772537478628] api request success: node=node-2 GET /ha/state status=200
[1772537478628] api request start: node=node-3 GET /ha/state
[1772537478628] api request success: node=node-3 GET /ha/state status=200
[1772537478748] api request start: node=node-1 GET /ha/state
[1772537478879] api request success: node=node-1 GET /ha/state status=200
[1772537478879] api request start: node=node-2 GET /ha/state
[1772537478880] api request success: node=node-2 GET /ha/state status=200
[1772537478880] api request start: node=node-3 GET /ha/state
[1772537478880] api request success: node=node-3 GET /ha/state status=200
[1772537478956] api request start: node=node-1 GET /ha/state
[1772537478957] api request success: node=node-1 GET /ha/state status=200
[1772537478957] api request start: node=node-2 GET /ha/state
[1772537478957] api request success: node=node-2 GET /ha/state status=200
[1772537478957] api request start: node=node-3 GET /ha/state
[1772537478957] api request success: node=node-3 GET /ha/state status=200
[1772537479088] api request start: node=node-1 GET /ha/state
[1772537479325] api request success: node=node-1 GET /ha/state status=200
[1772537479325] api request start: node=node-2 GET /ha/state
[1772537479327] api request success: node=node-2 GET /ha/state status=200
[1772537479327] api request start: node=node-3 GET /ha/state
[1772537479328] api request success: node=node-3 GET /ha/state status=200
[1772537479403] api request start: node=node-1 GET /ha/state
[1772537479404] api request success: node=node-1 GET /ha/state status=200
[1772537479404] api request start: node=node-2 GET /ha/state
[1772537479404] api request success: node=node-2 GET /ha/state status=200
[1772537479404] api request start: node=node-3 GET /ha/state
[1772537479404] api request success: node=node-3 GET /ha/state status=200
[1772537479513] api request start: node=node-1 GET /ha/state
[1772537479742] api request success: node=node-1 GET /ha/state status=200
[1772537479742] api request start: node=node-2 GET /ha/state
[1772537479742] api request success: node=node-2 GET /ha/state status=200
[1772537479743] api request start: node=node-3 GET /ha/state
[1772537479743] api request success: node=node-3 GET /ha/state status=200
[1772537479822] api request start: node=node-1 GET /ha/state
[1772537479823] api request success: node=node-1 GET /ha/state status=200
[1772537479823] api request start: node=node-2 GET /ha/state
[1772537479823] api request success: node=node-2 GET /ha/state status=200
[1772537479823] api request start: node=node-3 GET /ha/state
[1772537479824] api request success: node=node-3 GET /ha/state status=200
[1772537479952] api request start: node=node-1 GET /ha/state
[1772537480285] api request success: node=node-1 GET /ha/state status=200
[1772537480285] api request start: node=node-2 GET /ha/state
[1772537480285] api request success: node=node-2 GET /ha/state status=200
[1772537480285] api request start: node=node-3 GET /ha/state
[1772537480286] api request success: node=node-3 GET /ha/state status=200
[1772537480363] api request start: node=node-1 GET /ha/state
[1772537480364] api request success: node=node-1 GET /ha/state status=200
[1772537480364] api request start: node=node-2 GET /ha/state
[1772537480364] api request success: node=node-2 GET /ha/state status=200
[1772537480364] api request start: node=node-3 GET /ha/state
[1772537480365] api request success: node=node-3 GET /ha/state status=200
[1772537480609] api request start: node=node-1 GET /ha/state
[1772537480728] api request success: node=node-1 GET /ha/state status=200
[1772537480728] api request start: node=node-2 GET /ha/state
[1772537480728] api request success: node=node-2 GET /ha/state status=200
[1772537480728] api request start: node=node-3 GET /ha/state
[1772537480729] api request success: node=node-3 GET /ha/state status=200
[1772537480806] api request start: node=node-1 GET /ha/state
[1772537480806] api request success: node=node-1 GET /ha/state status=200
[1772537480806] api request start: node=node-2 GET /ha/state
[1772537480806] api request success: node=node-2 GET /ha/state status=200
[1772537480806] api request start: node=node-3 GET /ha/state
[1772537480807] api request success: node=node-3 GET /ha/state status=200
[1772537480929] api request start: node=node-1 GET /ha/state
[1772537481255] api request success: node=node-1 GET /ha/state status=200
[1772537481255] api request start: node=node-2 GET /ha/state
[1772537481255] api request success: node=node-2 GET /ha/state status=200
[1772537481255] api request start: node=node-3 GET /ha/state
[1772537481255] api request success: node=node-3 GET /ha/state status=200
[1772537481332] api request start: node=node-1 GET /ha/state
[1772537481333] api request success: node=node-1 GET /ha/state status=200
[1772537481333] api request start: node=node-2 GET /ha/state
[1772537481334] api request success: node=node-2 GET /ha/state status=200
[1772537481334] api request start: node=node-3 GET /ha/state
[1772537481335] api request success: node=node-3 GET /ha/state status=200
[1772537481458] api request start: node=node-1 GET /ha/state
[1772537481785] api request success: node=node-1 GET /ha/state status=200
[1772537481785] api request start: node=node-2 GET /ha/state
[1772537481786] api request success: node=node-2 GET /ha/state status=200
[1772537481786] api request start: node=node-3 GET /ha/state
[1772537481786] api request success: node=node-3 GET /ha/state status=200
[1772537481863] api request start: node=node-1 GET /ha/state
[1772537481864] api request success: node=node-1 GET /ha/state status=200
[1772537481864] api request start: node=node-2 GET /ha/state
[1772537481864] api request success: node=node-2 GET /ha/state status=200
[1772537481864] api request start: node=node-3 GET /ha/state
[1772537481864] api request success: node=node-3 GET /ha/state status=200
[1772537482107] api request start: node=node-1 GET /ha/state
[1772537482224] api request success: node=node-1 GET /ha/state status=200
[1772537482224] api request start: node=node-2 GET /ha/state
[1772537482228] api request success: node=node-2 GET /ha/state status=200
[1772537482228] api request start: node=node-3 GET /ha/state
[1772537482229] api request success: node=node-3 GET /ha/state status=200
[1772537482305] api request start: node=node-1 GET /ha/state
[1772537482306] api request success: node=node-1 GET /ha/state status=200
[1772537482306] api request start: node=node-2 GET /ha/state
[1772537482306] api request success: node=node-2 GET /ha/state status=200
[1772537482306] api request start: node=node-3 GET /ha/state
[1772537482307] api request success: node=node-3 GET /ha/state status=200
[1772537482425] api request start: node=node-1 GET /ha/state
[1772537482651] api request success: node=node-1 GET /ha/state status=200
[1772537482651] api request start: node=node-2 GET /ha/state
[1772537482652] api request success: node=node-2 GET /ha/state status=200
[1772537482652] api request start: node=node-3 GET /ha/state
[1772537482654] api request success: node=node-3 GET /ha/state status=200
[1772537482752] api request start: node=node-1 GET /ha/state
[1772537482984] api request success: node=node-1 GET /ha/state status=200
[1772537482984] api request start: node=node-2 GET /ha/state
[1772537482985] api request success: node=node-2 GET /ha/state status=200
[1772537482985] api request start: node=node-3 GET /ha/state
[1772537482985] api request success: node=node-3 GET /ha/state status=200
[1772537483064] api request start: node=node-1 GET /ha/state
[1772537483065] api request success: node=node-1 GET /ha/state status=200
[1772537483065] api request start: node=node-2 GET /ha/state
[1772537483065] api request success: node=node-2 GET /ha/state status=200
[1772537483065] api request start: node=node-3 GET /ha/state
[1772537483065] api request success: node=node-3 GET /ha/state status=200
[1772537483200] api request start: node=node-1 GET /ha/state
[1772537483439] api request success: node=node-1 GET /ha/state status=200
[1772537483439] api request start: node=node-2 GET /ha/state
[1772537483440] api request success: node=node-2 GET /ha/state status=200
[1772537483440] api request start: node=node-3 GET /ha/state
[1772537483441] api request success: node=node-3 GET /ha/state status=200
[1772537483517] api request start: node=node-1 GET /ha/state
[1772537483517] api request success: node=node-1 GET /ha/state status=200
[1772537483517] api request start: node=node-2 GET /ha/state
[1772537483518] api request success: node=node-2 GET /ha/state status=200
[1772537483518] api request start: node=node-3 GET /ha/state
[1772537483518] api request success: node=node-3 GET /ha/state status=200
[1772537483747] api request start: node=node-1 GET /ha/state
[1772537483871] api request success: node=node-1 GET /ha/state status=200
[1772537483871] api request start: node=node-2 GET /ha/state
[1772537483872] api request success: node=node-2 GET /ha/state status=200
[1772537483872] api request start: node=node-3 GET /ha/state
[1772537483872] api request success: node=node-3 GET /ha/state status=200
[1772537483949] api request start: node=node-1 GET /ha/state
[1772537483949] api request success: node=node-1 GET /ha/state status=200
[1772537483949] api request start: node=node-2 GET /ha/state
[1772537483950] api request success: node=node-2 GET /ha/state status=200
[1772537483950] api request start: node=node-3 GET /ha/state
[1772537483950] api request success: node=node-3 GET /ha/state status=200
[1772537484073] api request start: node=node-1 GET /ha/state
[1772537484202] api request success: node=node-1 GET /ha/state status=200
[1772537484203] api request start: node=node-2 GET /ha/state
[1772537484203] api request success: node=node-2 GET /ha/state status=200
[1772537484203] api request start: node=node-3 GET /ha/state
[1772537484204] api request success: node=node-3 GET /ha/state status=200
[1772537486312] sql workload stopped: scenario=ha-e2e-stress-unassisted-failover-concurrent-sql committed=12 unique_keys=12 transient=373 fencing=0 hard=0
[1772537486669] stress failover key integrity verified on node-3 with row_count=1