[1772533437016] stress no-quorum bootstrap: wait for stable primary
[1772533437016] api request start: node=node-1 GET /ha/state
[1772533437119] api request success: node=node-1 GET /ha/state status=200
[1772533437119] api request start: node=node-2 GET /ha/state
[1772533437119] api request success: node=node-2 GET /ha/state status=200
[1772533437119] api request start: node=node-3 GET /ha/state
[1772533437120] api request success: node=node-3 GET /ha/state status=200
[1772533437120] stable-primary poll states: node-1:Primary:leader=node-1, node-2:WaitingPostgresReachable:leader=node-1, node-3:WaitingPostgresReachable:leader=node-1
[1772533437540] api request start: node=node-1 GET /ha/state
[1772533437649] api request success: node=node-1 GET /ha/state status=200
[1772533437649] api request start: node=node-2 GET /ha/state
[1772533437650] api request success: node=node-2 GET /ha/state status=200
[1772533437650] api request start: node=node-3 GET /ha/state
[1772533437650] api request success: node=node-3 GET /ha/state status=200
[1772533437650] stable-primary poll states: node-1:Primary:leader=node-1, node-2:Replica:leader=node-1, node-3:WaitingPostgresReachable:leader=node-1
[1772533438085] api request start: node=node-1 GET /ha/state
[1772533438090] api request success: node=node-1 GET /ha/state status=200
[1772533438090] api request start: node=node-2 GET /ha/state
[1772533438091] api request success: node=node-2 GET /ha/state status=200
[1772533438091] api request start: node=node-3 GET /ha/state
[1772533438092] api request success: node=node-3 GET /ha/state status=200
[1772533438092] stable-primary poll states: node-1:Primary:leader=node-1, node-2:Replica:leader=node-1, node-3:Replica:leader=node-1
[1772533438303] api request start: node=node-1 GET /ha/state
[1772533438425] api request success: node=node-1 GET /ha/state status=200
[1772533438425] api request start: node=node-2 GET /ha/state
[1772533438426] api request success: node=node-2 GET /ha/state status=200
[1772533438426] api request start: node=node-3 GET /ha/state
[1772533438427] api request success: node=node-3 GET /ha/state status=200
[1772533438533] api request start: node=node-1 GET /ha/state
[1772533438745] api request success: node=node-1 GET /ha/state status=200
[1772533438745] api request start: node=node-2 GET /ha/state
[1772533438745] api request success: node=node-2 GET /ha/state status=200
[1772533438745] api request start: node=node-3 GET /ha/state
[1772533438745] api request success: node=node-3 GET /ha/state status=200
[1772533438776] sql workload started: scenario=ha-e2e-stress-no-quorum-fencing-concurrent-sql table=ha_stress_fencing workers=6 interval_ms=150
[1772533441777] stress no-quorum: stop etcd majority while workload active
[1772533451796] stress no-quorum members stopped: etcd-a,etcd-b
[1772533451796] api request start: node=node-1 GET /ha/state
[1772533451797] api request success: node=node-1 GET /ha/state status=200
[1772533451797] api request start: node=node-2 GET /ha/state
[1772533451797] api request success: node=node-2 GET /ha/state status=200
[1772533451797] api request start: node=node-3 GET /ha/state
[1772533451797] api request success: node=node-3 GET /ha/state status=200
[1772533456989] api request start: node=node-1 GET /ha/state
[1772533478368] api request success: node=node-1 GET /ha/state status=200
[1772533478369] api request start: node=node-2 GET /ha/state
[1772533493775] api request success: node=node-2 GET /ha/state status=200
[1772533493775] api request start: node=node-3 GET /ha/state
[1772533504211] api request success: node=node-3 GET /ha/state status=200
[1772533504211] api request start: node=node-1 GET /ha/state
[1772533520708] api request success: node=node-1 GET /ha/state status=200
[1772533520708] api request start: node=node-2 GET /ha/state
[1772533544882] api request success: node=node-2 GET /ha/state status=200
[1772533544882] api request start: node=node-3 GET /ha/state
[1772533566784] api request success: node=node-3 GET /ha/state status=200
[1772533587627] sql workload stopped: scenario=ha-e2e-stress-no-quorum-fencing-concurrent-sql committed=79 unique_keys=79 transient=314 fencing=0 hard=0