   Compiling pgtuskmaster_rust v0.1.0 (/home/joshazimullah.linux/work_mounts/patroni_rewrite/pgtuskmaster_rust)
warning: value assigned to `last_observation` is never read
    --> src/ha/e2e_multi_node.rs:1500:48
     |
1500 |     let mut last_observation: Option<String> = None;
     |                                                ^^^^
     |
     = help: maybe it is overwritten before being read?
     = note: `#[warn(unused_assignments)]` (part of `#[warn(unused)]`) on by default

warning: value assigned to `last_observation` is never read
    --> src/ha/e2e_multi_node.rs:1533:48
     |
1533 |     let mut last_observation: Option<String> = None;
     |                                                ^^^^
     |
     = help: maybe it is overwritten before being read?

warning: `pgtuskmaster_rust` (lib test) generated 2 warnings
    Finished `test` profile [unoptimized + debuginfo] target(s) in 16.82s
     Running unittests src/lib.rs (target/debug/deps/pgtuskmaster_rust-4ed2729427fd503c)

running 1 test
test ha::e2e_multi_node::e2e_multi_node_real_ha_scenario_matrix ... waiting for server to shut down.... done
server stopped
FAILED

failures:

---- ha::e2e_multi_node::e2e_multi_node_real_ha_scenario_matrix stdout ----
Error: Message("timed out waiting for stable primary via API; last_error=connect 127.0.0.1:40849 for GET /ha/state failed: Connection refused (os error 111); timeline: /home/joshazimullah.linux/work_mounts/patroni_rewrite/pgtuskmaster_rust/.ralph/evidence/13-e2e-multi-node/ha-e2e-scenario-matrix-1772548323919.timeline.log")


failures:
    ha::e2e_multi_node::e2e_multi_node_real_ha_scenario_matrix

test result: FAILED. 0 passed; 1 failed; 0 ignored; 0 measured; 167 filtered out; finished in 63.59s

error: test failed, to rerun pass `--lib`
