warning: value assigned to `last_observation` is never read
    --> src/ha/e2e_multi_node.rs:1500:32
     |
1500 |     let mut last_observation = "none".to_string();
     |                                ^^^^^^^^^^^^^^^^^^
     |
     = help: maybe it is overwritten before being read?
     = note: `#[warn(unused_assignments)]` (part of `#[warn(unused)]`) on by default

warning: value assigned to `last_observation` is never read
    --> src/ha/e2e_multi_node.rs:1532:32
     |
1532 |     let mut last_observation = "none".to_string();
     |                                ^^^^^^^^^^^^^^^^^^
     |
     = help: maybe it is overwritten before being read?

warning: `pgtuskmaster_rust` (lib test) generated 2 warnings
    Finished `test` profile [unoptimized + debuginfo] target(s) in 0.38s
     Running unittests src/lib.rs (target/debug/deps/pgtuskmaster_rust-4ed2729427fd503c)

running 1 test
test ha::e2e_multi_node::e2e_multi_node_real_ha_scenario_matrix ... FAILED

failures:

---- ha::e2e_multi_node::e2e_multi_node_real_ha_scenario_matrix stdout ----
Error: Message("timed out waiting for api readiness at 127.0.0.1:45905; last_observation=connect 127.0.0.1:45905 for GET /ha/state failed: Connection refused (os error 111)")


failures:
    ha::e2e_multi_node::e2e_multi_node_real_ha_scenario_matrix

test result: FAILED. 0 passed; 1 failed; 0 ignored; 0 measured; 167 filtered out; finished in 23.21s

error: test failed, to rerun pass `--lib`
