[1772530659543] unassisted failover bootstrap: wait for stable primary
[1772530659543] api request start: node=node-1 GET /ha/state
[1772530659642] api request success: node=node-1 GET /ha/state status=200
[1772530659642] api request start: node=node-2 GET /ha/state
[1772530659642] api request success: node=node-2 GET /ha/state status=200
[1772530659642] api request start: node=node-3 GET /ha/state
[1772530659642] api request success: node=node-3 GET /ha/state status=200
[1772530659642] stable-primary poll states: node-1:Primary:leader=node-1, node-2:WaitingPostgresReachable:leader=node-1, node-3:WaitingPostgresReachable:leader=node-1
[1772530659745] api request start: node=node-1 GET /ha/state
[1772530659849] api request success: node=node-1 GET /ha/state status=200
[1772530659849] api request start: node=node-2 GET /ha/state
[1772530659849] api request success: node=node-2 GET /ha/state status=200
[1772530659849] api request start: node=node-3 GET /ha/state
[1772530659849] api request success: node=node-3 GET /ha/state status=200
[1772530659951] api request start: node=node-1 GET /ha/state
[1772530660156] api request success: node=node-1 GET /ha/state status=200
[1772530660156] api request start: node=node-2 GET /ha/state
[1772530660156] api request success: node=node-2 GET /ha/state status=200
[1772530660156] api request start: node=node-3 GET /ha/state
[1772530660156] api request success: node=node-3 GET /ha/state status=200
[1772530660156] stable-primary poll states: node-1:Primary:leader=node-1, node-2:Replica:leader=node-1, node-3:WaitingPostgresReachable:leader=node-1
[1772530660359] api request start: node=node-1 GET /ha/state
[1772530660597] api request success: node=node-1 GET /ha/state status=200
[1772530660597] api request start: node=node-2 GET /ha/state
[1772530660597] api request success: node=node-2 GET /ha/state status=200
[1772530660597] api request start: node=node-3 GET /ha/state
[1772530660597] api request success: node=node-3 GET /ha/state status=200
[1772530660597] stable-primary poll states: node-1:Primary:leader=node-1, node-2:Replica:leader=node-1, node-3:Replica:leader=node-1
[1772530661044] api request start: node=node-1 GET /ha/state
[1772530661045] api request success: node=node-1 GET /ha/state status=200
[1772530661045] api request start: node=node-2 GET /ha/state
[1772530661045] api request success: node=node-2 GET /ha/state status=200
[1772530661045] api request start: node=node-3 GET /ha/state
[1772530661045] api request success: node=node-3 GET /ha/state status=200
[1772530661045] unassisted failover bootstrap success: primary=node-1
[1772530661045] api request start: node=node-1 GET /ha/state
[1772530661045] api request success: node=node-1 GET /ha/state status=200
[1772530661045] api request start: node=node-2 GET /ha/state
[1772530661045] api request success: node=node-2 GET /ha/state status=200
[1772530661045] api request start: node=node-3 GET /ha/state
[1772530661046] api request success: node=node-3 GET /ha/state status=200
[1772530661121] api request start: node=node-1 GET /ha/state
[1772530661121] api request success: node=node-1 GET /ha/state status=200
[1772530661121] api request start: node=node-2 GET /ha/state
[1772530661121] api request success: node=node-2 GET /ha/state status=200
[1772530661121] api request start: node=node-3 GET /ha/state
[1772530661122] api request success: node=node-3 GET /ha/state status=200
[1772530661468] api request start: node=node-1 GET /ha/state
[1772530661470] api request success: node=node-1 GET /ha/state status=200
[1772530661470] api request start: node=node-2 GET /ha/state
[1772530661470] api request success: node=node-2 GET /ha/state status=200
[1772530661470] api request start: node=node-3 GET /ha/state
[1772530661470] api request success: node=node-3 GET /ha/state status=200
[1772530661547] api request start: node=node-1 GET /ha/state
[1772530661547] api request success: node=node-1 GET /ha/state status=200
[1772530661547] api request start: node=node-2 GET /ha/state
[1772530661548] api request success: node=node-2 GET /ha/state status=200
[1772530661548] api request start: node=node-3 GET /ha/state
[1772530661548] api request success: node=node-3 GET /ha/state status=200
[1772530661687] api request start: node=node-1 GET /ha/state
[1772530661919] api request success: node=node-1 GET /ha/state status=200
[1772530661919] api request start: node=node-2 GET /ha/state
[1772530661919] api request success: node=node-2 GET /ha/state status=200
[1772530661919] api request start: node=node-3 GET /ha/state
[1772530661919] api request success: node=node-3 GET /ha/state status=200
[1772530661999] api request start: node=node-1 GET /ha/state
[1772530662000] api request success: node=node-1 GET /ha/state status=200
[1772530662000] api request start: node=node-2 GET /ha/state
[1772530662001] api request success: node=node-2 GET /ha/state status=200
[1772530662001] api request start: node=node-3 GET /ha/state
[1772530662001] api request success: node=node-3 GET /ha/state status=200
[1772530662346] api request start: node=node-1 GET /ha/state
[1772530662350] api request success: node=node-1 GET /ha/state status=200
[1772530662350] api request start: node=node-2 GET /ha/state
[1772530662350] api request success: node=node-2 GET /ha/state status=200
[1772530662350] api request start: node=node-3 GET /ha/state
[1772530662351] api request success: node=node-3 GET /ha/state status=200
[1772530662428] api request start: node=node-1 GET /ha/state
[1772530662430] api request success: node=node-1 GET /ha/state status=200
[1772530662430] api request start: node=node-2 GET /ha/state
[1772530662431] api request success: node=node-2 GET /ha/state status=200
[1772530662432] api request start: node=node-3 GET /ha/state
[1772530662433] api request success: node=node-3 GET /ha/state status=200
[1772530662559] api request start: node=node-1 GET /ha/state
[1772530662779] api request success: node=node-1 GET /ha/state status=200
[1772530662779] api request start: node=node-2 GET /ha/state
[1772530662779] api request success: node=node-2 GET /ha/state status=200
[1772530662779] api request start: node=node-3 GET /ha/state
[1772530662780] api request success: node=node-3 GET /ha/state status=200
[1772530662855] api request start: node=node-1 GET /ha/state
[1772530662856] api request success: node=node-1 GET /ha/state status=200
[1772530662857] api request start: node=node-2 GET /ha/state
[1772530662858] api request success: node=node-2 GET /ha/state status=200
[1772530662858] api request start: node=node-3 GET /ha/state
[1772530662858] api request success: node=node-3 GET /ha/state status=200
[1772530662985] api request start: node=node-1 GET /ha/state
[1772530663108] api request success: node=node-1 GET /ha/state status=200
[1772530663108] api request start: node=node-2 GET /ha/state
[1772530663108] api request success: node=node-2 GET /ha/state status=200
[1772530663108] api request start: node=node-3 GET /ha/state
[1772530663108] api request success: node=node-3 GET /ha/state status=200
[1772530663185] api request start: node=node-1 GET /ha/state
[1772530663186] api request success: node=node-1 GET /ha/state status=200
[1772530663186] api request start: node=node-2 GET /ha/state
[1772530663187] api request success: node=node-2 GET /ha/state status=200
[1772530663187] api request start: node=node-3 GET /ha/state
[1772530663188] api request success: node=node-3 GET /ha/state status=200
[1772530663436] api request start: node=node-1 GET /ha/state
[1772530663439] api request success: node=node-1 GET /ha/state status=200
[1772530663439] api request start: node=node-2 GET /ha/state
[1772530663440] api request success: node=node-2 GET /ha/state status=200
[1772530663440] api request start: node=node-3 GET /ha/state
[1772530663442] api request success: node=node-3 GET /ha/state status=200
[1772530663518] api request start: node=node-1 GET /ha/state
[1772530663521] api request success: node=node-1 GET /ha/state status=200
[1772530663521] api request start: node=node-2 GET /ha/state
[1772530663522] api request success: node=node-2 GET /ha/state status=200
[1772530663522] api request start: node=node-3 GET /ha/state
[1772530663523] api request success: node=node-3 GET /ha/state status=200
[1772530663659] api request start: node=node-1 GET /ha/state
[1772530663781] api request success: node=node-1 GET /ha/state status=200
[1772530663781] api request start: node=node-2 GET /ha/state
[1772530663783] api request success: node=node-2 GET /ha/state status=200
[1772530663783] api request start: node=node-3 GET /ha/state
[1772530663784] api request success: node=node-3 GET /ha/state status=200
[1772530663861] api request start: node=node-1 GET /ha/state
[1772530663863] api request success: node=node-1 GET /ha/state status=200
[1772530663863] api request start: node=node-2 GET /ha/state
[1772530663865] api request success: node=node-2 GET /ha/state status=200
[1772530663865] api request start: node=node-3 GET /ha/state
[1772530663867] api request success: node=node-3 GET /ha/state status=200
[1772530664213] api request start: node=node-1 GET /ha/state
[1772530664215] api request success: node=node-1 GET /ha/state status=200
[1772530664215] api request start: node=node-2 GET /ha/state
[1772530664215] api request success: node=node-2 GET /ha/state status=200
[1772530664215] api request start: node=node-3 GET /ha/state
[1772530664216] api request success: node=node-3 GET /ha/state status=200
[1772530664216] unassisted failover SQL pre-check: create table and insert pre-failure row
[1772530664301] unassisted failover SQL pre-check seeded/validated on replica=node-2
[1772530664542] unassisted failover SQL pre-check seeded/validated on replica=node-3
[1772530664542] unassisted failover SQL pre-check succeeded
[1772530664542] unassisted failover failure injection: stop postgres on node-1
[1772530664847] unassisted failover recovery: API-only polling for new stable primary
[1772530664847] api request start: node=node-1 GET /ha/state
[1772530664849] api request success: node=node-1 GET /ha/state status=200
[1772530664849] api request start: node=node-2 GET /ha/state
[1772530664849] api request success: node=node-2 GET /ha/state status=200
[1772530664849] api request start: node=node-3 GET /ha/state
[1772530664850] api request success: node=node-3 GET /ha/state status=200
[1772530664850] stable-primary poll states: node-1:Primary:leader=node-1, node-2:Replica:leader=node-1, node-3:Replica:leader=node-1
[1772530665057] api request start: node=node-1 GET /ha/state
[1772530665502] api request success: node=node-1 GET /ha/state status=200
[1772530665502] api request start: node=node-2 GET /ha/state
[1772530665503] api request success: node=node-2 GET /ha/state status=200
[1772530665503] api request start: node=node-3 GET /ha/state
[1772530665504] api request success: node=node-3 GET /ha/state status=200
[1772530665504] stable-primary poll states: node-1:Bootstrapping:leader=node-1, node-2:Replica:leader=node-3, node-3:Primary:leader=node-3
[1772530665614] api request start: node=node-1 GET /ha/state
[1772530666052] api request success: node=node-1 GET /ha/state status=200
[1772530666052] api request start: node=node-2 GET /ha/state
[1772530666052] api request success: node=node-2 GET /ha/state status=200
[1772530666052] api request start: node=node-3 GET /ha/state
[1772530666053] api request success: node=node-3 GET /ha/state status=200
[1772530666053] stable-primary poll states: node-1:WaitingPostgresReachable:leader=node-3, node-2:Replica:leader=node-3, node-3:Primary:leader=node-3
[1772530666369] api request start: node=node-1 GET /ha/state
[1772530666484] api request success: node=node-1 GET /ha/state status=200
[1772530666484] api request start: node=node-2 GET /ha/state
[1772530666485] api request success: node=node-2 GET /ha/state status=200
[1772530666485] api request start: node=node-3 GET /ha/state
[1772530666486] api request success: node=node-3 GET /ha/state status=200
[1772530666707] api request start: node=node-1 GET /ha/state
[1772530666933] api request success: node=node-1 GET /ha/state status=200
[1772530666933] api request start: node=node-2 GET /ha/state
[1772530666933] api request success: node=node-2 GET /ha/state status=200
[1772530666933] api request start: node=node-3 GET /ha/state
[1772530666933] api request success: node=node-3 GET /ha/state status=200
[1772530667037] api request start: node=node-1 GET /ha/state
[1772530667251] api request success: node=node-1 GET /ha/state status=200
[1772530667251] api request start: node=node-2 GET /ha/state
[1772530667252] api request success: node=node-2 GET /ha/state status=200
[1772530667252] api request start: node=node-3 GET /ha/state
[1772530667253] api request success: node=node-3 GET /ha/state status=200
[1772530667253] api request start: node=node-1 GET /ha/state
[1772530667253] api request success: node=node-1 GET /ha/state status=200
[1772530667253] api request start: node=node-2 GET /ha/state
[1772530667253] api request success: node=node-2 GET /ha/state status=200
[1772530667253] api request start: node=node-3 GET /ha/state
[1772530667254] api request success: node=node-3 GET /ha/state status=200
[1772530667329] api request start: node=node-1 GET /ha/state
[1772530667330] api request success: node=node-1 GET /ha/state status=200
[1772530667330] api request start: node=node-2 GET /ha/state
[1772530667331] api request success: node=node-2 GET /ha/state status=200
[1772530667331] api request start: node=node-3 GET /ha/state
[1772530667331] api request success: node=node-3 GET /ha/state status=200
[1772530667570] api request start: node=node-1 GET /ha/state
[1772530667675] api request success: node=node-1 GET /ha/state status=200
[1772530667675] api request start: node=node-2 GET /ha/state
[1772530667676] api request success: node=node-2 GET /ha/state status=200
[1772530667676] api request start: node=node-3 GET /ha/state
[1772530667676] api request success: node=node-3 GET /ha/state status=200
[1772530667754] api request start: node=node-1 GET /ha/state
[1772530667756] api request success: node=node-1 GET /ha/state status=200
[1772530667756] api request start: node=node-2 GET /ha/state
[1772530667757] api request success: node=node-2 GET /ha/state status=200
[1772530667757] api request start: node=node-3 GET /ha/state
[1772530667758] api request success: node=node-3 GET /ha/state status=200
[1772530668101] api request start: node=node-1 GET /ha/state
[1772530668205] api request success: node=node-1 GET /ha/state status=200
[1772530668205] api request start: node=node-2 GET /ha/state
[1772530668205] api request success: node=node-2 GET /ha/state status=200
[1772530668205] api request start: node=node-3 GET /ha/state
[1772530668206] api request success: node=node-3 GET /ha/state status=200
[1772530668284] api request start: node=node-1 GET /ha/state
[1772530668286] api request success: node=node-1 GET /ha/state status=200
[1772530668286] api request start: node=node-2 GET /ha/state
[1772530668288] api request success: node=node-2 GET /ha/state status=200
[1772530668288] api request start: node=node-3 GET /ha/state
[1772530668289] api request success: node=node-3 GET /ha/state status=200
[1772530668638] api request start: node=node-1 GET /ha/state
[1772530668644] api request success: node=node-1 GET /ha/state status=200
[1772530668644] api request start: node=node-2 GET /ha/state
[1772530668645] api request success: node=node-2 GET /ha/state status=200
[1772530668645] api request start: node=node-3 GET /ha/state
[1772530668645] api request success: node=node-3 GET /ha/state status=200
[1772530668722] api request start: node=node-1 GET /ha/state
[1772530668733] api request success: node=node-1 GET /ha/state status=200
[1772530668733] api request start: node=node-2 GET /ha/state
[1772530668735] api request success: node=node-2 GET /ha/state status=200
[1772530668735] api request start: node=node-3 GET /ha/state
[1772530668736] api request success: node=node-3 GET /ha/state status=200
[1772530668851] api request start: node=node-1 GET /ha/state
[1772530668959] api request success: node=node-1 GET /ha/state status=200
[1772530668960] api request start: node=node-2 GET /ha/state
[1772530668960] api request success: node=node-2 GET /ha/state status=200
[1772530668960] api request start: node=node-3 GET /ha/state
[1772530668960] api request success: node=node-3 GET /ha/state status=200
[1772530669036] api request start: node=node-1 GET /ha/state
[1772530669038] api request success: node=node-1 GET /ha/state status=200
[1772530669039] api request start: node=node-2 GET /ha/state
[1772530669040] api request success: node=node-2 GET /ha/state status=200
[1772530669040] api request start: node=node-3 GET /ha/state
[1772530669040] api request success: node=node-3 GET /ha/state status=200
[1772530669292] api request start: node=node-1 GET /ha/state
[1772530669402] api request success: node=node-1 GET /ha/state status=200
[1772530669402] api request start: node=node-2 GET /ha/state
[1772530669403] api request success: node=node-2 GET /ha/state status=200
[1772530669403] api request start: node=node-3 GET /ha/state
[1772530669405] api request success: node=node-3 GET /ha/state status=200
[1772530669482] api request start: node=node-1 GET /ha/state
[1772530669484] api request success: node=node-1 GET /ha/state status=200
[1772530669484] api request start: node=node-2 GET /ha/state
[1772530669486] api request success: node=node-2 GET /ha/state status=200
[1772530669486] api request start: node=node-3 GET /ha/state
[1772530669487] api request success: node=node-3 GET /ha/state status=200
[1772530669735] api request start: node=node-1 GET /ha/state
[1772530669856] api request success: node=node-1 GET /ha/state status=200
[1772530669856] api request start: node=node-2 GET /ha/state
[1772530669856] api request success: node=node-2 GET /ha/state status=200
[1772530669856] api request start: node=node-3 GET /ha/state
[1772530669857] api request success: node=node-3 GET /ha/state status=200
[1772530669934] api request start: node=node-1 GET /ha/state
[1772530669937] api request success: node=node-1 GET /ha/state status=200
[1772530669937] api request start: node=node-2 GET /ha/state
[1772530669938] api request success: node=node-2 GET /ha/state status=200
[1772530669938] api request start: node=node-3 GET /ha/state
[1772530669939] api request success: node=node-3 GET /ha/state status=200
[1772530670065] api request start: node=node-1 GET /ha/state
[1772530670394] api request success: node=node-1 GET /ha/state status=200
[1772530670394] api request start: node=node-2 GET /ha/state
[1772530670395] api request success: node=node-2 GET /ha/state status=200
[1772530670395] api request start: node=node-3 GET /ha/state
[1772530670396] api request success: node=node-3 GET /ha/state status=200
[1772530670471] api request start: node=node-1 GET /ha/state
[1772530670473] api request success: node=node-1 GET /ha/state status=200
[1772530670474] api request start: node=node-2 GET /ha/state
[1772530670476] api request success: node=node-2 GET /ha/state status=200
[1772530670476] api request start: node=node-3 GET /ha/state
[1772530670476] api request success: node=node-3 GET /ha/state status=200
[1772530670823] api request start: node=node-1 GET /ha/state
[1772530670936] api request success: node=node-1 GET /ha/state status=200
[1772530670936] api request start: node=node-2 GET /ha/state
[1772530670937] api request success: node=node-2 GET /ha/state status=200
[1772530670937] api request start: node=node-3 GET /ha/state
[1772530670938] api request success: node=node-3 GET /ha/state status=200
[1772530671015] api request start: node=node-1 GET /ha/state
[1772530671017] api request success: node=node-1 GET /ha/state status=200
[1772530671017] api request start: node=node-2 GET /ha/state
[1772530671018] api request success: node=node-2 GET /ha/state status=200
[1772530671018] api request start: node=node-3 GET /ha/state
[1772530671019] api request success: node=node-3 GET /ha/state status=200
[1772530671267] api request start: node=node-1 GET /ha/state
[1772530671383] api request success: node=node-1 GET /ha/state status=200
[1772530671384] api request start: node=node-2 GET /ha/state
[1772530671384] api request success: node=node-2 GET /ha/state status=200
[1772530671384] api request start: node=node-3 GET /ha/state
[1772530671385] api request success: node=node-3 GET /ha/state status=200
[1772530671462] api request start: node=node-1 GET /ha/state
[1772530671464] api request success: node=node-1 GET /ha/state status=200
[1772530671464] api request start: node=node-2 GET /ha/state
[1772530671465] api request success: node=node-2 GET /ha/state status=200
[1772530671465] api request start: node=node-3 GET /ha/state
[1772530671466] api request success: node=node-3 GET /ha/state status=200
[1772530671596] api request start: node=node-1 GET /ha/state
[1772530671931] api request success: node=node-1 GET /ha/state status=200
[1772530671931] api request start: node=node-2 GET /ha/state
[1772530671932] api request success: node=node-2 GET /ha/state status=200
[1772530671932] api request start: node=node-3 GET /ha/state
[1772530671932] api request success: node=node-3 GET /ha/state status=200
[1772530672009] api request start: node=node-1 GET /ha/state
[1772530672012] api request success: node=node-1 GET /ha/state status=200
[1772530672012] api request start: node=node-2 GET /ha/state
[1772530672013] api request success: node=node-2 GET /ha/state status=200
[1772530672013] api request start: node=node-3 GET /ha/state
[1772530672014] api request success: node=node-3 GET /ha/state status=200
[1772530672258] api request start: node=node-1 GET /ha/state
[1772530672360] api request success: node=node-1 GET /ha/state status=200
[1772530672360] api request start: node=node-2 GET /ha/state
[1772530672361] api request success: node=node-2 GET /ha/state status=200
[1772530672361] api request start: node=node-3 GET /ha/state
[1772530672361] api request success: node=node-3 GET /ha/state status=200
[1772530672361] unassisted failover recovery success: former_primary=node-1, new_primary=node-3
[1772530672361] phase history evidence: node-1:Bootstrapping|Primary|WaitingPostgresReachable,node-2:Replica|WaitingPostgresReachable,node-3:Primary|Replica|WaitingPostgresReachable
[1772530672361] unassisted failover SQL post-check: insert post-failure row
[1772530672382] unassisted failover SQL continuity proof succeeded