[1772528968733] scenario bootstrap/election: wait for single primary
[1772528968733] api request start: node=node-1 GET /ha/state
[1772528969249] api request success: node=node-1 GET /ha/state status=200
[1772528969249] api request start: node=node-2 GET /ha/state
[1772528969250] api request success: node=node-2 GET /ha/state status=200
[1772528969250] api request start: node=node-3 GET /ha/state
[1772528969250] api request success: node=node-3 GET /ha/state status=200
[1772528969250] bootstrap/election success: primary=node-1
[1772528969250] api request start: node=node-1 GET /ha/state
[1772528969250] api request success: node=node-1 GET /ha/state status=200
[1772528969250] api request start: node=node-2 GET /ha/state
[1772528969251] api request success: node=node-2 GET /ha/state status=200
[1772528969251] api request start: node=node-3 GET /ha/state
[1772528969251] api request success: node=node-3 GET /ha/state status=200
[1772528969327] api request start: node=node-1 GET /ha/state
[1772528969327] api request success: node=node-1 GET /ha/state status=200
[1772528969327] api request start: node=node-2 GET /ha/state
[1772528969328] api request success: node=node-2 GET /ha/state status=200
[1772528969328] api request start: node=node-3 GET /ha/state
[1772528969328] api request success: node=node-3 GET /ha/state status=200
[1772528969451] api request start: node=node-1 GET /ha/state
[1772528969656] api request success: node=node-1 GET /ha/state status=200
[1772528969657] api request start: node=node-2 GET /ha/state
[1772528969657] api request success: node=node-2 GET /ha/state status=200
[1772528969657] api request start: node=node-3 GET /ha/state
[1772528969657] api request success: node=node-3 GET /ha/state status=200
[1772528969733] api request start: node=node-1 GET /ha/state
[1772528969733] api request success: node=node-1 GET /ha/state status=200
[1772528969733] api request start: node=node-2 GET /ha/state
[1772528969734] api request success: node=node-2 GET /ha/state status=200
[1772528969734] api request start: node=node-3 GET /ha/state
[1772528969734] api request success: node=node-3 GET /ha/state status=200
[1772528969860] api request start: node=node-1 GET /ha/state
[1772528970137] api request success: node=node-1 GET /ha/state status=200
[1772528970137] api request start: node=node-2 GET /ha/state
[1772528970137] api request success: node=node-2 GET /ha/state status=200
[1772528970137] api request start: node=node-3 GET /ha/state
[1772528970137] api request success: node=node-3 GET /ha/state status=200
[1772528970214] api request start: node=node-1 GET /ha/state
[1772528970215] api request success: node=node-1 GET /ha/state status=200
[1772528970215] api request start: node=node-2 GET /ha/state
[1772528970215] api request success: node=node-2 GET /ha/state status=200
[1772528970215] api request start: node=node-3 GET /ha/state
[1772528970215] api request success: node=node-3 GET /ha/state status=200
[1772528970545] api request start: node=node-1 GET /ha/state
[1772528970546] api request success: node=node-1 GET /ha/state status=200
[1772528970546] api request start: node=node-2 GET /ha/state
[1772528970546] api request success: node=node-2 GET /ha/state status=200
[1772528970546] api request start: node=node-3 GET /ha/state
[1772528970546] api request success: node=node-3 GET /ha/state status=200
[1772528970623] api request start: node=node-1 GET /ha/state
[1772528970623] api request success: node=node-1 GET /ha/state status=200
[1772528970623] api request start: node=node-2 GET /ha/state
[1772528970623] api request success: node=node-2 GET /ha/state status=200
[1772528970623] api request start: node=node-3 GET /ha/state
[1772528970623] api request success: node=node-3 GET /ha/state status=200
[1772528971004] api request start: node=node-1 GET /ha/state
[1772528971005] api request success: node=node-1 GET /ha/state status=200
[1772528971005] api request start: node=node-2 GET /ha/state
[1772528971005] api request success: node=node-2 GET /ha/state status=200
[1772528971005] api request start: node=node-3 GET /ha/state
[1772528971005] api request success: node=node-3 GET /ha/state status=200
[1772528971084] api request start: node=node-1 GET /ha/state
[1772528971084] api request success: node=node-1 GET /ha/state status=200
[1772528971084] api request start: node=node-2 GET /ha/state
[1772528971084] api request success: node=node-2 GET /ha/state status=200
[1772528971084] api request start: node=node-3 GET /ha/state
[1772528971085] api request success: node=node-3 GET /ha/state status=200
[1772528971312] api request start: node=node-1 GET /ha/state
[1772528971313] api request success: node=node-1 GET /ha/state status=200
[1772528971313] api request start: node=node-2 GET /ha/state
[1772528971313] api request success: node=node-2 GET /ha/state status=200
[1772528971313] api request start: node=node-3 GET /ha/state
[1772528971313] api request success: node=node-3 GET /ha/state status=200
[1772528971390] api request start: node=node-1 GET /ha/state
[1772528971391] api request success: node=node-1 GET /ha/state status=200
[1772528971391] api request start: node=node-2 GET /ha/state
[1772528971391] api request success: node=node-2 GET /ha/state status=200
[1772528971391] api request start: node=node-3 GET /ha/state
[1772528971391] api request success: node=node-3 GET /ha/state status=200
[1772528971661] api request start: node=node-1 GET /ha/state
[1772528971661] api request success: node=node-1 GET /ha/state status=200
[1772528971661] api request start: node=node-2 GET /ha/state
[1772528971662] api request success: node=node-2 GET /ha/state status=200
[1772528971662] api request start: node=node-3 GET /ha/state
[1772528971662] api request success: node=node-3 GET /ha/state status=200
[1772528971738] api request start: node=node-1 GET /ha/state
[1772528971738] api request success: node=node-1 GET /ha/state status=200
[1772528971738] api request start: node=node-2 GET /ha/state
[1772528971738] api request success: node=node-2 GET /ha/state status=200
[1772528971738] api request start: node=node-3 GET /ha/state
[1772528971738] api request success: node=node-3 GET /ha/state status=200
[1772528971970] api request start: node=node-1 GET /ha/state
[1772528971971] api request success: node=node-1 GET /ha/state status=200
[1772528971971] api request start: node=node-2 GET /ha/state
[1772528971971] api request success: node=node-2 GET /ha/state status=200
[1772528971971] api request start: node=node-3 GET /ha/state
[1772528971972] api request success: node=node-3 GET /ha/state status=200
[1772528972048] api request start: node=node-1 GET /ha/state
[1772528972048] api request success: node=node-1 GET /ha/state status=200
[1772528972048] api request start: node=node-2 GET /ha/state
[1772528972048] api request success: node=node-2 GET /ha/state status=200
[1772528972048] api request start: node=node-3 GET /ha/state
[1772528972048] api request success: node=node-3 GET /ha/state status=200
[1772528972276] api request start: node=node-1 GET /ha/state
[1772528972277] api request success: node=node-1 GET /ha/state status=200
[1772528972277] api request start: node=node-2 GET /ha/state
[1772528972277] api request success: node=node-2 GET /ha/state status=200
[1772528972277] api request start: node=node-3 GET /ha/state
[1772528972277] api request success: node=node-3 GET /ha/state status=200
[1772528972277] scenario planned switchover: submit request through API endpoint
[1772528972277] api request start: node=node-1 POST /switchover
[1772528972397] api request success: node=node-1 POST /switchover status=202
[1772528972397] api request start: node=node-1 GET /ha/state
[1772528972825] api request success: node=node-1 GET /ha/state status=200
[1772528972825] api request start: node=node-2 GET /ha/state
[1772528972826] api request success: node=node-2 GET /ha/state status=200
[1772528972826] api request start: node=node-3 GET /ha/state
[1772528972826] api request success: node=node-3 GET /ha/state status=200
[1772528972826] planned switchover success: old_primary=node-1, new_primary=node-3
[1772528972826] scenario fencing-before-promotion: inject conflicting leader
[1772528972826] api request start: node=node-1 POST /ha/leader
[1772528972933] api request success: node=node-1 POST /ha/leader status=202
[1772528972933] api request start: node=node-3 GET /ha/state
[1772528973479] api request success: node=node-3 GET /ha/state status=200
[1772528973479] api request start: node=node-1 GET /ha/state
[1772528973480] api request success: node=node-1 GET /ha/state status=200
[1772528973480] api request start: node=node-2 GET /ha/state
[1772528973480] api request success: node=node-2 GET /ha/state status=200
[1772528973480] api request start: node=node-3 GET /ha/state
[1772528973480] api request success: node=node-3 GET /ha/state status=200
[1772528973556] api request start: node=node-1 GET /ha/state
[1772528973558] api request success: node=node-1 GET /ha/state status=200
[1772528973558] api request start: node=node-2 GET /ha/state
[1772528973559] api request success: node=node-2 GET /ha/state status=200
[1772528973559] api request start: node=node-3 GET /ha/state
[1772528973560] api request success: node=node-3 GET /ha/state status=200
[1772528973912] api request start: node=node-1 GET /ha/state
[1772528974014] api request success: node=node-1 GET /ha/state status=200
[1772528974014] api request start: node=node-2 GET /ha/state
[1772528974015] api request success: node=node-2 GET /ha/state status=200
[1772528974015] api request start: node=node-3 GET /ha/state
[1772528974015] api request success: node=node-3 GET /ha/state status=200
[1772528974094] api request start: node=node-1 GET /ha/state
[1772528974096] api request success: node=node-1 GET /ha/state status=200
[1772528974096] api request start: node=node-2 GET /ha/state
[1772528974097] api request success: node=node-2 GET /ha/state status=200
[1772528974097] api request start: node=node-3 GET /ha/state
[1772528974098] api request success: node=node-3 GET /ha/state status=200
[1772528974336] api request start: node=node-1 GET /ha/state
[1772528974545] api request success: node=node-1 GET /ha/state status=200
[1772528974545] api request start: node=node-2 GET /ha/state
[1772528974871] api request success: node=node-2 GET /ha/state status=200
[1772528974871] api request start: node=node-3 GET /ha/state
[1772528975292] api request success: node=node-3 GET /ha/state status=200
[1772528975398] api request start: node=node-1 GET /ha/state
[1772528975399] api request success: node=node-1 GET /ha/state status=200
[1772528975399] api request start: node=node-2 GET /ha/state
[1772528975400] api request success: node=node-2 GET /ha/state status=200
[1772528975400] api request start: node=node-3 GET /ha/state
[1772528975400] api request success: node=node-3 GET /ha/state status=200
[1772528975475] api request start: node=node-1 GET /ha/state
[1772528975477] api request success: node=node-1 GET /ha/state status=200
[1772528975478] api request start: node=node-2 GET /ha/state
[1772528975479] api request success: node=node-2 GET /ha/state status=200
[1772528975479] api request start: node=node-3 GET /ha/state
[1772528975480] api request success: node=node-3 GET /ha/state status=200
[1772528975845] api request start: node=node-1 GET /ha/state
[1772528976056] api request success: node=node-1 GET /ha/state status=200
[1772528976056] api request start: node=node-2 GET /ha/state
[1772528976057] api request success: node=node-2 GET /ha/state status=200
[1772528976057] api request start: node=node-3 GET /ha/state
[1772528976057] api request success: node=node-3 GET /ha/state status=200
[1772528976133] api request start: node=node-1 GET /ha/state
[1772528976134] api request success: node=node-1 GET /ha/state status=200
[1772528976134] api request start: node=node-2 GET /ha/state
[1772528976135] api request success: node=node-2 GET /ha/state status=200
[1772528976135] api request start: node=node-3 GET /ha/state
[1772528976135] api request success: node=node-3 GET /ha/state status=200
[1772528976494] api request start: node=node-1 GET /ha/state
[1772528976833] api request success: node=node-1 GET /ha/state status=200
[1772528976833] api request start: node=node-2 GET /ha/state
[1772528977182] api request success: node=node-2 GET /ha/state status=200
[1772528977182] api request start: node=node-3 GET /ha/state
[1772528977633] api request success: node=node-3 GET /ha/state status=200
[1772528977633] fencing-before-promotion observed on node-3
[1772528977633] scenario failover: stop current primary and clear stale leader through API
[1772528977633] api request start: node=node-1 DELETE /ha/leader
[1772528977847] api request success: node=node-1 DELETE /ha/leader status=202
[1772528977847] api request start: node=node-1 POST /ha/leader
[1772528978380] api request success: node=node-1 POST /ha/leader status=202
[1772528978380] api request start: node=node-1 GET /ha/state
[1772528978927] api request success: node=node-1 GET /ha/state status=200
[1772528978927] api request start: node=node-2 GET /ha/state
[1772528978927] api request success: node=node-2 GET /ha/state status=200
[1772528978927] api request start: node=node-3 GET /ha/state
[1772528978928] api request success: node=node-3 GET /ha/state status=200
[1772528978928] failover signal observed: failed_primary=node-3, api_leader=node-1
[1772528978928] scenario rewind path: verify former primary enters rewind/process recovery path
[1772528978928] api request start: node=node-3 GET /ha/state
[1772528978928] api request success: node=node-3 GET /ha/state status=200
[1772528978928] rewind/recovery path observed for former primary node-3
[1772528978928] scenario split-brain prevention: ensure no dual primary after failover
[1772528978928] api request start: node=node-1 GET /ha/state
[1772528978928] api request success: node=node-1 GET /ha/state status=200
[1772528978928] api request start: node=node-2 GET /ha/state
[1772528979029] api request success: node=node-2 GET /ha/state status=200
[1772528979029] api request start: node=node-3 GET /ha/state
[1772528979245] api request success: node=node-3 GET /ha/state status=200
[1772528979321] api request start: node=node-1 GET /ha/state
[1772528979322] api request success: node=node-1 GET /ha/state status=200
[1772528979323] api request start: node=node-2 GET /ha/state
[1772528979324] api request success: node=node-2 GET /ha/state status=200
[1772528979324] api request start: node=node-3 GET /ha/state
[1772528979324] api request success: node=node-3 GET /ha/state status=200
[1772528979576] api request start: node=node-1 GET /ha/state
[1772528979790] api request success: node=node-1 GET /ha/state status=200
[1772528979790] api request start: node=node-2 GET /ha/state
[1772528979791] api request success: node=node-2 GET /ha/state status=200
[1772528979791] api request start: node=node-3 GET /ha/state
[1772528979792] api request success: node=node-3 GET /ha/state status=200
[1772528979867] api request start: node=node-1 GET /ha/state
[1772528979869] api request success: node=node-1 GET /ha/state status=200
[1772528979869] api request start: node=node-2 GET /ha/state
[1772528979869] api request success: node=node-2 GET /ha/state status=200
[1772528979869] api request start: node=node-3 GET /ha/state
[1772528979870] api request success: node=node-3 GET /ha/state status=200
[1772528980100] api request start: node=node-1 GET /ha/state
[1772528980214] api request success: node=node-1 GET /ha/state status=200
[1772528980214] api request start: node=node-2 GET /ha/state
[1772528980215] api request success: node=node-2 GET /ha/state status=200
[1772528980215] api request start: node=node-3 GET /ha/state
[1772528980216] api request success: node=node-3 GET /ha/state status=200
[1772528980292] api request start: node=node-1 GET /ha/state
[1772528980294] api request success: node=node-1 GET /ha/state status=200
[1772528980295] api request start: node=node-2 GET /ha/state
[1772528980295] api request success: node=node-2 GET /ha/state status=200
[1772528980295] api request start: node=node-3 GET /ha/state
[1772528980296] api request success: node=node-3 GET /ha/state status=200
[1772528980421] api request start: node=node-1 GET /ha/state
[1772528980875] api request success: node=node-1 GET /ha/state status=200
[1772528980875] api request start: node=node-2 GET /ha/state
[1772528980877] api request success: node=node-2 GET /ha/state status=200
[1772528980877] api request start: node=node-3 GET /ha/state
[1772528980879] api request success: node=node-3 GET /ha/state status=200
[1772528980956] api request start: node=node-1 GET /ha/state
[1772528980958] api request success: node=node-1 GET /ha/state status=200
[1772528980958] api request start: node=node-2 GET /ha/state
[1772528980959] api request success: node=node-2 GET /ha/state status=200
[1772528980959] api request start: node=node-3 GET /ha/state
[1772528980960] api request success: node=node-3 GET /ha/state status=200
[1772528981209] api request start: node=node-1 GET /ha/state
[1772528981520] api request success: node=node-1 GET /ha/state status=200
[1772528981520] api request start: node=node-2 GET /ha/state
[1772528981758] api request success: node=node-2 GET /ha/state status=200
[1772528981758] api request start: node=node-3 GET /ha/state
[1772528981759] api request success: node=node-3 GET /ha/state status=200
[1772528981835] api request start: node=node-1 GET /ha/state
[1772528981836] api request success: node=node-1 GET /ha/state status=200
[1772528981836] api request start: node=node-2 GET /ha/state
[1772528981837] api request success: node=node-2 GET /ha/state status=200
[1772528981837] api request start: node=node-3 GET /ha/state
[1772528981837] api request success: node=node-3 GET /ha/state status=200
[1772528981970] api request start: node=node-1 GET /ha/state
[1772528982074] api request success: node=node-1 GET /ha/state status=200
[1772528982074] api request start: node=node-2 GET /ha/state
[1772528982075] api request success: node=node-2 GET /ha/state status=200
[1772528982075] api request start: node=node-3 GET /ha/state
[1772528982075] api request success: node=node-3 GET /ha/state status=200
[1772528982151] api request start: node=node-1 GET /ha/state
[1772528982153] api request success: node=node-1 GET /ha/state status=200
[1772528982153] api request start: node=node-2 GET /ha/state
[1772528982155] api request success: node=node-2 GET /ha/state status=200
[1772528982155] api request start: node=node-3 GET /ha/state
[1772528982157] api request success: node=node-3 GET /ha/state status=200
[1772528982523] api request start: node=node-1 GET /ha/state
[1772528982743] api request success: node=node-1 GET /ha/state status=200
[1772528982744] api request start: node=node-2 GET /ha/state
[1772528982745] api request success: node=node-2 GET /ha/state status=200
[1772528982745] api request start: node=node-3 GET /ha/state
[1772528982746] api request success: node=node-3 GET /ha/state status=200
[1772528982823] api request start: node=node-1 GET /ha/state
[1772528982825] api request success: node=node-1 GET /ha/state status=200
[1772528982825] api request start: node=node-2 GET /ha/state
[1772528982826] api request success: node=node-2 GET /ha/state status=200
[1772528982826] api request start: node=node-3 GET /ha/state
[1772528982827] api request success: node=node-3 GET /ha/state status=200
[1772528982948] api request start: node=node-1 GET /ha/state
[1772528983380] api request success: node=node-1 GET /ha/state status=200
[1772528983380] api request start: node=node-2 GET /ha/state
[1772528983708] api request success: node=node-2 GET /ha/state status=200
[1772528983709] api request start: node=node-3 GET /ha/state
[1772528984131] api request success: node=node-3 GET /ha/state status=200
[1772528984131] scenario no-quorum fail-safe: shutdown etcd majority (2/3)
[1772528994395] no-quorum setup: stopped etcd members=etcd-a,etcd-b
[1772528994395] api request start: node=node-1 GET /ha/state
[1772528994396] api request success: node=node-1 GET /ha/state status=200
[1772528994396] api request start: node=node-2 GET /ha/state
[1772528994396] api request success: node=node-2 GET /ha/state status=200
[1772528994396] api request start: node=node-3 GET /ha/state
[1772528994396] api request success: node=node-3 GET /ha/state status=200
[1772528999430] api request start: node=node-1 GET /ha/state
[1772529020796] api request success: node=node-1 GET /ha/state status=200
[1772529020796] api request start: node=node-2 GET /ha/state
[1772529041959] api request success: node=node-2 GET /ha/state status=200
[1772529041960] api request start: node=node-3 GET /ha/state
[1772529063235] api request success: node=node-3 GET /ha/state status=200
[1772529063235] no-quorum fail-safe observed on all nodes