[1772527743136] unassisted failover bootstrap: wait for stable primary
[1772527743136] api request start: node=node-1 GET /ha/state
[1772527743238] api request success: node=node-1 GET /ha/state status=200
[1772527743238] api request start: node=node-2 GET /ha/state
[1772527743238] api request success: node=node-2 GET /ha/state status=200
[1772527743238] api request start: node=node-3 GET /ha/state
[1772527743239] api request success: node=node-3 GET /ha/state status=200
[1772527743239] stable-primary poll states: node-1:Primary:leader=node-1, node-2:WaitingPostgresReachable:leader=node-1, node-3:WaitingPostgresReachable:leader=node-1
[1772527743459] api request start: node=node-1 GET /ha/state
[1772527743778] api request success: node=node-1 GET /ha/state status=200
[1772527743778] api request start: node=node-2 GET /ha/state
[1772527743779] api request success: node=node-2 GET /ha/state status=200
[1772527743779] api request start: node=node-3 GET /ha/state
[1772527743780] api request success: node=node-3 GET /ha/state status=200
[1772527743780] stable-primary poll states: node-1:Primary:leader=node-1, node-2:Replica:leader=node-1, node-3:WaitingPostgresReachable:leader=node-1
[1772527743992] api request start: node=node-1 GET /ha/state
[1772527744220] api request success: node=node-1 GET /ha/state status=200
[1772527744220] api request start: node=node-2 GET /ha/state
[1772527744221] api request success: node=node-2 GET /ha/state status=200
[1772527744221] api request start: node=node-3 GET /ha/state
[1772527744222] api request success: node=node-3 GET /ha/state status=200
[1772527744222] stable-primary poll states: node-1:Primary:leader=node-1, node-2:Replica:leader=node-1, node-3:Replica:leader=node-1
[1772527744427] api request start: node=node-1 GET /ha/state
[1772527744660] api request success: node=node-1 GET /ha/state status=200
[1772527744660] api request start: node=node-2 GET /ha/state
[1772527744660] api request success: node=node-2 GET /ha/state status=200
[1772527744660] api request start: node=node-3 GET /ha/state
[1772527744660] api request success: node=node-3 GET /ha/state status=200
[1772527744997] api request start: node=node-1 GET /ha/state
[1772527745000] api request success: node=node-1 GET /ha/state status=200
[1772527745000] api request start: node=node-2 GET /ha/state
[1772527745001] api request success: node=node-2 GET /ha/state status=200
[1772527745001] api request start: node=node-3 GET /ha/state
[1772527745002] api request success: node=node-3 GET /ha/state status=200
[1772527745002] unassisted failover bootstrap success: primary=node-1
[1772527745002] api request start: node=node-1 GET /ha/state
[1772527745002] api request success: node=node-1 GET /ha/state status=200
[1772527745002] api request start: node=node-2 GET /ha/state
[1772527745002] api request success: node=node-2 GET /ha/state status=200
[1772527745002] api request start: node=node-3 GET /ha/state
[1772527745003] api request success: node=node-3 GET /ha/state status=200
[1772527745080] api request start: node=node-1 GET /ha/state
[1772527745081] api request success: node=node-1 GET /ha/state status=200
[1772527745081] api request start: node=node-2 GET /ha/state
[1772527745081] api request success: node=node-2 GET /ha/state status=200
[1772527745081] api request start: node=node-3 GET /ha/state
[1772527745081] api request success: node=node-3 GET /ha/state status=200
[1772527745325] api request start: node=node-1 GET /ha/state
[1772527745330] api request success: node=node-1 GET /ha/state status=200
[1772527745330] api request start: node=node-2 GET /ha/state
[1772527745331] api request success: node=node-2 GET /ha/state status=200
[1772527745331] api request start: node=node-3 GET /ha/state
[1772527745332] api request success: node=node-3 GET /ha/state status=200
[1772527745408] api request start: node=node-1 GET /ha/state
[1772527745409] api request success: node=node-1 GET /ha/state status=200
[1772527745410] api request start: node=node-2 GET /ha/state
[1772527745411] api request success: node=node-2 GET /ha/state status=200
[1772527745411] api request start: node=node-3 GET /ha/state
[1772527745412] api request success: node=node-3 GET /ha/state status=200
[1772527745537] api request start: node=node-1 GET /ha/state
[1772527745756] api request success: node=node-1 GET /ha/state status=200
[1772527745756] api request start: node=node-2 GET /ha/state
[1772527745757] api request success: node=node-2 GET /ha/state status=200
[1772527745757] api request start: node=node-3 GET /ha/state
[1772527745758] api request success: node=node-3 GET /ha/state status=200
[1772527745836] api request start: node=node-1 GET /ha/state
[1772527745837] api request success: node=node-1 GET /ha/state status=200
[1772527745837] api request start: node=node-2 GET /ha/state
[1772527745838] api request success: node=node-2 GET /ha/state status=200
[1772527745838] api request start: node=node-3 GET /ha/state
[1772527745838] api request success: node=node-3 GET /ha/state status=200
[1772527745960] api request start: node=node-1 GET /ha/state
[1772527746181] api request success: node=node-1 GET /ha/state status=200
[1772527746181] api request start: node=node-2 GET /ha/state
[1772527746181] api request success: node=node-2 GET /ha/state status=200
[1772527746181] api request start: node=node-3 GET /ha/state
[1772527746182] api request success: node=node-3 GET /ha/state status=200
[1772527746259] api request start: node=node-1 GET /ha/state
[1772527746262] api request success: node=node-1 GET /ha/state status=200
[1772527746262] api request start: node=node-2 GET /ha/state
[1772527746263] api request success: node=node-2 GET /ha/state status=200
[1772527746263] api request start: node=node-3 GET /ha/state
[1772527746265] api request success: node=node-3 GET /ha/state status=200
[1772527746389] api request start: node=node-1 GET /ha/state
[1772527746610] api request success: node=node-1 GET /ha/state status=200
[1772527746610] api request start: node=node-2 GET /ha/state
[1772527746611] api request success: node=node-2 GET /ha/state status=200
[1772527746611] api request start: node=node-3 GET /ha/state
[1772527746611] api request success: node=node-3 GET /ha/state status=200
[1772527746689] api request start: node=node-1 GET /ha/state
[1772527746691] api request success: node=node-1 GET /ha/state status=200
[1772527746691] api request start: node=node-2 GET /ha/state
[1772527746691] api request success: node=node-2 GET /ha/state status=200
[1772527746691] api request start: node=node-3 GET /ha/state
[1772527746692] api request success: node=node-3 GET /ha/state status=200
[1772527746818] api request start: node=node-1 GET /ha/state
[1772527747038] api request success: node=node-1 GET /ha/state status=200
[1772527747038] api request start: node=node-2 GET /ha/state
[1772527747039] api request success: node=node-2 GET /ha/state status=200
[1772527747039] api request start: node=node-3 GET /ha/state
[1772527747040] api request success: node=node-3 GET /ha/state status=200
[1772527747116] api request start: node=node-1 GET /ha/state
[1772527747117] api request success: node=node-1 GET /ha/state status=200
[1772527747117] api request start: node=node-2 GET /ha/state
[1772527747119] api request success: node=node-2 GET /ha/state status=200
[1772527747119] api request start: node=node-3 GET /ha/state
[1772527747121] api request success: node=node-3 GET /ha/state status=200
[1772527747260] api request start: node=node-1 GET /ha/state
[1772527747262] api request success: node=node-1 GET /ha/state status=200
[1772527747262] api request start: node=node-2 GET /ha/state
[1772527747263] api request success: node=node-2 GET /ha/state status=200
[1772527747263] api request start: node=node-3 GET /ha/state
[1772527747263] api request success: node=node-3 GET /ha/state status=200
[1772527747339] api request start: node=node-1 GET /ha/state
[1772527747341] api request success: node=node-1 GET /ha/state status=200
[1772527747341] api request start: node=node-2 GET /ha/state
[1772527747342] api request success: node=node-2 GET /ha/state status=200
[1772527747342] api request start: node=node-3 GET /ha/state
[1772527747343] api request success: node=node-3 GET /ha/state status=200
[1772527747591] api request start: node=node-1 GET /ha/state
[1772527747594] api request success: node=node-1 GET /ha/state status=200
[1772527747595] api request start: node=node-2 GET /ha/state
[1772527747596] api request success: node=node-2 GET /ha/state status=200
[1772527747596] api request start: node=node-3 GET /ha/state
[1772527747597] api request success: node=node-3 GET /ha/state status=200
[1772527747674] api request start: node=node-1 GET /ha/state
[1772527747676] api request success: node=node-1 GET /ha/state status=200
[1772527747676] api request start: node=node-2 GET /ha/state
[1772527747677] api request success: node=node-2 GET /ha/state status=200
[1772527747677] api request start: node=node-3 GET /ha/state
[1772527747678] api request success: node=node-3 GET /ha/state status=200
[1772527747795] api request start: node=node-1 GET /ha/state
[1772527748015] api request success: node=node-1 GET /ha/state status=200
[1772527748016] api request start: node=node-2 GET /ha/state
[1772527748016] api request success: node=node-2 GET /ha/state status=200
[1772527748016] api request start: node=node-3 GET /ha/state
[1772527748017] api request success: node=node-3 GET /ha/state status=200
[1772527748017] unassisted failover SQL pre-check: create table and insert pre-failure row
[1772527748060] unassisted failover SQL pre-check succeeded
[1772527748060] unassisted failover failure injection: stop postgres on node-1
[1772527748329] unassisted failover recovery: API-only polling for new stable primary
[1772527748329] api request start: node=node-1 GET /ha/state
[1772527748332] api request success: node=node-1 GET /ha/state status=200
[1772527748332] api request start: node=node-2 GET /ha/state
[1772527748332] api request success: node=node-2 GET /ha/state status=200
[1772527748332] api request start: node=node-3 GET /ha/state
[1772527748333] api request success: node=node-3 GET /ha/state status=200
[1772527748333] stable-primary poll states: node-1:Primary:leader=node-1, node-2:Replica:leader=node-1, node-3:Replica:leader=node-1
[1772527748541] api request start: node=node-1 GET /ha/state
[1772527748878] api request success: node=node-1 GET /ha/state status=200
[1772527748878] api request start: node=node-2 GET /ha/state
[1772527748881] api request success: node=node-2 GET /ha/state status=200
[1772527748881] api request start: node=node-3 GET /ha/state
[1772527748882] api request success: node=node-3 GET /ha/state status=200
[1772527748882] stable-primary poll states: node-1:Bootstrapping:leader=node-1, node-2:Replica:leader=node-1, node-3:Replica:leader=node-1
[1772527749093] api request start: node=node-1 GET /ha/state
[1772527749417] api request success: node=node-1 GET /ha/state status=200
[1772527749417] api request start: node=node-2 GET /ha/state
[1772527749418] api request success: node=node-2 GET /ha/state status=200
[1772527749418] api request start: node=node-3 GET /ha/state
[1772527749419] api request success: node=node-3 GET /ha/state status=200
[1772527749419] stable-primary poll states: node-1:WaitingPostgresReachable:leader=node-1, node-2:Replica:leader=node-1, node-3:Replica:leader=node-1
[1772527749739] api request start: node=node-1 GET /ha/state
[1772527749850] api request success: node=node-1 GET /ha/state status=200
[1772527749850] api request start: node=node-2 GET /ha/state
[1772527749851] api request success: node=node-2 GET /ha/state status=200
[1772527749851] api request start: node=node-3 GET /ha/state
[1772527749851] api request success: node=node-3 GET /ha/state status=200
[1772527750167] api request start: node=node-1 GET /ha/state
[1772527750272] api request success: node=node-1 GET /ha/state status=200
[1772527750272] api request start: node=node-2 GET /ha/state
[1772527750273] api request success: node=node-2 GET /ha/state status=200
[1772527750273] api request start: node=node-3 GET /ha/state
[1772527750273] api request success: node=node-3 GET /ha/state status=200
[1772527750489] api request start: node=node-1 GET /ha/state
[1772527750813] api request success: node=node-1 GET /ha/state status=200
[1772527750813] api request start: node=node-2 GET /ha/state
[1772527750814] api request success: node=node-2 GET /ha/state status=200
[1772527750814] api request start: node=node-3 GET /ha/state
[1772527750816] api request success: node=node-3 GET /ha/state status=200
[1772527751017] api request start: node=node-1 GET /ha/state
[1772527751338] api request success: node=node-1 GET /ha/state status=200
[1772527751338] api request start: node=node-2 GET /ha/state
[1772527751339] api request success: node=node-2 GET /ha/state status=200
[1772527751339] api request start: node=node-3 GET /ha/state
[1772527751339] api request success: node=node-3 GET /ha/state status=200
[1772527751762] api request start: node=node-1 GET /ha/state
[1772527751766] api request success: node=node-1 GET /ha/state status=200
[1772527751766] api request start: node=node-2 GET /ha/state
[1772527751767] api request success: node=node-2 GET /ha/state status=200
[1772527751767] api request start: node=node-3 GET /ha/state
[1772527751768] api request success: node=node-3 GET /ha/state status=200
[1772527752199] api request start: node=node-1 GET /ha/state
[1772527752204] api request success: node=node-1 GET /ha/state status=200
[1772527752204] api request start: node=node-2 GET /ha/state
[1772527752205] api request success: node=node-2 GET /ha/state status=200
[1772527752205] api request start: node=node-3 GET /ha/state
[1772527752205] api request success: node=node-3 GET /ha/state status=200
[1772527752322] api request start: node=node-1 GET /ha/state
[1772527752536] api request success: node=node-1 GET /ha/state status=200
[1772527752537] api request start: node=node-2 GET /ha/state
[1772527752537] api request success: node=node-2 GET /ha/state status=200
[1772527752538] api request start: node=node-3 GET /ha/state
[1772527752538] api request success: node=node-3 GET /ha/state status=200
[1772527752748] api request start: node=node-1 GET /ha/state
[1772527753074] api request success: node=node-1 GET /ha/state status=200
[1772527753074] api request start: node=node-2 GET /ha/state
[1772527753075] api request success: node=node-2 GET /ha/state status=200
[1772527753075] api request start: node=node-3 GET /ha/state
[1772527753075] api request success: node=node-3 GET /ha/state status=200
[1772527753176] api request start: node=node-1 GET /ha/state
[1772527753610] api request success: node=node-1 GET /ha/state status=200
[1772527753610] api request start: node=node-2 GET /ha/state
[1772527753611] api request success: node=node-2 GET /ha/state status=200
[1772527753611] api request start: node=node-3 GET /ha/state
[1772527753613] api request success: node=node-3 GET /ha/state status=200
[1772527753932] api request start: node=node-1 GET /ha/state
[1772527754048] api request success: node=node-1 GET /ha/state status=200
[1772527754049] api request start: node=node-2 GET /ha/state
[1772527754049] api request success: node=node-2 GET /ha/state status=200
[1772527754049] api request start: node=node-3 GET /ha/state
[1772527754049] api request success: node=node-3 GET /ha/state status=200
[1772527754156] api request start: node=node-1 GET /ha/state
[1772527754489] api request success: node=node-1 GET /ha/state status=200
[1772527754489] api request start: node=node-2 GET /ha/state
[1772527754490] api request success: node=node-2 GET /ha/state status=200
[1772527754490] api request start: node=node-3 GET /ha/state
[1772527754491] api request success: node=node-3 GET /ha/state status=200
[1772527754697] api request start: node=node-1 GET /ha/state
[1772527755027] api request success: node=node-1 GET /ha/state status=200
[1772527755027] api request start: node=node-2 GET /ha/state
[1772527755028] api request success: node=node-2 GET /ha/state status=200
[1772527755028] api request start: node=node-3 GET /ha/state
[1772527755029] api request success: node=node-3 GET /ha/state status=200
[1772527755229] api request start: node=node-1 GET /ha/state
[1772527755553] api request success: node=node-1 GET /ha/state status=200
[1772527755553] api request start: node=node-2 GET /ha/state
[1772527755554] api request success: node=node-2 GET /ha/state status=200
[1772527755554] api request start: node=node-3 GET /ha/state
[1772527755554] api request success: node=node-3 GET /ha/state status=200
[1772527755886] api request start: node=node-1 GET /ha/state
[1772527755998] api request success: node=node-1 GET /ha/state status=200
[1772527755998] api request start: node=node-2 GET /ha/state
[1772527755998] api request success: node=node-2 GET /ha/state status=200
[1772527755998] api request start: node=node-3 GET /ha/state
[1772527755998] api request success: node=node-3 GET /ha/state status=200
[1772527756450] api request start: node=node-1 GET /ha/state
[1772527756557] api request success: node=node-1 GET /ha/state status=200
[1772527756557] api request start: node=node-2 GET /ha/state
[1772527756558] api request success: node=node-2 GET /ha/state status=200
[1772527756558] api request start: node=node-3 GET /ha/state
[1772527756559] api request success: node=node-3 GET /ha/state status=200
[1772527756771] api request start: node=node-1 GET /ha/state
[1772527757103] api request success: node=node-1 GET /ha/state status=200
[1772527757103] api request start: node=node-2 GET /ha/state
[1772527757104] api request success: node=node-2 GET /ha/state status=200
[1772527757104] api request start: node=node-3 GET /ha/state
[1772527757104] api request success: node=node-3 GET /ha/state status=200
[1772527757547] api request start: node=node-1 GET /ha/state
[1772527757553] api request success: node=node-1 GET /ha/state status=200
[1772527757553] api request start: node=node-2 GET /ha/state
[1772527757554] api request success: node=node-2 GET /ha/state status=200
[1772527757554] api request start: node=node-3 GET /ha/state
[1772527757555] api request success: node=node-3 GET /ha/state status=200
[1772527757870] api request start: node=node-1 GET /ha/state
[1772527757874] api request success: node=node-1 GET /ha/state status=200
[1772527757874] api request start: node=node-2 GET /ha/state
[1772527757875] api request success: node=node-2 GET /ha/state status=200
[1772527757875] api request start: node=node-3 GET /ha/state
[1772527757876] api request success: node=node-3 GET /ha/state status=200
[1772527757980] api request start: node=node-1 GET /ha/state
[1772527758205] api request success: node=node-1 GET /ha/state status=200
[1772527758205] api request start: node=node-2 GET /ha/state
[1772527758205] api request success: node=node-2 GET /ha/state status=200
[1772527758205] api request start: node=node-3 GET /ha/state
[1772527758207] api request success: node=node-3 GET /ha/state status=200
[1772527758411] api request start: node=node-1 GET /ha/state
[1772527758740] api request success: node=node-1 GET /ha/state status=200
[1772527758740] api request start: node=node-2 GET /ha/state
[1772527758741] api request success: node=node-2 GET /ha/state status=200
[1772527758741] api request start: node=node-3 GET /ha/state
[1772527758743] api request success: node=node-3 GET /ha/state status=200
[1772527758955] api request start: node=node-1 GET /ha/state
[1772527759057] api request success: node=node-1 GET /ha/state status=200
[1772527759057] api request start: node=node-2 GET /ha/state
[1772527759058] api request success: node=node-2 GET /ha/state status=200
[1772527759058] api request start: node=node-3 GET /ha/state
[1772527759058] api request success: node=node-3 GET /ha/state status=200
[1772527759279] api request start: node=node-1 GET /ha/state
[1772527759507] api request success: node=node-1 GET /ha/state status=200
[1772527759507] api request start: node=node-2 GET /ha/state
[1772527759508] api request success: node=node-2 GET /ha/state status=200
[1772527759508] api request start: node=node-3 GET /ha/state
[1772527759510] api request success: node=node-3 GET /ha/state status=200
[1772527759719] api request start: node=node-1 GET /ha/state
[1772527760064] api request success: node=node-1 GET /ha/state status=200
[1772527760064] api request start: node=node-2 GET /ha/state
[1772527760065] api request success: node=node-2 GET /ha/state status=200
[1772527760065] api request start: node=node-3 GET /ha/state
[1772527760065] api request success: node=node-3 GET /ha/state status=200
[1772527760498] api request start: node=node-1 GET /ha/state
[1772527760502] api request success: node=node-1 GET /ha/state status=200
[1772527760503] api request start: node=node-2 GET /ha/state
[1772527760505] api request success: node=node-2 GET /ha/state status=200
[1772527760505] api request start: node=node-3 GET /ha/state
[1772527760506] api request success: node=node-3 GET /ha/state status=200
[1772527760709] api request start: node=node-1 GET /ha/state
[1772527761055] api request success: node=node-1 GET /ha/state status=200
[1772527761055] api request start: node=node-2 GET /ha/state
[1772527761056] api request success: node=node-2 GET /ha/state status=200
[1772527761056] api request start: node=node-3 GET /ha/state
[1772527761056] api request success: node=node-3 GET /ha/state status=200
[1772527761266] api request start: node=node-1 GET /ha/state
[1772527761594] api request success: node=node-1 GET /ha/state status=200
[1772527761594] api request start: node=node-2 GET /ha/state
[1772527761594] api request success: node=node-2 GET /ha/state status=200
[1772527761594] api request start: node=node-3 GET /ha/state
[1772527761594] api request success: node=node-3 GET /ha/state status=200
[1772527761695] api request start: node=node-1 GET /ha/state
[1772527762129] api request success: node=node-1 GET /ha/state status=200
[1772527762129] api request start: node=node-2 GET /ha/state
[1772527762130] api request success: node=node-2 GET /ha/state status=200
[1772527762130] api request start: node=node-3 GET /ha/state
[1772527762131] api request success: node=node-3 GET /ha/state status=200
[1772527762449] api request start: node=node-1 GET /ha/state
[1772527762568] api request success: node=node-1 GET /ha/state status=200
[1772527762569] api request start: node=node-2 GET /ha/state
[1772527762570] api request success: node=node-2 GET /ha/state status=200
[1772527762570] api request start: node=node-3 GET /ha/state
[1772527762571] api request success: node=node-3 GET /ha/state status=200
[1772527762776] api request start: node=node-1 GET /ha/state
[1772527763113] api request success: node=node-1 GET /ha/state status=200
[1772527763113] api request start: node=node-2 GET /ha/state
[1772527763115] api request success: node=node-2 GET /ha/state status=200
[1772527763115] api request start: node=node-3 GET /ha/state
[1772527763116] api request success: node=node-3 GET /ha/state status=200
[1772527763340] api request start: node=node-1 GET /ha/state
[1772527763653] api request success: node=node-1 GET /ha/state status=200
[1772527763653] api request start: node=node-2 GET /ha/state
[1772527763654] api request success: node=node-2 GET /ha/state status=200
[1772527763654] api request start: node=node-3 GET /ha/state
[1772527763655] api request success: node=node-3 GET /ha/state status=200
[1772527763867] api request start: node=node-1 GET /ha/state
[1772527763977] api request success: node=node-1 GET /ha/state status=200
[1772527763977] api request start: node=node-2 GET /ha/state
[1772527763977] api request success: node=node-2 GET /ha/state status=200
[1772527763978] api request start: node=node-3 GET /ha/state
[1772527763978] api request success: node=node-3 GET /ha/state status=200
[1772527764182] api request start: node=node-1 GET /ha/state
[1772527764519] api request success: node=node-1 GET /ha/state status=200
[1772527764519] api request start: node=node-2 GET /ha/state
[1772527764521] api request success: node=node-2 GET /ha/state status=200
[1772527764521] api request start: node=node-3 GET /ha/state
[1772527764522] api request success: node=node-3 GET /ha/state status=200
[1772527764630] api request start: node=node-1 GET /ha/state
[1772527764960] api request success: node=node-1 GET /ha/state status=200
[1772527764961] api request start: node=node-2 GET /ha/state
[1772527764962] api request success: node=node-2 GET /ha/state status=200
[1772527764962] api request start: node=node-3 GET /ha/state
[1772527764963] api request success: node=node-3 GET /ha/state status=200
[1772527765277] api request start: node=node-1 GET /ha/state
[1772527765390] api request success: node=node-1 GET /ha/state status=200
[1772527765390] api request start: node=node-2 GET /ha/state
[1772527765391] api request success: node=node-2 GET /ha/state status=200
[1772527765391] api request start: node=node-3 GET /ha/state
[1772527765392] api request success: node=node-3 GET /ha/state status=200
[1772527765605] api request start: node=node-1 GET /ha/state
[1772527765939] api request success: node=node-1 GET /ha/state status=200
[1772527765939] api request start: node=node-2 GET /ha/state
[1772527765940] api request success: node=node-2 GET /ha/state status=200
[1772527765940] api request start: node=node-3 GET /ha/state
[1772527765940] api request success: node=node-3 GET /ha/state status=200
[1772527766263] api request start: node=node-1 GET /ha/state
[1772527766386] api request success: node=node-1 GET /ha/state status=200
[1772527766386] api request start: node=node-2 GET /ha/state
[1772527766387] api request success: node=node-2 GET /ha/state status=200
[1772527766387] api request start: node=node-3 GET /ha/state
[1772527766387] api request success: node=node-3 GET /ha/state status=200
[1772527766491] api request start: node=node-1 GET /ha/state
[1772527766820] api request success: node=node-1 GET /ha/state status=200
[1772527766820] api request start: node=node-2 GET /ha/state
[1772527766821] api request success: node=node-2 GET /ha/state status=200
[1772527766822] api request start: node=node-3 GET /ha/state
[1772527766823] api request success: node=node-3 GET /ha/state status=200
[1772527767030] api request start: node=node-1 GET /ha/state
[1772527767364] api request success: node=node-1 GET /ha/state status=200
[1772527767364] api request start: node=node-2 GET /ha/state
[1772527767366] api request success: node=node-2 GET /ha/state status=200
[1772527767366] api request start: node=node-3 GET /ha/state
[1772527767367] api request success: node=node-3 GET /ha/state status=200
[1772527767673] api request start: node=node-1 GET /ha/state
[1772527767685] api request success: node=node-1 GET /ha/state status=200
[1772527767685] api request start: node=node-2 GET /ha/state
[1772527767686] api request success: node=node-2 GET /ha/state status=200
[1772527767687] api request start: node=node-3 GET /ha/state
[1772527767688] api request success: node=node-3 GET /ha/state status=200
[1772527767800] api request start: node=node-1 GET /ha/state
[1772527768016] api request success: node=node-1 GET /ha/state status=200
[1772527768016] api request start: node=node-2 GET /ha/state
[1772527768017] api request success: node=node-2 GET /ha/state status=200
[1772527768017] api request start: node=node-3 GET /ha/state
[1772527768018] api request success: node=node-3 GET /ha/state status=200
[1772527768333] api request start: node=node-1 GET /ha/state
[1772527768449] api request success: node=node-1 GET /ha/state status=200
[1772527768449] api request start: node=node-2 GET /ha/state
[1772527768450] api request success: node=node-2 GET /ha/state status=200
[1772527768450] api request start: node=node-3 GET /ha/state
[1772527768451] api request success: node=node-3 GET /ha/state status=200
[1772527768769] api request start: node=node-1 GET /ha/state
[1772527768871] api request success: node=node-1 GET /ha/state status=200
[1772527768871] api request start: node=node-2 GET /ha/state
[1772527768871] api request success: node=node-2 GET /ha/state status=200
[1772527768871] api request start: node=node-3 GET /ha/state
[1772527768872] api request success: node=node-3 GET /ha/state status=200
[1772527769295] api request start: node=node-1 GET /ha/state
[1772527769405] api request success: node=node-1 GET /ha/state status=200
[1772527769405] api request start: node=node-2 GET /ha/state
[1772527769407] api request success: node=node-2 GET /ha/state status=200
[1772527769407] api request start: node=node-3 GET /ha/state
[1772527769409] api request success: node=node-3 GET /ha/state status=200
[1772527769609] api request start: node=node-1 GET /ha/state
[1772527769946] api request success: node=node-1 GET /ha/state status=200
[1772527769946] api request start: node=node-2 GET /ha/state
[1772527769948] api request success: node=node-2 GET /ha/state status=200
[1772527769948] api request start: node=node-3 GET /ha/state
[1772527769948] api request success: node=node-3 GET /ha/state status=200
[1772527770279] api request start: node=node-1 GET /ha/state
[1772527770394] api request success: node=node-1 GET /ha/state status=200
[1772527770394] api request start: node=node-2 GET /ha/state
[1772527770396] api request success: node=node-2 GET /ha/state status=200
[1772527770396] api request start: node=node-3 GET /ha/state
[1772527770397] api request success: node=node-3 GET /ha/state status=200
[1772527770605] api request start: node=node-1 GET /ha/state
[1772527770941] api request success: node=node-1 GET /ha/state status=200
[1772527770941] api request start: node=node-2 GET /ha/state
[1772527770943] api request success: node=node-2 GET /ha/state status=200
[1772527770943] api request start: node=node-3 GET /ha/state
[1772527770944] api request success: node=node-3 GET /ha/state status=200
[1772527771156] api request start: node=node-1 GET /ha/state
[1772527771483] api request success: node=node-1 GET /ha/state status=200
[1772527771483] api request start: node=node-2 GET /ha/state
[1772527771485] api request success: node=node-2 GET /ha/state status=200
[1772527771485] api request start: node=node-3 GET /ha/state
[1772527771487] api request success: node=node-3 GET /ha/state status=200
[1772527771805] api request start: node=node-1 GET /ha/state
[1772527771915] api request success: node=node-1 GET /ha/state status=200
[1772527771915] api request start: node=node-2 GET /ha/state
[1772527771917] api request success: node=node-2 GET /ha/state status=200
[1772527771917] api request start: node=node-3 GET /ha/state
[1772527771918] api request success: node=node-3 GET /ha/state status=200
[1772527772121] api request start: node=node-1 GET /ha/state
[1772527772458] api request success: node=node-1 GET /ha/state status=200
[1772527772458] api request start: node=node-2 GET /ha/state
[1772527772459] api request success: node=node-2 GET /ha/state status=200
[1772527772459] api request start: node=node-3 GET /ha/state
[1772527772460] api request success: node=node-3 GET /ha/state status=200
[1772527772563] api request start: node=node-1 GET /ha/state
[1772527772901] api request success: node=node-1 GET /ha/state status=200
[1772527772901] api request start: node=node-2 GET /ha/state
[1772527772902] api request success: node=node-2 GET /ha/state status=200
[1772527772902] api request start: node=node-3 GET /ha/state
[1772527772903] api request success: node=node-3 GET /ha/state status=200
[1772527773226] api request start: node=node-1 GET /ha/state
[1772527773332] api request success: node=node-1 GET /ha/state status=200
[1772527773332] api request start: node=node-2 GET /ha/state
[1772527773333] api request success: node=node-2 GET /ha/state status=200
[1772527773333] api request start: node=node-3 GET /ha/state
[1772527773333] api request success: node=node-3 GET /ha/state status=200
[1772527773546] api request start: node=node-1 GET /ha/state
[1772527773871] api request success: node=node-1 GET /ha/state status=200
[1772527773871] api request start: node=node-2 GET /ha/state
[1772527773873] api request success: node=node-2 GET /ha/state status=200
[1772527773873] api request start: node=node-3 GET /ha/state
[1772527773874] api request success: node=node-3 GET /ha/state status=200
[1772527774075] api request start: node=node-1 GET /ha/state
[1772527774406] api request success: node=node-1 GET /ha/state status=200
[1772527774406] api request start: node=node-2 GET /ha/state
[1772527774406] api request success: node=node-2 GET /ha/state status=200
[1772527774406] api request start: node=node-3 GET /ha/state
[1772527774406] api request success: node=node-3 GET /ha/state status=200
[1772527774727] api request start: node=node-1 GET /ha/state
[1772527774841] api request success: node=node-1 GET /ha/state status=200
[1772527774841] api request start: node=node-2 GET /ha/state
[1772527774842] api request success: node=node-2 GET /ha/state status=200
[1772527774843] api request start: node=node-3 GET /ha/state
[1772527774844] api request success: node=node-3 GET /ha/state status=200
[1772527775164] api request start: node=node-1 GET /ha/state
[1772527775279] api request success: node=node-1 GET /ha/state status=200
[1772527775279] api request start: node=node-2 GET /ha/state
[1772527775280] api request success: node=node-2 GET /ha/state status=200
[1772527775281] api request start: node=node-3 GET /ha/state
[1772527775282] api request success: node=node-3 GET /ha/state status=200
[1772527775484] api request start: node=node-1 GET /ha/state
[1772527775823] api request success: node=node-1 GET /ha/state status=200
[1772527775823] api request start: node=node-2 GET /ha/state
[1772527775824] api request success: node=node-2 GET /ha/state status=200
[1772527775824] api request start: node=node-3 GET /ha/state
[1772527775825] api request success: node=node-3 GET /ha/state status=200
[1772527776037] api request start: node=node-1 GET /ha/state
[1772527776268] api request success: node=node-1 GET /ha/state status=200
[1772527776268] api request start: node=node-2 GET /ha/state
[1772527776268] api request success: node=node-2 GET /ha/state status=200
[1772527776268] api request start: node=node-3 GET /ha/state
[1772527776269] api request success: node=node-3 GET /ha/state status=200
[1772527776378] api request start: node=node-1 GET /ha/state
[1772527776604] api request success: node=node-1 GET /ha/state status=200
[1772527776604] api request start: node=node-2 GET /ha/state
[1772527776606] api request success: node=node-2 GET /ha/state status=200
[1772527776606] api request start: node=node-3 GET /ha/state
[1772527776607] api request success: node=node-3 GET /ha/state status=200
[1772527776814] api request start: node=node-1 GET /ha/state
[1772527777147] api request success: node=node-1 GET /ha/state status=200
[1772527777147] api request start: node=node-2 GET /ha/state
[1772527777149] api request success: node=node-2 GET /ha/state status=200
[1772527777149] api request start: node=node-3 GET /ha/state
[1772527777151] api request success: node=node-3 GET /ha/state status=200
[1772527777465] api request start: node=node-1 GET /ha/state
[1772527777573] api request success: node=node-1 GET /ha/state status=200
[1772527777573] api request start: node=node-2 GET /ha/state
[1772527777574] api request success: node=node-2 GET /ha/state status=200
[1772527777574] api request start: node=node-3 GET /ha/state
[1772527777576] api request success: node=node-3 GET /ha/state status=200
[1772527777784] api request start: node=node-1 GET /ha/state
[1772527778130] api request success: node=node-1 GET /ha/state status=200
[1772527778130] api request start: node=node-2 GET /ha/state
[1772527778130] api request success: node=node-2 GET /ha/state status=200
[1772527778130] api request start: node=node-3 GET /ha/state
[1772527778130] api request success: node=node-3 GET /ha/state status=200
[1772527778326] api request start: node=node-1 GET /ha/state
[1772527778659] api request success: node=node-1 GET /ha/state status=200
[1772527778659] api request start: node=node-2 GET /ha/state
[1772527778660] api request success: node=node-2 GET /ha/state status=200
[1772527778660] api request start: node=node-3 GET /ha/state
[1772527778661] api request success: node=node-3 GET /ha/state status=200
[1772527778870] api request start: node=node-1 GET /ha/state
[1772527779215] api request success: node=node-1 GET /ha/state status=200
[1772527779215] api request start: node=node-2 GET /ha/state
[1772527779217] api request success: node=node-2 GET /ha/state status=200
[1772527779217] api request start: node=node-3 GET /ha/state
[1772527779219] api request success: node=node-3 GET /ha/state status=200
[1772527779529] api request start: node=node-1 GET /ha/state
[1772527779644] api request success: node=node-1 GET /ha/state status=200
[1772527779644] api request start: node=node-2 GET /ha/state
[1772527779645] api request success: node=node-2 GET /ha/state status=200
[1772527779645] api request start: node=node-3 GET /ha/state
[1772527779645] api request success: node=node-3 GET /ha/state status=200
[1772527779967] api request start: node=node-1 GET /ha/state
[1772527780183] api request success: node=node-1 GET /ha/state status=200
[1772527780183] api request start: node=node-2 GET /ha/state
[1772527780185] api request success: node=node-2 GET /ha/state status=200
[1772527780185] api request start: node=node-3 GET /ha/state
[1772527780186] api request success: node=node-3 GET /ha/state status=200
[1772527780505] api request start: node=node-1 GET /ha/state
[1772527780619] api request success: node=node-1 GET /ha/state status=200
[1772527780619] api request start: node=node-2 GET /ha/state
[1772527780620] api request success: node=node-2 GET /ha/state status=200
[1772527780620] api request start: node=node-3 GET /ha/state
[1772527780622] api request success: node=node-3 GET /ha/state status=200
[1772527780930] api request start: node=node-1 GET /ha/state
[1772527781046] api request success: node=node-1 GET /ha/state status=200
[1772527781047] api request start: node=node-2 GET /ha/state
[1772527781048] api request success: node=node-2 GET /ha/state status=200
[1772527781048] api request start: node=node-3 GET /ha/state
[1772527781050] api request success: node=node-3 GET /ha/state status=200
[1772527781474] api request start: node=node-1 GET /ha/state
[1772527781584] api request success: node=node-1 GET /ha/state status=200
[1772527781584] api request start: node=node-2 GET /ha/state
[1772527781585] api request success: node=node-2 GET /ha/state status=200
[1772527781585] api request start: node=node-3 GET /ha/state
[1772527781586] api request success: node=node-3 GET /ha/state status=200
[1772527781692] api request start: node=node-1 GET /ha/state
[1772527781911] api request success: node=node-1 GET /ha/state status=200
[1772527781911] api request start: node=node-2 GET /ha/state
[1772527781916] api request success: node=node-2 GET /ha/state status=200
[1772527781916] api request start: node=node-3 GET /ha/state
[1772527781917] api request success: node=node-3 GET /ha/state status=200
[1772527782228] api request start: node=node-1 GET /ha/state
[1772527782355] api request success: node=node-1 GET /ha/state status=200
[1772527782355] api request start: node=node-2 GET /ha/state
[1772527782356] api request success: node=node-2 GET /ha/state status=200
[1772527782356] api request start: node=node-3 GET /ha/state
[1772527782357] api request success: node=node-3 GET /ha/state status=200
[1772527782668] api request start: node=node-1 GET /ha/state
[1772527782883] api request success: node=node-1 GET /ha/state status=200
[1772527782883] api request start: node=node-2 GET /ha/state
[1772527782886] api request success: node=node-2 GET /ha/state status=200
[1772527782886] api request start: node=node-3 GET /ha/state
[1772527782888] api request success: node=node-3 GET /ha/state status=200
[1772527783087] api request start: node=node-1 GET /ha/state
[1772527783420] api request success: node=node-1 GET /ha/state status=200
[1772527783420] api request start: node=node-2 GET /ha/state
[1772527783422] api request success: node=node-2 GET /ha/state status=200
[1772527783422] api request start: node=node-3 GET /ha/state
[1772527783424] api request success: node=node-3 GET /ha/state status=200
[1772527783761] api request start: node=node-1 GET /ha/state
[1772527783869] api request success: node=node-1 GET /ha/state status=200
[1772527783869] api request start: node=node-2 GET /ha/state
[1772527783870] api request success: node=node-2 GET /ha/state status=200
[1772527783870] api request start: node=node-3 GET /ha/state
[1772527783872] api request success: node=node-3 GET /ha/state status=200
[1772527784216] api request start: node=node-1 GET /ha/state
[1772527784330] api request success: node=node-1 GET /ha/state status=200
[1772527784330] api request start: node=node-2 GET /ha/state
[1772527784331] api request success: node=node-2 GET /ha/state status=200
[1772527784331] api request start: node=node-3 GET /ha/state
[1772527784334] api request success: node=node-3 GET /ha/state status=200
[1772527784541] api request start: node=node-1 GET /ha/state
[1772527784874] api request success: node=node-1 GET /ha/state status=200
[1772527784874] api request start: node=node-2 GET /ha/state
[1772527784875] api request success: node=node-2 GET /ha/state status=200
[1772527784875] api request start: node=node-3 GET /ha/state
[1772527784877] api request success: node=node-3 GET /ha/state status=200
[1772527784984] api request start: node=node-1 GET /ha/state
[1772527785206] api request success: node=node-1 GET /ha/state status=200
[1772527785206] api request start: node=node-2 GET /ha/state
[1772527785209] api request success: node=node-2 GET /ha/state status=200
[1772527785209] api request start: node=node-3 GET /ha/state
[1772527785211] api request success: node=node-3 GET /ha/state status=200
[1772527785413] api request start: node=node-1 GET /ha/state
[1772527785520] api request success: node=node-1 GET /ha/state status=200
[1772527785520] api request start: node=node-2 GET /ha/state
[1772527785521] api request success: node=node-2 GET /ha/state status=200
[1772527785521] api request start: node=node-3 GET /ha/state
[1772527785522] api request success: node=node-3 GET /ha/state status=200
[1772527785728] api request start: node=node-1 GET /ha/state
[1772527786057] api request success: node=node-1 GET /ha/state status=200
[1772527786057] api request start: node=node-2 GET /ha/state
[1772527786059] api request success: node=node-2 GET /ha/state status=200
[1772527786059] api request start: node=node-3 GET /ha/state
[1772527786059] api request success: node=node-3 GET /ha/state status=200
[1772527786169] api request start: node=node-1 GET /ha/state
[1772527786403] api request success: node=node-1 GET /ha/state status=200
[1772527786403] api request start: node=node-2 GET /ha/state
[1772527786405] api request success: node=node-2 GET /ha/state status=200
[1772527786405] api request start: node=node-3 GET /ha/state
[1772527786407] api request success: node=node-3 GET /ha/state status=200
[1772527786611] api request start: node=node-1 GET /ha/state
[1772527786937] api request success: node=node-1 GET /ha/state status=200
[1772527786937] api request start: node=node-2 GET /ha/state
[1772527786938] api request success: node=node-2 GET /ha/state status=200
[1772527786938] api request start: node=node-3 GET /ha/state
[1772527786939] api request success: node=node-3 GET /ha/state status=200
[1772527787156] api request start: node=node-1 GET /ha/state
[1772527787383] api request success: node=node-1 GET /ha/state status=200
[1772527787384] api request start: node=node-2 GET /ha/state
[1772527787386] api request success: node=node-2 GET /ha/state status=200
[1772527787386] api request start: node=node-3 GET /ha/state
[1772527787389] api request success: node=node-3 GET /ha/state status=200
[1772527787701] api request start: node=node-1 GET /ha/state
[1772527787811] api request success: node=node-1 GET /ha/state status=200
[1772527787811] api request start: node=node-2 GET /ha/state
[1772527787813] api request success: node=node-2 GET /ha/state status=200
[1772527787813] api request start: node=node-3 GET /ha/state
[1772527787814] api request success: node=node-3 GET /ha/state status=200
[1772527788016] api request start: node=node-1 GET /ha/state
[1772527788242] api request success: node=node-1 GET /ha/state status=200
[1772527788242] api request start: node=node-2 GET /ha/state
[1772527788244] api request success: node=node-2 GET /ha/state status=200
[1772527788244] api request start: node=node-3 GET /ha/state
[1772527788246] api request success: node=node-3 GET /ha/state status=200
[1772527788448] api request start: node=node-1 GET /ha/state
[1772527788803] api request success: node=node-1 GET /ha/state status=200
[1772527788803] api request start: node=node-2 GET /ha/state
[1772527788803] api request success: node=node-2 GET /ha/state status=200
[1772527788803] api request start: node=node-3 GET /ha/state
[1772527788804] api request success: node=node-3 GET /ha/state status=200
[1772527789137] api request start: node=node-1 GET /ha/state
[1772527789252] api request success: node=node-1 GET /ha/state status=200
[1772527789252] api request start: node=node-2 GET /ha/state
[1772527789252] api request success: node=node-2 GET /ha/state status=200
[1772527789252] api request start: node=node-3 GET /ha/state
[1772527789253] api request success: node=node-3 GET /ha/state status=200
[1772527789354] api request start: node=node-1 GET /ha/state
[1772527789700] api request success: node=node-1 GET /ha/state status=200
[1772527789700] api request start: node=node-2 GET /ha/state
[1772527789701] api request success: node=node-2 GET /ha/state status=200
[1772527789701] api request start: node=node-3 GET /ha/state
[1772527789702] api request success: node=node-3 GET /ha/state status=200
[1772527790115] api request start: node=node-1 GET /ha/state
[1772527790222] api request success: node=node-1 GET /ha/state status=200
[1772527790222] api request start: node=node-2 GET /ha/state
[1772527790223] api request success: node=node-2 GET /ha/state status=200
[1772527790223] api request start: node=node-3 GET /ha/state
[1772527790224] api request success: node=node-3 GET /ha/state status=200
[1772527790530] api request start: node=node-1 GET /ha/state
[1772527790638] api request success: node=node-1 GET /ha/state status=200
[1772527790638] api request start: node=node-2 GET /ha/state
[1772527790639] api request success: node=node-2 GET /ha/state status=200
[1772527790639] api request start: node=node-3 GET /ha/state
[1772527790640] api request success: node=node-3 GET /ha/state status=200
[1772527790962] api request start: node=node-1 GET /ha/state
[1772527791069] api request success: node=node-1 GET /ha/state status=200
[1772527791069] api request start: node=node-2 GET /ha/state
[1772527791071] api request success: node=node-2 GET /ha/state status=200
[1772527791071] api request start: node=node-3 GET /ha/state
[1772527791071] api request success: node=node-3 GET /ha/state status=200
[1772527791281] api request start: node=node-1 GET /ha/state
[1772527791620] api request success: node=node-1 GET /ha/state status=200
[1772527791620] api request start: node=node-2 GET /ha/state
[1772527791621] api request success: node=node-2 GET /ha/state status=200
[1772527791621] api request start: node=node-3 GET /ha/state
[1772527791621] api request success: node=node-3 GET /ha/state status=200
[1772527791948] api request start: node=node-1 GET /ha/state
[1772527792070] api request success: node=node-1 GET /ha/state status=200
[1772527792070] api request start: node=node-2 GET /ha/state
[1772527792075] api request success: node=node-2 GET /ha/state status=200
[1772527792075] api request start: node=node-3 GET /ha/state
[1772527792077] api request success: node=node-3 GET /ha/state status=200
[1772527792278] api request start: node=node-1 GET /ha/state
[1772527792619] api request success: node=node-1 GET /ha/state status=200
[1772527792619] api request start: node=node-2 GET /ha/state
[1772527792620] api request success: node=node-2 GET /ha/state status=200
[1772527792620] api request start: node=node-3 GET /ha/state
[1772527792620] api request success: node=node-3 GET /ha/state status=200
[1772527792829] api request start: node=node-1 GET /ha/state
[1772527793153] api request success: node=node-1 GET /ha/state status=200
[1772527793153] api request start: node=node-2 GET /ha/state
[1772527793153] api request success: node=node-2 GET /ha/state status=200
[1772527793153] api request start: node=node-3 GET /ha/state
[1772527793154] api request success: node=node-3 GET /ha/state status=200
[1772527793254] api request start: node=node-1 GET /ha/state
[1772527793583] api request success: node=node-1 GET /ha/state status=200
[1772527793583] api request start: node=node-2 GET /ha/state
[1772527793585] api request success: node=node-2 GET /ha/state status=200
[1772527793585] api request start: node=node-3 GET /ha/state
[1772527793586] api request success: node=node-3 GET /ha/state status=200
[1772527793905] api request start: node=node-1 GET /ha/state
[1772527794022] api request success: node=node-1 GET /ha/state status=200
[1772527794022] api request start: node=node-2 GET /ha/state
[1772527794023] api request success: node=node-2 GET /ha/state status=200
[1772527794023] api request start: node=node-3 GET /ha/state
[1772527794028] api request success: node=node-3 GET /ha/state status=200
[1772527794223] api request start: node=node-1 GET /ha/state
[1772527794588] api request success: node=node-1 GET /ha/state status=200
[1772527794588] api request start: node=node-2 GET /ha/state
[1772527794590] api request success: node=node-2 GET /ha/state status=200
[1772527794590] api request start: node=node-3 GET /ha/state
[1772527794591] api request success: node=node-3 GET /ha/state status=200
[1772527794795] api request start: node=node-1 GET /ha/state
[1772527795029] api request success: node=node-1 GET /ha/state status=200
[1772527795029] api request start: node=node-2 GET /ha/state
[1772527795030] api request success: node=node-2 GET /ha/state status=200
[1772527795030] api request start: node=node-3 GET /ha/state
[1772527795031] api request success: node=node-3 GET /ha/state status=200
[1772527795342] api request start: node=node-1 GET /ha/state
[1772527795454] api request success: node=node-1 GET /ha/state status=200
[1772527795454] api request start: node=node-2 GET /ha/state
[1772527795455] api request success: node=node-2 GET /ha/state status=200
[1772527795455] api request start: node=node-3 GET /ha/state
[1772527795457] api request success: node=node-3 GET /ha/state status=200
[1772527795775] api request start: node=node-1 GET /ha/state
[1772527795887] api request success: node=node-1 GET /ha/state status=200
[1772527795887] api request start: node=node-2 GET /ha/state
[1772527795888] api request success: node=node-2 GET /ha/state status=200
[1772527795889] api request start: node=node-3 GET /ha/state
[1772527795890] api request success: node=node-3 GET /ha/state status=200
[1772527796092] api request start: node=node-1 GET /ha/state
[1772527796428] api request success: node=node-1 GET /ha/state status=200
[1772527796429] api request start: node=node-2 GET /ha/state
[1772527796432] api request success: node=node-2 GET /ha/state status=200
[1772527796432] api request start: node=node-3 GET /ha/state
[1772527796433] api request success: node=node-3 GET /ha/state status=200
[1772527796747] api request start: node=node-1 GET /ha/state
[1772527796866] api request success: node=node-1 GET /ha/state status=200
[1772527796866] api request start: node=node-2 GET /ha/state
[1772527796867] api request success: node=node-2 GET /ha/state status=200
[1772527796867] api request start: node=node-3 GET /ha/state
[1772527796867] api request success: node=node-3 GET /ha/state status=200
[1772527797070] api request start: node=node-1 GET /ha/state
[1772527797393] api request success: node=node-1 GET /ha/state status=200
[1772527797393] api request start: node=node-2 GET /ha/state
[1772527797394] api request success: node=node-2 GET /ha/state status=200
[1772527797394] api request start: node=node-3 GET /ha/state
[1772527797395] api request success: node=node-3 GET /ha/state status=200
[1772527797508] api request start: node=node-1 GET /ha/state
[1772527797850] api request success: node=node-1 GET /ha/state status=200
[1772527797850] api request start: node=node-2 GET /ha/state
[1772527797851] api request success: node=node-2 GET /ha/state status=200
[1772527797851] api request start: node=node-3 GET /ha/state
[1772527797853] api request success: node=node-3 GET /ha/state status=200
[1772527798170] api request start: node=node-1 GET /ha/state
[1772527798285] api request success: node=node-1 GET /ha/state status=200
[1772527798285] api request start: node=node-2 GET /ha/state
[1772527798286] api request success: node=node-2 GET /ha/state status=200
[1772527798286] api request start: node=node-3 GET /ha/state
[1772527798287] api request success: node=node-3 GET /ha/state status=200
[1772527798495] api request start: node=node-1 GET /ha/state
[1772527798714] api request success: node=node-1 GET /ha/state status=200
[1772527798714] api request start: node=node-2 GET /ha/state
[1772527798715] api request success: node=node-2 GET /ha/state status=200
[1772527798715] api request start: node=node-3 GET /ha/state
[1772527798717] api request success: node=node-3 GET /ha/state status=200
[1772527798820] api request start: node=node-1 GET /ha/state
[1772527799151] api request success: node=node-1 GET /ha/state status=200
[1772527799151] api request start: node=node-2 GET /ha/state
[1772527799154] api request success: node=node-2 GET /ha/state status=200
[1772527799154] api request start: node=node-3 GET /ha/state
[1772527799157] api request success: node=node-3 GET /ha/state status=200
[1772527799462] api request start: node=node-1 GET /ha/state
[1772527799578] api request success: node=node-1 GET /ha/state status=200
[1772527799578] api request start: node=node-2 GET /ha/state
[1772527799579] api request success: node=node-2 GET /ha/state status=200
[1772527799579] api request start: node=node-3 GET /ha/state
[1772527799580] api request success: node=node-3 GET /ha/state status=200
[1772527799788] api request start: node=node-1 GET /ha/state
[1772527800128] api request success: node=node-1 GET /ha/state status=200
[1772527800128] api request start: node=node-2 GET /ha/state
[1772527800131] api request success: node=node-2 GET /ha/state status=200
[1772527800131] api request start: node=node-3 GET /ha/state
[1772527800132] api request success: node=node-3 GET /ha/state status=200
[1772527800236] api request start: node=node-1 GET /ha/state
[1772527800560] api request success: node=node-1 GET /ha/state status=200
[1772527800560] api request start: node=node-2 GET /ha/state
[1772527800561] api request success: node=node-2 GET /ha/state status=200
[1772527800561] api request start: node=node-3 GET /ha/state
[1772527800562] api request success: node=node-3 GET /ha/state status=200
[1772527800873] api request start: node=node-1 GET /ha/state
[1772527800989] api request success: node=node-1 GET /ha/state status=200
[1772527800989] api request start: node=node-2 GET /ha/state
[1772527800989] api request success: node=node-2 GET /ha/state status=200
[1772527800989] api request start: node=node-3 GET /ha/state
[1772527800989] api request success: node=node-3 GET /ha/state status=200
[1772527801093] api request start: node=node-1 GET /ha/state
[1772527801431] api request success: node=node-1 GET /ha/state status=200
[1772527801431] api request start: node=node-2 GET /ha/state
[1772527801433] api request success: node=node-2 GET /ha/state status=200
[1772527801433] api request start: node=node-3 GET /ha/state
[1772527801435] api request success: node=node-3 GET /ha/state status=200
[1772527801538] api request start: node=node-1 GET /ha/state
[1772527801859] api request success: node=node-1 GET /ha/state status=200
[1772527801859] api request start: node=node-2 GET /ha/state
[1772527801860] api request success: node=node-2 GET /ha/state status=200
[1772527801860] api request start: node=node-3 GET /ha/state
[1772527801861] api request success: node=node-3 GET /ha/state status=200
[1772527802174] api request start: node=node-1 GET /ha/state
[1772527802289] api request success: node=node-1 GET /ha/state status=200
[1772527802289] api request start: node=node-2 GET /ha/state
[1772527802291] api request success: node=node-2 GET /ha/state status=200
[1772527802291] api request start: node=node-3 GET /ha/state
[1772527802292] api request success: node=node-3 GET /ha/state status=200
[1772527802494] api request start: node=node-1 GET /ha/state
[1772527802833] api request success: node=node-1 GET /ha/state status=200
[1772527802833] api request start: node=node-2 GET /ha/state
[1772527802834] api request success: node=node-2 GET /ha/state status=200
[1772527802834] api request start: node=node-3 GET /ha/state
[1772527802835] api request success: node=node-3 GET /ha/state status=200
[1772527803154] api request start: node=node-1 GET /ha/state
[1772527803262] api request success: node=node-1 GET /ha/state status=200
[1772527803262] api request start: node=node-2 GET /ha/state
[1772527803263] api request success: node=node-2 GET /ha/state status=200
[1772527803263] api request start: node=node-3 GET /ha/state
[1772527803265] api request success: node=node-3 GET /ha/state status=200
[1772527803476] api request start: node=node-1 GET /ha/state
[1772527803591] api request success: node=node-1 GET /ha/state status=200
[1772527803591] api request start: node=node-2 GET /ha/state
[1772527803592] api request success: node=node-2 GET /ha/state status=200
[1772527803592] api request start: node=node-3 GET /ha/state
[1772527803593] api request success: node=node-3 GET /ha/state status=200
[1772527803792] api request start: node=node-1 GET /ha/state
[1772527803902] api request success: node=node-1 GET /ha/state status=200
[1772527803902] api request start: node=node-2 GET /ha/state
[1772527803903] api request success: node=node-2 GET /ha/state status=200
[1772527803903] api request start: node=node-3 GET /ha/state
[1772527803905] api request success: node=node-3 GET /ha/state status=200
[1772527804217] api request start: node=node-1 GET /ha/state
[1772527804326] api request success: node=node-1 GET /ha/state status=200
[1772527804326] api request start: node=node-2 GET /ha/state
[1772527804328] api request success: node=node-2 GET /ha/state status=200
[1772527804328] api request start: node=node-3 GET /ha/state
[1772527804329] api request success: node=node-3 GET /ha/state status=200
[1772527804648] api request start: node=node-1 GET /ha/state
[1772527804763] api request success: node=node-1 GET /ha/state status=200
[1772527804763] api request start: node=node-2 GET /ha/state
[1772527804764] api request success: node=node-2 GET /ha/state status=200
[1772527804764] api request start: node=node-3 GET /ha/state
[1772527804766] api request success: node=node-3 GET /ha/state status=200
[1772527804972] api request start: node=node-1 GET /ha/state
[1772527805322] api request success: node=node-1 GET /ha/state status=200
[1772527805322] api request start: node=node-2 GET /ha/state
[1772527805324] api request success: node=node-2 GET /ha/state status=200
[1772527805324] api request start: node=node-3 GET /ha/state
[1772527805325] api request success: node=node-3 GET /ha/state status=200
[1772527805538] api request start: node=node-1 GET /ha/state
[1772527805887] api request success: node=node-1 GET /ha/state status=200
[1772527805887] api request start: node=node-2 GET /ha/state
[1772527805889] api request success: node=node-2 GET /ha/state status=200
[1772527805889] api request start: node=node-3 GET /ha/state
[1772527805890] api request success: node=node-3 GET /ha/state status=200
[1772527806201] api request start: node=node-1 GET /ha/state
[1772527806314] api request success: node=node-1 GET /ha/state status=200
[1772527806314] api request start: node=node-2 GET /ha/state
[1772527806315] api request success: node=node-2 GET /ha/state status=200
[1772527806315] api request start: node=node-3 GET /ha/state
[1772527806317] api request success: node=node-3 GET /ha/state status=200
[1772527806522] api request start: node=node-1 GET /ha/state
[1772527806851] api request success: node=node-1 GET /ha/state status=200
[1772527806851] api request start: node=node-2 GET /ha/state
[1772527806854] api request success: node=node-2 GET /ha/state status=200
[1772527806855] api request start: node=node-3 GET /ha/state
[1772527806856] api request success: node=node-3 GET /ha/state status=200
[1772527807060] api request start: node=node-1 GET /ha/state
[1772527807393] api request success: node=node-1 GET /ha/state status=200
[1772527807393] api request start: node=node-2 GET /ha/state
[1772527807395] api request success: node=node-2 GET /ha/state status=200
[1772527807395] api request start: node=node-3 GET /ha/state
[1772527807397] api request success: node=node-3 GET /ha/state status=200
[1772527807613] api request start: node=node-1 GET /ha/state
[1772527807735] api request success: node=node-1 GET /ha/state status=200
[1772527807735] api request start: node=node-2 GET /ha/state
[1772527807737] api request success: node=node-2 GET /ha/state status=200
[1772527807737] api request start: node=node-3 GET /ha/state
[1772527807740] api request success: node=node-3 GET /ha/state status=200
[1772527807938] api request start: node=node-1 GET /ha/state
[1772527808286] api request success: node=node-1 GET /ha/state status=200
[1772527808286] api request start: node=node-2 GET /ha/state
[1772527808288] api request success: node=node-2 GET /ha/state status=200
[1772527808288] api request start: node=node-3 GET /ha/state
[1772527808289] api request success: node=node-3 GET /ha/state status=200
[1772527808395] api request start: node=node-1 GET /ha/state
[1772527808728] api request success: node=node-1 GET /ha/state status=200
[1772527808728] api request start: node=node-2 GET /ha/state
[1772527808730] api request success: node=node-2 GET /ha/state status=200
[1772527808730] api request start: node=node-3 GET /ha/state
[1772527808732] api request success: node=node-3 GET /ha/state status=200
[1772527809043] api request start: node=node-1 GET /ha/state
[1772527809156] api request success: node=node-1 GET /ha/state status=200
[1772527809156] api request start: node=node-2 GET /ha/state
[1772527809157] api request success: node=node-2 GET /ha/state status=200
[1772527809157] api request start: node=node-3 GET /ha/state
[1772527809159] api request success: node=node-3 GET /ha/state status=200
[1772527809468] api request start: node=node-1 GET /ha/state
[1772527809692] api request success: node=node-1 GET /ha/state status=200
[1772527809692] api request start: node=node-2 GET /ha/state
[1772527809695] api request success: node=node-2 GET /ha/state status=200
[1772527809695] api request start: node=node-3 GET /ha/state
[1772527809697] api request success: node=node-3 GET /ha/state status=200
[1772527810130] api request start: node=node-1 GET /ha/state
[1772527810132] api request success: node=node-1 GET /ha/state status=200
[1772527810132] api request start: node=node-2 GET /ha/state
[1772527810133] api request success: node=node-2 GET /ha/state status=200
[1772527810133] api request start: node=node-3 GET /ha/state
[1772527810133] api request success: node=node-3 GET /ha/state status=200
[1772527810555] api request start: node=node-1 GET /ha/state
[1772527810560] api request success: node=node-1 GET /ha/state status=200
[1772527810560] api request start: node=node-2 GET /ha/state
[1772527810562] api request success: node=node-2 GET /ha/state status=200
[1772527810562] api request start: node=node-3 GET /ha/state
[1772527810564] api request success: node=node-3 GET /ha/state status=200
[1772527810900] api request start: node=node-1 GET /ha/state
[1772527810903] api request success: node=node-1 GET /ha/state status=200
[1772527810903] api request start: node=node-2 GET /ha/state
[1772527810906] api request success: node=node-2 GET /ha/state status=200
[1772527810906] api request start: node=node-3 GET /ha/state
[1772527810907] api request success: node=node-3 GET /ha/state status=200
[1772527811113] api request start: node=node-1 GET /ha/state
[1772527811446] api request success: node=node-1 GET /ha/state status=200
[1772527811446] api request start: node=node-2 GET /ha/state
[1772527811447] api request success: node=node-2 GET /ha/state status=200
[1772527811447] api request start: node=node-3 GET /ha/state
[1772527811448] api request success: node=node-3 GET /ha/state status=200
[1772527811758] api request start: node=node-1 GET /ha/state
[1772527811975] api request success: node=node-1 GET /ha/state status=200
[1772527811975] api request start: node=node-2 GET /ha/state
[1772527811977] api request success: node=node-2 GET /ha/state status=200
[1772527811977] api request start: node=node-3 GET /ha/state
[1772527811979] api request success: node=node-3 GET /ha/state status=200
[1772527812185] api request start: node=node-1 GET /ha/state
[1772527812521] api request success: node=node-1 GET /ha/state status=200
[1772527812521] api request start: node=node-2 GET /ha/state
[1772527812523] api request success: node=node-2 GET /ha/state status=200
[1772527812523] api request start: node=node-3 GET /ha/state
[1772527812524] api request success: node=node-3 GET /ha/state status=200
[1772527812831] api request start: node=node-1 GET /ha/state
[1772527812939] api request success: node=node-1 GET /ha/state status=200
[1772527812939] api request start: node=node-2 GET /ha/state
[1772527812940] api request success: node=node-2 GET /ha/state status=200
[1772527812940] api request start: node=node-3 GET /ha/state
[1772527812940] api request success: node=node-3 GET /ha/state status=200
[1772527813158] api request start: node=node-1 GET /ha/state
[1772527813169] api request success: node=node-1 GET /ha/state status=200
[1772527813169] api request start: node=node-2 GET /ha/state
[1772527813170] api request success: node=node-2 GET /ha/state status=200
[1772527813170] api request start: node=node-3 GET /ha/state
[1772527813171] api request success: node=node-3 GET /ha/state status=200
[1772527813278] api request start: node=node-1 GET /ha/state
[1772527813616] api request success: node=node-1 GET /ha/state status=200
[1772527813616] api request start: node=node-2 GET /ha/state
[1772527813618] api request success: node=node-2 GET /ha/state status=200
[1772527813618] api request start: node=node-3 GET /ha/state
[1772527813620] api request success: node=node-3 GET /ha/state status=200
[1772527813835] api request start: node=node-1 GET /ha/state
[1772527813958] api request success: node=node-1 GET /ha/state status=200
[1772527813958] api request start: node=node-2 GET /ha/state
[1772527813960] api request success: node=node-2 GET /ha/state status=200
[1772527813960] api request start: node=node-3 GET /ha/state
[1772527813964] api request success: node=node-3 GET /ha/state status=200
[1772527814156] api request start: node=node-1 GET /ha/state
[1772527814480] api request success: node=node-1 GET /ha/state status=200
[1772527814481] api request start: node=node-2 GET /ha/state
[1772527814482] api request success: node=node-2 GET /ha/state status=200
[1772527814482] api request start: node=node-3 GET /ha/state
[1772527814485] api request success: node=node-3 GET /ha/state status=200
[1772527814587] api request start: node=node-1 GET /ha/state
[1772527814910] api request success: node=node-1 GET /ha/state status=200
[1772527814910] api request start: node=node-2 GET /ha/state
[1772527814911] api request success: node=node-2 GET /ha/state status=200
[1772527814911] api request start: node=node-3 GET /ha/state
[1772527814912] api request success: node=node-3 GET /ha/state status=200
[1772527815241] api request start: node=node-1 GET /ha/state
[1772527815356] api request success: node=node-1 GET /ha/state status=200
[1772527815356] api request start: node=node-2 GET /ha/state
[1772527815361] api request success: node=node-2 GET /ha/state status=200
[1772527815361] api request start: node=node-3 GET /ha/state
[1772527815363] api request success: node=node-3 GET /ha/state status=200
[1772527815571] api request start: node=node-1 GET /ha/state
[1772527815903] api request success: node=node-1 GET /ha/state status=200
[1772527815903] api request start: node=node-2 GET /ha/state
[1772527815905] api request success: node=node-2 GET /ha/state status=200
[1772527815905] api request start: node=node-3 GET /ha/state
[1772527815907] api request success: node=node-3 GET /ha/state status=200
[1772527816112] api request start: node=node-1 GET /ha/state
[1772527816441] api request success: node=node-1 GET /ha/state status=200
[1772527816441] api request start: node=node-2 GET /ha/state
[1772527816441] api request success: node=node-2 GET /ha/state status=200
[1772527816441] api request start: node=node-3 GET /ha/state
[1772527816441] api request success: node=node-3 GET /ha/state status=200
[1772527816752] api request start: node=node-1 GET /ha/state
[1772527816865] api request success: node=node-1 GET /ha/state status=200
[1772527816865] api request start: node=node-2 GET /ha/state
[1772527816866] api request success: node=node-2 GET /ha/state status=200
[1772527816866] api request start: node=node-3 GET /ha/state
[1772527816868] api request success: node=node-3 GET /ha/state status=200
[1772527817072] api request start: node=node-1 GET /ha/state
[1772527817405] api request success: node=node-1 GET /ha/state status=200
[1772527817405] api request start: node=node-2 GET /ha/state
[1772527817407] api request success: node=node-2 GET /ha/state status=200
[1772527817407] api request start: node=node-3 GET /ha/state
[1772527817409] api request success: node=node-3 GET /ha/state status=200
[1772527817514] api request start: node=node-1 GET /ha/state
[1772527817853] api request success: node=node-1 GET /ha/state status=200
[1772527817854] api request start: node=node-2 GET /ha/state
[1772527817856] api request success: node=node-2 GET /ha/state status=200
[1772527817856] api request start: node=node-3 GET /ha/state
[1772527817858] api request success: node=node-3 GET /ha/state status=200
[1772527818173] api request start: node=node-1 GET /ha/state
[1772527818286] api request success: node=node-1 GET /ha/state status=200
[1772527818286] api request start: node=node-2 GET /ha/state
[1772527818288] api request success: node=node-2 GET /ha/state status=200
[1772527818288] api request start: node=node-3 GET /ha/state
[1772527818289] api request success: node=node-3 GET /ha/state status=200
[1772527818494] api request start: node=node-1 GET /ha/state
[1772527818832] api request success: node=node-1 GET /ha/state status=200
[1772527818832] api request start: node=node-2 GET /ha/state
[1772527818833] api request success: node=node-2 GET /ha/state status=200
[1772527818833] api request start: node=node-3 GET /ha/state
[1772527818835] api request success: node=node-3 GET /ha/state status=200
[1772527819044] api request start: node=node-1 GET /ha/state
[1772527819369] api request success: node=node-1 GET /ha/state status=200
[1772527819369] api request start: node=node-2 GET /ha/state
[1772527819370] api request success: node=node-2 GET /ha/state status=200
[1772527819370] api request start: node=node-3 GET /ha/state
[1772527819372] api request success: node=node-3 GET /ha/state status=200
[1772527819686] api request start: node=node-1 GET /ha/state
[1772527819799] api request success: node=node-1 GET /ha/state status=200
[1772527819799] api request start: node=node-2 GET /ha/state
[1772527819800] api request success: node=node-2 GET /ha/state status=200
[1772527819800] api request start: node=node-3 GET /ha/state
[1772527819802] api request success: node=node-3 GET /ha/state status=200
[1772527820002] api request start: node=node-1 GET /ha/state
[1772527820332] api request success: node=node-1 GET /ha/state status=200
[1772527820332] api request start: node=node-2 GET /ha/state
[1772527820334] api request success: node=node-2 GET /ha/state status=200
[1772527820334] api request start: node=node-3 GET /ha/state
[1772527820337] api request success: node=node-3 GET /ha/state status=200
[1772527820544] api request start: node=node-1 GET /ha/state
[1772527820884] api request success: node=node-1 GET /ha/state status=200
[1772527820884] api request start: node=node-2 GET /ha/state
[1772527820885] api request success: node=node-2 GET /ha/state status=200
[1772527820885] api request start: node=node-3 GET /ha/state
[1772527820885] api request success: node=node-3 GET /ha/state status=200
[1772527821312] api request start: node=node-1 GET /ha/state
[1772527821314] api request success: node=node-1 GET /ha/state status=200
[1772527821314] api request start: node=node-2 GET /ha/state
[1772527821315] api request success: node=node-2 GET /ha/state status=200
[1772527821315] api request start: node=node-3 GET /ha/state
[1772527821315] api request success: node=node-3 GET /ha/state status=200
[1772527821641] api request start: node=node-1 GET /ha/state
[1772527821642] api request success: node=node-1 GET /ha/state status=200
[1772527821642] api request start: node=node-2 GET /ha/state
[1772527821642] api request success: node=node-2 GET /ha/state status=200
[1772527821642] api request start: node=node-3 GET /ha/state
[1772527821643] api request success: node=node-3 GET /ha/state status=200
[1772527821753] api request start: node=node-1 GET /ha/state
[1772527822104] api request success: node=node-1 GET /ha/state status=200
[1772527822104] api request start: node=node-2 GET /ha/state
[1772527822104] api request success: node=node-2 GET /ha/state status=200
[1772527822104] api request start: node=node-3 GET /ha/state
[1772527822104] api request success: node=node-3 GET /ha/state status=200
[1772527822431] api request start: node=node-1 GET /ha/state
[1772527822539] api request success: node=node-1 GET /ha/state status=200
[1772527822539] api request start: node=node-2 GET /ha/state
[1772527822539] api request success: node=node-2 GET /ha/state status=200
[1772527822539] api request start: node=node-3 GET /ha/state
[1772527822539] api request success: node=node-3 GET /ha/state status=200
[1772527822854] api request start: node=node-1 GET /ha/state
[1772527822962] api request success: node=node-1 GET /ha/state status=200
[1772527822962] api request start: node=node-2 GET /ha/state
[1772527822963] api request success: node=node-2 GET /ha/state status=200
[1772527822963] api request start: node=node-3 GET /ha/state
[1772527822964] api request success: node=node-3 GET /ha/state status=200
[1772527823186] api request start: node=node-1 GET /ha/state
[1772527823408] api request success: node=node-1 GET /ha/state status=200
[1772527823408] api request start: node=node-2 GET /ha/state
[1772527823409] api request success: node=node-2 GET /ha/state status=200
[1772527823409] api request start: node=node-3 GET /ha/state
[1772527823410] api request success: node=node-3 GET /ha/state status=200
[1772527823615] api request start: node=node-1 GET /ha/state
[1772527823852] api request success: node=node-1 GET /ha/state status=200
[1772527823852] api request start: node=node-2 GET /ha/state
[1772527823854] api request success: node=node-2 GET /ha/state status=200
[1772527823854] api request start: node=node-3 GET /ha/state
[1772527823856] api request success: node=node-3 GET /ha/state status=200
[1772527824060] api request start: node=node-1 GET /ha/state
[1772527824393] api request success: node=node-1 GET /ha/state status=200
[1772527824393] api request start: node=node-2 GET /ha/state
[1772527824396] api request success: node=node-2 GET /ha/state status=200
[1772527824396] api request start: node=node-3 GET /ha/state
[1772527824398] api request success: node=node-3 GET /ha/state status=200
[1772527824501] api request start: node=node-1 GET /ha/state
[1772527824842] api request success: node=node-1 GET /ha/state status=200
[1772527824842] api request start: node=node-2 GET /ha/state
[1772527824843] api request success: node=node-2 GET /ha/state status=200
[1772527824843] api request start: node=node-3 GET /ha/state
[1772527824843] api request success: node=node-3 GET /ha/state status=200
[1772527825173] api request start: node=node-1 GET /ha/state
[1772527825177] api request success: node=node-1 GET /ha/state status=200
[1772527825177] api request start: node=node-2 GET /ha/state
[1772527825178] api request success: node=node-2 GET /ha/state status=200
[1772527825178] api request start: node=node-3 GET /ha/state
[1772527825179] api request success: node=node-3 GET /ha/state status=200
[1772527825379] api request start: node=node-1 GET /ha/state
[1772527825701] api request success: node=node-1 GET /ha/state status=200
[1772527825701] api request start: node=node-2 GET /ha/state
[1772527825702] api request success: node=node-2 GET /ha/state status=200
[1772527825702] api request start: node=node-3 GET /ha/state
[1772527825703] api request success: node=node-3 GET /ha/state status=200
[1772527825919] api request start: node=node-1 GET /ha/state
[1772527826239] api request success: node=node-1 GET /ha/state status=200
[1772527826239] api request start: node=node-2 GET /ha/state
[1772527826241] api request success: node=node-2 GET /ha/state status=200
[1772527826241] api request start: node=node-3 GET /ha/state
[1772527826242] api request success: node=node-3 GET /ha/state status=200
[1772527826465] api request start: node=node-1 GET /ha/state
[1772527826579] api request success: node=node-1 GET /ha/state status=200
[1772527826580] api request start: node=node-2 GET /ha/state
[1772527826581] api request success: node=node-2 GET /ha/state status=200
[1772527826581] api request start: node=node-3 GET /ha/state
[1772527826583] api request success: node=node-3 GET /ha/state status=200
[1772527826785] api request start: node=node-1 GET /ha/state
[1772527827019] api request success: node=node-1 GET /ha/state status=200
[1772527827019] api request start: node=node-2 GET /ha/state
[1772527827022] api request success: node=node-2 GET /ha/state status=200
[1772527827022] api request start: node=node-3 GET /ha/state
[1772527827025] api request success: node=node-3 GET /ha/state status=200
[1772527827232] api request start: node=node-1 GET /ha/state
[1772527827561] api request success: node=node-1 GET /ha/state status=200
[1772527827561] api request start: node=node-2 GET /ha/state
[1772527827563] api request success: node=node-2 GET /ha/state status=200
[1772527827563] api request start: node=node-3 GET /ha/state
[1772527827564] api request success: node=node-3 GET /ha/state status=200
[1772527827879] api request start: node=node-1 GET /ha/state
[1772527827996] api request success: node=node-1 GET /ha/state status=200
[1772527827996] api request start: node=node-2 GET /ha/state
[1772527827997] api request success: node=node-2 GET /ha/state status=200
[1772527827997] api request start: node=node-3 GET /ha/state
[1772527827999] api request success: node=node-3 GET /ha/state status=200
[1772527828206] api request start: node=node-1 GET /ha/state
[1772527828544] api request success: node=node-1 GET /ha/state status=200
[1772527828544] api request start: node=node-2 GET /ha/state
[1772527828547] api request success: node=node-2 GET /ha/state status=200
[1772527828547] api request start: node=node-3 GET /ha/state
[1772527828549] api request success: node=node-3 GET /ha/state status=200
[1772527828755] api request start: node=node-1 GET /ha/state
[1772527829086] api request success: node=node-1 GET /ha/state status=200
[1772527829086] api request start: node=node-2 GET /ha/state
[1772527829088] api request success: node=node-2 GET /ha/state status=200
[1772527829088] api request start: node=node-3 GET /ha/state
[1772527829090] api request success: node=node-3 GET /ha/state status=200
[1772527829406] api request start: node=node-1 GET /ha/state
[1772527829522] api request success: node=node-1 GET /ha/state status=200
[1772527829522] api request start: node=node-2 GET /ha/state
[1772527829523] api request success: node=node-2 GET /ha/state status=200
[1772527829523] api request start: node=node-3 GET /ha/state
[1772527829528] api request success: node=node-3 GET /ha/state status=200
[1772527829629] api request start: node=node-1 GET /ha/state
[1772527829852] api request success: node=node-1 GET /ha/state status=200
[1772527829852] api request start: node=node-2 GET /ha/state
[1772527829854] api request success: node=node-2 GET /ha/state status=200
[1772527829854] api request start: node=node-3 GET /ha/state
[1772527829856] api request success: node=node-3 GET /ha/state status=200
[1772527829959] api request start: node=node-1 GET /ha/state
[1772527830293] api request success: node=node-1 GET /ha/state status=200
[1772527830293] api request start: node=node-2 GET /ha/state
[1772527830295] api request success: node=node-2 GET /ha/state status=200
[1772527830295] api request start: node=node-3 GET /ha/state
[1772527830297] api request success: node=node-3 GET /ha/state status=200
[1772527830609] api request start: node=node-1 GET /ha/state
[1772527830722] api request success: node=node-1 GET /ha/state status=200
[1772527830722] api request start: node=node-2 GET /ha/state
[1772527830723] api request success: node=node-2 GET /ha/state status=200
[1772527830723] api request start: node=node-3 GET /ha/state
[1772527830725] api request success: node=node-3 GET /ha/state status=200
[1772527830929] api request start: node=node-1 GET /ha/state
[1772527831268] api request success: node=node-1 GET /ha/state status=200
[1772527831268] api request start: node=node-2 GET /ha/state
[1772527831269] api request success: node=node-2 GET /ha/state status=200
[1772527831269] api request start: node=node-3 GET /ha/state
[1772527831271] api request success: node=node-3 GET /ha/state status=200
[1772527831466] api request start: node=node-1 GET /ha/state
[1772527831803] api request success: node=node-1 GET /ha/state status=200
[1772527831804] api request start: node=node-2 GET /ha/state
[1772527831806] api request success: node=node-2 GET /ha/state status=200
[1772527831806] api request start: node=node-3 GET /ha/state
[1772527831808] api request success: node=node-3 GET /ha/state status=200
[1772527832121] api request start: node=node-1 GET /ha/state
[1772527832239] api request success: node=node-1 GET /ha/state status=200
[1772527832239] api request start: node=node-2 GET /ha/state
[1772527832241] api request success: node=node-2 GET /ha/state status=200
[1772527832241] api request start: node=node-3 GET /ha/state
[1772527832243] api request success: node=node-3 GET /ha/state status=200
[1772527832444] api request start: node=node-1 GET /ha/state
[1772527832773] api request success: node=node-1 GET /ha/state status=200
[1772527832773] api request start: node=node-2 GET /ha/state
[1772527832773] api request success: node=node-2 GET /ha/state status=200
[1772527832773] api request start: node=node-3 GET /ha/state
[1772527832774] api request success: node=node-3 GET /ha/state status=200
[1772527832875] api request start: node=node-1 GET /ha/state
[1772527833195] api request success: node=node-1 GET /ha/state status=200
[1772527833195] api request start: node=node-2 GET /ha/state
[1772527833196] api request success: node=node-2 GET /ha/state status=200
[1772527833196] api request start: node=node-3 GET /ha/state
[1772527833197] api request success: node=node-3 GET /ha/state status=200
[1772527833633] api request start: node=node-1 GET /ha/state
[1772527833738] api request success: node=node-1 GET /ha/state status=200
[1772527833738] api request start: node=node-2 GET /ha/state
[1772527833739] api request success: node=node-2 GET /ha/state status=200
[1772527833739] api request start: node=node-3 GET /ha/state
[1772527833739] api request success: node=node-3 GET /ha/state status=200
[1772527834065] api request start: node=node-1 GET /ha/state
[1772527834176] api request success: node=node-1 GET /ha/state status=200
[1772527834176] api request start: node=node-2 GET /ha/state
[1772527834177] api request success: node=node-2 GET /ha/state status=200
[1772527834177] api request start: node=node-3 GET /ha/state
[1772527834177] api request success: node=node-3 GET /ha/state status=200
[1772527834384] api request start: node=node-1 GET /ha/state
[1772527834711] api request success: node=node-1 GET /ha/state status=200
[1772527834711] api request start: node=node-2 GET /ha/state
[1772527834713] api request success: node=node-2 GET /ha/state status=200
[1772527834713] api request start: node=node-3 GET /ha/state
[1772527834714] api request success: node=node-3 GET /ha/state status=200
[1772527834820] api request start: node=node-1 GET /ha/state
[1772527835152] api request success: node=node-1 GET /ha/state status=200
[1772527835152] api request start: node=node-2 GET /ha/state
[1772527835153] api request success: node=node-2 GET /ha/state status=200
[1772527835153] api request start: node=node-3 GET /ha/state
[1772527835153] api request success: node=node-3 GET /ha/state status=200
[1772527835474] api request start: node=node-1 GET /ha/state
[1772527835585] api request success: node=node-1 GET /ha/state status=200
[1772527835585] api request start: node=node-2 GET /ha/state
[1772527835586] api request success: node=node-2 GET /ha/state status=200
[1772527835586] api request start: node=node-3 GET /ha/state
[1772527835589] api request success: node=node-3 GET /ha/state status=200
[1772527835790] api request start: node=node-1 GET /ha/state
[1772527836112] api request success: node=node-1 GET /ha/state status=200
[1772527836112] api request start: node=node-2 GET /ha/state
[1772527836114] api request success: node=node-2 GET /ha/state status=200
[1772527836114] api request start: node=node-3 GET /ha/state
[1772527836115] api request success: node=node-3 GET /ha/state status=200
[1772527836325] api request start: node=node-1 GET /ha/state
[1772527836661] api request success: node=node-1 GET /ha/state status=200
[1772527836662] api request start: node=node-2 GET /ha/state
[1772527836664] api request success: node=node-2 GET /ha/state status=200
[1772527836664] api request start: node=node-3 GET /ha/state
[1772527836666] api request success: node=node-3 GET /ha/state status=200
[1772527836994] api request start: node=node-1 GET /ha/state
[1772527837111] api request success: node=node-1 GET /ha/state status=200
[1772527837111] api request start: node=node-2 GET /ha/state
[1772527837114] api request success: node=node-2 GET /ha/state status=200
[1772527837114] api request start: node=node-3 GET /ha/state
[1772527837115] api request success: node=node-3 GET /ha/state status=200
[1772527837316] api request start: node=node-1 GET /ha/state
[1772527837439] api request success: node=node-1 GET /ha/state status=200
[1772527837439] api request start: node=node-2 GET /ha/state
[1772527837440] api request success: node=node-2 GET /ha/state status=200
[1772527837440] api request start: node=node-3 GET /ha/state
[1772527837440] api request success: node=node-3 GET /ha/state status=200
[1772527837547] api request start: node=node-1 GET /ha/state
[1772527837881] api request success: node=node-1 GET /ha/state status=200
[1772527837881] api request start: node=node-2 GET /ha/state
[1772527837883] api request success: node=node-2 GET /ha/state status=200
[1772527837883] api request start: node=node-3 GET /ha/state
[1772527837884] api request success: node=node-3 GET /ha/state status=200
[1772527838102] api request start: node=node-1 GET /ha/state
[1772527838216] api request success: node=node-1 GET /ha/state status=200
[1772527838216] api request start: node=node-2 GET /ha/state
[1772527838218] api request success: node=node-2 GET /ha/state status=200
[1772527838218] api request start: node=node-3 GET /ha/state
[1772527838219] api request success: node=node-3 GET /ha/state status=200
[1772527838417] api request start: node=node-1 GET /ha/state
[1772527838745] api request success: node=node-1 GET /ha/state status=200
[1772527838746] api request start: node=node-2 GET /ha/state
[1772527838747] api request success: node=node-2 GET /ha/state status=200
[1772527838748] api request start: node=node-3 GET /ha/state
[1772527838749] api request success: node=node-3 GET /ha/state status=200