[1772527999392] unassisted failover bootstrap: wait for stable primary
[1772527999395] api request start: node=node-1 GET /ha/state
[1772527999448] api request success: node=node-1 GET /ha/state status=200
[1772527999448] api request start: node=node-2 GET /ha/state
[1772527999448] api request success: node=node-2 GET /ha/state status=200
[1772527999449] api request start: node=node-3 GET /ha/state
[1772527999449] api request success: node=node-3 GET /ha/state status=200
[1772527999449] stable-primary poll states: node-1:Primary:leader=node-1, node-2:WaitingPostgresReachable:leader=node-1, node-3:WaitingPostgresReachable:leader=node-1
[1772527999555] api request start: node=node-1 GET /ha/state
[1772527999877] api request success: node=node-1 GET /ha/state status=200
[1772527999877] api request start: node=node-2 GET /ha/state
[1772527999878] api request success: node=node-2 GET /ha/state status=200
[1772527999878] api request start: node=node-3 GET /ha/state
[1772527999878] api request success: node=node-3 GET /ha/state status=200
[1772527999878] stable-primary poll states: node-1:Primary:leader=node-1, node-2:Replica:leader=node-1, node-3:WaitingPostgresReachable:leader=node-1
[1772528000312] api request start: node=node-1 GET /ha/state
[1772528000316] api request success: node=node-1 GET /ha/state status=200
[1772528000316] api request start: node=node-2 GET /ha/state
[1772528000318] api request success: node=node-2 GET /ha/state status=200
[1772528000318] api request start: node=node-3 GET /ha/state
[1772528000319] api request success: node=node-3 GET /ha/state status=200
[1772528000319] stable-primary poll states: node-1:Primary:leader=node-1, node-2:Replica:leader=node-1, node-3:Replica:leader=node-1
[1772528000519] api request start: node=node-1 GET /ha/state
[1772528000741] api request success: node=node-1 GET /ha/state status=200
[1772528000741] api request start: node=node-2 GET /ha/state
[1772528000742] api request success: node=node-2 GET /ha/state status=200
[1772528000742] api request start: node=node-3 GET /ha/state
[1772528000742] api request success: node=node-3 GET /ha/state status=200
[1772528000948] api request start: node=node-1 GET /ha/state
[1772528001072] api request success: node=node-1 GET /ha/state status=200
[1772528001072] api request start: node=node-2 GET /ha/state
[1772528001072] api request success: node=node-2 GET /ha/state status=200
[1772528001073] api request start: node=node-3 GET /ha/state
[1772528001073] api request success: node=node-3 GET /ha/state status=200
[1772528001073] unassisted failover bootstrap success: primary=node-1
[1772528001073] api request start: node=node-1 GET /ha/state
[1772528001074] api request success: node=node-1 GET /ha/state status=200
[1772528001074] api request start: node=node-2 GET /ha/state
[1772528001075] api request success: node=node-2 GET /ha/state status=200
[1772528001075] api request start: node=node-3 GET /ha/state
[1772528001076] api request success: node=node-3 GET /ha/state status=200
[1772528001152] api request start: node=node-1 GET /ha/state
[1772528001154] api request success: node=node-1 GET /ha/state status=200
[1772528001154] api request start: node=node-2 GET /ha/state
[1772528001154] api request success: node=node-2 GET /ha/state status=200
[1772528001154] api request start: node=node-3 GET /ha/state
[1772528001155] api request success: node=node-3 GET /ha/state status=200
[1772528001279] api request start: node=node-1 GET /ha/state
[1772528001519] api request success: node=node-1 GET /ha/state status=200
[1772528001519] api request start: node=node-2 GET /ha/state
[1772528001520] api request success: node=node-2 GET /ha/state status=200
[1772528001520] api request start: node=node-3 GET /ha/state
[1772528001520] api request success: node=node-3 GET /ha/state status=200
[1772528001597] api request start: node=node-1 GET /ha/state
[1772528001597] api request success: node=node-1 GET /ha/state status=200
[1772528001597] api request start: node=node-2 GET /ha/state
[1772528001598] api request success: node=node-2 GET /ha/state status=200
[1772528001598] api request start: node=node-3 GET /ha/state
[1772528001598] api request success: node=node-3 GET /ha/state status=200
[1772528001821] api request start: node=node-1 GET /ha/state
[1772528001826] api request success: node=node-1 GET /ha/state status=200
[1772528001826] api request start: node=node-2 GET /ha/state
[1772528001828] api request success: node=node-2 GET /ha/state status=200
[1772528001828] api request start: node=node-3 GET /ha/state
[1772528001830] api request success: node=node-3 GET /ha/state status=200
[1772528001906] api request start: node=node-1 GET /ha/state
[1772528001908] api request success: node=node-1 GET /ha/state status=200
[1772528001909] api request start: node=node-2 GET /ha/state
[1772528001910] api request success: node=node-2 GET /ha/state status=200
[1772528001910] api request start: node=node-3 GET /ha/state
[1772528001911] api request success: node=node-3 GET /ha/state status=200
[1772528002033] api request start: node=node-1 GET /ha/state
[1772528002253] api request success: node=node-1 GET /ha/state status=200
[1772528002253] api request start: node=node-2 GET /ha/state
[1772528002254] api request success: node=node-2 GET /ha/state status=200
[1772528002254] api request start: node=node-3 GET /ha/state
[1772528002254] api request success: node=node-3 GET /ha/state status=200
[1772528002330] api request start: node=node-1 GET /ha/state
[1772528002331] api request success: node=node-1 GET /ha/state status=200
[1772528002331] api request start: node=node-2 GET /ha/state
[1772528002331] api request success: node=node-2 GET /ha/state status=200
[1772528002331] api request start: node=node-3 GET /ha/state
[1772528002331] api request success: node=node-3 GET /ha/state status=200
[1772528002579] api request start: node=node-1 GET /ha/state
[1772528002674] api request success: node=node-1 GET /ha/state status=200
[1772528002674] api request start: node=node-2 GET /ha/state
[1772528002674] api request success: node=node-2 GET /ha/state status=200
[1772528002674] api request start: node=node-3 GET /ha/state
[1772528002674] api request success: node=node-3 GET /ha/state status=200
[1772528002782] api request start: node=node-1 GET /ha/state
[1772528003007] api request success: node=node-1 GET /ha/state status=200
[1772528003007] api request start: node=node-2 GET /ha/state
[1772528003008] api request success: node=node-2 GET /ha/state status=200
[1772528003008] api request start: node=node-3 GET /ha/state
[1772528003008] api request success: node=node-3 GET /ha/state status=200
[1772528003085] api request start: node=node-1 GET /ha/state
[1772528003086] api request success: node=node-1 GET /ha/state status=200
[1772528003086] api request start: node=node-2 GET /ha/state
[1772528003086] api request success: node=node-2 GET /ha/state status=200
[1772528003086] api request start: node=node-3 GET /ha/state
[1772528003087] api request success: node=node-3 GET /ha/state status=200
[1772528003334] api request start: node=node-1 GET /ha/state
[1772528003338] api request success: node=node-1 GET /ha/state status=200
[1772528003338] api request start: node=node-2 GET /ha/state
[1772528003339] api request success: node=node-2 GET /ha/state status=200
[1772528003339] api request start: node=node-3 GET /ha/state
[1772528003340] api request success: node=node-3 GET /ha/state status=200
[1772528003418] api request start: node=node-1 GET /ha/state
[1772528003420] api request success: node=node-1 GET /ha/state status=200
[1772528003420] api request start: node=node-2 GET /ha/state
[1772528003422] api request success: node=node-2 GET /ha/state status=200
[1772528003422] api request start: node=node-3 GET /ha/state
[1772528003422] api request success: node=node-3 GET /ha/state status=200
[1772528003667] api request start: node=node-1 GET /ha/state
[1772528003671] api request success: node=node-1 GET /ha/state status=200
[1772528003671] api request start: node=node-2 GET /ha/state
[1772528003671] api request success: node=node-2 GET /ha/state status=200
[1772528003671] api request start: node=node-3 GET /ha/state
[1772528003672] api request success: node=node-3 GET /ha/state status=200
[1772528003750] api request start: node=node-1 GET /ha/state
[1772528003752] api request success: node=node-1 GET /ha/state status=200
[1772528003752] api request start: node=node-2 GET /ha/state
[1772528003753] api request success: node=node-2 GET /ha/state status=200
[1772528003754] api request start: node=node-3 GET /ha/state
[1772528003755] api request success: node=node-3 GET /ha/state status=200
[1772528003879] api request start: node=node-1 GET /ha/state
[1772528004104] api request success: node=node-1 GET /ha/state status=200
[1772528004104] api request start: node=node-2 GET /ha/state
[1772528004106] api request success: node=node-2 GET /ha/state status=200
[1772528004106] api request start: node=node-3 GET /ha/state
[1772528004106] api request success: node=node-3 GET /ha/state status=200
[1772528004106] unassisted failover SQL pre-check: create table and insert pre-failure row
[1772528004163] unassisted failover SQL pre-check succeeded
[1772528004163] unassisted failover failure injection: stop postgres on node-1
[1772528004303] unassisted failover recovery: API-only polling for new stable primary
[1772528004303] api request start: node=node-1 GET /ha/state
[1772528004520] api request success: node=node-1 GET /ha/state status=200
[1772528004520] api request start: node=node-2 GET /ha/state
[1772528004521] api request success: node=node-2 GET /ha/state status=200
[1772528004521] api request start: node=node-3 GET /ha/state
[1772528004522] api request success: node=node-3 GET /ha/state status=200
[1772528004523] stable-primary poll states: node-1:Primary:leader=node-1, node-2:Replica:leader=node-1, node-3:Replica:leader=node-1
[1772528004633] api request start: node=node-1 GET /ha/state
[1772528005188] api request success: node=node-1 GET /ha/state status=200
[1772528005188] api request start: node=node-2 GET /ha/state
[1772528005190] api request success: node=node-2 GET /ha/state status=200
[1772528005190] api request start: node=node-3 GET /ha/state
[1772528005190] api request success: node=node-3 GET /ha/state status=200
[1772528005191] stable-primary poll states: node-1:WaitingPostgresReachable:leader=node-1, node-2:Replica:leader=node-3, node-3:Primary:leader=node-3
[1772528005634] api request start: node=node-1 GET /ha/state
[1772528005643] api request success: node=node-1 GET /ha/state status=200
[1772528005643] api request start: node=node-2 GET /ha/state
[1772528005644] api request success: node=node-2 GET /ha/state status=200
[1772528005644] api request start: node=node-3 GET /ha/state
[1772528005644] api request success: node=node-3 GET /ha/state status=200
[1772528005644] stable-primary poll states: node-1:WaitingPostgresReachable:leader=node-3, node-2:Replica:leader=node-3, node-3:Primary:leader=node-3
[1772528005841] api request start: node=node-1 GET /ha/state
[1772528006175] api request success: node=node-1 GET /ha/state status=200
[1772528006175] api request start: node=node-2 GET /ha/state
[1772528006176] api request success: node=node-2 GET /ha/state status=200
[1772528006176] api request start: node=node-3 GET /ha/state
[1772528006177] api request success: node=node-3 GET /ha/state status=200
[1772528006380] api request start: node=node-1 GET /ha/state
[1772528006716] api request success: node=node-1 GET /ha/state status=200
[1772528006716] api request start: node=node-2 GET /ha/state
[1772528006718] api request success: node=node-2 GET /ha/state status=200
[1772528006718] api request start: node=node-3 GET /ha/state
[1772528006718] api request success: node=node-3 GET /ha/state status=200
[1772528007032] api request start: node=node-1 GET /ha/state
[1772528007145] api request success: node=node-1 GET /ha/state status=200
[1772528007145] api request start: node=node-2 GET /ha/state
[1772528007146] api request success: node=node-2 GET /ha/state status=200
[1772528007146] api request start: node=node-3 GET /ha/state
[1772528007147] api request success: node=node-3 GET /ha/state status=200
[1772528007147] api request start: node=node-1 GET /ha/state
[1772528007147] api request success: node=node-1 GET /ha/state status=200
[1772528007147] api request start: node=node-2 GET /ha/state
[1772528007148] api request success: node=node-2 GET /ha/state status=200
[1772528007148] api request start: node=node-3 GET /ha/state
[1772528007149] api request success: node=node-3 GET /ha/state status=200
[1772528007225] api request start: node=node-1 GET /ha/state
[1772528007227] api request success: node=node-1 GET /ha/state status=200
[1772528007227] api request start: node=node-2 GET /ha/state
[1772528007228] api request success: node=node-2 GET /ha/state status=200
[1772528007228] api request start: node=node-3 GET /ha/state
[1772528007230] api request success: node=node-3 GET /ha/state status=200
[1772528007483] api request start: node=node-1 GET /ha/state
[1772528007591] api request success: node=node-1 GET /ha/state status=200
[1772528007591] api request start: node=node-2 GET /ha/state
[1772528007592] api request success: node=node-2 GET /ha/state status=200
[1772528007592] api request start: node=node-3 GET /ha/state
[1772528007592] api request success: node=node-3 GET /ha/state status=200
[1772528007670] api request start: node=node-1 GET /ha/state
[1772528007672] api request success: node=node-1 GET /ha/state status=200
[1772528007672] api request start: node=node-2 GET /ha/state
[1772528007673] api request success: node=node-2 GET /ha/state status=200
[1772528007673] api request start: node=node-3 GET /ha/state
[1772528007674] api request success: node=node-3 GET /ha/state status=200
[1772528007806] api request start: node=node-1 GET /ha/state
[1772528008136] api request success: node=node-1 GET /ha/state status=200
[1772528008136] api request start: node=node-2 GET /ha/state
[1772528008137] api request success: node=node-2 GET /ha/state status=200
[1772528008137] api request start: node=node-3 GET /ha/state
[1772528008138] api request success: node=node-3 GET /ha/state status=200
[1772528008215] api request start: node=node-1 GET /ha/state
[1772528008217] api request success: node=node-1 GET /ha/state status=200
[1772528008217] api request start: node=node-2 GET /ha/state
[1772528008218] api request success: node=node-2 GET /ha/state status=200
[1772528008218] api request start: node=node-3 GET /ha/state
[1772528008219] api request success: node=node-3 GET /ha/state status=200
[1772528008451] api request start: node=node-1 GET /ha/state
[1772528008556] api request success: node=node-1 GET /ha/state status=200
[1772528008556] api request start: node=node-2 GET /ha/state
[1772528008556] api request success: node=node-2 GET /ha/state status=200
[1772528008556] api request start: node=node-3 GET /ha/state
[1772528008556] api request success: node=node-3 GET /ha/state status=200
[1772528008633] api request start: node=node-1 GET /ha/state
[1772528008636] api request success: node=node-1 GET /ha/state status=200
[1772528008636] api request start: node=node-2 GET /ha/state
[1772528008637] api request success: node=node-2 GET /ha/state status=200
[1772528008637] api request start: node=node-3 GET /ha/state
[1772528008638] api request success: node=node-3 GET /ha/state status=200
[1772528008777] api request start: node=node-1 GET /ha/state
[1772528008986] api request success: node=node-1 GET /ha/state status=200
[1772528008986] api request start: node=node-2 GET /ha/state
[1772528008986] api request success: node=node-2 GET /ha/state status=200
[1772528008986] api request start: node=node-3 GET /ha/state
[1772528008987] api request success: node=node-3 GET /ha/state status=200
[1772528009065] api request start: node=node-1 GET /ha/state
[1772528009067] api request success: node=node-1 GET /ha/state status=200
[1772528009067] api request start: node=node-2 GET /ha/state
[1772528009069] api request success: node=node-2 GET /ha/state status=200
[1772528009069] api request start: node=node-3 GET /ha/state
[1772528009070] api request success: node=node-3 GET /ha/state status=200
[1772528009425] api request start: node=node-1 GET /ha/state
[1772528009529] api request success: node=node-1 GET /ha/state status=200
[1772528009529] api request start: node=node-2 GET /ha/state
[1772528009529] api request success: node=node-2 GET /ha/state status=200
[1772528009529] api request start: node=node-3 GET /ha/state
[1772528009530] api request success: node=node-3 GET /ha/state status=200
[1772528009606] api request start: node=node-1 GET /ha/state
[1772528009607] api request success: node=node-1 GET /ha/state status=200
[1772528009608] api request start: node=node-2 GET /ha/state
[1772528009609] api request success: node=node-2 GET /ha/state status=200
[1772528009609] api request start: node=node-3 GET /ha/state
[1772528009609] api request success: node=node-3 GET /ha/state status=200
[1772528009860] api request start: node=node-1 GET /ha/state
[1772528009865] api request success: node=node-1 GET /ha/state status=200
[1772528009865] api request start: node=node-2 GET /ha/state
[1772528009866] api request success: node=node-2 GET /ha/state status=200
[1772528009866] api request start: node=node-3 GET /ha/state
[1772528009867] api request success: node=node-3 GET /ha/state status=200
[1772528009943] api request start: node=node-1 GET /ha/state
[1772528009944] api request success: node=node-1 GET /ha/state status=200
[1772528009944] api request start: node=node-2 GET /ha/state
[1772528009944] api request success: node=node-2 GET /ha/state status=200
[1772528009944] api request start: node=node-3 GET /ha/state
[1772528009945] api request success: node=node-3 GET /ha/state status=200
[1772528010072] api request start: node=node-1 GET /ha/state
[1772528010401] api request success: node=node-1 GET /ha/state status=200
[1772528010401] api request start: node=node-2 GET /ha/state
[1772528010402] api request success: node=node-2 GET /ha/state status=200
[1772528010402] api request start: node=node-3 GET /ha/state
[1772528010403] api request success: node=node-3 GET /ha/state status=200
[1772528010480] api request start: node=node-1 GET /ha/state
[1772528010482] api request success: node=node-1 GET /ha/state status=200
[1772528010482] api request start: node=node-2 GET /ha/state
[1772528010483] api request success: node=node-2 GET /ha/state status=200
[1772528010483] api request start: node=node-3 GET /ha/state
[1772528010484] api request success: node=node-3 GET /ha/state status=200
[1772528010611] api request start: node=node-1 GET /ha/state
[1772528010947] api request success: node=node-1 GET /ha/state status=200
[1772528010947] api request start: node=node-2 GET /ha/state
[1772528010948] api request success: node=node-2 GET /ha/state status=200
[1772528010948] api request start: node=node-3 GET /ha/state
[1772528010949] api request success: node=node-3 GET /ha/state status=200
[1772528011026] api request start: node=node-1 GET /ha/state
[1772528011029] api request success: node=node-1 GET /ha/state status=200
[1772528011029] api request start: node=node-2 GET /ha/state
[1772528011030] api request success: node=node-2 GET /ha/state status=200
[1772528011030] api request start: node=node-3 GET /ha/state
[1772528011031] api request success: node=node-3 GET /ha/state status=200
[1772528011265] api request start: node=node-1 GET /ha/state
[1772528011374] api request success: node=node-1 GET /ha/state status=200
[1772528011374] api request start: node=node-2 GET /ha/state
[1772528011374] api request success: node=node-2 GET /ha/state status=200
[1772528011374] api request start: node=node-3 GET /ha/state
[1772528011375] api request success: node=node-3 GET /ha/state status=200
[1772528011454] api request start: node=node-1 GET /ha/state
[1772528011455] api request success: node=node-1 GET /ha/state status=200
[1772528011455] api request start: node=node-2 GET /ha/state
[1772528011456] api request success: node=node-2 GET /ha/state status=200
[1772528011456] api request start: node=node-3 GET /ha/state
[1772528011456] api request success: node=node-3 GET /ha/state status=200
[1772528011687] api request start: node=node-1 GET /ha/state
[1772528011798] api request success: node=node-1 GET /ha/state status=200
[1772528011798] api request start: node=node-2 GET /ha/state
[1772528011799] api request success: node=node-2 GET /ha/state status=200
[1772528011799] api request start: node=node-3 GET /ha/state
[1772528011800] api request success: node=node-3 GET /ha/state status=200
[1772528011876] api request start: node=node-1 GET /ha/state
[1772528011878] api request success: node=node-1 GET /ha/state status=200
[1772528011878] api request start: node=node-2 GET /ha/state
[1772528011880] api request success: node=node-2 GET /ha/state status=200
[1772528011880] api request start: node=node-3 GET /ha/state
[1772528011881] api request success: node=node-3 GET /ha/state status=200
[1772528012013] api request start: node=node-1 GET /ha/state
[1772528012351] api request success: node=node-1 GET /ha/state status=200
[1772528012351] api request start: node=node-2 GET /ha/state
[1772528012352] api request success: node=node-2 GET /ha/state status=200
[1772528012352] api request start: node=node-3 GET /ha/state
[1772528012353] api request success: node=node-3 GET /ha/state status=200
[1772528012353] unassisted failover recovery success: former_primary=node-1, new_primary=node-3
[1772528012353] phase history evidence: node-1:Primary|WaitingPostgresReachable,node-2:Replica|WaitingPostgresReachable,node-3:Primary|Replica|WaitingPostgresReachable
[1772528012353] unassisted failover SQL post-check: insert post-failure row