[1772530475924] scenario bootstrap/election: wait for single primary
[1772530475924] api request start: node=node-1 GET /ha/state
[1772530476024] api request success: node=node-1 GET /ha/state status=200
[1772530476024] api request start: node=node-2 GET /ha/state
[1772530476024] api request success: node=node-2 GET /ha/state status=200
[1772530476024] api request start: node=node-3 GET /ha/state
[1772530476024] api request success: node=node-3 GET /ha/state status=200
[1772530476024] bootstrap/election success: primary=node-1
[1772530476024] api request start: node=node-1 GET /ha/state
[1772530476024] api request success: node=node-1 GET /ha/state status=200
[1772530476025] api request start: node=node-2 GET /ha/state
[1772530476025] api request success: node=node-2 GET /ha/state status=200
[1772530476025] api request start: node=node-3 GET /ha/state
[1772530476025] api request success: node=node-3 GET /ha/state status=200
[1772530476104] api request start: node=node-1 GET /ha/state
[1772530476105] api request success: node=node-1 GET /ha/state status=200
[1772530476105] api request start: node=node-2 GET /ha/state
[1772530476106] api request success: node=node-2 GET /ha/state status=200
[1772530476106] api request start: node=node-3 GET /ha/state
[1772530476107] api request success: node=node-3 GET /ha/state status=200
[1772530476359] api request start: node=node-1 GET /ha/state
[1772530476578] api request success: node=node-1 GET /ha/state status=200
[1772530476578] api request start: node=node-2 GET /ha/state
[1772530476578] api request success: node=node-2 GET /ha/state status=200
[1772530476578] api request start: node=node-3 GET /ha/state
[1772530476579] api request success: node=node-3 GET /ha/state status=200
[1772530476655] api request start: node=node-1 GET /ha/state
[1772530476657] api request success: node=node-1 GET /ha/state status=200
[1772530476657] api request start: node=node-2 GET /ha/state
[1772530476658] api request success: node=node-2 GET /ha/state status=200
[1772530476658] api request start: node=node-3 GET /ha/state
[1772530476659] api request success: node=node-3 GET /ha/state status=200
[1772530476784] api request start: node=node-1 GET /ha/state
[1772530477012] api request success: node=node-1 GET /ha/state status=200
[1772530477012] api request start: node=node-2 GET /ha/state
[1772530477012] api request success: node=node-2 GET /ha/state status=200
[1772530477012] api request start: node=node-3 GET /ha/state
[1772530477013] api request success: node=node-3 GET /ha/state status=200
[1772530477091] api request start: node=node-1 GET /ha/state
[1772530477093] api request success: node=node-1 GET /ha/state status=200
[1772530477094] api request start: node=node-2 GET /ha/state
[1772530477097] api request success: node=node-2 GET /ha/state status=200
[1772530477097] api request start: node=node-3 GET /ha/state
[1772530477098] api request success: node=node-3 GET /ha/state status=200
[1772530477219] api request start: node=node-1 GET /ha/state
[1772530477452] api request success: node=node-1 GET /ha/state status=200
[1772530477452] api request start: node=node-2 GET /ha/state
[1772530477453] api request success: node=node-2 GET /ha/state status=200
[1772530477453] api request start: node=node-3 GET /ha/state
[1772530477453] api request success: node=node-3 GET /ha/state status=200
[1772530477530] api request start: node=node-1 GET /ha/state
[1772530477532] api request success: node=node-1 GET /ha/state status=200
[1772530477532] api request start: node=node-2 GET /ha/state
[1772530477534] api request success: node=node-2 GET /ha/state status=200
[1772530477534] api request start: node=node-3 GET /ha/state
[1772530477535] api request success: node=node-3 GET /ha/state status=200
[1772530477784] api request start: node=node-1 GET /ha/state
[1772530477788] api request success: node=node-1 GET /ha/state status=200
[1772530477788] api request start: node=node-2 GET /ha/state
[1772530477788] api request success: node=node-2 GET /ha/state status=200
[1772530477788] api request start: node=node-3 GET /ha/state
[1772530477789] api request success: node=node-3 GET /ha/state status=200
[1772530477866] api request start: node=node-1 GET /ha/state
[1772530477868] api request success: node=node-1 GET /ha/state status=200
[1772530477868] api request start: node=node-2 GET /ha/state
[1772530477869] api request success: node=node-2 GET /ha/state status=200
[1772530477869] api request start: node=node-3 GET /ha/state
[1772530477869] api request success: node=node-3 GET /ha/state status=200
[1772530477991] api request start: node=node-1 GET /ha/state
[1772530478218] api request success: node=node-1 GET /ha/state status=200
[1772530478218] api request start: node=node-2 GET /ha/state
[1772530478220] api request success: node=node-2 GET /ha/state status=200
[1772530478220] api request start: node=node-3 GET /ha/state
[1772530478221] api request success: node=node-3 GET /ha/state status=200
[1772530478298] api request start: node=node-1 GET /ha/state
[1772530478300] api request success: node=node-1 GET /ha/state status=200
[1772530478300] api request start: node=node-2 GET /ha/state
[1772530478300] api request success: node=node-2 GET /ha/state status=200
[1772530478301] api request start: node=node-3 GET /ha/state
[1772530478301] api request success: node=node-3 GET /ha/state status=200
[1772530478423] api request start: node=node-1 GET /ha/state
[1772530478530] api request success: node=node-1 GET /ha/state status=200
[1772530478530] api request start: node=node-2 GET /ha/state
[1772530478530] api request success: node=node-2 GET /ha/state status=200
[1772530478530] api request start: node=node-3 GET /ha/state
[1772530478530] api request success: node=node-3 GET /ha/state status=200
[1772530478608] api request start: node=node-1 GET /ha/state
[1772530478611] api request success: node=node-1 GET /ha/state status=200
[1772530478611] api request start: node=node-2 GET /ha/state
[1772530478612] api request success: node=node-2 GET /ha/state status=200
[1772530478612] api request start: node=node-3 GET /ha/state
[1772530478613] api request success: node=node-3 GET /ha/state status=200
[1772530478863] api request start: node=node-1 GET /ha/state
[1772530478865] api request success: node=node-1 GET /ha/state status=200
[1772530478865] api request start: node=node-2 GET /ha/state
[1772530478866] api request success: node=node-2 GET /ha/state status=200
[1772530478866] api request start: node=node-3 GET /ha/state
[1772530478867] api request success: node=node-3 GET /ha/state status=200
[1772530478944] api request start: node=node-1 GET /ha/state
[1772530478947] api request success: node=node-1 GET /ha/state status=200
[1772530478947] api request start: node=node-2 GET /ha/state
[1772530478948] api request success: node=node-2 GET /ha/state status=200
[1772530478948] api request start: node=node-3 GET /ha/state
[1772530478949] api request success: node=node-3 GET /ha/state status=200
[1772530479196] api request start: node=node-1 GET /ha/state
[1772530479201] api request success: node=node-1 GET /ha/state status=200
[1772530479201] api request start: node=node-2 GET /ha/state
[1772530479201] api request success: node=node-2 GET /ha/state status=200
[1772530479201] api request start: node=node-3 GET /ha/state
[1772530479202] api request success: node=node-3 GET /ha/state status=200
[1772530479202] scenario planned switchover: submit request through API endpoint
[1772530479202] api request start: node=node-1 POST /switchover
[1772530479305] api request success: node=node-1 POST /switchover status=202
[1772530479305] api request start: node=node-1 GET /ha/state
[1772530479755] api request success: node=node-1 GET /ha/state status=200
[1772530479756] api request start: node=node-2 GET /ha/state
[1772530479757] api request success: node=node-2 GET /ha/state status=200
[1772530479757] api request start: node=node-3 GET /ha/state
[1772530479758] api request success: node=node-3 GET /ha/state status=200
[1772530479758] planned switchover success: old_primary=node-1, new_primary=node-2
[1772530479758] scenario split-brain prevention: ensure no dual primary after switchover
[1772530479758] api request start: node=node-1 GET /ha/state
[1772530479759] api request success: node=node-1 GET /ha/state status=200
[1772530479759] api request start: node=node-2 GET /ha/state
[1772530479761] api request success: node=node-2 GET /ha/state status=200
[1772530479761] api request start: node=node-3 GET /ha/state
[1772530479762] api request success: node=node-3 GET /ha/state status=200
[1772530479839] api request start: node=node-1 GET /ha/state
[1772530479841] api request success: node=node-1 GET /ha/state status=200
[1772530479841] api request start: node=node-2 GET /ha/state
[1772530479843] api request success: node=node-2 GET /ha/state status=200
[1772530479843] api request start: node=node-3 GET /ha/state
[1772530479844] api request success: node=node-3 GET /ha/state status=200
[1772530480197] api request start: node=node-1 GET /ha/state
[1772530480310] api request success: node=node-1 GET /ha/state status=200
[1772530480311] api request start: node=node-2 GET /ha/state
[1772530480311] api request success: node=node-2 GET /ha/state status=200
[1772530480311] api request start: node=node-3 GET /ha/state
[1772530480312] api request success: node=node-3 GET /ha/state status=200
[1772530480390] api request start: node=node-1 GET /ha/state
[1772530480393] api request success: node=node-1 GET /ha/state status=200
[1772530480393] api request start: node=node-2 GET /ha/state
[1772530480395] api request success: node=node-2 GET /ha/state status=200
[1772530480395] api request start: node=node-3 GET /ha/state
[1772530480396] api request success: node=node-3 GET /ha/state status=200
[1772530480529] api request start: node=node-1 GET /ha/state
[1772530480882] api request success: node=node-1 GET /ha/state status=200
[1772530480882] api request start: node=node-2 GET /ha/state
[1772530480883] api request success: node=node-2 GET /ha/state status=200
[1772530480883] api request start: node=node-3 GET /ha/state
[1772530480884] api request success: node=node-3 GET /ha/state status=200
[1772530480961] api request start: node=node-1 GET /ha/state
[1772530480962] api request success: node=node-1 GET /ha/state status=200
[1772530480962] api request start: node=node-2 GET /ha/state
[1772530480963] api request success: node=node-2 GET /ha/state status=200
[1772530480963] api request start: node=node-3 GET /ha/state
[1772530480964] api request success: node=node-3 GET /ha/state status=200
[1772530481185] api request start: node=node-1 GET /ha/state
[1772530481298] api request success: node=node-1 GET /ha/state status=200
[1772530481298] api request start: node=node-2 GET /ha/state
[1772530481300] api request success: node=node-2 GET /ha/state status=200
[1772530481300] api request start: node=node-3 GET /ha/state
[1772530481300] api request success: node=node-3 GET /ha/state status=200
[1772530481380] api request start: node=node-1 GET /ha/state
[1772530481382] api request success: node=node-1 GET /ha/state status=200
[1772530481382] api request start: node=node-2 GET /ha/state
[1772530481383] api request success: node=node-2 GET /ha/state status=200
[1772530481383] api request start: node=node-3 GET /ha/state
[1772530481384] api request success: node=node-3 GET /ha/state status=200
[1772530481609] api request start: node=node-1 GET /ha/state
[1772530481822] api request success: node=node-1 GET /ha/state status=200
[1772530481822] api request start: node=node-2 GET /ha/state
[1772530481823] api request success: node=node-2 GET /ha/state status=200
[1772530481823] api request start: node=node-3 GET /ha/state
[1772530481824] api request success: node=node-3 GET /ha/state status=200
[1772530481901] api request start: node=node-1 GET /ha/state
[1772530481902] api request success: node=node-1 GET /ha/state status=200
[1772530481902] api request start: node=node-2 GET /ha/state
[1772530481903] api request success: node=node-2 GET /ha/state status=200
[1772530481903] api request start: node=node-3 GET /ha/state
[1772530481903] api request success: node=node-3 GET /ha/state status=200
[1772530482143] api request start: node=node-1 GET /ha/state
[1772530482255] api request success: node=node-1 GET /ha/state status=200
[1772530482255] api request start: node=node-2 GET /ha/state
[1772530482256] api request success: node=node-2 GET /ha/state status=200
[1772530482256] api request start: node=node-3 GET /ha/state
[1772530482257] api request success: node=node-3 GET /ha/state status=200
[1772530482335] api request start: node=node-1 GET /ha/state
[1772530482337] api request success: node=node-1 GET /ha/state status=200
[1772530482337] api request start: node=node-2 GET /ha/state
[1772530482339] api request success: node=node-2 GET /ha/state status=200
[1772530482339] api request start: node=node-3 GET /ha/state
[1772530482340] api request success: node=node-3 GET /ha/state status=200
[1772530482580] api request start: node=node-1 GET /ha/state
[1772530482588] api request success: node=node-1 GET /ha/state status=200
[1772530482588] api request start: node=node-2 GET /ha/state
[1772530482589] api request success: node=node-2 GET /ha/state status=200
[1772530482589] api request start: node=node-3 GET /ha/state
[1772530482589] api request success: node=node-3 GET /ha/state status=200
[1772530482665] api request start: node=node-1 GET /ha/state
[1772530482668] api request success: node=node-1 GET /ha/state status=200
[1772530482668] api request start: node=node-2 GET /ha/state
[1772530482668] api request success: node=node-2 GET /ha/state status=200
[1772530482668] api request start: node=node-3 GET /ha/state
[1772530482669] api request success: node=node-3 GET /ha/state status=200
[1772530482915] api request start: node=node-1 GET /ha/state
[1772530482916] api request success: node=node-1 GET /ha/state status=200
[1772530482916] api request start: node=node-2 GET /ha/state
[1772530482916] api request success: node=node-2 GET /ha/state status=200
[1772530482916] api request start: node=node-3 GET /ha/state
[1772530482916] api request success: node=node-3 GET /ha/state status=200
[1772530482994] api request start: node=node-1 GET /ha/state
[1772530482996] api request success: node=node-1 GET /ha/state status=200
[1772530482996] api request start: node=node-2 GET /ha/state
[1772530482999] api request success: node=node-2 GET /ha/state status=200
[1772530482999] api request start: node=node-3 GET /ha/state
[1772530483001] api request success: node=node-3 GET /ha/state status=200
[1772530483238] api request start: node=node-1 GET /ha/state
[1772530483351] api request success: node=node-1 GET /ha/state status=200
[1772530483351] api request start: node=node-2 GET /ha/state
[1772530483352] api request success: node=node-2 GET /ha/state status=200
[1772530483352] api request start: node=node-3 GET /ha/state
[1772530483355] api request success: node=node-3 GET /ha/state status=200
[1772530483434] api request start: node=node-1 GET /ha/state
[1772530483437] api request success: node=node-1 GET /ha/state status=200
[1772530483437] api request start: node=node-2 GET /ha/state
[1772530483438] api request success: node=node-2 GET /ha/state status=200
[1772530483438] api request start: node=node-3 GET /ha/state
[1772530483439] api request success: node=node-3 GET /ha/state status=200
[1772530483563] api request start: node=node-1 GET /ha/state
[1772530483913] api request success: node=node-1 GET /ha/state status=200
[1772530483913] api request start: node=node-2 GET /ha/state
[1772530483915] api request success: node=node-2 GET /ha/state status=200
[1772530483915] api request start: node=node-3 GET /ha/state
[1772530483917] api request success: node=node-3 GET /ha/state status=200
[1772530484031] api request start: node=node-1 GET /ha/state
[1772530484470] api request success: node=node-1 GET /ha/state status=200
[1772530484470] api request start: node=node-2 GET /ha/state
[1772530484472] api request success: node=node-2 GET /ha/state status=200
[1772530484472] api request start: node=node-3 GET /ha/state
[1772530484472] api request success: node=node-3 GET /ha/state status=200
[1772530484550] api request start: node=node-1 GET /ha/state
[1772530484553] api request success: node=node-1 GET /ha/state status=200
[1772530484553] api request start: node=node-2 GET /ha/state
[1772530484554] api request success: node=node-2 GET /ha/state status=200
[1772530484554] api request start: node=node-3 GET /ha/state
[1772530484554] api request success: node=node-3 GET /ha/state status=200
[1772530484681] api request start: node=node-1 GET /ha/state
[1772530484789] api request success: node=node-1 GET /ha/state status=200
[1772530484789] api request start: node=node-2 GET /ha/state
[1772530484790] api request success: node=node-2 GET /ha/state status=200
[1772530484790] api request start: node=node-3 GET /ha/state
[1772530484791] api request success: node=node-3 GET /ha/state status=200
[1772530484791] scenario no-quorum fail-safe: shutdown etcd majority (2/3)
[1772530500007] no-quorum setup: stopped etcd members=etcd-a,etcd-b
[1772530500007] api request start: node=node-1 GET /ha/state
[1772530515238] api request success: node=node-1 GET /ha/state status=200
[1772530515238] api request start: node=node-2 GET /ha/state
[1772530535772] api request success: node=node-2 GET /ha/state status=200
[1772530535772] api request start: node=node-3 GET /ha/state
[1772530551035] api request success: node=node-3 GET /ha/state status=200
[1772530551036] no-quorum fail-safe observed on all nodes