[1772535118891] scenario bootstrap/election: wait for single primary
[1772535118891] api request start: node=node-1 GET /ha/state
[1772535119333] api request success: node=node-1 GET /ha/state status=200
[1772535119333] api request start: node=node-2 GET /ha/state
[1772535119336] api request success: node=node-2 GET /ha/state status=200
[1772535119336] api request start: node=node-3 GET /ha/state
[1772535119336] api request success: node=node-3 GET /ha/state status=200
[1772535119336] bootstrap/election success: primary=node-1
[1772535119336] api request start: node=node-1 GET /ha/state
[1772535119337] api request success: node=node-1 GET /ha/state status=200
[1772535119337] api request start: node=node-2 GET /ha/state
[1772535119338] api request success: node=node-2 GET /ha/state status=200
[1772535119338] api request start: node=node-3 GET /ha/state
[1772535119339] api request success: node=node-3 GET /ha/state status=200
[1772535119419] api request start: node=node-1 GET /ha/state
[1772535119420] api request success: node=node-1 GET /ha/state status=200
[1772535119420] api request start: node=node-2 GET /ha/state
[1772535119420] api request success: node=node-2 GET /ha/state status=200
[1772535119420] api request start: node=node-3 GET /ha/state
[1772535119420] api request success: node=node-3 GET /ha/state status=200
[1772535119534] api request start: node=node-1 GET /ha/state
[1772535119753] api request success: node=node-1 GET /ha/state status=200
[1772535119753] api request start: node=node-2 GET /ha/state
[1772535119755] api request success: node=node-2 GET /ha/state status=200
[1772535119755] api request start: node=node-3 GET /ha/state
[1772535119756] api request success: node=node-3 GET /ha/state status=200
[1772535119836] api request start: node=node-1 GET /ha/state
[1772535119838] api request success: node=node-1 GET /ha/state status=200
[1772535119838] api request start: node=node-2 GET /ha/state
[1772535119840] api request success: node=node-2 GET /ha/state status=200
[1772535119840] api request start: node=node-3 GET /ha/state
[1772535119841] api request success: node=node-3 GET /ha/state status=200
[1772535120079] api request start: node=node-1 GET /ha/state
[1772535120080] api request success: node=node-1 GET /ha/state status=200
[1772535120080] api request start: node=node-2 GET /ha/state
[1772535120080] api request success: node=node-2 GET /ha/state status=200
[1772535120081] api request start: node=node-3 GET /ha/state
[1772535120081] api request success: node=node-3 GET /ha/state status=200
[1772535120157] api request start: node=node-1 GET /ha/state
[1772535120159] api request success: node=node-1 GET /ha/state status=200
[1772535120159] api request start: node=node-2 GET /ha/state
[1772535120160] api request success: node=node-2 GET /ha/state status=200
[1772535120160] api request start: node=node-3 GET /ha/state
[1772535120161] api request success: node=node-3 GET /ha/state status=200
[1772535120518] api request start: node=node-1 GET /ha/state
[1772535120523] api request success: node=node-1 GET /ha/state status=200
[1772535120523] api request start: node=node-2 GET /ha/state
[1772535120524] api request success: node=node-2 GET /ha/state status=200
[1772535120524] api request start: node=node-3 GET /ha/state
[1772535120525] api request success: node=node-3 GET /ha/state status=200
[1772535120601] api request start: node=node-1 GET /ha/state
[1772535120603] api request success: node=node-1 GET /ha/state status=200
[1772535120603] api request start: node=node-2 GET /ha/state
[1772535120605] api request success: node=node-2 GET /ha/state status=200
[1772535120605] api request start: node=node-3 GET /ha/state
[1772535120606] api request success: node=node-3 GET /ha/state status=200
[1772535120854] api request start: node=node-1 GET /ha/state
[1772535120856] api request success: node=node-1 GET /ha/state status=200
[1772535120856] api request start: node=node-2 GET /ha/state
[1772535120857] api request success: node=node-2 GET /ha/state status=200
[1772535120857] api request start: node=node-3 GET /ha/state
[1772535120857] api request success: node=node-3 GET /ha/state status=200
[1772535120935] api request start: node=node-1 GET /ha/state
[1772535120936] api request success: node=node-1 GET /ha/state status=200
[1772535120936] api request start: node=node-2 GET /ha/state
[1772535120936] api request success: node=node-2 GET /ha/state status=200
[1772535120936] api request start: node=node-3 GET /ha/state
[1772535120937] api request success: node=node-3 GET /ha/state status=200
[1772535121069] api request start: node=node-1 GET /ha/state
[1772535121305] api request success: node=node-1 GET /ha/state status=200
[1772535121305] api request start: node=node-2 GET /ha/state
[1772535121306] api request success: node=node-2 GET /ha/state status=200
[1772535121306] api request start: node=node-3 GET /ha/state
[1772535121306] api request success: node=node-3 GET /ha/state status=200
[1772535121386] api request start: node=node-1 GET /ha/state
[1772535121387] api request success: node=node-1 GET /ha/state status=200
[1772535121387] api request start: node=node-2 GET /ha/state
[1772535121387] api request success: node=node-2 GET /ha/state status=200
[1772535121387] api request start: node=node-3 GET /ha/state
[1772535121388] api request success: node=node-3 GET /ha/state status=200
[1772535121630] api request start: node=node-1 GET /ha/state
[1772535121633] api request success: node=node-1 GET /ha/state status=200
[1772535121633] api request start: node=node-2 GET /ha/state
[1772535121634] api request success: node=node-2 GET /ha/state status=200
[1772535121634] api request start: node=node-3 GET /ha/state
[1772535121635] api request success: node=node-3 GET /ha/state status=200
[1772535121714] api request start: node=node-1 GET /ha/state
[1772535121717] api request success: node=node-1 GET /ha/state status=200
[1772535121718] api request start: node=node-2 GET /ha/state
[1772535121720] api request success: node=node-2 GET /ha/state status=200
[1772535121720] api request start: node=node-3 GET /ha/state
[1772535121721] api request success: node=node-3 GET /ha/state status=200
[1772535121833] api request start: node=node-1 GET /ha/state
[1772535122069] api request success: node=node-1 GET /ha/state status=200
[1772535122069] api request start: node=node-2 GET /ha/state
[1772535122069] api request success: node=node-2 GET /ha/state status=200
[1772535122069] api request start: node=node-3 GET /ha/state
[1772535122070] api request success: node=node-3 GET /ha/state status=200
[1772535122147] api request start: node=node-1 GET /ha/state
[1772535122149] api request success: node=node-1 GET /ha/state status=200
[1772535122149] api request start: node=node-2 GET /ha/state
[1772535122150] api request success: node=node-2 GET /ha/state status=200
[1772535122150] api request start: node=node-3 GET /ha/state
[1772535122152] api request success: node=node-3 GET /ha/state status=200
[1772535122275] api request start: node=node-1 GET /ha/state
[1772535122500] api request success: node=node-1 GET /ha/state status=200
[1772535122500] api request start: node=node-2 GET /ha/state
[1772535122500] api request success: node=node-2 GET /ha/state status=200
[1772535122500] api request start: node=node-3 GET /ha/state
[1772535122501] api request success: node=node-3 GET /ha/state status=200
[1772535122501] scenario planned switchover: submit request through API endpoint
[1772535122501] api request start: node=node-1 POST /switchover
[1772535122605] api request success: node=node-1 POST /switchover status=202
[1772535122605] api request start: node=node-1 GET /ha/state
[1772535122959] api request success: node=node-1 GET /ha/state status=200
[1772535122959] api request start: node=node-2 GET /ha/state
[1772535122960] api request success: node=node-2 GET /ha/state status=200
[1772535122960] api request start: node=node-3 GET /ha/state
[1772535122960] api request success: node=node-3 GET /ha/state status=200
[1772535122960] planned switchover success: old_primary=node-1, new_primary=node-3
[1772535122960] scenario split-brain prevention: ensure no dual primary after switchover
[1772535122960] api request start: node=node-1 GET /ha/state
[1772535122961] api request success: node=node-1 GET /ha/state status=200
[1772535122961] api request start: node=node-2 GET /ha/state
[1772535122961] api request success: node=node-2 GET /ha/state status=200
[1772535122961] api request start: node=node-3 GET /ha/state
[1772535122961] api request success: node=node-3 GET /ha/state status=200
[1772535123038] api request start: node=node-1 GET /ha/state
[1772535123041] api request success: node=node-1 GET /ha/state status=200
[1772535123041] api request start: node=node-2 GET /ha/state
[1772535123043] api request success: node=node-2 GET /ha/state status=200
[1772535123043] api request start: node=node-3 GET /ha/state
[1772535123044] api request success: node=node-3 GET /ha/state status=200
[1772535123251] api request start: node=node-1 GET /ha/state
[1772535123466] api request success: node=node-1 GET /ha/state status=200
[1772535123466] api request start: node=node-2 GET /ha/state
[1772535123466] api request success: node=node-2 GET /ha/state status=200
[1772535123466] api request start: node=node-3 GET /ha/state
[1772535123466] api request success: node=node-3 GET /ha/state status=200
[1772535123544] api request start: node=node-1 GET /ha/state
[1772535123546] api request success: node=node-1 GET /ha/state status=200
[1772535123546] api request start: node=node-2 GET /ha/state
[1772535123547] api request success: node=node-2 GET /ha/state status=200
[1772535123547] api request start: node=node-3 GET /ha/state
[1772535123548] api request success: node=node-3 GET /ha/state status=200
[1772535123793] api request start: node=node-1 GET /ha/state
[1772535123906] api request success: node=node-1 GET /ha/state status=200
[1772535123906] api request start: node=node-2 GET /ha/state
[1772535123908] api request success: node=node-2 GET /ha/state status=200
[1772535123908] api request start: node=node-3 GET /ha/state
[1772535123908] api request success: node=node-3 GET /ha/state status=200
[1772535123989] api request start: node=node-1 GET /ha/state
[1772535123992] api request success: node=node-1 GET /ha/state status=200
[1772535123992] api request start: node=node-2 GET /ha/state
[1772535123992] api request success: node=node-2 GET /ha/state status=200
[1772535123992] api request start: node=node-3 GET /ha/state
[1772535123993] api request success: node=node-3 GET /ha/state status=200
[1772535124128] api request start: node=node-1 GET /ha/state
[1772535124136] api request success: node=node-1 GET /ha/state status=200
[1772535124136] api request start: node=node-2 GET /ha/state
[1772535124136] api request success: node=node-2 GET /ha/state status=200
[1772535124136] api request start: node=node-3 GET /ha/state
[1772535124137] api request success: node=node-3 GET /ha/state status=200
[1772535124217] api request start: node=node-1 GET /ha/state
[1772535124219] api request success: node=node-1 GET /ha/state status=200
[1772535124220] api request start: node=node-2 GET /ha/state
[1772535124221] api request success: node=node-2 GET /ha/state status=200
[1772535124221] api request start: node=node-3 GET /ha/state
[1772535124222] api request success: node=node-3 GET /ha/state status=200
[1772535124358] api request start: node=node-1 GET /ha/state
[1772535124360] api request success: node=node-1 GET /ha/state status=200
[1772535124360] api request start: node=node-2 GET /ha/state
[1772535124361] api request success: node=node-2 GET /ha/state status=200
[1772535124361] api request start: node=node-3 GET /ha/state
[1772535124362] api request success: node=node-3 GET /ha/state status=200
[1772535124440] api request start: node=node-1 GET /ha/state
[1772535124441] api request success: node=node-1 GET /ha/state status=200
[1772535124441] api request start: node=node-2 GET /ha/state
[1772535124442] api request success: node=node-2 GET /ha/state status=200
[1772535124442] api request start: node=node-3 GET /ha/state
[1772535124443] api request success: node=node-3 GET /ha/state status=200
[1772535124567] api request start: node=node-1 GET /ha/state
[1772535124900] api request success: node=node-1 GET /ha/state status=200
[1772535124900] api request start: node=node-2 GET /ha/state
[1772535124901] api request success: node=node-2 GET /ha/state status=200
[1772535124901] api request start: node=node-3 GET /ha/state
[1772535124902] api request success: node=node-3 GET /ha/state status=200
[1772535124980] api request start: node=node-1 GET /ha/state
[1772535124982] api request success: node=node-1 GET /ha/state status=200
[1772535124983] api request start: node=node-2 GET /ha/state
[1772535124984] api request success: node=node-2 GET /ha/state status=200
[1772535124985] api request start: node=node-3 GET /ha/state
[1772535124988] api request success: node=node-3 GET /ha/state status=200
[1772535125219] api request start: node=node-1 GET /ha/state
[1772535125230] api request success: node=node-1 GET /ha/state status=200
[1772535125230] api request start: node=node-2 GET /ha/state
[1772535125231] api request success: node=node-2 GET /ha/state status=200
[1772535125231] api request start: node=node-3 GET /ha/state
[1772535125231] api request success: node=node-3 GET /ha/state status=200
[1772535125308] api request start: node=node-1 GET /ha/state
[1772535125310] api request success: node=node-1 GET /ha/state status=200
[1772535125310] api request start: node=node-2 GET /ha/state
[1772535125311] api request success: node=node-2 GET /ha/state status=200
[1772535125311] api request start: node=node-3 GET /ha/state
[1772535125312] api request success: node=node-3 GET /ha/state status=200
[1772535125564] api request start: node=node-1 GET /ha/state
[1772535125565] api request success: node=node-1 GET /ha/state status=200
[1772535125566] api request start: node=node-2 GET /ha/state
[1772535125566] api request success: node=node-2 GET /ha/state status=200
[1772535125566] api request start: node=node-3 GET /ha/state
[1772535125567] api request success: node=node-3 GET /ha/state status=200
[1772535125647] api request start: node=node-1 GET /ha/state
[1772535125650] api request success: node=node-1 GET /ha/state status=200
[1772535125651] api request start: node=node-2 GET /ha/state
[1772535125654] api request success: node=node-2 GET /ha/state status=200
[1772535125654] api request start: node=node-3 GET /ha/state
[1772535125656] api request success: node=node-3 GET /ha/state status=200
[1772535125777] api request start: node=node-1 GET /ha/state
[1772535126133] api request success: node=node-1 GET /ha/state status=200
[1772535126133] api request start: node=node-2 GET /ha/state
[1772535126134] api request success: node=node-2 GET /ha/state status=200
[1772535126134] api request start: node=node-3 GET /ha/state
[1772535126134] api request success: node=node-3 GET /ha/state status=200
[1772535126213] api request start: node=node-1 GET /ha/state
[1772535126213] api request success: node=node-1 GET /ha/state status=200
[1772535126213] api request start: node=node-2 GET /ha/state
[1772535126213] api request success: node=node-2 GET /ha/state status=200
[1772535126214] api request start: node=node-3 GET /ha/state
[1772535126214] api request success: node=node-3 GET /ha/state status=200
[1772535126472] api request start: node=node-1 GET /ha/state
[1772535126578] api request success: node=node-1 GET /ha/state status=200
[1772535126578] api request start: node=node-2 GET /ha/state
[1772535126579] api request success: node=node-2 GET /ha/state status=200
[1772535126579] api request start: node=node-3 GET /ha/state
[1772535126579] api request success: node=node-3 GET /ha/state status=200
[1772535126658] api request start: node=node-1 GET /ha/state
[1772535126661] api request success: node=node-1 GET /ha/state status=200
[1772535126661] api request start: node=node-2 GET /ha/state
[1772535126663] api request success: node=node-2 GET /ha/state status=200
[1772535126663] api request start: node=node-3 GET /ha/state
[1772535126664] api request success: node=node-3 GET /ha/state status=200
[1772535126790] api request start: node=node-1 GET /ha/state
[1772535127120] api request success: node=node-1 GET /ha/state status=200
[1772535127120] api request start: node=node-2 GET /ha/state
[1772535127121] api request success: node=node-2 GET /ha/state status=200
[1772535127121] api request start: node=node-3 GET /ha/state
[1772535127122] api request success: node=node-3 GET /ha/state status=200
[1772535127200] api request start: node=node-1 GET /ha/state
[1772535127202] api request success: node=node-1 GET /ha/state status=200
[1772535127202] api request start: node=node-2 GET /ha/state
[1772535127204] api request success: node=node-2 GET /ha/state status=200
[1772535127204] api request start: node=node-3 GET /ha/state
[1772535127205] api request success: node=node-3 GET /ha/state status=200
[1772535127436] api request start: node=node-1 GET /ha/state
[1772535127545] api request success: node=node-1 GET /ha/state status=200
[1772535127545] api request start: node=node-2 GET /ha/state
[1772535127546] api request success: node=node-2 GET /ha/state status=200
[1772535127546] api request start: node=node-3 GET /ha/state
[1772535127548] api request success: node=node-3 GET /ha/state status=200
[1772535127626] api request start: node=node-1 GET /ha/state
[1772535127627] api request success: node=node-1 GET /ha/state status=200
[1772535127627] api request start: node=node-2 GET /ha/state
[1772535127628] api request success: node=node-2 GET /ha/state status=200
[1772535127628] api request start: node=node-3 GET /ha/state
[1772535127629] api request success: node=node-3 GET /ha/state status=200
[1772535127754] api request start: node=node-1 GET /ha/state
[1772535128101] api request success: node=node-1 GET /ha/state status=200
[1772535128101] api request start: node=node-2 GET /ha/state
[1772535128103] api request success: node=node-2 GET /ha/state status=200
[1772535128103] api request start: node=node-3 GET /ha/state
[1772535128104] api request success: node=node-3 GET /ha/state status=200
[1772535128104] scenario no-quorum fail-safe: shutdown etcd majority (2/3)
[1772535148292] no-quorum setup: stopped etcd members=etcd-a,etcd-b
[1772535148292] api request start: node=node-1 GET /ha/state
[1772535169236] api request success: node=node-1 GET /ha/state status=200
[1772535169236] api request start: node=node-2 GET /ha/state
[1772535189690] api request success: node=node-2 GET /ha/state status=200
[1772535189690] api request start: node=node-3 GET /ha/state
[1772535211259] api request success: node=node-3 GET /ha/state status=200
[1772535211260] no-quorum fail-safe observed on all nodes