[1772538828061] unassisted failover bootstrap: wait for stable primary
[1772538828061] api request start: node=node-1 GET /ha/state
[1772538828156] api request success: node=node-1 GET /ha/state status=200
[1772538828156] api request start: node=node-2 GET /ha/state
[1772538828156] api request success: node=node-2 GET /ha/state status=200
[1772538828156] api request start: node=node-3 GET /ha/state
[1772538828156] api request success: node=node-3 GET /ha/state status=200
[1772538828156] stable-primary poll states: node-1:Primary:leader=node-1, node-2:WaitingPostgresReachable:leader=node-1, node-3:WaitingPostgresReachable:leader=node-1
[1772538828259] api request start: node=node-1 GET /ha/state
[1772538828570] api request success: node=node-1 GET /ha/state status=200
[1772538828570] api request start: node=node-2 GET /ha/state
[1772538828570] api request success: node=node-2 GET /ha/state status=200
[1772538828570] api request start: node=node-3 GET /ha/state
[1772538828571] api request success: node=node-3 GET /ha/state status=200
[1772538828571] stable-primary poll states: node-1:Primary:leader=node-1, node-2:Replica:leader=node-1, node-3:WaitingPostgresReachable:leader=node-1
[1772538828671] api request start: node=node-1 GET /ha/state
[1772538828885] api request success: node=node-1 GET /ha/state status=200
[1772538828885] api request start: node=node-2 GET /ha/state
[1772538828886] api request success: node=node-2 GET /ha/state status=200
[1772538828886] api request start: node=node-3 GET /ha/state
[1772538828886] api request success: node=node-3 GET /ha/state status=200
[1772538828886] stable-primary poll states: node-1:Primary:leader=node-1, node-2:Replica:leader=node-1, node-3:Replica:leader=node-1
[1772538828987] api request start: node=node-1 GET /ha/state
[1772538829201] api request success: node=node-1 GET /ha/state status=200
[1772538829201] api request start: node=node-2 GET /ha/state
[1772538829201] api request success: node=node-2 GET /ha/state status=200
[1772538829201] api request start: node=node-3 GET /ha/state
[1772538829202] api request success: node=node-3 GET /ha/state status=200
[1772538829409] api request start: node=node-1 GET /ha/state
[1772538829622] api request success: node=node-1 GET /ha/state status=200
[1772538829622] api request start: node=node-2 GET /ha/state
[1772538829623] api request success: node=node-2 GET /ha/state status=200
[1772538829623] api request start: node=node-3 GET /ha/state
[1772538829625] api request success: node=node-3 GET /ha/state status=200
[1772538829625] unassisted failover bootstrap success: primary=node-1
[1772538829625] api request start: node=node-1 GET /ha/state
[1772538829627] api request success: node=node-1 GET /ha/state status=200
[1772538829627] api request start: node=node-2 GET /ha/state
[1772538829628] api request success: node=node-2 GET /ha/state status=200
[1772538829628] api request start: node=node-3 GET /ha/state
[1772538829630] api request success: node=node-3 GET /ha/state status=200
[1772538829707] api request start: node=node-1 GET /ha/state
[1772538829707] api request success: node=node-1 GET /ha/state status=200
[1772538829707] api request start: node=node-2 GET /ha/state
[1772538829707] api request success: node=node-2 GET /ha/state status=200
[1772538829707] api request start: node=node-3 GET /ha/state
[1772538829707] api request success: node=node-3 GET /ha/state status=200
[1772538829821] api request start: node=node-1 GET /ha/state
[1772538830040] api request success: node=node-1 GET /ha/state status=200
[1772538830040] api request start: node=node-2 GET /ha/state
[1772538830041] api request success: node=node-2 GET /ha/state status=200
[1772538830041] api request start: node=node-3 GET /ha/state
[1772538830042] api request success: node=node-3 GET /ha/state status=200
[1772538830120] api request start: node=node-1 GET /ha/state
[1772538830121] api request success: node=node-1 GET /ha/state status=200
[1772538830121] api request start: node=node-2 GET /ha/state
[1772538830121] api request success: node=node-2 GET /ha/state status=200
[1772538830121] api request start: node=node-3 GET /ha/state
[1772538830122] api request success: node=node-3 GET /ha/state status=200
[1772538830246] api request start: node=node-1 GET /ha/state
[1772538830453] api request success: node=node-1 GET /ha/state status=200
[1772538830453] api request start: node=node-2 GET /ha/state
[1772538830453] api request success: node=node-2 GET /ha/state status=200
[1772538830453] api request start: node=node-3 GET /ha/state
[1772538830454] api request success: node=node-3 GET /ha/state status=200
[1772538830531] api request start: node=node-1 GET /ha/state
[1772538830532] api request success: node=node-1 GET /ha/state status=200
[1772538830532] api request start: node=node-2 GET /ha/state
[1772538830533] api request success: node=node-2 GET /ha/state status=200
[1772538830533] api request start: node=node-3 GET /ha/state
[1772538830534] api request success: node=node-3 GET /ha/state status=200
[1772538830660] api request start: node=node-1 GET /ha/state
[1772538830873] api request success: node=node-1 GET /ha/state status=200
[1772538830873] api request start: node=node-2 GET /ha/state
[1772538830873] api request success: node=node-2 GET /ha/state status=200
[1772538830873] api request start: node=node-3 GET /ha/state
[1772538830873] api request success: node=node-3 GET /ha/state status=200
[1772538830951] api request start: node=node-1 GET /ha/state
[1772538830952] api request success: node=node-1 GET /ha/state status=200
[1772538830952] api request start: node=node-2 GET /ha/state
[1772538830952] api request success: node=node-2 GET /ha/state status=200
[1772538830952] api request start: node=node-3 GET /ha/state
[1772538830952] api request success: node=node-3 GET /ha/state status=200
[1772538831078] api request start: node=node-1 GET /ha/state
[1772538831079] api request success: node=node-1 GET /ha/state status=200
[1772538831079] api request start: node=node-2 GET /ha/state
[1772538831079] api request success: node=node-2 GET /ha/state status=200
[1772538831079] api request start: node=node-3 GET /ha/state
[1772538831079] api request success: node=node-3 GET /ha/state status=200
[1772538831154] api request start: node=node-1 GET /ha/state
[1772538831155] api request success: node=node-1 GET /ha/state status=200
[1772538831155] api request start: node=node-2 GET /ha/state
[1772538831155] api request success: node=node-2 GET /ha/state status=200
[1772538831155] api request start: node=node-3 GET /ha/state
[1772538831155] api request success: node=node-3 GET /ha/state status=200
[1772538831285] api request start: node=node-1 GET /ha/state
[1772538831285] api request success: node=node-1 GET /ha/state status=200
[1772538831285] api request start: node=node-2 GET /ha/state
[1772538831285] api request success: node=node-2 GET /ha/state status=200
[1772538831285] api request start: node=node-3 GET /ha/state
[1772538831286] api request success: node=node-3 GET /ha/state status=200
[1772538831363] api request start: node=node-1 GET /ha/state
[1772538831364] api request success: node=node-1 GET /ha/state status=200
[1772538831364] api request start: node=node-2 GET /ha/state
[1772538831364] api request success: node=node-2 GET /ha/state status=200
[1772538831364] api request start: node=node-3 GET /ha/state
[1772538831364] api request success: node=node-3 GET /ha/state status=200
[1772538831719] api request start: node=node-1 GET /ha/state
[1772538831721] api request success: node=node-1 GET /ha/state status=200
[1772538831721] api request start: node=node-2 GET /ha/state
[1772538831721] api request success: node=node-2 GET /ha/state status=200
[1772538831721] api request start: node=node-3 GET /ha/state
[1772538831722] api request success: node=node-3 GET /ha/state status=200
[1772538831798] api request start: node=node-1 GET /ha/state
[1772538831798] api request success: node=node-1 GET /ha/state status=200
[1772538831798] api request start: node=node-2 GET /ha/state
[1772538831799] api request success: node=node-2 GET /ha/state status=200
[1772538831799] api request start: node=node-3 GET /ha/state
[1772538831799] api request success: node=node-3 GET /ha/state status=200
[1772538831925] api request start: node=node-1 GET /ha/state
[1772538832137] api request success: node=node-1 GET /ha/state status=200
[1772538832137] api request start: node=node-2 GET /ha/state
[1772538832137] api request success: node=node-2 GET /ha/state status=200
[1772538832137] api request start: node=node-3 GET /ha/state
[1772538832138] api request success: node=node-3 GET /ha/state status=200
[1772538832214] api request start: node=node-1 GET /ha/state
[1772538832215] api request success: node=node-1 GET /ha/state status=200
[1772538832215] api request start: node=node-2 GET /ha/state
[1772538832215] api request success: node=node-2 GET /ha/state status=200
[1772538832215] api request start: node=node-3 GET /ha/state
[1772538832215] api request success: node=node-3 GET /ha/state status=200
[1772538832467] api request start: node=node-1 GET /ha/state
[1772538832470] api request success: node=node-1 GET /ha/state status=200
[1772538832470] api request start: node=node-2 GET /ha/state
[1772538832470] api request success: node=node-2 GET /ha/state status=200
[1772538832470] api request start: node=node-3 GET /ha/state
[1772538832470] api request success: node=node-3 GET /ha/state status=200
[1772538832548] api request start: node=node-1 GET /ha/state
[1772538832548] api request success: node=node-1 GET /ha/state status=200
[1772538832549] api request start: node=node-2 GET /ha/state
[1772538832549] api request success: node=node-2 GET /ha/state status=200
[1772538832549] api request start: node=node-3 GET /ha/state
[1772538832549] api request success: node=node-3 GET /ha/state status=200
[1772538832662] api request start: node=node-1 GET /ha/state
[1772538832767] api request success: node=node-1 GET /ha/state status=200
[1772538832767] api request start: node=node-2 GET /ha/state
[1772538832767] api request success: node=node-2 GET /ha/state status=200
[1772538832767] api request start: node=node-3 GET /ha/state
[1772538832768] api request success: node=node-3 GET /ha/state status=200
[1772538832768] unassisted failover SQL pre-check: create table and insert pre-failure row
[1772538832838] unassisted failover SQL pre-check seeded/validated on replica=node-2
[1772538833237] unassisted failover SQL pre-check seeded/validated on replica=node-3
[1772538833237] unassisted failover SQL pre-check succeeded
[1772538833237] unassisted failover failure injection: stop postgres on node-1
[1772538833545] unassisted failover recovery: API-only polling for new stable primary
[1772538833546] api request start: node=node-1 GET /ha/state
[1772538833754] api request success: node=node-1 GET /ha/state status=200
[1772538833754] api request start: node=node-2 GET /ha/state
[1772538833754] api request success: node=node-2 GET /ha/state status=200
[1772538833754] api request start: node=node-3 GET /ha/state
[1772538833755] api request success: node=node-3 GET /ha/state status=200
[1772538833755] stable-primary poll states: node-1:Primary:leader=node-1, node-2:Replica:leader=node-1, node-3:Replica:leader=node-1
[1772538833856] api request start: node=node-1 GET /ha/state
[1772538834403] api request success: node=node-1 GET /ha/state status=200
[1772538834403] api request start: node=node-2 GET /ha/state
[1772538834404] api request success: node=node-2 GET /ha/state status=200
[1772538834404] api request start: node=node-3 GET /ha/state
[1772538834404] api request success: node=node-3 GET /ha/state status=200
[1772538834404] stable-primary poll states: node-1:WaitingPostgresReachable:leader=node-1, node-2:Primary:leader=node-2, node-3:Replica:leader=node-2
[1772538834507] api request start: node=node-1 GET /ha/state
[1772538834824] api request success: node=node-1 GET /ha/state status=200
[1772538834824] api request start: node=node-2 GET /ha/state
[1772538834824] api request success: node=node-2 GET /ha/state status=200
[1772538834824] api request start: node=node-3 GET /ha/state
[1772538834824] api request success: node=node-3 GET /ha/state status=200
[1772538834824] stable-primary poll states: node-1:WaitingPostgresReachable:leader=node-2, node-2:Primary:leader=node-2, node-3:Replica:leader=node-2
[1772538835242] api request start: node=node-1 GET /ha/state
[1772538835345] api request success: node=node-1 GET /ha/state status=200
[1772538835345] api request start: node=node-2 GET /ha/state
[1772538835345] api request success: node=node-2 GET /ha/state status=200
[1772538835345] api request start: node=node-3 GET /ha/state
[1772538835346] api request success: node=node-3 GET /ha/state status=200
[1772538835753] api request start: node=node-1 GET /ha/state
[1772538835856] api request success: node=node-1 GET /ha/state status=200
[1772538835856] api request start: node=node-2 GET /ha/state
[1772538835856] api request success: node=node-2 GET /ha/state status=200
[1772538835856] api request start: node=node-3 GET /ha/state
[1772538835856] api request success: node=node-3 GET /ha/state status=200
[1772538836215] api request start: node=node-1 GET /ha/state
[1772538836319] api request success: node=node-1 GET /ha/state status=200
[1772538836319] api request start: node=node-2 GET /ha/state
[1772538836319] api request success: node=node-2 GET /ha/state status=200
[1772538836319] api request start: node=node-3 GET /ha/state
[1772538836319] api request success: node=node-3 GET /ha/state status=200
[1772538836320] api request start: node=node-1 GET /ha/state
[1772538836320] api request success: node=node-1 GET /ha/state status=200
[1772538836320] api request start: node=node-2 GET /ha/state
[1772538836320] api request success: node=node-2 GET /ha/state status=200
[1772538836320] api request start: node=node-3 GET /ha/state
[1772538836320] api request success: node=node-3 GET /ha/state status=200
[1772538836398] api request start: node=node-1 GET /ha/state
[1772538836398] api request success: node=node-1 GET /ha/state status=200
[1772538836398] api request start: node=node-2 GET /ha/state
[1772538836398] api request success: node=node-2 GET /ha/state status=200
[1772538836398] api request start: node=node-3 GET /ha/state
[1772538836399] api request success: node=node-3 GET /ha/state status=200
[1772538836624] api request start: node=node-1 GET /ha/state
[1772538836728] api request success: node=node-1 GET /ha/state status=200
[1772538836728] api request start: node=node-2 GET /ha/state
[1772538836728] api request success: node=node-2 GET /ha/state status=200
[1772538836728] api request start: node=node-3 GET /ha/state
[1772538836728] api request success: node=node-3 GET /ha/state status=200
[1772538836805] api request start: node=node-1 GET /ha/state
[1772538836806] api request success: node=node-1 GET /ha/state status=200
[1772538836806] api request start: node=node-2 GET /ha/state
[1772538836806] api request success: node=node-2 GET /ha/state status=200
[1772538836806] api request start: node=node-3 GET /ha/state
[1772538836806] api request success: node=node-3 GET /ha/state status=200
[1772538837095] api request start: node=node-1 GET /ha/state
[1772538837199] api request success: node=node-1 GET /ha/state status=200
[1772538837199] api request start: node=node-2 GET /ha/state
[1772538837199] api request success: node=node-2 GET /ha/state status=200
[1772538837199] api request start: node=node-3 GET /ha/state
[1772538837199] api request success: node=node-3 GET /ha/state status=200
[1772538837276] api request start: node=node-1 GET /ha/state
[1772538837277] api request success: node=node-1 GET /ha/state status=200
[1772538837277] api request start: node=node-2 GET /ha/state
[1772538837277] api request success: node=node-2 GET /ha/state status=200
[1772538837277] api request start: node=node-3 GET /ha/state
[1772538837277] api request success: node=node-3 GET /ha/state status=200
[1772538837606] api request start: node=node-1 GET /ha/state
[1772538837709] api request success: node=node-1 GET /ha/state status=200
[1772538837709] api request start: node=node-2 GET /ha/state
[1772538837709] api request success: node=node-2 GET /ha/state status=200
[1772538837709] api request start: node=node-3 GET /ha/state
[1772538837709] api request success: node=node-3 GET /ha/state status=200
[1772538837785] api request start: node=node-1 GET /ha/state
[1772538837785] api request success: node=node-1 GET /ha/state status=200
[1772538837785] api request start: node=node-2 GET /ha/state
[1772538837785] api request success: node=node-2 GET /ha/state status=200
[1772538837785] api request start: node=node-3 GET /ha/state
[1772538837785] api request success: node=node-3 GET /ha/state status=200
[1772538838019] api request start: node=node-1 GET /ha/state
[1772538838021] api request success: node=node-1 GET /ha/state status=200
[1772538838021] api request start: node=node-2 GET /ha/state
[1772538838021] api request success: node=node-2 GET /ha/state status=200
[1772538838021] api request start: node=node-3 GET /ha/state
[1772538838022] api request success: node=node-3 GET /ha/state status=200
[1772538838098] api request start: node=node-1 GET /ha/state
[1772538838098] api request success: node=node-1 GET /ha/state status=200
[1772538838098] api request start: node=node-2 GET /ha/state
[1772538838099] api request success: node=node-2 GET /ha/state status=200
[1772538838099] api request start: node=node-3 GET /ha/state
[1772538838099] api request success: node=node-3 GET /ha/state status=200
[1772538838329] api request start: node=node-1 GET /ha/state
[1772538838330] api request success: node=node-1 GET /ha/state status=200
[1772538838330] api request start: node=node-2 GET /ha/state
[1772538838330] api request success: node=node-2 GET /ha/state status=200
[1772538838330] api request start: node=node-3 GET /ha/state
[1772538838331] api request success: node=node-3 GET /ha/state status=200
[1772538838407] api request start: node=node-1 GET /ha/state
[1772538838408] api request success: node=node-1 GET /ha/state status=200
[1772538838408] api request start: node=node-2 GET /ha/state
[1772538838408] api request success: node=node-2 GET /ha/state status=200
[1772538838408] api request start: node=node-3 GET /ha/state
[1772538838408] api request success: node=node-3 GET /ha/state status=200
[1772538838641] api request start: node=node-1 GET /ha/state
[1772538838641] api request success: node=node-1 GET /ha/state status=200
[1772538838641] api request start: node=node-2 GET /ha/state
[1772538838642] api request success: node=node-2 GET /ha/state status=200
[1772538838642] api request start: node=node-3 GET /ha/state
[1772538838642] api request success: node=node-3 GET /ha/state status=200
[1772538838720] api request start: node=node-1 GET /ha/state
[1772538838720] api request success: node=node-1 GET /ha/state status=200
[1772538838720] api request start: node=node-2 GET /ha/state
[1772538838720] api request success: node=node-2 GET /ha/state status=200
[1772538838720] api request start: node=node-3 GET /ha/state
[1772538838720] api request success: node=node-3 GET /ha/state status=200
[1772538838864] api request start: node=node-1 GET /ha/state
[1772538838968] api request success: node=node-1 GET /ha/state status=200
[1772538838968] api request start: node=node-2 GET /ha/state
[1772538838968] api request success: node=node-2 GET /ha/state status=200
[1772538838968] api request start: node=node-3 GET /ha/state
[1772538838968] api request success: node=node-3 GET /ha/state status=200
[1772538839045] api request start: node=node-1 GET /ha/state
[1772538839045] api request success: node=node-1 GET /ha/state status=200
[1772538839045] api request start: node=node-2 GET /ha/state
[1772538839046] api request success: node=node-2 GET /ha/state status=200
[1772538839046] api request start: node=node-3 GET /ha/state
[1772538839046] api request success: node=node-3 GET /ha/state status=200
[1772538839276] api request start: node=node-1 GET /ha/state
[1772538839381] api request success: node=node-1 GET /ha/state status=200
[1772538839381] api request start: node=node-2 GET /ha/state
[1772538839381] api request success: node=node-2 GET /ha/state status=200
[1772538839381] api request start: node=node-3 GET /ha/state
[1772538839382] api request success: node=node-3 GET /ha/state status=200
[1772538839458] api request start: node=node-1 GET /ha/state
[1772538839458] api request success: node=node-1 GET /ha/state status=200
[1772538839458] api request start: node=node-2 GET /ha/state
[1772538839458] api request success: node=node-2 GET /ha/state status=200
[1772538839458] api request start: node=node-3 GET /ha/state
[1772538839459] api request success: node=node-3 GET /ha/state status=200
[1772538839586] api request start: node=node-1 GET /ha/state
[1772538839693] api request success: node=node-1 GET /ha/state status=200
[1772538839693] api request start: node=node-2 GET /ha/state
[1772538839694] api request success: node=node-2 GET /ha/state status=200
[1772538839694] api request start: node=node-3 GET /ha/state
[1772538839694] api request success: node=node-3 GET /ha/state status=200
[1772538839772] api request start: node=node-1 GET /ha/state
[1772538839773] api request success: node=node-1 GET /ha/state status=200
[1772538839773] api request start: node=node-2 GET /ha/state
[1772538839773] api request success: node=node-2 GET /ha/state status=200
[1772538839774] api request start: node=node-3 GET /ha/state
[1772538839774] api request success: node=node-3 GET /ha/state status=200
[1772538839909] api request start: node=node-1 GET /ha/state
[1772538840226] api request success: node=node-1 GET /ha/state status=200
[1772538840226] api request start: node=node-2 GET /ha/state
[1772538840227] api request success: node=node-2 GET /ha/state status=200
[1772538840227] api request start: node=node-3 GET /ha/state
[1772538840227] api request success: node=node-3 GET /ha/state status=200
[1772538840303] api request start: node=node-1 GET /ha/state
[1772538840303] api request success: node=node-1 GET /ha/state status=200
[1772538840303] api request start: node=node-2 GET /ha/state
[1772538840303] api request success: node=node-2 GET /ha/state status=200
[1772538840303] api request start: node=node-3 GET /ha/state
[1772538840304] api request success: node=node-3 GET /ha/state status=200
[1772538840663] api request start: node=node-1 GET /ha/state
[1772538840772] api request success: node=node-1 GET /ha/state status=200
[1772538840772] api request start: node=node-2 GET /ha/state
[1772538840772] api request success: node=node-2 GET /ha/state status=200
[1772538840772] api request start: node=node-3 GET /ha/state
[1772538840772] api request success: node=node-3 GET /ha/state status=200
[1772538840849] api request start: node=node-1 GET /ha/state
[1772538840850] api request success: node=node-1 GET /ha/state status=200
[1772538840850] api request start: node=node-2 GET /ha/state
[1772538840850] api request success: node=node-2 GET /ha/state status=200
[1772538840850] api request start: node=node-3 GET /ha/state
[1772538840850] api request success: node=node-3 GET /ha/state status=200
[1772538841190] api request start: node=node-1 GET /ha/state
[1772538841299] api request success: node=node-1 GET /ha/state status=200
[1772538841299] api request start: node=node-2 GET /ha/state
[1772538841299] api request success: node=node-2 GET /ha/state status=200
[1772538841299] api request start: node=node-3 GET /ha/state
[1772538841299] api request success: node=node-3 GET /ha/state status=200
[1772538841376] api request start: node=node-1 GET /ha/state
[1772538841376] api request success: node=node-1 GET /ha/state status=200
[1772538841376] api request start: node=node-2 GET /ha/state
[1772538841377] api request success: node=node-2 GET /ha/state status=200
[1772538841377] api request start: node=node-3 GET /ha/state
[1772538841377] api request success: node=node-3 GET /ha/state status=200
[1772538841377] unassisted failover recovery success: former_primary=node-1, new_primary=node-2
[1772538841377] phase history evidence: node-1:Primary|WaitingPostgresReachable,node-2:Primary|Replica|WaitingPostgresReachable,node-3:Replica|WaitingPostgresReachable
[1772538841377] unassisted failover SQL post-check: insert post-failure row
[1772538841632] unassisted failover SQL continuity proof succeeded