[1772536346714] scenario bootstrap/election: wait for single primary
[1772536346714] api request start: node=node-1 GET /ha/state
[1772536346988] api request success: node=node-1 GET /ha/state status=200
[1772536346988] api request start: node=node-2 GET /ha/state
[1772536346989] api request success: node=node-2 GET /ha/state status=200
[1772536346989] api request start: node=node-3 GET /ha/state
[1772536346989] api request success: node=node-3 GET /ha/state status=200
[1772536346989] bootstrap/election success: primary=node-1
[1772536346989] api request start: node=node-1 GET /ha/state
[1772536346989] api request success: node=node-1 GET /ha/state status=200
[1772536346989] api request start: node=node-2 GET /ha/state
[1772536346990] api request success: node=node-2 GET /ha/state status=200
[1772536346990] api request start: node=node-3 GET /ha/state
[1772536346990] api request success: node=node-3 GET /ha/state status=200
[1772536347066] api request start: node=node-1 GET /ha/state
[1772536347068] api request success: node=node-1 GET /ha/state status=200
[1772536347068] api request start: node=node-2 GET /ha/state
[1772536347068] api request success: node=node-2 GET /ha/state status=200
[1772536347068] api request start: node=node-3 GET /ha/state
[1772536347069] api request success: node=node-3 GET /ha/state status=200
[1772536347199] api request start: node=node-1 GET /ha/state
[1772536347518] api request success: node=node-1 GET /ha/state status=200
[1772536347518] api request start: node=node-2 GET /ha/state
[1772536347519] api request success: node=node-2 GET /ha/state status=200
[1772536347519] api request start: node=node-3 GET /ha/state
[1772536347520] api request success: node=node-3 GET /ha/state status=200
[1772536347597] api request start: node=node-1 GET /ha/state
[1772536347599] api request success: node=node-1 GET /ha/state status=200
[1772536347599] api request start: node=node-2 GET /ha/state
[1772536347600] api request success: node=node-2 GET /ha/state status=200
[1772536347600] api request start: node=node-3 GET /ha/state
[1772536347601] api request success: node=node-3 GET /ha/state status=200
[1772536347729] api request start: node=node-1 GET /ha/state
[1772536347852] api request success: node=node-1 GET /ha/state status=200
[1772536347852] api request start: node=node-2 GET /ha/state
[1772536347853] api request success: node=node-2 GET /ha/state status=200
[1772536347853] api request start: node=node-3 GET /ha/state
[1772536347853] api request success: node=node-3 GET /ha/state status=200
[1772536347933] api request start: node=node-1 GET /ha/state
[1772536347936] api request success: node=node-1 GET /ha/state status=200
[1772536347937] api request start: node=node-2 GET /ha/state
[1772536347938] api request success: node=node-2 GET /ha/state status=200
[1772536347938] api request start: node=node-3 GET /ha/state
[1772536347938] api request success: node=node-3 GET /ha/state status=200
[1772536348061] api request start: node=node-1 GET /ha/state
[1772536348183] api request success: node=node-1 GET /ha/state status=200
[1772536348183] api request start: node=node-2 GET /ha/state
[1772536348184] api request success: node=node-2 GET /ha/state status=200
[1772536348184] api request start: node=node-3 GET /ha/state
[1772536348185] api request success: node=node-3 GET /ha/state status=200
[1772536348262] api request start: node=node-1 GET /ha/state
[1772536348264] api request success: node=node-1 GET /ha/state status=200
[1772536348264] api request start: node=node-2 GET /ha/state
[1772536348265] api request success: node=node-2 GET /ha/state status=200
[1772536348265] api request start: node=node-3 GET /ha/state
[1772536348266] api request success: node=node-3 GET /ha/state status=200
[1772536348514] api request start: node=node-1 GET /ha/state
[1772536348517] api request success: node=node-1 GET /ha/state status=200
[1772536348517] api request start: node=node-2 GET /ha/state
[1772536348517] api request success: node=node-2 GET /ha/state status=200
[1772536348517] api request start: node=node-3 GET /ha/state
[1772536348517] api request success: node=node-3 GET /ha/state status=200
[1772536348595] api request start: node=node-1 GET /ha/state
[1772536348597] api request success: node=node-1 GET /ha/state status=200
[1772536348597] api request start: node=node-2 GET /ha/state
[1772536348598] api request success: node=node-2 GET /ha/state status=200
[1772536348598] api request start: node=node-3 GET /ha/state
[1772536348599] api request success: node=node-3 GET /ha/state status=200
[1772536348849] api request start: node=node-1 GET /ha/state
[1772536348854] api request success: node=node-1 GET /ha/state status=200
[1772536348854] api request start: node=node-2 GET /ha/state
[1772536348855] api request success: node=node-2 GET /ha/state status=200
[1772536348856] api request start: node=node-3 GET /ha/state
[1772536348856] api request success: node=node-3 GET /ha/state status=200
[1772536348933] api request start: node=node-1 GET /ha/state
[1772536348935] api request success: node=node-1 GET /ha/state status=200
[1772536348935] api request start: node=node-2 GET /ha/state
[1772536348936] api request success: node=node-2 GET /ha/state status=200
[1772536348936] api request start: node=node-3 GET /ha/state
[1772536348937] api request success: node=node-3 GET /ha/state status=200
[1772536349207] api request start: node=node-1 GET /ha/state
[1772536349209] api request success: node=node-1 GET /ha/state status=200
[1772536349209] api request start: node=node-2 GET /ha/state
[1772536349209] api request success: node=node-2 GET /ha/state status=200
[1772536349209] api request start: node=node-3 GET /ha/state
[1772536349209] api request success: node=node-3 GET /ha/state status=200
[1772536349288] api request start: node=node-1 GET /ha/state
[1772536349290] api request success: node=node-1 GET /ha/state status=200
[1772536349290] api request start: node=node-2 GET /ha/state
[1772536349292] api request success: node=node-2 GET /ha/state status=200
[1772536349292] api request start: node=node-3 GET /ha/state
[1772536349293] api request success: node=node-3 GET /ha/state status=200
[1772536349643] api request start: node=node-1 GET /ha/state
[1772536349647] api request success: node=node-1 GET /ha/state status=200
[1772536349647] api request start: node=node-2 GET /ha/state
[1772536349648] api request success: node=node-2 GET /ha/state status=200
[1772536349648] api request start: node=node-3 GET /ha/state
[1772536349648] api request success: node=node-3 GET /ha/state status=200
[1772536349726] api request start: node=node-1 GET /ha/state
[1772536349728] api request success: node=node-1 GET /ha/state status=200
[1772536349728] api request start: node=node-2 GET /ha/state
[1772536349734] api request success: node=node-2 GET /ha/state status=200
[1772536349735] api request start: node=node-3 GET /ha/state
[1772536349737] api request success: node=node-3 GET /ha/state status=200
[1772536349973] api request start: node=node-1 GET /ha/state
[1772536349976] api request success: node=node-1 GET /ha/state status=200
[1772536349977] api request start: node=node-2 GET /ha/state
[1772536349978] api request success: node=node-2 GET /ha/state status=200
[1772536349978] api request start: node=node-3 GET /ha/state
[1772536349978] api request success: node=node-3 GET /ha/state status=200
[1772536350054] api request start: node=node-1 GET /ha/state
[1772536350055] api request success: node=node-1 GET /ha/state status=200
[1772536350055] api request start: node=node-2 GET /ha/state
[1772536350056] api request success: node=node-2 GET /ha/state status=200
[1772536350056] api request start: node=node-3 GET /ha/state
[1772536350057] api request success: node=node-3 GET /ha/state status=200
[1772536350057] scenario planned switchover: submit request through API endpoint
[1772536350057] api request start: node=node-1 POST /switchover
[1772536350079] api request success: node=node-1 POST /switchover status=202
[1772536350079] api request start: node=node-1 GET /ha/state
[1772536350835] api request success: node=node-1 GET /ha/state status=200
[1772536350835] api request start: node=node-2 GET /ha/state
[1772536350840] api request success: node=node-2 GET /ha/state status=200
[1772536350840] api request start: node=node-3 GET /ha/state
[1772536350841] api request success: node=node-3 GET /ha/state status=200
[1772536350841] planned switchover success: old_primary=node-1, new_primary=node-2
[1772536350841] scenario split-brain prevention: ensure no dual primary after switchover
[1772536350841] api request start: node=node-1 GET /ha/state
[1772536350841] api request success: node=node-1 GET /ha/state status=200
[1772536350841] api request start: node=node-2 GET /ha/state
[1772536350845] api request success: node=node-2 GET /ha/state status=200
[1772536350845] api request start: node=node-3 GET /ha/state
[1772536350846] api request success: node=node-3 GET /ha/state status=200
[1772536350923] api request start: node=node-1 GET /ha/state
[1772536350924] api request success: node=node-1 GET /ha/state status=200
[1772536350924] api request start: node=node-2 GET /ha/state
[1772536350925] api request success: node=node-2 GET /ha/state status=200
[1772536350925] api request start: node=node-3 GET /ha/state
[1772536350926] api request success: node=node-3 GET /ha/state status=200
[1772536351058] api request start: node=node-1 GET /ha/state
[1772536351170] api request success: node=node-1 GET /ha/state status=200
[1772536351170] api request start: node=node-2 GET /ha/state
[1772536351171] api request success: node=node-2 GET /ha/state status=200
[1772536351171] api request start: node=node-3 GET /ha/state
[1772536351171] api request success: node=node-3 GET /ha/state status=200
[1772536351248] api request start: node=node-1 GET /ha/state
[1772536351250] api request success: node=node-1 GET /ha/state status=200
[1772536351250] api request start: node=node-2 GET /ha/state
[1772536351251] api request success: node=node-2 GET /ha/state status=200
[1772536351252] api request start: node=node-3 GET /ha/state
[1772536351252] api request success: node=node-3 GET /ha/state status=200
[1772536351499] api request start: node=node-1 GET /ha/state
[1772536351611] api request success: node=node-1 GET /ha/state status=200
[1772536351611] api request start: node=node-2 GET /ha/state
[1772536351612] api request success: node=node-2 GET /ha/state status=200
[1772536351612] api request start: node=node-3 GET /ha/state
[1772536351613] api request success: node=node-3 GET /ha/state status=200
[1772536351690] api request start: node=node-1 GET /ha/state
[1772536351692] api request success: node=node-1 GET /ha/state status=200
[1772536351692] api request start: node=node-2 GET /ha/state
[1772536351694] api request success: node=node-2 GET /ha/state status=200
[1772536351694] api request start: node=node-3 GET /ha/state
[1772536351696] api request success: node=node-3 GET /ha/state status=200
[1772536351817] api request start: node=node-1 GET /ha/state
[1772536352140] api request success: node=node-1 GET /ha/state status=200
[1772536352140] api request start: node=node-2 GET /ha/state
[1772536352141] api request success: node=node-2 GET /ha/state status=200
[1772536352141] api request start: node=node-3 GET /ha/state
[1772536352141] api request success: node=node-3 GET /ha/state status=200
[1772536352218] api request start: node=node-1 GET /ha/state
[1772536352220] api request success: node=node-1 GET /ha/state status=200
[1772536352221] api request start: node=node-2 GET /ha/state
[1772536352222] api request success: node=node-2 GET /ha/state status=200
[1772536352222] api request start: node=node-3 GET /ha/state
[1772536352223] api request success: node=node-3 GET /ha/state status=200
[1772536352481] api request start: node=node-1 GET /ha/state
[1772536352586] api request success: node=node-1 GET /ha/state status=200
[1772536352586] api request start: node=node-2 GET /ha/state
[1772536352586] api request success: node=node-2 GET /ha/state status=200
[1772536352586] api request start: node=node-3 GET /ha/state
[1772536352587] api request success: node=node-3 GET /ha/state status=200
[1772536352663] api request start: node=node-1 GET /ha/state
[1772536352666] api request success: node=node-1 GET /ha/state status=200
[1772536352666] api request start: node=node-2 GET /ha/state
[1772536352667] api request success: node=node-2 GET /ha/state status=200
[1772536352667] api request start: node=node-3 GET /ha/state
[1772536352669] api request success: node=node-3 GET /ha/state status=200
[1772536352805] api request start: node=node-1 GET /ha/state
[1772536353026] api request success: node=node-1 GET /ha/state status=200
[1772536353026] api request start: node=node-2 GET /ha/state
[1772536353027] api request success: node=node-2 GET /ha/state status=200
[1772536353027] api request start: node=node-3 GET /ha/state
[1772536353027] api request success: node=node-3 GET /ha/state status=200
[1772536353104] api request start: node=node-1 GET /ha/state
[1772536353105] api request success: node=node-1 GET /ha/state status=200
[1772536353105] api request start: node=node-2 GET /ha/state
[1772536353105] api request success: node=node-2 GET /ha/state status=200
[1772536353105] api request start: node=node-3 GET /ha/state
[1772536353106] api request success: node=node-3 GET /ha/state status=200
[1772536353465] api request start: node=node-1 GET /ha/state
[1772536353577] api request success: node=node-1 GET /ha/state status=200
[1772536353577] api request start: node=node-2 GET /ha/state
[1772536353578] api request success: node=node-2 GET /ha/state status=200
[1772536353578] api request start: node=node-3 GET /ha/state
[1772536353580] api request success: node=node-3 GET /ha/state status=200
[1772536353657] api request start: node=node-1 GET /ha/state
[1772536353658] api request success: node=node-1 GET /ha/state status=200
[1772536353658] api request start: node=node-2 GET /ha/state
[1772536353660] api request success: node=node-2 GET /ha/state status=200
[1772536353660] api request start: node=node-3 GET /ha/state
[1772536353660] api request success: node=node-3 GET /ha/state status=200
[1772536353791] api request start: node=node-1 GET /ha/state
[1772536353898] api request success: node=node-1 GET /ha/state status=200
[1772536353898] api request start: node=node-2 GET /ha/state
[1772536353899] api request success: node=node-2 GET /ha/state status=200
[1772536353899] api request start: node=node-3 GET /ha/state
[1772536353899] api request success: node=node-3 GET /ha/state status=200
[1772536353976] api request start: node=node-1 GET /ha/state
[1772536353977] api request success: node=node-1 GET /ha/state status=200
[1772536353977] api request start: node=node-2 GET /ha/state
[1772536353978] api request success: node=node-2 GET /ha/state status=200
[1772536353978] api request start: node=node-3 GET /ha/state
[1772536353978] api request success: node=node-3 GET /ha/state status=200
[1772536354102] api request start: node=node-1 GET /ha/state
[1772536354448] api request success: node=node-1 GET /ha/state status=200
[1772536354448] api request start: node=node-2 GET /ha/state
[1772536354450] api request success: node=node-2 GET /ha/state status=200
[1772536354450] api request start: node=node-3 GET /ha/state
[1772536354451] api request success: node=node-3 GET /ha/state status=200
[1772536354534] api request start: node=node-1 GET /ha/state
[1772536354535] api request success: node=node-1 GET /ha/state status=200
[1772536354535] api request start: node=node-2 GET /ha/state
[1772536354535] api request success: node=node-2 GET /ha/state status=200
[1772536354535] api request start: node=node-3 GET /ha/state
[1772536354536] api request success: node=node-3 GET /ha/state status=200
[1772536354685] api request start: node=node-1 GET /ha/state
[1772536354801] api request success: node=node-1 GET /ha/state status=200
[1772536354801] api request start: node=node-2 GET /ha/state
[1772536354803] api request success: node=node-2 GET /ha/state status=200
[1772536354803] api request start: node=node-3 GET /ha/state
[1772536354803] api request success: node=node-3 GET /ha/state status=200
[1772536354880] api request start: node=node-1 GET /ha/state
[1772536354883] api request success: node=node-1 GET /ha/state status=200
[1772536354883] api request start: node=node-2 GET /ha/state
[1772536354884] api request success: node=node-2 GET /ha/state status=200
[1772536354884] api request start: node=node-3 GET /ha/state
[1772536354885] api request success: node=node-3 GET /ha/state status=200
[1772536355013] api request start: node=node-1 GET /ha/state
[1772536355340] api request success: node=node-1 GET /ha/state status=200
[1772536355340] api request start: node=node-2 GET /ha/state
[1772536355341] api request success: node=node-2 GET /ha/state status=200
[1772536355342] api request start: node=node-3 GET /ha/state
[1772536355342] api request success: node=node-3 GET /ha/state status=200
[1772536355420] api request start: node=node-1 GET /ha/state
[1772536355422] api request success: node=node-1 GET /ha/state status=200
[1772536355422] api request start: node=node-2 GET /ha/state
[1772536355423] api request success: node=node-2 GET /ha/state status=200
[1772536355423] api request start: node=node-3 GET /ha/state
[1772536355425] api request success: node=node-3 GET /ha/state status=200
[1772536355547] api request start: node=node-1 GET /ha/state
[1772536355866] api request success: node=node-1 GET /ha/state status=200
[1772536355866] api request start: node=node-2 GET /ha/state
[1772536355867] api request success: node=node-2 GET /ha/state status=200
[1772536355867] api request start: node=node-3 GET /ha/state
[1772536355868] api request success: node=node-3 GET /ha/state status=200
[1772536355868] scenario no-quorum fail-safe: shutdown etcd majority (2/3)
[1772536366042] no-quorum setup: stopped etcd members=etcd-a,etcd-b
[1772536366042] api request start: node=node-1 GET /ha/state
[1772536366043] api request success: node=node-1 GET /ha/state status=200
[1772536366043] api request start: node=node-2 GET /ha/state
[1772536366044] api request success: node=node-2 GET /ha/state status=200
[1772536366044] api request start: node=node-3 GET /ha/state
[1772536366044] api request success: node=node-3 GET /ha/state status=200
[1772536366044] no-quorum fail-safe observed on all nodes