[1772531890229] scenario bootstrap/election: wait for single primary
[1772531890229] api request start: node=node-1 GET /ha/state
[1772531890368] api request success: node=node-1 GET /ha/state status=200
[1772531890368] api request start: node=node-2 GET /ha/state
[1772531890369] api request success: node=node-2 GET /ha/state status=200
[1772531890369] api request start: node=node-3 GET /ha/state
[1772531890370] api request success: node=node-3 GET /ha/state status=200
[1772531890370] bootstrap/election success: primary=node-1
[1772531890370] api request start: node=node-1 GET /ha/state
[1772531890371] api request success: node=node-1 GET /ha/state status=200
[1772531890371] api request start: node=node-2 GET /ha/state
[1772531890372] api request success: node=node-2 GET /ha/state status=200
[1772531890372] api request start: node=node-3 GET /ha/state
[1772531890373] api request success: node=node-3 GET /ha/state status=200
[1772531890449] api request start: node=node-1 GET /ha/state
[1772531890451] api request success: node=node-1 GET /ha/state status=200
[1772531890452] api request start: node=node-2 GET /ha/state
[1772531890453] api request success: node=node-2 GET /ha/state status=200
[1772531890453] api request start: node=node-3 GET /ha/state
[1772531890453] api request success: node=node-3 GET /ha/state status=200
[1772531890685] api request start: node=node-1 GET /ha/state
[1772531890798] api request success: node=node-1 GET /ha/state status=200
[1772531890798] api request start: node=node-2 GET /ha/state
[1772531890798] api request success: node=node-2 GET /ha/state status=200
[1772531890798] api request start: node=node-3 GET /ha/state
[1772531890799] api request success: node=node-3 GET /ha/state status=200
[1772531890876] api request start: node=node-1 GET /ha/state
[1772531890877] api request success: node=node-1 GET /ha/state status=200
[1772531890877] api request start: node=node-2 GET /ha/state
[1772531890877] api request success: node=node-2 GET /ha/state status=200
[1772531890877] api request start: node=node-3 GET /ha/state
[1772531890877] api request success: node=node-3 GET /ha/state status=200
[1772531891003] api request start: node=node-1 GET /ha/state
[1772531891122] api request success: node=node-1 GET /ha/state status=200
[1772531891122] api request start: node=node-2 GET /ha/state
[1772531891123] api request success: node=node-2 GET /ha/state status=200
[1772531891123] api request start: node=node-3 GET /ha/state
[1772531891123] api request success: node=node-3 GET /ha/state status=200
[1772531891199] api request start: node=node-1 GET /ha/state
[1772531891201] api request success: node=node-1 GET /ha/state status=200
[1772531891201] api request start: node=node-2 GET /ha/state
[1772531891202] api request success: node=node-2 GET /ha/state status=200
[1772531891202] api request start: node=node-3 GET /ha/state
[1772531891203] api request success: node=node-3 GET /ha/state status=200
[1772531891445] api request start: node=node-1 GET /ha/state
[1772531891449] api request success: node=node-1 GET /ha/state status=200
[1772531891449] api request start: node=node-2 GET /ha/state
[1772531891450] api request success: node=node-2 GET /ha/state status=200
[1772531891450] api request start: node=node-3 GET /ha/state
[1772531891451] api request success: node=node-3 GET /ha/state status=200
[1772531891527] api request start: node=node-1 GET /ha/state
[1772531891529] api request success: node=node-1 GET /ha/state status=200
[1772531891529] api request start: node=node-2 GET /ha/state
[1772531891529] api request success: node=node-2 GET /ha/state status=200
[1772531891529] api request start: node=node-3 GET /ha/state
[1772531891530] api request success: node=node-3 GET /ha/state status=200
[1772531891656] api request start: node=node-1 GET /ha/state
[1772531891879] api request success: node=node-1 GET /ha/state status=200
[1772531891879] api request start: node=node-2 GET /ha/state
[1772531891879] api request success: node=node-2 GET /ha/state status=200
[1772531891879] api request start: node=node-3 GET /ha/state
[1772531891880] api request success: node=node-3 GET /ha/state status=200
[1772531891957] api request start: node=node-1 GET /ha/state
[1772531891958] api request success: node=node-1 GET /ha/state status=200
[1772531891958] api request start: node=node-2 GET /ha/state
[1772531891958] api request success: node=node-2 GET /ha/state status=200
[1772531891958] api request start: node=node-3 GET /ha/state
[1772531891959] api request success: node=node-3 GET /ha/state status=200
[1772531892087] api request start: node=node-1 GET /ha/state
[1772531892306] api request success: node=node-1 GET /ha/state status=200
[1772531892306] api request start: node=node-2 GET /ha/state
[1772531892306] api request success: node=node-2 GET /ha/state status=200
[1772531892306] api request start: node=node-3 GET /ha/state
[1772531892307] api request success: node=node-3 GET /ha/state status=200
[1772531892386] api request start: node=node-1 GET /ha/state
[1772531892388] api request success: node=node-1 GET /ha/state status=200
[1772531892388] api request start: node=node-2 GET /ha/state
[1772531892389] api request success: node=node-2 GET /ha/state status=200
[1772531892389] api request start: node=node-3 GET /ha/state
[1772531892390] api request success: node=node-3 GET /ha/state status=200
[1772531892516] api request start: node=node-1 GET /ha/state
[1772531892755] api request success: node=node-1 GET /ha/state status=200
[1772531892755] api request start: node=node-2 GET /ha/state
[1772531892756] api request success: node=node-2 GET /ha/state status=200
[1772531892756] api request start: node=node-3 GET /ha/state
[1772531892757] api request success: node=node-3 GET /ha/state status=200
[1772531892836] api request start: node=node-1 GET /ha/state
[1772531892840] api request success: node=node-1 GET /ha/state status=200
[1772531892841] api request start: node=node-2 GET /ha/state
[1772531892841] api request success: node=node-2 GET /ha/state status=200
[1772531892841] api request start: node=node-3 GET /ha/state
[1772531892842] api request success: node=node-3 GET /ha/state status=200
[1772531893078] api request start: node=node-1 GET /ha/state
[1772531893079] api request success: node=node-1 GET /ha/state status=200
[1772531893080] api request start: node=node-2 GET /ha/state
[1772531893080] api request success: node=node-2 GET /ha/state status=200
[1772531893080] api request start: node=node-3 GET /ha/state
[1772531893080] api request success: node=node-3 GET /ha/state status=200
[1772531893156] api request start: node=node-1 GET /ha/state
[1772531893157] api request success: node=node-1 GET /ha/state status=200
[1772531893157] api request start: node=node-2 GET /ha/state
[1772531893158] api request success: node=node-2 GET /ha/state status=200
[1772531893158] api request start: node=node-3 GET /ha/state
[1772531893158] api request success: node=node-3 GET /ha/state status=200
[1772531893402] api request start: node=node-1 GET /ha/state
[1772531893408] api request success: node=node-1 GET /ha/state status=200
[1772531893408] api request start: node=node-2 GET /ha/state
[1772531893409] api request success: node=node-2 GET /ha/state status=200
[1772531893409] api request start: node=node-3 GET /ha/state
[1772531893410] api request success: node=node-3 GET /ha/state status=200
[1772531893410] scenario planned switchover: submit request through API endpoint
[1772531893410] api request start: node=node-1 POST /switchover
[1772531893508] api request success: node=node-1 POST /switchover status=202
[1772531893508] api request start: node=node-1 GET /ha/state
[1772531893955] api request success: node=node-1 GET /ha/state status=200
[1772531893955] api request start: node=node-2 GET /ha/state
[1772531893956] api request success: node=node-2 GET /ha/state status=200
[1772531893956] api request start: node=node-3 GET /ha/state
[1772531893957] api request success: node=node-3 GET /ha/state status=200
[1772531893957] planned switchover success: old_primary=node-1, new_primary=node-3
[1772531893957] scenario split-brain prevention: ensure no dual primary after switchover
[1772531893957] api request start: node=node-1 GET /ha/state
[1772531893960] api request success: node=node-1 GET /ha/state status=200
[1772531893960] api request start: node=node-2 GET /ha/state
[1772531893961] api request success: node=node-2 GET /ha/state status=200
[1772531893961] api request start: node=node-3 GET /ha/state
[1772531893961] api request success: node=node-3 GET /ha/state status=200
[1772531894039] api request start: node=node-1 GET /ha/state
[1772531894039] api request success: node=node-1 GET /ha/state status=200
[1772531894039] api request start: node=node-2 GET /ha/state
[1772531894039] api request success: node=node-2 GET /ha/state status=200
[1772531894039] api request start: node=node-3 GET /ha/state
[1772531894039] api request success: node=node-3 GET /ha/state status=200
[1772531894274] api request start: node=node-1 GET /ha/state
[1772531894380] api request success: node=node-1 GET /ha/state status=200
[1772531894380] api request start: node=node-2 GET /ha/state
[1772531894380] api request success: node=node-2 GET /ha/state status=200
[1772531894380] api request start: node=node-3 GET /ha/state
[1772531894381] api request success: node=node-3 GET /ha/state status=200
[1772531894458] api request start: node=node-1 GET /ha/state
[1772531894459] api request success: node=node-1 GET /ha/state status=200
[1772531894459] api request start: node=node-2 GET /ha/state
[1772531894459] api request success: node=node-2 GET /ha/state status=200
[1772531894459] api request start: node=node-3 GET /ha/state
[1772531894460] api request success: node=node-3 GET /ha/state status=200
[1772531894588] api request start: node=node-1 GET /ha/state
[1772531894910] api request success: node=node-1 GET /ha/state status=200
[1772531894910] api request start: node=node-2 GET /ha/state
[1772531894911] api request success: node=node-2 GET /ha/state status=200
[1772531894911] api request start: node=node-3 GET /ha/state
[1772531894911] api request success: node=node-3 GET /ha/state status=200
[1772531894988] api request start: node=node-1 GET /ha/state
[1772531894989] api request success: node=node-1 GET /ha/state status=200
[1772531894989] api request start: node=node-2 GET /ha/state
[1772531894990] api request success: node=node-2 GET /ha/state status=200
[1772531894990] api request start: node=node-3 GET /ha/state
[1772531894990] api request success: node=node-3 GET /ha/state status=200
[1772531895123] api request start: node=node-1 GET /ha/state
[1772531895229] api request success: node=node-1 GET /ha/state status=200
[1772531895229] api request start: node=node-2 GET /ha/state
[1772531895230] api request success: node=node-2 GET /ha/state status=200
[1772531895230] api request start: node=node-3 GET /ha/state
[1772531895230] api request success: node=node-3 GET /ha/state status=200
[1772531895308] api request start: node=node-1 GET /ha/state
[1772531895309] api request success: node=node-1 GET /ha/state status=200
[1772531895309] api request start: node=node-2 GET /ha/state
[1772531895309] api request success: node=node-2 GET /ha/state status=200
[1772531895309] api request start: node=node-3 GET /ha/state
[1772531895310] api request success: node=node-3 GET /ha/state status=200
[1772531895547] api request start: node=node-1 GET /ha/state
[1772531895662] api request success: node=node-1 GET /ha/state status=200
[1772531895662] api request start: node=node-2 GET /ha/state
[1772531895663] api request success: node=node-2 GET /ha/state status=200
[1772531895663] api request start: node=node-3 GET /ha/state
[1772531895664] api request success: node=node-3 GET /ha/state status=200
[1772531895743] api request start: node=node-1 GET /ha/state
[1772531895745] api request success: node=node-1 GET /ha/state status=200
[1772531895745] api request start: node=node-2 GET /ha/state
[1772531895746] api request success: node=node-2 GET /ha/state status=200
[1772531895746] api request start: node=node-3 GET /ha/state
[1772531895747] api request success: node=node-3 GET /ha/state status=200
[1772531895869] api request start: node=node-1 GET /ha/state
[1772531895991] api request success: node=node-1 GET /ha/state status=200
[1772531895991] api request start: node=node-2 GET /ha/state
[1772531895993] api request success: node=node-2 GET /ha/state status=200
[1772531895993] api request start: node=node-3 GET /ha/state
[1772531895995] api request success: node=node-3 GET /ha/state status=200
[1772531896071] api request start: node=node-1 GET /ha/state
[1772531896073] api request success: node=node-1 GET /ha/state status=200
[1772531896073] api request start: node=node-2 GET /ha/state
[1772531896074] api request success: node=node-2 GET /ha/state status=200
[1772531896074] api request start: node=node-3 GET /ha/state
[1772531896075] api request success: node=node-3 GET /ha/state status=200
[1772531896317] api request start: node=node-1 GET /ha/state
[1772531896429] api request success: node=node-1 GET /ha/state status=200
[1772531896429] api request start: node=node-2 GET /ha/state
[1772531896430] api request success: node=node-2 GET /ha/state status=200
[1772531896430] api request start: node=node-3 GET /ha/state
[1772531896431] api request success: node=node-3 GET /ha/state status=200
[1772531896507] api request start: node=node-1 GET /ha/state
[1772531896510] api request success: node=node-1 GET /ha/state status=200
[1772531896510] api request start: node=node-2 GET /ha/state
[1772531896511] api request success: node=node-2 GET /ha/state status=200
[1772531896511] api request start: node=node-3 GET /ha/state
[1772531896513] api request success: node=node-3 GET /ha/state status=200
[1772531896644] api request start: node=node-1 GET /ha/state
[1772531896870] api request success: node=node-1 GET /ha/state status=200
[1772531896871] api request start: node=node-2 GET /ha/state
[1772531896872] api request success: node=node-2 GET /ha/state status=200
[1772531896872] api request start: node=node-3 GET /ha/state
[1772531896872] api request success: node=node-3 GET /ha/state status=200
[1772531896951] api request start: node=node-1 GET /ha/state
[1772531896953] api request success: node=node-1 GET /ha/state status=200
[1772531896953] api request start: node=node-2 GET /ha/state
[1772531896953] api request success: node=node-2 GET /ha/state status=200
[1772531896953] api request start: node=node-3 GET /ha/state
[1772531896954] api request success: node=node-3 GET /ha/state status=200
[1772531897193] api request start: node=node-1 GET /ha/state
[1772531897307] api request success: node=node-1 GET /ha/state status=200
[1772531897307] api request start: node=node-2 GET /ha/state
[1772531897308] api request success: node=node-2 GET /ha/state status=200
[1772531897308] api request start: node=node-3 GET /ha/state
[1772531897309] api request success: node=node-3 GET /ha/state status=200
[1772531897387] api request start: node=node-1 GET /ha/state
[1772531897389] api request success: node=node-1 GET /ha/state status=200
[1772531897389] api request start: node=node-2 GET /ha/state
[1772531897390] api request success: node=node-2 GET /ha/state status=200
[1772531897390] api request start: node=node-3 GET /ha/state
[1772531897391] api request success: node=node-3 GET /ha/state status=200
[1772531897627] api request start: node=node-1 GET /ha/state
[1772531897848] api request success: node=node-1 GET /ha/state status=200
[1772531897849] api request start: node=node-2 GET /ha/state
[1772531897849] api request success: node=node-2 GET /ha/state status=200
[1772531897849] api request start: node=node-3 GET /ha/state
[1772531897850] api request success: node=node-3 GET /ha/state status=200
[1772531897926] api request start: node=node-1 GET /ha/state
[1772531897929] api request success: node=node-1 GET /ha/state status=200
[1772531897929] api request start: node=node-2 GET /ha/state
[1772531897929] api request success: node=node-2 GET /ha/state status=200
[1772531897929] api request start: node=node-3 GET /ha/state
[1772531897931] api request success: node=node-3 GET /ha/state status=200
[1772531898274] api request start: node=node-1 GET /ha/state
[1772531898276] api request success: node=node-1 GET /ha/state status=200
[1772531898276] api request start: node=node-2 GET /ha/state
[1772531898276] api request success: node=node-2 GET /ha/state status=200
[1772531898276] api request start: node=node-3 GET /ha/state
[1772531898277] api request success: node=node-3 GET /ha/state status=200
[1772531898354] api request start: node=node-1 GET /ha/state
[1772531898356] api request success: node=node-1 GET /ha/state status=200
[1772531898356] api request start: node=node-2 GET /ha/state
[1772531898358] api request success: node=node-2 GET /ha/state status=200
[1772531898358] api request start: node=node-3 GET /ha/state
[1772531898359] api request success: node=node-3 GET /ha/state status=200
[1772531898486] api request start: node=node-1 GET /ha/state
[1772531898817] api request success: node=node-1 GET /ha/state status=200
[1772531898817] api request start: node=node-2 GET /ha/state
[1772531898818] api request success: node=node-2 GET /ha/state status=200
[1772531898819] api request start: node=node-3 GET /ha/state
[1772531898819] api request success: node=node-3 GET /ha/state status=200
[1772531898896] api request start: node=node-1 GET /ha/state
[1772531898898] api request success: node=node-1 GET /ha/state status=200
[1772531898898] api request start: node=node-2 GET /ha/state
[1772531898898] api request success: node=node-2 GET /ha/state status=200
[1772531898898] api request start: node=node-3 GET /ha/state
[1772531898898] api request success: node=node-3 GET /ha/state status=200
[1772531899021] api request start: node=node-1 GET /ha/state
[1772531899350] api request success: node=node-1 GET /ha/state status=200
[1772531899350] api request start: node=node-2 GET /ha/state
[1772531899351] api request success: node=node-2 GET /ha/state status=200
[1772531899351] api request start: node=node-3 GET /ha/state
[1772531899352] api request success: node=node-3 GET /ha/state status=200
[1772531899352] scenario no-quorum fail-safe: shutdown etcd majority (2/3)
[1772531914803] no-quorum setup: stopped etcd members=etcd-a,etcd-b
[1772531914803] api request start: node=node-1 GET /ha/state
[1772531935452] api request success: node=node-1 GET /ha/state status=200
[1772531935453] api request start: node=node-2 GET /ha/state
[1772531957330] api request success: node=node-2 GET /ha/state status=200
[1772531957330] api request start: node=node-3 GET /ha/state
[1772531968100] api request success: node=node-3 GET /ha/state status=200
[1772531968100] no-quorum fail-safe observed on all nodes