[1772533331391] scenario bootstrap/election: wait for single primary
[1772533331391] api request start: node=node-1 GET /ha/state
[1772533331710] api request success: node=node-1 GET /ha/state status=200
[1772533331710] api request start: node=node-2 GET /ha/state
[1772533331713] api request success: node=node-2 GET /ha/state status=200
[1772533331713] api request start: node=node-3 GET /ha/state
[1772533331714] api request success: node=node-3 GET /ha/state status=200
[1772533331714] bootstrap/election success: primary=node-1
[1772533331714] api request start: node=node-1 GET /ha/state
[1772533331715] api request success: node=node-1 GET /ha/state status=200
[1772533331715] api request start: node=node-2 GET /ha/state
[1772533331716] api request success: node=node-2 GET /ha/state status=200
[1772533331716] api request start: node=node-3 GET /ha/state
[1772533331716] api request success: node=node-3 GET /ha/state status=200
[1772533331795] api request start: node=node-1 GET /ha/state
[1772533331795] api request success: node=node-1 GET /ha/state status=200
[1772533331795] api request start: node=node-2 GET /ha/state
[1772533331796] api request success: node=node-2 GET /ha/state status=200
[1772533331796] api request start: node=node-3 GET /ha/state
[1772533331796] api request success: node=node-3 GET /ha/state status=200
[1772533331912] api request start: node=node-1 GET /ha/state
[1772533332030] api request success: node=node-1 GET /ha/state status=200
[1772533332031] api request start: node=node-2 GET /ha/state
[1772533332031] api request success: node=node-2 GET /ha/state status=200
[1772533332031] api request start: node=node-3 GET /ha/state
[1772533332033] api request success: node=node-3 GET /ha/state status=200
[1772533332110] api request start: node=node-1 GET /ha/state
[1772533332112] api request success: node=node-1 GET /ha/state status=200
[1772533332112] api request start: node=node-2 GET /ha/state
[1772533332112] api request success: node=node-2 GET /ha/state status=200
[1772533332112] api request start: node=node-3 GET /ha/state
[1772533332113] api request success: node=node-3 GET /ha/state status=200
[1772533332361] api request start: node=node-1 GET /ha/state
[1772533332368] api request success: node=node-1 GET /ha/state status=200
[1772533332368] api request start: node=node-2 GET /ha/state
[1772533332370] api request success: node=node-2 GET /ha/state status=200
[1772533332370] api request start: node=node-3 GET /ha/state
[1772533332372] api request success: node=node-3 GET /ha/state status=200
[1772533332449] api request start: node=node-1 GET /ha/state
[1772533332449] api request success: node=node-1 GET /ha/state status=200
[1772533332449] api request start: node=node-2 GET /ha/state
[1772533332449] api request success: node=node-2 GET /ha/state status=200
[1772533332449] api request start: node=node-3 GET /ha/state
[1772533332449] api request success: node=node-3 GET /ha/state status=200
[1772533332690] api request start: node=node-1 GET /ha/state
[1772533332694] api request success: node=node-1 GET /ha/state status=200
[1772533332694] api request start: node=node-2 GET /ha/state
[1772533332695] api request success: node=node-2 GET /ha/state status=200
[1772533332695] api request start: node=node-3 GET /ha/state
[1772533332695] api request success: node=node-3 GET /ha/state status=200
[1772533332772] api request start: node=node-1 GET /ha/state
[1772533332773] api request success: node=node-1 GET /ha/state status=200
[1772533332774] api request start: node=node-2 GET /ha/state
[1772533332775] api request success: node=node-2 GET /ha/state status=200
[1772533332775] api request start: node=node-3 GET /ha/state
[1772533332776] api request success: node=node-3 GET /ha/state status=200
[1772533333025] api request start: node=node-1 GET /ha/state
[1772533333029] api request success: node=node-1 GET /ha/state status=200
[1772533333029] api request start: node=node-2 GET /ha/state
[1772533333031] api request success: node=node-2 GET /ha/state status=200
[1772533333031] api request start: node=node-3 GET /ha/state
[1772533333031] api request success: node=node-3 GET /ha/state status=200
[1772533333107] api request start: node=node-1 GET /ha/state
[1772533333109] api request success: node=node-1 GET /ha/state status=200
[1772533333109] api request start: node=node-2 GET /ha/state
[1772533333110] api request success: node=node-2 GET /ha/state status=200
[1772533333110] api request start: node=node-3 GET /ha/state
[1772533333111] api request success: node=node-3 GET /ha/state status=200
[1772533333240] api request start: node=node-1 GET /ha/state
[1772533333458] api request success: node=node-1 GET /ha/state status=200
[1772533333458] api request start: node=node-2 GET /ha/state
[1772533333458] api request success: node=node-2 GET /ha/state status=200
[1772533333458] api request start: node=node-3 GET /ha/state
[1772533333459] api request success: node=node-3 GET /ha/state status=200
[1772533333536] api request start: node=node-1 GET /ha/state
[1772533333537] api request success: node=node-1 GET /ha/state status=200
[1772533333537] api request start: node=node-2 GET /ha/state
[1772533333538] api request success: node=node-2 GET /ha/state status=200
[1772533333538] api request start: node=node-3 GET /ha/state
[1772533333539] api request success: node=node-3 GET /ha/state status=200
[1772533333778] api request start: node=node-1 GET /ha/state
[1772533333779] api request success: node=node-1 GET /ha/state status=200
[1772533333779] api request start: node=node-2 GET /ha/state
[1772533333779] api request success: node=node-2 GET /ha/state status=200
[1772533333779] api request start: node=node-3 GET /ha/state
[1772533333779] api request success: node=node-3 GET /ha/state status=200
[1772533333857] api request start: node=node-1 GET /ha/state
[1772533333858] api request success: node=node-1 GET /ha/state status=200
[1772533333858] api request start: node=node-2 GET /ha/state
[1772533333858] api request success: node=node-2 GET /ha/state status=200
[1772533333858] api request start: node=node-3 GET /ha/state
[1772533333858] api request success: node=node-3 GET /ha/state status=200
[1772533334215] api request start: node=node-1 GET /ha/state
[1772533334219] api request success: node=node-1 GET /ha/state status=200
[1772533334219] api request start: node=node-2 GET /ha/state
[1772533334220] api request success: node=node-2 GET /ha/state status=200
[1772533334220] api request start: node=node-3 GET /ha/state
[1772533334220] api request success: node=node-3 GET /ha/state status=200
[1772533334297] api request start: node=node-1 GET /ha/state
[1772533334299] api request success: node=node-1 GET /ha/state status=200
[1772533334299] api request start: node=node-2 GET /ha/state
[1772533334300] api request success: node=node-2 GET /ha/state status=200
[1772533334300] api request start: node=node-3 GET /ha/state
[1772533334301] api request success: node=node-3 GET /ha/state status=200
[1772533334420] api request start: node=node-1 GET /ha/state
[1772533334630] api request success: node=node-1 GET /ha/state status=200
[1772533334630] api request start: node=node-2 GET /ha/state
[1772533334630] api request success: node=node-2 GET /ha/state status=200
[1772533334630] api request start: node=node-3 GET /ha/state
[1772533334630] api request success: node=node-3 GET /ha/state status=200
[1772533334706] api request start: node=node-1 GET /ha/state
[1772533334708] api request success: node=node-1 GET /ha/state status=200
[1772533334708] api request start: node=node-2 GET /ha/state
[1772533334709] api request success: node=node-2 GET /ha/state status=200
[1772533334709] api request start: node=node-3 GET /ha/state
[1772533334710] api request success: node=node-3 GET /ha/state status=200
[1772533335047] api request start: node=node-1 GET /ha/state
[1772533335052] api request success: node=node-1 GET /ha/state status=200
[1772533335052] api request start: node=node-2 GET /ha/state
[1772533335053] api request success: node=node-2 GET /ha/state status=200
[1772533335053] api request start: node=node-3 GET /ha/state
[1772533335053] api request success: node=node-3 GET /ha/state status=200
[1772533335053] scenario planned switchover: submit request through API endpoint
[1772533335053] api request start: node=node-1 POST /switchover
[1772533335152] api request success: node=node-1 POST /switchover status=202
[1772533335152] api request start: node=node-1 GET /ha/state
[1772533335493] api request success: node=node-1 GET /ha/state status=200
[1772533335493] api request start: node=node-2 GET /ha/state
[1772533335495] api request success: node=node-2 GET /ha/state status=200
[1772533335495] api request start: node=node-3 GET /ha/state
[1772533335495] api request success: node=node-3 GET /ha/state status=200
[1772533335495] planned switchover success: old_primary=node-1, new_primary=node-2
[1772533335495] scenario split-brain prevention: ensure no dual primary after switchover
[1772533335495] api request start: node=node-1 GET /ha/state
[1772533335496] api request success: node=node-1 GET /ha/state status=200
[1772533335496] api request start: node=node-2 GET /ha/state
[1772533335497] api request success: node=node-2 GET /ha/state status=200
[1772533335497] api request start: node=node-3 GET /ha/state
[1772533335497] api request success: node=node-3 GET /ha/state status=200
[1772533335575] api request start: node=node-1 GET /ha/state
[1772533335576] api request success: node=node-1 GET /ha/state status=200
[1772533335576] api request start: node=node-2 GET /ha/state
[1772533335577] api request success: node=node-2 GET /ha/state status=200
[1772533335577] api request start: node=node-3 GET /ha/state
[1772533335578] api request success: node=node-3 GET /ha/state status=200
[1772533335702] api request start: node=node-1 GET /ha/state
[1772533336035] api request success: node=node-1 GET /ha/state status=200
[1772533336035] api request start: node=node-2 GET /ha/state
[1772533336036] api request success: node=node-2 GET /ha/state status=200
[1772533336036] api request start: node=node-3 GET /ha/state
[1772533336036] api request success: node=node-3 GET /ha/state status=200
[1772533336112] api request start: node=node-1 GET /ha/state
[1772533336114] api request success: node=node-1 GET /ha/state status=200
[1772533336114] api request start: node=node-2 GET /ha/state
[1772533336115] api request success: node=node-2 GET /ha/state status=200
[1772533336115] api request start: node=node-3 GET /ha/state
[1772533336117] api request success: node=node-3 GET /ha/state status=200
[1772533336470] api request start: node=node-1 GET /ha/state
[1772533336474] api request success: node=node-1 GET /ha/state status=200
[1772533336474] api request start: node=node-2 GET /ha/state
[1772533336475] api request success: node=node-2 GET /ha/state status=200
[1772533336475] api request start: node=node-3 GET /ha/state
[1772533336476] api request success: node=node-3 GET /ha/state status=200
[1772533336553] api request start: node=node-1 GET /ha/state
[1772533336557] api request success: node=node-1 GET /ha/state status=200
[1772533336558] api request start: node=node-2 GET /ha/state
[1772533336559] api request success: node=node-2 GET /ha/state status=200
[1772533336559] api request start: node=node-3 GET /ha/state
[1772533336561] api request success: node=node-3 GET /ha/state status=200
[1772533336683] api request start: node=node-1 GET /ha/state
[1772533337036] api request success: node=node-1 GET /ha/state status=200
[1772533337036] api request start: node=node-2 GET /ha/state
[1772533337038] api request success: node=node-2 GET /ha/state status=200
[1772533337039] api request start: node=node-3 GET /ha/state
[1772533337039] api request success: node=node-3 GET /ha/state status=200
[1772533337117] api request start: node=node-1 GET /ha/state
[1772533337119] api request success: node=node-1 GET /ha/state status=200
[1772533337119] api request start: node=node-2 GET /ha/state
[1772533337121] api request success: node=node-2 GET /ha/state status=200
[1772533337121] api request start: node=node-3 GET /ha/state
[1772533337122] api request success: node=node-3 GET /ha/state status=200
[1772533337244] api request start: node=node-1 GET /ha/state
[1772533337583] api request success: node=node-1 GET /ha/state status=200
[1772533337583] api request start: node=node-2 GET /ha/state
[1772533337585] api request success: node=node-2 GET /ha/state status=200
[1772533337585] api request start: node=node-3 GET /ha/state
[1772533337586] api request success: node=node-3 GET /ha/state status=200
[1772533337663] api request start: node=node-1 GET /ha/state
[1772533337664] api request success: node=node-1 GET /ha/state status=200
[1772533337664] api request start: node=node-2 GET /ha/state
[1772533337664] api request success: node=node-2 GET /ha/state status=200
[1772533337664] api request start: node=node-3 GET /ha/state
[1772533337665] api request success: node=node-3 GET /ha/state status=200
[1772533337803] api request start: node=node-1 GET /ha/state
[1772533337921] api request success: node=node-1 GET /ha/state status=200
[1772533337921] api request start: node=node-2 GET /ha/state
[1772533337922] api request success: node=node-2 GET /ha/state status=200
[1772533337922] api request start: node=node-3 GET /ha/state
[1772533337922] api request success: node=node-3 GET /ha/state status=200
[1772533337999] api request start: node=node-1 GET /ha/state
[1772533338001] api request success: node=node-1 GET /ha/state status=200
[1772533338001] api request start: node=node-2 GET /ha/state
[1772533338002] api request success: node=node-2 GET /ha/state status=200
[1772533338003] api request start: node=node-3 GET /ha/state
[1772533338005] api request success: node=node-3 GET /ha/state status=200
[1772533338133] api request start: node=node-1 GET /ha/state
[1772533338472] api request success: node=node-1 GET /ha/state status=200
[1772533338472] api request start: node=node-2 GET /ha/state
[1772533338474] api request success: node=node-2 GET /ha/state status=200
[1772533338474] api request start: node=node-3 GET /ha/state
[1772533338474] api request success: node=node-3 GET /ha/state status=200
[1772533338551] api request start: node=node-1 GET /ha/state
[1772533338553] api request success: node=node-1 GET /ha/state status=200
[1772533338554] api request start: node=node-2 GET /ha/state
[1772533338555] api request success: node=node-2 GET /ha/state status=200
[1772533338555] api request start: node=node-3 GET /ha/state
[1772533338556] api request success: node=node-3 GET /ha/state status=200
[1772533338674] api request start: node=node-1 GET /ha/state
[1772533339036] api request success: node=node-1 GET /ha/state status=200
[1772533339037] api request start: node=node-2 GET /ha/state
[1772533339038] api request success: node=node-2 GET /ha/state status=200
[1772533339038] api request start: node=node-3 GET /ha/state
[1772533339040] api request success: node=node-3 GET /ha/state status=200
[1772533339116] api request start: node=node-1 GET /ha/state
[1772533339118] api request success: node=node-1 GET /ha/state status=200
[1772533339118] api request start: node=node-2 GET /ha/state
[1772533339119] api request success: node=node-2 GET /ha/state status=200
[1772533339119] api request start: node=node-3 GET /ha/state
[1772533339120] api request success: node=node-3 GET /ha/state status=200
[1772533339359] api request start: node=node-1 GET /ha/state
[1772533339470] api request success: node=node-1 GET /ha/state status=200
[1772533339470] api request start: node=node-2 GET /ha/state
[1772533339470] api request success: node=node-2 GET /ha/state status=200
[1772533339470] api request start: node=node-3 GET /ha/state
[1772533339470] api request success: node=node-3 GET /ha/state status=200
[1772533339547] api request start: node=node-1 GET /ha/state
[1772533339548] api request success: node=node-1 GET /ha/state status=200
[1772533339548] api request start: node=node-2 GET /ha/state
[1772533339549] api request success: node=node-2 GET /ha/state status=200
[1772533339549] api request start: node=node-3 GET /ha/state
[1772533339550] api request success: node=node-3 GET /ha/state status=200
[1772533339792] api request start: node=node-1 GET /ha/state
[1772533339795] api request success: node=node-1 GET /ha/state status=200
[1772533339795] api request start: node=node-2 GET /ha/state
[1772533339795] api request success: node=node-2 GET /ha/state status=200
[1772533339795] api request start: node=node-3 GET /ha/state
[1772533339796] api request success: node=node-3 GET /ha/state status=200
[1772533339873] api request start: node=node-1 GET /ha/state
[1772533339875] api request success: node=node-1 GET /ha/state status=200
[1772533339875] api request start: node=node-2 GET /ha/state
[1772533339876] api request success: node=node-2 GET /ha/state status=200
[1772533339876] api request start: node=node-3 GET /ha/state
[1772533339876] api request success: node=node-3 GET /ha/state status=200
[1772533340006] api request start: node=node-1 GET /ha/state
[1772533340337] api request success: node=node-1 GET /ha/state status=200
[1772533340337] api request start: node=node-2 GET /ha/state
[1772533340337] api request success: node=node-2 GET /ha/state status=200
[1772533340337] api request start: node=node-3 GET /ha/state
[1772533340338] api request success: node=node-3 GET /ha/state status=200
[1772533340414] api request start: node=node-1 GET /ha/state
[1772533340416] api request success: node=node-1 GET /ha/state status=200
[1772533340416] api request start: node=node-2 GET /ha/state
[1772533340418] api request success: node=node-2 GET /ha/state status=200
[1772533340418] api request start: node=node-3 GET /ha/state
[1772533340419] api request success: node=node-3 GET /ha/state status=200
[1772533340788] api request start: node=node-1 GET /ha/state
[1772533340897] api request success: node=node-1 GET /ha/state status=200
[1772533340897] api request start: node=node-2 GET /ha/state
[1772533340897] api request success: node=node-2 GET /ha/state status=200
[1772533340898] api request start: node=node-3 GET /ha/state
[1772533340898] api request success: node=node-3 GET /ha/state status=200
[1772533340898] scenario no-quorum fail-safe: shutdown etcd majority (2/3)
[1772533357232] no-quorum setup: stopped etcd members=etcd-a,etcd-b
[1772533357232] api request start: node=node-1 GET /ha/state
[1772533387259] api request success: node=node-1 GET /ha/state status=200
[1772533387260] api request start: node=node-2 GET /ha/state
[1772533403714] api request success: node=node-2 GET /ha/state status=200
[1772533403714] api request start: node=node-3 GET /ha/state
[1772533424473] api request success: node=node-3 GET /ha/state status=200
[1772533424474] no-quorum fail-safe observed on all nodes