[1772527560424] unassisted failover bootstrap: wait for stable primary
[1772527560424] api request start: node=node-1 GET /ha/state
[1772527560527] api request success: node=node-1 GET /ha/state status=200
[1772527560527] api request start: node=node-2 GET /ha/state
[1772527560528] api request success: node=node-2 GET /ha/state status=200
[1772527560528] api request start: node=node-3 GET /ha/state
[1772527560528] api request success: node=node-3 GET /ha/state status=200
[1772527560630] api request start: node=node-1 GET /ha/state
[1772527560951] api request success: node=node-1 GET /ha/state status=200
[1772527560952] api request start: node=node-2 GET /ha/state
[1772527560953] api request success: node=node-2 GET /ha/state status=200
[1772527560953] api request start: node=node-3 GET /ha/state
[1772527560953] api request success: node=node-3 GET /ha/state status=200
[1772527561168] api request start: node=node-1 GET /ha/state
[1772527561283] api request success: node=node-1 GET /ha/state status=200
[1772527561283] api request start: node=node-2 GET /ha/state
[1772527561284] api request success: node=node-2 GET /ha/state status=200
[1772527561284] api request start: node=node-3 GET /ha/state
[1772527561285] api request success: node=node-3 GET /ha/state status=200
[1772527561492] api request start: node=node-1 GET /ha/state
[1772527561716] api request success: node=node-1 GET /ha/state status=200
[1772527561716] api request start: node=node-2 GET /ha/state
[1772527561717] api request success: node=node-2 GET /ha/state status=200
[1772527561717] api request start: node=node-3 GET /ha/state
[1772527561719] api request success: node=node-3 GET /ha/state status=200
[1772527561832] api request start: node=node-1 GET /ha/state
[1772527562052] api request success: node=node-1 GET /ha/state status=200
[1772527562052] api request start: node=node-2 GET /ha/state
[1772527562053] api request success: node=node-2 GET /ha/state status=200
[1772527562053] api request start: node=node-3 GET /ha/state
[1772527562054] api request success: node=node-3 GET /ha/state status=200
[1772527562054] unassisted failover bootstrap success: primary=node-1
[1772527562054] api request start: node=node-1 GET /ha/state
[1772527562055] api request success: node=node-1 GET /ha/state status=200
[1772527562055] api request start: node=node-2 GET /ha/state
[1772527562056] api request success: node=node-2 GET /ha/state status=200
[1772527562056] api request start: node=node-3 GET /ha/state
[1772527562056] api request success: node=node-3 GET /ha/state status=200
[1772527562132] api request start: node=node-1 GET /ha/state
[1772527562134] api request success: node=node-1 GET /ha/state status=200
[1772527562134] api request start: node=node-2 GET /ha/state
[1772527562135] api request success: node=node-2 GET /ha/state status=200
[1772527562135] api request start: node=node-3 GET /ha/state
[1772527562136] api request success: node=node-3 GET /ha/state status=200
[1772527562262] api request start: node=node-1 GET /ha/state
[1772527562485] api request success: node=node-1 GET /ha/state status=200
[1772527562485] api request start: node=node-2 GET /ha/state
[1772527562485] api request success: node=node-2 GET /ha/state status=200
[1772527562485] api request start: node=node-3 GET /ha/state
[1772527562485] api request success: node=node-3 GET /ha/state status=200
[1772527562561] api request start: node=node-1 GET /ha/state
[1772527562561] api request success: node=node-1 GET /ha/state status=200
[1772527562561] api request start: node=node-2 GET /ha/state
[1772527562562] api request success: node=node-2 GET /ha/state status=200
[1772527562562] api request start: node=node-3 GET /ha/state
[1772527562562] api request success: node=node-3 GET /ha/state status=200
[1772527562695] api request start: node=node-1 GET /ha/state
[1772527562918] api request success: node=node-1 GET /ha/state status=200
[1772527562918] api request start: node=node-2 GET /ha/state
[1772527562919] api request success: node=node-2 GET /ha/state status=200
[1772527562919] api request start: node=node-3 GET /ha/state
[1772527562920] api request success: node=node-3 GET /ha/state status=200
[1772527562997] api request start: node=node-1 GET /ha/state
[1772527562999] api request success: node=node-1 GET /ha/state status=200
[1772527562999] api request start: node=node-2 GET /ha/state
[1772527563000] api request success: node=node-2 GET /ha/state status=200
[1772527563000] api request start: node=node-3 GET /ha/state
[1772527563001] api request success: node=node-3 GET /ha/state status=200
[1772527563123] api request start: node=node-1 GET /ha/state
[1772527563249] api request success: node=node-1 GET /ha/state status=200
[1772527563249] api request start: node=node-2 GET /ha/state
[1772527563249] api request success: node=node-2 GET /ha/state status=200
[1772527563250] api request start: node=node-3 GET /ha/state
[1772527563250] api request success: node=node-3 GET /ha/state status=200
[1772527563327] api request start: node=node-1 GET /ha/state
[1772527563330] api request success: node=node-1 GET /ha/state status=200
[1772527563330] api request start: node=node-2 GET /ha/state
[1772527563332] api request success: node=node-2 GET /ha/state status=200
[1772527563332] api request start: node=node-3 GET /ha/state
[1772527563333] api request success: node=node-3 GET /ha/state status=200
[1772527563582] api request start: node=node-1 GET /ha/state
[1772527563584] api request success: node=node-1 GET /ha/state status=200
[1772527563584] api request start: node=node-2 GET /ha/state
[1772527563584] api request success: node=node-2 GET /ha/state status=200
[1772527563584] api request start: node=node-3 GET /ha/state
[1772527563585] api request success: node=node-3 GET /ha/state status=200
[1772527563663] api request start: node=node-1 GET /ha/state
[1772527563665] api request success: node=node-1 GET /ha/state status=200
[1772527563665] api request start: node=node-2 GET /ha/state
[1772527563665] api request success: node=node-2 GET /ha/state status=200
[1772527563665] api request start: node=node-3 GET /ha/state
[1772527563666] api request success: node=node-3 GET /ha/state status=200
[1772527563785] api request start: node=node-1 GET /ha/state
[1772527564010] api request success: node=node-1 GET /ha/state status=200
[1772527564010] api request start: node=node-2 GET /ha/state
[1772527564011] api request success: node=node-2 GET /ha/state status=200
[1772527564011] api request start: node=node-3 GET /ha/state
[1772527564011] api request success: node=node-3 GET /ha/state status=200
[1772527564088] api request start: node=node-1 GET /ha/state
[1772527564091] api request success: node=node-1 GET /ha/state status=200
[1772527564091] api request start: node=node-2 GET /ha/state
[1772527564092] api request success: node=node-2 GET /ha/state status=200
[1772527564092] api request start: node=node-3 GET /ha/state
[1772527564093] api request success: node=node-3 GET /ha/state status=200
[1772527564219] api request start: node=node-1 GET /ha/state
[1772527564452] api request success: node=node-1 GET /ha/state status=200
[1772527564452] api request start: node=node-2 GET /ha/state
[1772527564452] api request success: node=node-2 GET /ha/state status=200
[1772527564452] api request start: node=node-3 GET /ha/state
[1772527564454] api request success: node=node-3 GET /ha/state status=200
[1772527564531] api request start: node=node-1 GET /ha/state
[1772527564534] api request success: node=node-1 GET /ha/state status=200
[1772527564534] api request start: node=node-2 GET /ha/state
[1772527564535] api request success: node=node-2 GET /ha/state status=200
[1772527564535] api request start: node=node-3 GET /ha/state
[1772527564537] api request success: node=node-3 GET /ha/state status=200
[1772527564658] api request start: node=node-1 GET /ha/state
[1772527564884] api request success: node=node-1 GET /ha/state status=200
[1772527564884] api request start: node=node-2 GET /ha/state
[1772527564885] api request success: node=node-2 GET /ha/state status=200
[1772527564885] api request start: node=node-3 GET /ha/state
[1772527564886] api request success: node=node-3 GET /ha/state status=200
[1772527564961] api request start: node=node-1 GET /ha/state
[1772527564964] api request success: node=node-1 GET /ha/state status=200
[1772527564964] api request start: node=node-2 GET /ha/state
[1772527564964] api request success: node=node-2 GET /ha/state status=200
[1772527564964] api request start: node=node-3 GET /ha/state
[1772527564965] api request success: node=node-3 GET /ha/state status=200
[1772527565087] api request start: node=node-1 GET /ha/state
[1772527565310] api request success: node=node-1 GET /ha/state status=200
[1772527565310] api request start: node=node-2 GET /ha/state
[1772527565311] api request success: node=node-2 GET /ha/state status=200
[1772527565311] api request start: node=node-3 GET /ha/state
[1772527565312] api request success: node=node-3 GET /ha/state status=200
[1772527565312] unassisted failover SQL pre-check: create table and insert pre-failure row
[1772527565764] unassisted failover SQL pre-check succeeded
[1772527565764] unassisted failover failure injection: stop postgres on node-1
[1772527565927] unassisted failover recovery: API-only polling for new stable primary
[1772527565927] api request start: node=node-1 GET /ha/state
[1772527566163] api request success: node=node-1 GET /ha/state status=200
[1772527566163] api request start: node=node-2 GET /ha/state
[1772527566164] api request success: node=node-2 GET /ha/state status=200
[1772527566164] api request start: node=node-3 GET /ha/state
[1772527566165] api request success: node=node-3 GET /ha/state status=200
[1772527566372] api request start: node=node-1 GET /ha/state
[1772527566611] api request success: node=node-1 GET /ha/state status=200
[1772527566611] api request start: node=node-2 GET /ha/state
[1772527566613] api request success: node=node-2 GET /ha/state status=200
[1772527566613] api request start: node=node-3 GET /ha/state
[1772527566614] api request success: node=node-3 GET /ha/state status=200
[1772527566814] api request start: node=node-1 GET /ha/state
[1772527567152] api request success: node=node-1 GET /ha/state status=200
[1772527567152] api request start: node=node-2 GET /ha/state
[1772527567153] api request success: node=node-2 GET /ha/state status=200
[1772527567153] api request start: node=node-3 GET /ha/state
[1772527567153] api request success: node=node-3 GET /ha/state status=200
[1772527567470] api request start: node=node-1 GET /ha/state
[1772527567583] api request success: node=node-1 GET /ha/state status=200
[1772527567583] api request start: node=node-2 GET /ha/state
[1772527567583] api request success: node=node-2 GET /ha/state status=200
[1772527567583] api request start: node=node-3 GET /ha/state
[1772527567583] api request success: node=node-3 GET /ha/state status=200
[1772527567790] api request start: node=node-1 GET /ha/state
[1772527568125] api request success: node=node-1 GET /ha/state status=200
[1772527568125] api request start: node=node-2 GET /ha/state
[1772527568127] api request success: node=node-2 GET /ha/state status=200
[1772527568127] api request start: node=node-3 GET /ha/state
[1772527568128] api request success: node=node-3 GET /ha/state status=200
[1772527568558] api request start: node=node-1 GET /ha/state
[1772527568562] api request success: node=node-1 GET /ha/state status=200
[1772527568562] api request start: node=node-2 GET /ha/state
[1772527568562] api request success: node=node-2 GET /ha/state status=200
[1772527568562] api request start: node=node-3 GET /ha/state
[1772527568563] api request success: node=node-3 GET /ha/state status=200
[1772527568667] api request start: node=node-1 GET /ha/state
[1772527569004] api request success: node=node-1 GET /ha/state status=200
[1772527569004] api request start: node=node-2 GET /ha/state
[1772527569006] api request success: node=node-2 GET /ha/state status=200
[1772527569006] api request start: node=node-3 GET /ha/state
[1772527569007] api request success: node=node-3 GET /ha/state status=200
[1772527569111] api request start: node=node-1 GET /ha/state
[1772527569356] api request success: node=node-1 GET /ha/state status=200
[1772527569356] api request start: node=node-2 GET /ha/state
[1772527569357] api request success: node=node-2 GET /ha/state status=200
[1772527569357] api request start: node=node-3 GET /ha/state
[1772527569358] api request success: node=node-3 GET /ha/state status=200
[1772527569570] api request start: node=node-1 GET /ha/state
[1772527569899] api request success: node=node-1 GET /ha/state status=200
[1772527569899] api request start: node=node-2 GET /ha/state
[1772527569901] api request success: node=node-2 GET /ha/state status=200
[1772527569901] api request start: node=node-3 GET /ha/state
[1772527569902] api request success: node=node-3 GET /ha/state status=200
[1772527570219] api request start: node=node-1 GET /ha/state
[1772527570333] api request success: node=node-1 GET /ha/state status=200
[1772527570333] api request start: node=node-2 GET /ha/state
[1772527570334] api request success: node=node-2 GET /ha/state status=200
[1772527570334] api request start: node=node-3 GET /ha/state
[1772527570335] api request success: node=node-3 GET /ha/state status=200
[1772527570439] api request start: node=node-1 GET /ha/state
[1772527570763] api request success: node=node-1 GET /ha/state status=200
[1772527570763] api request start: node=node-2 GET /ha/state
[1772527570763] api request success: node=node-2 GET /ha/state status=200
[1772527570763] api request start: node=node-3 GET /ha/state
[1772527570763] api request success: node=node-3 GET /ha/state status=200
[1772527570970] api request start: node=node-1 GET /ha/state
[1772527571309] api request success: node=node-1 GET /ha/state status=200
[1772527571309] api request start: node=node-2 GET /ha/state
[1772527571311] api request success: node=node-2 GET /ha/state status=200
[1772527571311] api request start: node=node-3 GET /ha/state
[1772527571312] api request success: node=node-3 GET /ha/state status=200
[1772527571524] api request start: node=node-1 GET /ha/state
[1772527571633] api request success: node=node-1 GET /ha/state status=200
[1772527571633] api request start: node=node-2 GET /ha/state
[1772527571633] api request success: node=node-2 GET /ha/state status=200
[1772527571633] api request start: node=node-3 GET /ha/state
[1772527571634] api request success: node=node-3 GET /ha/state status=200
[1772527571739] api request start: node=node-1 GET /ha/state
[1772527572071] api request success: node=node-1 GET /ha/state status=200
[1772527572071] api request start: node=node-2 GET /ha/state
[1772527572072] api request success: node=node-2 GET /ha/state status=200
[1772527572072] api request start: node=node-3 GET /ha/state
[1772527572073] api request success: node=node-3 GET /ha/state status=200
[1772527572279] api request start: node=node-1 GET /ha/state
[1772527572620] api request success: node=node-1 GET /ha/state status=200
[1772527572621] api request start: node=node-2 GET /ha/state
[1772527572622] api request success: node=node-2 GET /ha/state status=200
[1772527572622] api request start: node=node-3 GET /ha/state
[1772527572623] api request success: node=node-3 GET /ha/state status=200
[1772527572938] api request start: node=node-1 GET /ha/state
[1772527573040] api request success: node=node-1 GET /ha/state status=200
[1772527573040] api request start: node=node-2 GET /ha/state
[1772527573040] api request success: node=node-2 GET /ha/state status=200
[1772527573040] api request start: node=node-3 GET /ha/state
[1772527573040] api request success: node=node-3 GET /ha/state status=200
[1772527573250] api request start: node=node-1 GET /ha/state
[1772527573584] api request success: node=node-1 GET /ha/state status=200
[1772527573584] api request start: node=node-2 GET /ha/state
[1772527573586] api request success: node=node-2 GET /ha/state status=200
[1772527573586] api request start: node=node-3 GET /ha/state
[1772527573587] api request success: node=node-3 GET /ha/state status=200
[1772527573795] api request start: node=node-1 GET /ha/state
[1772527574138] api request success: node=node-1 GET /ha/state status=200
[1772527574138] api request start: node=node-2 GET /ha/state
[1772527574139] api request success: node=node-2 GET /ha/state status=200
[1772527574139] api request start: node=node-3 GET /ha/state
[1772527574139] api request success: node=node-3 GET /ha/state status=200
[1772527574347] api request start: node=node-1 GET /ha/state
[1772527574685] api request success: node=node-1 GET /ha/state status=200
[1772527574685] api request start: node=node-2 GET /ha/state
[1772527574686] api request success: node=node-2 GET /ha/state status=200
[1772527574686] api request start: node=node-3 GET /ha/state
[1772527574688] api request success: node=node-3 GET /ha/state status=200
[1772527575010] api request start: node=node-1 GET /ha/state
[1772527575115] api request success: node=node-1 GET /ha/state status=200
[1772527575115] api request start: node=node-2 GET /ha/state
[1772527575116] api request success: node=node-2 GET /ha/state status=200
[1772527575116] api request start: node=node-3 GET /ha/state
[1772527575117] api request success: node=node-3 GET /ha/state status=200
[1772527575334] api request start: node=node-1 GET /ha/state
[1772527575560] api request success: node=node-1 GET /ha/state status=200
[1772527575560] api request start: node=node-2 GET /ha/state
[1772527575562] api request success: node=node-2 GET /ha/state status=200
[1772527575562] api request start: node=node-3 GET /ha/state
[1772527575562] api request success: node=node-3 GET /ha/state status=200
[1772527575767] api request start: node=node-1 GET /ha/state
[1772527576098] api request success: node=node-1 GET /ha/state status=200
[1772527576098] api request start: node=node-2 GET /ha/state
[1772527576099] api request success: node=node-2 GET /ha/state status=200
[1772527576099] api request start: node=node-3 GET /ha/state
[1772527576101] api request success: node=node-3 GET /ha/state status=200
[1772527576314] api request start: node=node-1 GET /ha/state
[1772527576549] api request success: node=node-1 GET /ha/state status=200
[1772527576549] api request start: node=node-2 GET /ha/state
[1772527576551] api request success: node=node-2 GET /ha/state status=200
[1772527576551] api request start: node=node-3 GET /ha/state
[1772527576553] api request success: node=node-3 GET /ha/state status=200
[1772527576868] api request start: node=node-1 GET /ha/state
[1772527576983] api request success: node=node-1 GET /ha/state status=200
[1772527576983] api request start: node=node-2 GET /ha/state
[1772527576984] api request success: node=node-2 GET /ha/state status=200
[1772527576984] api request start: node=node-3 GET /ha/state
[1772527576985] api request success: node=node-3 GET /ha/state status=200
[1772527577095] api request start: node=node-1 GET /ha/state
[1772527577439] api request success: node=node-1 GET /ha/state status=200
[1772527577439] api request start: node=node-2 GET /ha/state
[1772527577440] api request success: node=node-2 GET /ha/state status=200
[1772527577440] api request start: node=node-3 GET /ha/state
[1772527577440] api request success: node=node-3 GET /ha/state status=200
[1772527577757] api request start: node=node-1 GET /ha/state
[1772527577860] api request success: node=node-1 GET /ha/state status=200
[1772527577860] api request start: node=node-2 GET /ha/state
[1772527577860] api request success: node=node-2 GET /ha/state status=200
[1772527577860] api request start: node=node-3 GET /ha/state
[1772527577860] api request success: node=node-3 GET /ha/state status=200
[1772527578282] api request start: node=node-1 GET /ha/state
[1772527578398] api request success: node=node-1 GET /ha/state status=200
[1772527578398] api request start: node=node-2 GET /ha/state
[1772527578399] api request success: node=node-2 GET /ha/state status=200
[1772527578399] api request start: node=node-3 GET /ha/state
[1772527578400] api request success: node=node-3 GET /ha/state status=200
[1772527578604] api request start: node=node-1 GET /ha/state
[1772527578616] api request success: node=node-1 GET /ha/state status=200
[1772527578616] api request start: node=node-2 GET /ha/state
[1772527578617] api request success: node=node-2 GET /ha/state status=200
[1772527578618] api request start: node=node-3 GET /ha/state
[1772527578618] api request success: node=node-3 GET /ha/state status=200
[1772527578724] api request start: node=node-1 GET /ha/state
[1772527578959] api request success: node=node-1 GET /ha/state status=200
[1772527578959] api request start: node=node-2 GET /ha/state
[1772527578959] api request success: node=node-2 GET /ha/state status=200
[1772527578959] api request start: node=node-3 GET /ha/state
[1772527578960] api request success: node=node-3 GET /ha/state status=200
[1772527579390] api request start: node=node-1 GET /ha/state
[1772527579393] api request success: node=node-1 GET /ha/state status=200
[1772527579393] api request start: node=node-2 GET /ha/state
[1772527579394] api request success: node=node-2 GET /ha/state status=200
[1772527579394] api request start: node=node-3 GET /ha/state
[1772527579396] api request success: node=node-3 GET /ha/state status=200
[1772527579600] api request start: node=node-1 GET /ha/state
[1772527579945] api request success: node=node-1 GET /ha/state status=200
[1772527579945] api request start: node=node-2 GET /ha/state
[1772527579947] api request success: node=node-2 GET /ha/state status=200
[1772527579947] api request start: node=node-3 GET /ha/state
[1772527579947] api request success: node=node-3 GET /ha/state status=200
[1772527580154] api request start: node=node-1 GET /ha/state
[1772527580517] api request success: node=node-1 GET /ha/state status=200
[1772527580518] api request start: node=node-2 GET /ha/state
[1772527580520] api request success: node=node-2 GET /ha/state status=200
[1772527580520] api request start: node=node-3 GET /ha/state
[1772527580521] api request success: node=node-3 GET /ha/state status=200
[1772527580740] api request start: node=node-1 GET /ha/state
[1772527580959] api request success: node=node-1 GET /ha/state status=200
[1772527580959] api request start: node=node-2 GET /ha/state
[1772527580960] api request success: node=node-2 GET /ha/state status=200
[1772527580960] api request start: node=node-3 GET /ha/state
[1772527580962] api request success: node=node-3 GET /ha/state status=200
[1772527581160] api request start: node=node-1 GET /ha/state
[1772527581487] api request success: node=node-1 GET /ha/state status=200
[1772527581487] api request start: node=node-2 GET /ha/state
[1772527581488] api request success: node=node-2 GET /ha/state status=200
[1772527581488] api request start: node=node-3 GET /ha/state
[1772527581490] api request success: node=node-3 GET /ha/state status=200
[1772527581811] api request start: node=node-1 GET /ha/state
[1772527581928] api request success: node=node-1 GET /ha/state status=200
[1772527581928] api request start: node=node-2 GET /ha/state
[1772527581930] api request success: node=node-2 GET /ha/state status=200
[1772527581930] api request start: node=node-3 GET /ha/state
[1772527581931] api request success: node=node-3 GET /ha/state status=200
[1772527582139] api request start: node=node-1 GET /ha/state
[1772527582463] api request success: node=node-1 GET /ha/state status=200
[1772527582463] api request start: node=node-2 GET /ha/state
[1772527582464] api request success: node=node-2 GET /ha/state status=200
[1772527582464] api request start: node=node-3 GET /ha/state
[1772527582465] api request success: node=node-3 GET /ha/state status=200
[1772527582670] api request start: node=node-1 GET /ha/state
[1772527582989] api request success: node=node-1 GET /ha/state status=200
[1772527582989] api request start: node=node-2 GET /ha/state
[1772527582990] api request success: node=node-2 GET /ha/state status=200
[1772527582990] api request start: node=node-3 GET /ha/state
[1772527582990] api request success: node=node-3 GET /ha/state status=200
[1772527583313] api request start: node=node-1 GET /ha/state
[1772527583426] api request success: node=node-1 GET /ha/state status=200
[1772527583426] api request start: node=node-2 GET /ha/state
[1772527583428] api request success: node=node-2 GET /ha/state status=200
[1772527583428] api request start: node=node-3 GET /ha/state
[1772527583429] api request success: node=node-3 GET /ha/state status=200
[1772527583734] api request start: node=node-1 GET /ha/state
[1772527583962] api request success: node=node-1 GET /ha/state status=200
[1772527583962] api request start: node=node-2 GET /ha/state
[1772527583963] api request success: node=node-2 GET /ha/state status=200
[1772527583963] api request start: node=node-3 GET /ha/state
[1772527583964] api request success: node=node-3 GET /ha/state status=200
[1772527584169] api request start: node=node-1 GET /ha/state
[1772527584514] api request success: node=node-1 GET /ha/state status=200
[1772527584515] api request start: node=node-2 GET /ha/state
[1772527584516] api request success: node=node-2 GET /ha/state status=200
[1772527584516] api request start: node=node-3 GET /ha/state
[1772527584517] api request success: node=node-3 GET /ha/state status=200
[1772527584830] api request start: node=node-1 GET /ha/state
[1772527584945] api request success: node=node-1 GET /ha/state status=200
[1772527584945] api request start: node=node-2 GET /ha/state
[1772527584946] api request success: node=node-2 GET /ha/state status=200
[1772527584946] api request start: node=node-3 GET /ha/state
[1772527584947] api request success: node=node-3 GET /ha/state status=200
[1772527585159] api request start: node=node-1 GET /ha/state
[1772527585498] api request success: node=node-1 GET /ha/state status=200
[1772527585498] api request start: node=node-2 GET /ha/state
[1772527585499] api request success: node=node-2 GET /ha/state status=200
[1772527585499] api request start: node=node-3 GET /ha/state
[1772527585501] api request success: node=node-3 GET /ha/state status=200
[1772527585726] api request start: node=node-1 GET /ha/state
[1772527585740] api request success: node=node-1 GET /ha/state status=200
[1772527585740] api request start: node=node-2 GET /ha/state
[1772527585741] api request success: node=node-2 GET /ha/state status=200
[1772527585741] api request start: node=node-3 GET /ha/state
[1772527585741] api request success: node=node-3 GET /ha/state status=200
[1772527585979] api request start: node=node-1 GET /ha/state
[1772527585980] api request success: node=node-1 GET /ha/state status=200
[1772527585980] api request start: node=node-2 GET /ha/state
[1772527585980] api request success: node=node-2 GET /ha/state status=200
[1772527585980] api request start: node=node-3 GET /ha/state
[1772527585981] api request success: node=node-3 GET /ha/state status=200
[1772527586087] api request start: node=node-1 GET /ha/state
[1772527586412] api request success: node=node-1 GET /ha/state status=200
[1772527586412] api request start: node=node-2 GET /ha/state
[1772527586414] api request success: node=node-2 GET /ha/state status=200
[1772527586414] api request start: node=node-3 GET /ha/state
[1772527586415] api request success: node=node-3 GET /ha/state status=200
[1772527586520] api request start: node=node-1 GET /ha/state
[1772527586856] api request success: node=node-1 GET /ha/state status=200
[1772527586856] api request start: node=node-2 GET /ha/state
[1772527586858] api request success: node=node-2 GET /ha/state status=200
[1772527586858] api request start: node=node-3 GET /ha/state
[1772527586859] api request success: node=node-3 GET /ha/state status=200
[1772527587078] api request start: node=node-1 GET /ha/state
[1772527587193] api request success: node=node-1 GET /ha/state status=200
[1772527587193] api request start: node=node-2 GET /ha/state
[1772527587195] api request success: node=node-2 GET /ha/state status=200
[1772527587195] api request start: node=node-3 GET /ha/state
[1772527587196] api request success: node=node-3 GET /ha/state status=200
[1772527587411] api request start: node=node-1 GET /ha/state
[1772527587732] api request success: node=node-1 GET /ha/state status=200
[1772527587732] api request start: node=node-2 GET /ha/state
[1772527587733] api request success: node=node-2 GET /ha/state status=200
[1772527587733] api request start: node=node-3 GET /ha/state
[1772527587733] api request success: node=node-3 GET /ha/state status=200
[1772527588153] api request start: node=node-1 GET /ha/state
[1772527588159] api request success: node=node-1 GET /ha/state status=200
[1772527588159] api request start: node=node-2 GET /ha/state
[1772527588160] api request success: node=node-2 GET /ha/state status=200
[1772527588161] api request start: node=node-3 GET /ha/state
[1772527588165] api request success: node=node-3 GET /ha/state status=200
[1772527588367] api request start: node=node-1 GET /ha/state
[1772527588693] api request success: node=node-1 GET /ha/state status=200
[1772527588693] api request start: node=node-2 GET /ha/state
[1772527588694] api request success: node=node-2 GET /ha/state status=200
[1772527588694] api request start: node=node-3 GET /ha/state
[1772527588694] api request success: node=node-3 GET /ha/state status=200
[1772527588803] api request start: node=node-1 GET /ha/state
[1772527589023] api request success: node=node-1 GET /ha/state status=200
[1772527589023] api request start: node=node-2 GET /ha/state
[1772527589025] api request success: node=node-2 GET /ha/state status=200
[1772527589025] api request start: node=node-3 GET /ha/state
[1772527589026] api request success: node=node-3 GET /ha/state status=200
[1772527589231] api request start: node=node-1 GET /ha/state
[1772527589457] api request success: node=node-1 GET /ha/state status=200
[1772527589457] api request start: node=node-2 GET /ha/state
[1772527589458] api request success: node=node-2 GET /ha/state status=200
[1772527589458] api request start: node=node-3 GET /ha/state
[1772527589460] api request success: node=node-3 GET /ha/state status=200
[1772527589664] api request start: node=node-1 GET /ha/state
[1772527589990] api request success: node=node-1 GET /ha/state status=200
[1772527589990] api request start: node=node-2 GET /ha/state
[1772527589991] api request success: node=node-2 GET /ha/state status=200
[1772527589991] api request start: node=node-3 GET /ha/state
[1772527589992] api request success: node=node-3 GET /ha/state status=200
[1772527590196] api request start: node=node-1 GET /ha/state
[1772527590211] api request success: node=node-1 GET /ha/state status=200
[1772527590211] api request start: node=node-2 GET /ha/state
[1772527590212] api request success: node=node-2 GET /ha/state status=200
[1772527590212] api request start: node=node-3 GET /ha/state
[1772527590213] api request success: node=node-3 GET /ha/state status=200
[1772527590321] api request start: node=node-1 GET /ha/state
[1772527590662] api request success: node=node-1 GET /ha/state status=200
[1772527590662] api request start: node=node-2 GET /ha/state
[1772527590662] api request success: node=node-2 GET /ha/state status=200
[1772527590662] api request start: node=node-3 GET /ha/state
[1772527590663] api request success: node=node-3 GET /ha/state status=200
[1772527590765] api request start: node=node-1 GET /ha/state
[1772527591245] api request success: node=node-1 GET /ha/state status=200
[1772527591245] api request start: node=node-2 GET /ha/state
[1772527591245] api request success: node=node-2 GET /ha/state status=200
[1772527591245] api request start: node=node-3 GET /ha/state
[1772527591246] api request success: node=node-3 GET /ha/state status=200
[1772527591354] api request start: node=node-1 GET /ha/state
[1772527591573] api request success: node=node-1 GET /ha/state status=200
[1772527591573] api request start: node=node-2 GET /ha/state
[1772527591575] api request success: node=node-2 GET /ha/state status=200
[1772527591575] api request start: node=node-3 GET /ha/state
[1772527591576] api request success: node=node-3 GET /ha/state status=200
[1772527591792] api request start: node=node-1 GET /ha/state
[1772527591902] api request success: node=node-1 GET /ha/state status=200
[1772527591902] api request start: node=node-2 GET /ha/state
[1772527591903] api request success: node=node-2 GET /ha/state status=200
[1772527591904] api request start: node=node-3 GET /ha/state
[1772527591904] api request success: node=node-3 GET /ha/state status=200
[1772527592107] api request start: node=node-1 GET /ha/state
[1772527592440] api request success: node=node-1 GET /ha/state status=200
[1772527592440] api request start: node=node-2 GET /ha/state
[1772527592441] api request success: node=node-2 GET /ha/state status=200
[1772527592441] api request start: node=node-3 GET /ha/state
[1772527592443] api request success: node=node-3 GET /ha/state status=200
[1772527592649] api request start: node=node-1 GET /ha/state
[1772527592984] api request success: node=node-1 GET /ha/state status=200
[1772527592984] api request start: node=node-2 GET /ha/state
[1772527592986] api request success: node=node-2 GET /ha/state status=200
[1772527592986] api request start: node=node-3 GET /ha/state
[1772527592987] api request success: node=node-3 GET /ha/state status=200
[1772527593296] api request start: node=node-1 GET /ha/state
[1772527593415] api request success: node=node-1 GET /ha/state status=200
[1772527593415] api request start: node=node-2 GET /ha/state
[1772527593416] api request success: node=node-2 GET /ha/state status=200
[1772527593416] api request start: node=node-3 GET /ha/state
[1772527593416] api request success: node=node-3 GET /ha/state status=200
[1772527593628] api request start: node=node-1 GET /ha/state
[1772527593952] api request success: node=node-1 GET /ha/state status=200
[1772527593952] api request start: node=node-2 GET /ha/state
[1772527593953] api request success: node=node-2 GET /ha/state status=200
[1772527593953] api request start: node=node-3 GET /ha/state
[1772527593953] api request success: node=node-3 GET /ha/state status=200
[1772527594054] api request start: node=node-1 GET /ha/state
[1772527594497] api request success: node=node-1 GET /ha/state status=200
[1772527594497] api request start: node=node-2 GET /ha/state
[1772527594499] api request success: node=node-2 GET /ha/state status=200
[1772527594499] api request start: node=node-3 GET /ha/state
[1772527594500] api request success: node=node-3 GET /ha/state status=200
[1772527594603] api request start: node=node-1 GET /ha/state
[1772527594947] api request success: node=node-1 GET /ha/state status=200
[1772527594948] api request start: node=node-2 GET /ha/state
[1772527594950] api request success: node=node-2 GET /ha/state status=200
[1772527594950] api request start: node=node-3 GET /ha/state
[1772527594951] api request success: node=node-3 GET /ha/state status=200
[1772527595269] api request start: node=node-1 GET /ha/state
[1772527595383] api request success: node=node-1 GET /ha/state status=200
[1772527595383] api request start: node=node-2 GET /ha/state
[1772527595385] api request success: node=node-2 GET /ha/state status=200
[1772527595385] api request start: node=node-3 GET /ha/state
[1772527595386] api request success: node=node-3 GET /ha/state status=200
[1772527595490] api request start: node=node-1 GET /ha/state
[1772527595820] api request success: node=node-1 GET /ha/state status=200
[1772527595820] api request start: node=node-2 GET /ha/state
[1772527595823] api request success: node=node-2 GET /ha/state status=200
[1772527595823] api request start: node=node-3 GET /ha/state
[1772527595824] api request success: node=node-3 GET /ha/state status=200
[1772527595929] api request start: node=node-1 GET /ha/state
[1772527596264] api request success: node=node-1 GET /ha/state status=200
[1772527596264] api request start: node=node-2 GET /ha/state
[1772527596264] api request success: node=node-2 GET /ha/state status=200
[1772527596264] api request start: node=node-3 GET /ha/state
[1772527596265] api request success: node=node-3 GET /ha/state status=200
[1772527596588] api request start: node=node-1 GET /ha/state
[1772527596703] api request success: node=node-1 GET /ha/state status=200
[1772527596703] api request start: node=node-2 GET /ha/state
[1772527596703] api request success: node=node-2 GET /ha/state status=200
[1772527596703] api request start: node=node-3 GET /ha/state
[1772527596703] api request success: node=node-3 GET /ha/state status=200
[1772527596804] api request start: node=node-1 GET /ha/state
[1772527597227] api request success: node=node-1 GET /ha/state status=200
[1772527597227] api request start: node=node-2 GET /ha/state
[1772527597229] api request success: node=node-2 GET /ha/state status=200
[1772527597229] api request start: node=node-3 GET /ha/state
[1772527597230] api request success: node=node-3 GET /ha/state status=200
[1772527597660] api request start: node=node-1 GET /ha/state
[1772527597665] api request success: node=node-1 GET /ha/state status=200
[1772527597665] api request start: node=node-2 GET /ha/state
[1772527597668] api request success: node=node-2 GET /ha/state status=200
[1772527597668] api request start: node=node-3 GET /ha/state
[1772527597669] api request success: node=node-3 GET /ha/state status=200
[1772527597873] api request start: node=node-1 GET /ha/state
[1772527598196] api request success: node=node-1 GET /ha/state status=200
[1772527598196] api request start: node=node-2 GET /ha/state
[1772527598197] api request success: node=node-2 GET /ha/state status=200
[1772527598197] api request start: node=node-3 GET /ha/state
[1772527598197] api request success: node=node-3 GET /ha/state status=200
[1772527598308] api request start: node=node-1 GET /ha/state
[1772527598647] api request success: node=node-1 GET /ha/state status=200
[1772527598647] api request start: node=node-2 GET /ha/state
[1772527598650] api request success: node=node-2 GET /ha/state status=200
[1772527598650] api request start: node=node-3 GET /ha/state
[1772527598652] api request success: node=node-3 GET /ha/state status=200
[1772527598850] api request start: node=node-1 GET /ha/state
[1772527599179] api request success: node=node-1 GET /ha/state status=200
[1772527599180] api request start: node=node-2 GET /ha/state
[1772527599180] api request success: node=node-2 GET /ha/state status=200
[1772527599180] api request start: node=node-3 GET /ha/state
[1772527599180] api request success: node=node-3 GET /ha/state status=200
[1772527599282] api request start: node=node-1 GET /ha/state
[1772527599615] api request success: node=node-1 GET /ha/state status=200
[1772527599615] api request start: node=node-2 GET /ha/state
[1772527599616] api request success: node=node-2 GET /ha/state status=200
[1772527599616] api request start: node=node-3 GET /ha/state
[1772527599617] api request success: node=node-3 GET /ha/state status=200
[1772527599930] api request start: node=node-1 GET /ha/state
[1772527600050] api request success: node=node-1 GET /ha/state status=200
[1772527600050] api request start: node=node-2 GET /ha/state
[1772527600052] api request success: node=node-2 GET /ha/state status=200
[1772527600052] api request start: node=node-3 GET /ha/state
[1772527600053] api request success: node=node-3 GET /ha/state status=200
[1772527600157] api request start: node=node-1 GET /ha/state
[1772527600493] api request success: node=node-1 GET /ha/state status=200
[1772527600493] api request start: node=node-2 GET /ha/state
[1772527600496] api request success: node=node-2 GET /ha/state status=200
[1772527600496] api request start: node=node-3 GET /ha/state
[1772527600497] api request success: node=node-3 GET /ha/state status=200
[1772527600701] api request start: node=node-1 GET /ha/state
[1772527600932] api request success: node=node-1 GET /ha/state status=200
[1772527600932] api request start: node=node-2 GET /ha/state
[1772527600934] api request success: node=node-2 GET /ha/state status=200
[1772527600934] api request start: node=node-3 GET /ha/state
[1772527600935] api request success: node=node-3 GET /ha/state status=200
[1772527601141] api request start: node=node-1 GET /ha/state
[1772527601481] api request success: node=node-1 GET /ha/state status=200
[1772527601481] api request start: node=node-2 GET /ha/state
[1772527601483] api request success: node=node-2 GET /ha/state status=200
[1772527601483] api request start: node=node-3 GET /ha/state
[1772527601485] api request success: node=node-3 GET /ha/state status=200
[1772527601686] api request start: node=node-1 GET /ha/state
[1772527602023] api request success: node=node-1 GET /ha/state status=200
[1772527602023] api request start: node=node-2 GET /ha/state
[1772527602024] api request success: node=node-2 GET /ha/state status=200
[1772527602024] api request start: node=node-3 GET /ha/state
[1772527602026] api request success: node=node-3 GET /ha/state status=200
[1772527602346] api request start: node=node-1 GET /ha/state
[1772527602349] api request success: node=node-1 GET /ha/state status=200
[1772527602349] api request start: node=node-2 GET /ha/state
[1772527602349] api request success: node=node-2 GET /ha/state status=200
[1772527602349] api request start: node=node-3 GET /ha/state
[1772527602350] api request success: node=node-3 GET /ha/state status=200
[1772527602459] api request start: node=node-1 GET /ha/state
[1772527602794] api request success: node=node-1 GET /ha/state status=200
[1772527602794] api request start: node=node-2 GET /ha/state
[1772527602795] api request success: node=node-2 GET /ha/state status=200
[1772527602795] api request start: node=node-3 GET /ha/state
[1772527602796] api request success: node=node-3 GET /ha/state status=200
[1772527602907] api request start: node=node-1 GET /ha/state
[1772527603253] api request success: node=node-1 GET /ha/state status=200
[1772527603253] api request start: node=node-2 GET /ha/state
[1772527603254] api request success: node=node-2 GET /ha/state status=200
[1772527603254] api request start: node=node-3 GET /ha/state
[1772527603255] api request success: node=node-3 GET /ha/state status=200
[1772527603579] api request start: node=node-1 GET /ha/state
[1772527603697] api request success: node=node-1 GET /ha/state status=200
[1772527603697] api request start: node=node-2 GET /ha/state
[1772527603699] api request success: node=node-2 GET /ha/state status=200
[1772527603699] api request start: node=node-3 GET /ha/state
[1772527603700] api request success: node=node-3 GET /ha/state status=200
[1772527603910] api request start: node=node-1 GET /ha/state
[1772527604263] api request success: node=node-1 GET /ha/state status=200
[1772527604263] api request start: node=node-2 GET /ha/state
[1772527604271] api request success: node=node-2 GET /ha/state status=200
[1772527604271] api request start: node=node-3 GET /ha/state
[1772527604272] api request success: node=node-3 GET /ha/state status=200
[1772527604586] api request start: node=node-1 GET /ha/state
[1772527604701] api request success: node=node-1 GET /ha/state status=200
[1772527604701] api request start: node=node-2 GET /ha/state
[1772527604703] api request success: node=node-2 GET /ha/state status=200
[1772527604703] api request start: node=node-3 GET /ha/state
[1772527604705] api request success: node=node-3 GET /ha/state status=200
[1772527604906] api request start: node=node-1 GET /ha/state
[1772527605224] api request success: node=node-1 GET /ha/state status=200
[1772527605224] api request start: node=node-2 GET /ha/state
[1772527605225] api request success: node=node-2 GET /ha/state status=200
[1772527605225] api request start: node=node-3 GET /ha/state
[1772527605226] api request success: node=node-3 GET /ha/state status=200
[1772527605442] api request start: node=node-1 GET /ha/state
[1772527605767] api request success: node=node-1 GET /ha/state status=200
[1772527605767] api request start: node=node-2 GET /ha/state
[1772527605768] api request success: node=node-2 GET /ha/state status=200
[1772527605768] api request start: node=node-3 GET /ha/state
[1772527605769] api request success: node=node-3 GET /ha/state status=200
[1772527606088] api request start: node=node-1 GET /ha/state
[1772527606208] api request success: node=node-1 GET /ha/state status=200
[1772527606209] api request start: node=node-2 GET /ha/state
[1772527606212] api request success: node=node-2 GET /ha/state status=200
[1772527606212] api request start: node=node-3 GET /ha/state
[1772527606213] api request success: node=node-3 GET /ha/state status=200
[1772527606413] api request start: node=node-1 GET /ha/state
[1772527606754] api request success: node=node-1 GET /ha/state status=200
[1772527606754] api request start: node=node-2 GET /ha/state
[1772527606756] api request success: node=node-2 GET /ha/state status=200
[1772527606756] api request start: node=node-3 GET /ha/state
[1772527606757] api request success: node=node-3 GET /ha/state status=200
[1772527606965] api request start: node=node-1 GET /ha/state
[1772527607303] api request success: node=node-1 GET /ha/state status=200
[1772527607303] api request start: node=node-2 GET /ha/state
[1772527607304] api request success: node=node-2 GET /ha/state status=200
[1772527607304] api request start: node=node-3 GET /ha/state
[1772527607306] api request success: node=node-3 GET /ha/state status=200
[1772527607638] api request start: node=node-1 GET /ha/state
[1772527607640] api request success: node=node-1 GET /ha/state status=200
[1772527607640] api request start: node=node-2 GET /ha/state
[1772527607641] api request success: node=node-2 GET /ha/state status=200
[1772527607641] api request start: node=node-3 GET /ha/state
[1772527607642] api request success: node=node-3 GET /ha/state status=200
[1772527607854] api request start: node=node-1 GET /ha/state
[1772527607968] api request success: node=node-1 GET /ha/state status=200
[1772527607968] api request start: node=node-2 GET /ha/state
[1772527607969] api request success: node=node-2 GET /ha/state status=200
[1772527607969] api request start: node=node-3 GET /ha/state
[1772527607970] api request success: node=node-3 GET /ha/state status=200
[1772527608176] api request start: node=node-1 GET /ha/state
[1772527608505] api request success: node=node-1 GET /ha/state status=200
[1772527608505] api request start: node=node-2 GET /ha/state
[1772527608506] api request success: node=node-2 GET /ha/state status=200
[1772527608506] api request start: node=node-3 GET /ha/state
[1772527608508] api request success: node=node-3 GET /ha/state status=200
[1772527608821] api request start: node=node-1 GET /ha/state
[1772527608940] api request success: node=node-1 GET /ha/state status=200
[1772527608940] api request start: node=node-2 GET /ha/state
[1772527608942] api request success: node=node-2 GET /ha/state status=200
[1772527608942] api request start: node=node-3 GET /ha/state
[1772527608946] api request success: node=node-3 GET /ha/state status=200
[1772527609148] api request start: node=node-1 GET /ha/state
[1772527609381] api request success: node=node-1 GET /ha/state status=200
[1772527609381] api request start: node=node-2 GET /ha/state
[1772527609384] api request success: node=node-2 GET /ha/state status=200
[1772527609384] api request start: node=node-3 GET /ha/state
[1772527609386] api request success: node=node-3 GET /ha/state status=200
[1772527609818] api request start: node=node-1 GET /ha/state
[1772527609822] api request success: node=node-1 GET /ha/state status=200
[1772527609822] api request start: node=node-2 GET /ha/state
[1772527609823] api request success: node=node-2 GET /ha/state status=200
[1772527609823] api request start: node=node-3 GET /ha/state
[1772527609824] api request success: node=node-3 GET /ha/state status=200
[1772527610027] api request start: node=node-1 GET /ha/state
[1772527610354] api request success: node=node-1 GET /ha/state status=200
[1772527610354] api request start: node=node-2 GET /ha/state
[1772527610356] api request success: node=node-2 GET /ha/state status=200
[1772527610356] api request start: node=node-3 GET /ha/state
[1772527610358] api request success: node=node-3 GET /ha/state status=200
[1772527610464] api request start: node=node-1 GET /ha/state
[1772527610705] api request success: node=node-1 GET /ha/state status=200
[1772527610706] api request start: node=node-2 GET /ha/state
[1772527610708] api request success: node=node-2 GET /ha/state status=200
[1772527610708] api request start: node=node-3 GET /ha/state
[1772527610710] api request success: node=node-3 GET /ha/state status=200
[1772527611031] api request start: node=node-1 GET /ha/state
[1772527611137] api request success: node=node-1 GET /ha/state status=200
[1772527611137] api request start: node=node-2 GET /ha/state
[1772527611138] api request success: node=node-2 GET /ha/state status=200
[1772527611138] api request start: node=node-3 GET /ha/state
[1772527611138] api request success: node=node-3 GET /ha/state status=200
[1772527611357] api request start: node=node-1 GET /ha/state
[1772527611585] api request success: node=node-1 GET /ha/state status=200
[1772527611585] api request start: node=node-2 GET /ha/state
[1772527611591] api request success: node=node-2 GET /ha/state status=200
[1772527611592] api request start: node=node-3 GET /ha/state
[1772527611593] api request success: node=node-3 GET /ha/state status=200
[1772527611793] api request start: node=node-1 GET /ha/state
[1772527612129] api request success: node=node-1 GET /ha/state status=200
[1772527612129] api request start: node=node-2 GET /ha/state
[1772527612134] api request success: node=node-2 GET /ha/state status=200
[1772527612134] api request start: node=node-3 GET /ha/state
[1772527612137] api request success: node=node-3 GET /ha/state status=200
[1772527612565] api request start: node=node-1 GET /ha/state
[1772527612677] api request success: node=node-1 GET /ha/state status=200
[1772527612677] api request start: node=node-2 GET /ha/state
[1772527612679] api request success: node=node-2 GET /ha/state status=200
[1772527612679] api request start: node=node-3 GET /ha/state
[1772527612680] api request success: node=node-3 GET /ha/state status=200
[1772527612781] api request start: node=node-1 GET /ha/state
[1772527613122] api request success: node=node-1 GET /ha/state status=200
[1772527613122] api request start: node=node-2 GET /ha/state
[1772527613123] api request success: node=node-2 GET /ha/state status=200
[1772527613123] api request start: node=node-3 GET /ha/state
[1772527613123] api request success: node=node-3 GET /ha/state status=200
[1772527613224] api request start: node=node-1 GET /ha/state
[1772527613672] api request success: node=node-1 GET /ha/state status=200
[1772527613672] api request start: node=node-2 GET /ha/state
[1772527613675] api request success: node=node-2 GET /ha/state status=200
[1772527613675] api request start: node=node-3 GET /ha/state
[1772527613676] api request success: node=node-3 GET /ha/state status=200
[1772527613988] api request start: node=node-1 GET /ha/state
[1772527614108] api request success: node=node-1 GET /ha/state status=200
[1772527614108] api request start: node=node-2 GET /ha/state
[1772527614111] api request success: node=node-2 GET /ha/state status=200
[1772527614111] api request start: node=node-3 GET /ha/state
[1772527614112] api request success: node=node-3 GET /ha/state status=200
[1772527614319] api request start: node=node-1 GET /ha/state
[1772527614546] api request success: node=node-1 GET /ha/state status=200
[1772527614546] api request start: node=node-2 GET /ha/state
[1772527614548] api request success: node=node-2 GET /ha/state status=200
[1772527614548] api request start: node=node-3 GET /ha/state
[1772527614549] api request success: node=node-3 GET /ha/state status=200
[1772527614758] api request start: node=node-1 GET /ha/state
[1772527615085] api request success: node=node-1 GET /ha/state status=200
[1772527615085] api request start: node=node-2 GET /ha/state
[1772527615086] api request success: node=node-2 GET /ha/state status=200
[1772527615086] api request start: node=node-3 GET /ha/state
[1772527615087] api request success: node=node-3 GET /ha/state status=200
[1772527615401] api request start: node=node-1 GET /ha/state
[1772527615515] api request success: node=node-1 GET /ha/state status=200
[1772527615516] api request start: node=node-2 GET /ha/state
[1772527615517] api request success: node=node-2 GET /ha/state status=200
[1772527615517] api request start: node=node-3 GET /ha/state
[1772527615519] api request success: node=node-3 GET /ha/state status=200
[1772527615840] api request start: node=node-1 GET /ha/state
[1772527615955] api request success: node=node-1 GET /ha/state status=200
[1772527615955] api request start: node=node-2 GET /ha/state
[1772527615957] api request success: node=node-2 GET /ha/state status=200
[1772527615957] api request start: node=node-3 GET /ha/state
[1772527615959] api request success: node=node-3 GET /ha/state status=200
[1772527616286] api request start: node=node-1 GET /ha/state
[1772527616293] api request success: node=node-1 GET /ha/state status=200
[1772527616294] api request start: node=node-2 GET /ha/state
[1772527616295] api request success: node=node-2 GET /ha/state status=200
[1772527616295] api request start: node=node-3 GET /ha/state
[1772527616296] api request success: node=node-3 GET /ha/state status=200
[1772527616498] api request start: node=node-1 GET /ha/state
[1772527616832] api request success: node=node-1 GET /ha/state status=200
[1772527616833] api request start: node=node-2 GET /ha/state
[1772527616835] api request success: node=node-2 GET /ha/state status=200
[1772527616835] api request start: node=node-3 GET /ha/state
[1772527616836] api request success: node=node-3 GET /ha/state status=200
[1772527617043] api request start: node=node-1 GET /ha/state
[1772527617381] api request success: node=node-1 GET /ha/state status=200
[1772527617381] api request start: node=node-2 GET /ha/state
[1772527617383] api request success: node=node-2 GET /ha/state status=200
[1772527617383] api request start: node=node-3 GET /ha/state
[1772527617384] api request success: node=node-3 GET /ha/state status=200
[1772527617595] api request start: node=node-1 GET /ha/state
[1772527617818] api request success: node=node-1 GET /ha/state status=200
[1772527617818] api request start: node=node-2 GET /ha/state
[1772527617820] api request success: node=node-2 GET /ha/state status=200
[1772527617820] api request start: node=node-3 GET /ha/state
[1772527617822] api request success: node=node-3 GET /ha/state status=200
[1772527618041] api request start: node=node-1 GET /ha/state
[1772527618147] api request success: node=node-1 GET /ha/state status=200
[1772527618147] api request start: node=node-2 GET /ha/state
[1772527618147] api request success: node=node-2 GET /ha/state status=200
[1772527618147] api request start: node=node-3 GET /ha/state
[1772527618147] api request success: node=node-3 GET /ha/state status=200
[1772527618263] api request start: node=node-1 GET /ha/state
[1772527618579] api request success: node=node-1 GET /ha/state status=200
[1772527618579] api request start: node=node-2 GET /ha/state
[1772527618580] api request success: node=node-2 GET /ha/state status=200
[1772527618580] api request start: node=node-3 GET /ha/state
[1772527618581] api request success: node=node-3 GET /ha/state status=200
[1772527618791] api request start: node=node-1 GET /ha/state
[1772527619130] api request success: node=node-1 GET /ha/state status=200
[1772527619130] api request start: node=node-2 GET /ha/state
[1772527619132] api request success: node=node-2 GET /ha/state status=200
[1772527619132] api request start: node=node-3 GET /ha/state
[1772527619134] api request success: node=node-3 GET /ha/state status=200
[1772527619456] api request start: node=node-1 GET /ha/state
[1772527619574] api request success: node=node-1 GET /ha/state status=200
[1772527619574] api request start: node=node-2 GET /ha/state
[1772527619577] api request success: node=node-2 GET /ha/state status=200
[1772527619577] api request start: node=node-3 GET /ha/state
[1772527619578] api request success: node=node-3 GET /ha/state status=200
[1772527619691] api request start: node=node-1 GET /ha/state
[1772527620025] api request success: node=node-1 GET /ha/state status=200
[1772527620025] api request start: node=node-2 GET /ha/state
[1772527620025] api request success: node=node-2 GET /ha/state status=200
[1772527620025] api request start: node=node-3 GET /ha/state
[1772527620026] api request success: node=node-3 GET /ha/state status=200
[1772527620246] api request start: node=node-1 GET /ha/state
[1772527620473] api request success: node=node-1 GET /ha/state status=200
[1772527620474] api request start: node=node-2 GET /ha/state
[1772527620476] api request success: node=node-2 GET /ha/state status=200
[1772527620476] api request start: node=node-3 GET /ha/state
[1772527620478] api request success: node=node-3 GET /ha/state status=200
[1772527620680] api request start: node=node-1 GET /ha/state
[1772527621002] api request success: node=node-1 GET /ha/state status=200
[1772527621002] api request start: node=node-2 GET /ha/state
[1772527621004] api request success: node=node-2 GET /ha/state status=200
[1772527621004] api request start: node=node-3 GET /ha/state
[1772527621005] api request success: node=node-3 GET /ha/state status=200
[1772527621226] api request start: node=node-1 GET /ha/state
[1772527621453] api request success: node=node-1 GET /ha/state status=200
[1772527621453] api request start: node=node-2 GET /ha/state
[1772527621454] api request success: node=node-2 GET /ha/state status=200
[1772527621454] api request start: node=node-3 GET /ha/state
[1772527621455] api request success: node=node-3 GET /ha/state status=200
[1772527621768] api request start: node=node-1 GET /ha/state
[1772527621881] api request success: node=node-1 GET /ha/state status=200
[1772527621881] api request start: node=node-2 GET /ha/state
[1772527621882] api request success: node=node-2 GET /ha/state status=200
[1772527621882] api request start: node=node-3 GET /ha/state
[1772527621883] api request success: node=node-3 GET /ha/state status=200
[1772527621988] api request start: node=node-1 GET /ha/state
[1772527622329] api request success: node=node-1 GET /ha/state status=200
[1772527622329] api request start: node=node-2 GET /ha/state
[1772527622334] api request success: node=node-2 GET /ha/state status=200
[1772527622334] api request start: node=node-3 GET /ha/state
[1772527622335] api request success: node=node-3 GET /ha/state status=200
[1772527622537] api request start: node=node-1 GET /ha/state
[1772527622891] api request success: node=node-1 GET /ha/state status=200
[1772527622891] api request start: node=node-2 GET /ha/state
[1772527622895] api request success: node=node-2 GET /ha/state status=200
[1772527622895] api request start: node=node-3 GET /ha/state
[1772527622896] api request success: node=node-3 GET /ha/state status=200
[1772527623212] api request start: node=node-1 GET /ha/state
[1772527623328] api request success: node=node-1 GET /ha/state status=200
[1772527623328] api request start: node=node-2 GET /ha/state
[1772527623330] api request success: node=node-2 GET /ha/state status=200
[1772527623330] api request start: node=node-3 GET /ha/state
[1772527623331] api request success: node=node-3 GET /ha/state status=200
[1772527623545] api request start: node=node-1 GET /ha/state
[1772527623547] api request success: node=node-1 GET /ha/state status=200
[1772527623547] api request start: node=node-2 GET /ha/state
[1772527623549] api request success: node=node-2 GET /ha/state status=200
[1772527623549] api request start: node=node-3 GET /ha/state
[1772527623550] api request success: node=node-3 GET /ha/state status=200
[1772527623660] api request start: node=node-1 GET /ha/state
[1772527623991] api request success: node=node-1 GET /ha/state status=200
[1772527623991] api request start: node=node-2 GET /ha/state
[1772527623992] api request success: node=node-2 GET /ha/state status=200
[1772527623992] api request start: node=node-3 GET /ha/state
[1772527623992] api request success: node=node-3 GET /ha/state status=200
[1772527624109] api request start: node=node-1 GET /ha/state
[1772527624571] api request success: node=node-1 GET /ha/state status=200
[1772527624572] api request start: node=node-2 GET /ha/state
[1772527624577] api request success: node=node-2 GET /ha/state status=200
[1772527624577] api request start: node=node-3 GET /ha/state
[1772527624578] api request success: node=node-3 GET /ha/state status=200
[1772527624780] api request start: node=node-1 GET /ha/state
[1772527625119] api request success: node=node-1 GET /ha/state status=200
[1772527625119] api request start: node=node-2 GET /ha/state
[1772527625121] api request success: node=node-2 GET /ha/state status=200
[1772527625121] api request start: node=node-3 GET /ha/state
[1772527625123] api request success: node=node-3 GET /ha/state status=200
[1772527625438] api request start: node=node-1 GET /ha/state
[1772527625547] api request success: node=node-1 GET /ha/state status=200
[1772527625547] api request start: node=node-2 GET /ha/state
[1772527625548] api request success: node=node-2 GET /ha/state status=200
[1772527625548] api request start: node=node-3 GET /ha/state
[1772527625548] api request success: node=node-3 GET /ha/state status=200
[1772527625873] api request start: node=node-1 GET /ha/state
[1772527626094] api request success: node=node-1 GET /ha/state status=200
[1772527626094] api request start: node=node-2 GET /ha/state
[1772527626095] api request success: node=node-2 GET /ha/state status=200
[1772527626095] api request start: node=node-3 GET /ha/state
[1772527626095] api request success: node=node-3 GET /ha/state status=200
[1772527626413] api request start: node=node-1 GET /ha/state
[1772527626417] api request success: node=node-1 GET /ha/state status=200
[1772527626417] api request start: node=node-2 GET /ha/state
[1772527626418] api request success: node=node-2 GET /ha/state status=200
[1772527626418] api request start: node=node-3 GET /ha/state
[1772527626419] api request success: node=node-3 GET /ha/state status=200
[1772527626525] api request start: node=node-1 GET /ha/state
[1772527626873] api request success: node=node-1 GET /ha/state status=200
[1772527626873] api request start: node=node-2 GET /ha/state
[1772527626875] api request success: node=node-2 GET /ha/state status=200
[1772527626875] api request start: node=node-3 GET /ha/state
[1772527626876] api request success: node=node-3 GET /ha/state status=200
[1772527627081] api request start: node=node-1 GET /ha/state
[1772527627424] api request success: node=node-1 GET /ha/state status=200
[1772527627424] api request start: node=node-2 GET /ha/state
[1772527627426] api request success: node=node-2 GET /ha/state status=200
[1772527627426] api request start: node=node-3 GET /ha/state
[1772527627427] api request success: node=node-3 GET /ha/state status=200
[1772527627754] api request start: node=node-1 GET /ha/state
[1772527627860] api request success: node=node-1 GET /ha/state status=200
[1772527627860] api request start: node=node-2 GET /ha/state
[1772527627860] api request success: node=node-2 GET /ha/state status=200
[1772527627860] api request start: node=node-3 GET /ha/state
[1772527627860] api request success: node=node-3 GET /ha/state status=200
[1772527628071] api request start: node=node-1 GET /ha/state
[1772527628404] api request success: node=node-1 GET /ha/state status=200
[1772527628404] api request start: node=node-2 GET /ha/state
[1772527628406] api request success: node=node-2 GET /ha/state status=200
[1772527628406] api request start: node=node-3 GET /ha/state
[1772527628408] api request success: node=node-3 GET /ha/state status=200
[1772527628611] api request start: node=node-1 GET /ha/state
[1772527628935] api request success: node=node-1 GET /ha/state status=200
[1772527628935] api request start: node=node-2 GET /ha/state
[1772527628938] api request success: node=node-2 GET /ha/state status=200
[1772527628938] api request start: node=node-3 GET /ha/state
[1772527628940] api request success: node=node-3 GET /ha/state status=200
[1772527629257] api request start: node=node-1 GET /ha/state
[1772527629371] api request success: node=node-1 GET /ha/state status=200
[1772527629371] api request start: node=node-2 GET /ha/state
[1772527629371] api request success: node=node-2 GET /ha/state status=200
[1772527629371] api request start: node=node-3 GET /ha/state
[1772527629372] api request success: node=node-3 GET /ha/state status=200
[1772527629692] api request start: node=node-1 GET /ha/state
[1772527629916] api request success: node=node-1 GET /ha/state status=200
[1772527629916] api request start: node=node-2 GET /ha/state
[1772527629918] api request success: node=node-2 GET /ha/state status=200
[1772527629918] api request start: node=node-3 GET /ha/state
[1772527629922] api request success: node=node-3 GET /ha/state status=200
[1772527630129] api request start: node=node-1 GET /ha/state
[1772527630462] api request success: node=node-1 GET /ha/state status=200
[1772527630462] api request start: node=node-2 GET /ha/state
[1772527630463] api request success: node=node-2 GET /ha/state status=200
[1772527630463] api request start: node=node-3 GET /ha/state
[1772527630464] api request success: node=node-3 GET /ha/state status=200
[1772527630899] api request start: node=node-1 GET /ha/state
[1772527630902] api request success: node=node-1 GET /ha/state status=200
[1772527630902] api request start: node=node-2 GET /ha/state
[1772527630903] api request success: node=node-2 GET /ha/state status=200
[1772527630903] api request start: node=node-3 GET /ha/state
[1772527630903] api request success: node=node-3 GET /ha/state status=200
[1772527631105] api request start: node=node-1 GET /ha/state
[1772527631435] api request success: node=node-1 GET /ha/state status=200
[1772527631435] api request start: node=node-2 GET /ha/state
[1772527631437] api request success: node=node-2 GET /ha/state status=200
[1772527631437] api request start: node=node-3 GET /ha/state
[1772527631439] api request success: node=node-3 GET /ha/state status=200
[1772527631645] api request start: node=node-1 GET /ha/state
[1772527631989] api request success: node=node-1 GET /ha/state status=200
[1772527631989] api request start: node=node-2 GET /ha/state
[1772527631991] api request success: node=node-2 GET /ha/state status=200
[1772527631991] api request start: node=node-3 GET /ha/state
[1772527631992] api request success: node=node-3 GET /ha/state status=200
[1772527632195] api request start: node=node-1 GET /ha/state
[1772527632535] api request success: node=node-1 GET /ha/state status=200
[1772527632535] api request start: node=node-2 GET /ha/state
[1772527632538] api request success: node=node-2 GET /ha/state status=200
[1772527632538] api request start: node=node-3 GET /ha/state
[1772527632539] api request success: node=node-3 GET /ha/state status=200
[1772527632849] api request start: node=node-1 GET /ha/state
[1772527632956] api request success: node=node-1 GET /ha/state status=200
[1772527632956] api request start: node=node-2 GET /ha/state
[1772527632957] api request success: node=node-2 GET /ha/state status=200
[1772527632957] api request start: node=node-3 GET /ha/state
[1772527632957] api request success: node=node-3 GET /ha/state status=200
[1772527633068] api request start: node=node-1 GET /ha/state
[1772527633424] api request success: node=node-1 GET /ha/state status=200
[1772527633424] api request start: node=node-2 GET /ha/state
[1772527633426] api request success: node=node-2 GET /ha/state status=200
[1772527633427] api request start: node=node-3 GET /ha/state
[1772527633429] api request success: node=node-3 GET /ha/state status=200
[1772527633651] api request start: node=node-1 GET /ha/state
[1772527633968] api request success: node=node-1 GET /ha/state status=200
[1772527633968] api request start: node=node-2 GET /ha/state
[1772527633968] api request success: node=node-2 GET /ha/state status=200
[1772527633968] api request start: node=node-3 GET /ha/state
[1772527633969] api request success: node=node-3 GET /ha/state status=200
[1772527634072] api request start: node=node-1 GET /ha/state
[1772527634420] api request success: node=node-1 GET /ha/state status=200
[1772527634420] api request start: node=node-2 GET /ha/state
[1772527634423] api request success: node=node-2 GET /ha/state status=200
[1772527634423] api request start: node=node-3 GET /ha/state
[1772527634424] api request success: node=node-3 GET /ha/state status=200
[1772527634527] api request start: node=node-1 GET /ha/state
[1772527634876] api request success: node=node-1 GET /ha/state status=200
[1772527634876] api request start: node=node-2 GET /ha/state
[1772527634879] api request success: node=node-2 GET /ha/state status=200
[1772527634879] api request start: node=node-3 GET /ha/state
[1772527634881] api request success: node=node-3 GET /ha/state status=200
[1772527635112] api request start: node=node-1 GET /ha/state
[1772527635345] api request success: node=node-1 GET /ha/state status=200
[1772527635345] api request start: node=node-2 GET /ha/state
[1772527635348] api request success: node=node-2 GET /ha/state status=200
[1772527635348] api request start: node=node-3 GET /ha/state
[1772527635349] api request success: node=node-3 GET /ha/state status=200
[1772527635566] api request start: node=node-1 GET /ha/state
[1772527635681] api request success: node=node-1 GET /ha/state status=200
[1772527635681] api request start: node=node-2 GET /ha/state
[1772527635683] api request success: node=node-2 GET /ha/state status=200
[1772527635683] api request start: node=node-3 GET /ha/state
[1772527635686] api request success: node=node-3 GET /ha/state status=200
[1772527636119] api request start: node=node-1 GET /ha/state
[1772527636223] api request success: node=node-1 GET /ha/state status=200
[1772527636223] api request start: node=node-2 GET /ha/state
[1772527636223] api request success: node=node-2 GET /ha/state status=200
[1772527636223] api request start: node=node-3 GET /ha/state
[1772527636224] api request success: node=node-3 GET /ha/state status=200
[1772527636436] api request start: node=node-1 GET /ha/state
[1772527636760] api request success: node=node-1 GET /ha/state status=200
[1772527636760] api request start: node=node-2 GET /ha/state
[1772527636767] api request success: node=node-2 GET /ha/state status=200
[1772527636767] api request start: node=node-3 GET /ha/state
[1772527636769] api request success: node=node-3 GET /ha/state status=200
[1772527637079] api request start: node=node-1 GET /ha/state
[1772527637196] api request success: node=node-1 GET /ha/state status=200
[1772527637196] api request start: node=node-2 GET /ha/state
[1772527637197] api request success: node=node-2 GET /ha/state status=200
[1772527637197] api request start: node=node-3 GET /ha/state
[1772527637198] api request success: node=node-3 GET /ha/state status=200
[1772527637406] api request start: node=node-1 GET /ha/state
[1772527637751] api request success: node=node-1 GET /ha/state status=200
[1772527637751] api request start: node=node-2 GET /ha/state
[1772527637753] api request success: node=node-2 GET /ha/state status=200
[1772527637753] api request start: node=node-3 GET /ha/state
[1772527637755] api request success: node=node-3 GET /ha/state status=200
[1772527637961] api request start: node=node-1 GET /ha/state
[1772527638290] api request success: node=node-1 GET /ha/state status=200
[1772527638290] api request start: node=node-2 GET /ha/state
[1772527638291] api request success: node=node-2 GET /ha/state status=200
[1772527638291] api request start: node=node-3 GET /ha/state
[1772527638293] api request success: node=node-3 GET /ha/state status=200
[1772527638613] api request start: node=node-1 GET /ha/state
[1772527638727] api request success: node=node-1 GET /ha/state status=200
[1772527638727] api request start: node=node-2 GET /ha/state
[1772527638728] api request success: node=node-2 GET /ha/state status=200
[1772527638728] api request start: node=node-3 GET /ha/state
[1772527638730] api request success: node=node-3 GET /ha/state status=200
[1772527638942] api request start: node=node-1 GET /ha/state
[1772527639262] api request success: node=node-1 GET /ha/state status=200
[1772527639262] api request start: node=node-2 GET /ha/state
[1772527639263] api request success: node=node-2 GET /ha/state status=200
[1772527639263] api request start: node=node-3 GET /ha/state
[1772527639264] api request success: node=node-3 GET /ha/state status=200
[1772527639469] api request start: node=node-1 GET /ha/state
[1772527639795] api request success: node=node-1 GET /ha/state status=200
[1772527639796] api request start: node=node-2 GET /ha/state
[1772527639797] api request success: node=node-2 GET /ha/state status=200
[1772527639797] api request start: node=node-3 GET /ha/state
[1772527639799] api request success: node=node-3 GET /ha/state status=200
[1772527640232] api request start: node=node-1 GET /ha/state
[1772527640237] api request success: node=node-1 GET /ha/state status=200
[1772527640238] api request start: node=node-2 GET /ha/state
[1772527640239] api request success: node=node-2 GET /ha/state status=200
[1772527640239] api request start: node=node-3 GET /ha/state
[1772527640243] api request success: node=node-3 GET /ha/state status=200
[1772527640346] api request start: node=node-1 GET /ha/state
[1772527640684] api request success: node=node-1 GET /ha/state status=200
[1772527640684] api request start: node=node-2 GET /ha/state
[1772527640685] api request success: node=node-2 GET /ha/state status=200
[1772527640685] api request start: node=node-3 GET /ha/state
[1772527640685] api request success: node=node-3 GET /ha/state status=200
[1772527640900] api request start: node=node-1 GET /ha/state
[1772527641222] api request success: node=node-1 GET /ha/state status=200
[1772527641222] api request start: node=node-2 GET /ha/state
[1772527641222] api request success: node=node-2 GET /ha/state status=200
[1772527641222] api request start: node=node-3 GET /ha/state
[1772527641223] api request success: node=node-3 GET /ha/state status=200
[1772527641538] api request start: node=node-1 GET /ha/state
[1772527641650] api request success: node=node-1 GET /ha/state status=200
[1772527641650] api request start: node=node-2 GET /ha/state
[1772527641651] api request success: node=node-2 GET /ha/state status=200
[1772527641651] api request start: node=node-3 GET /ha/state
[1772527641653] api request success: node=node-3 GET /ha/state status=200
[1772527641854] api request start: node=node-1 GET /ha/state
[1772527642184] api request success: node=node-1 GET /ha/state status=200
[1772527642184] api request start: node=node-2 GET /ha/state
[1772527642187] api request success: node=node-2 GET /ha/state status=200
[1772527642187] api request start: node=node-3 GET /ha/state
[1772527642188] api request success: node=node-3 GET /ha/state status=200
[1772527642391] api request start: node=node-1 GET /ha/state
[1772527642717] api request success: node=node-1 GET /ha/state status=200
[1772527642717] api request start: node=node-2 GET /ha/state
[1772527642719] api request success: node=node-2 GET /ha/state status=200
[1772527642719] api request start: node=node-3 GET /ha/state
[1772527642720] api request success: node=node-3 GET /ha/state status=200
[1772527643041] api request start: node=node-1 GET /ha/state
[1772527643161] api request success: node=node-1 GET /ha/state status=200
[1772527643161] api request start: node=node-2 GET /ha/state
[1772527643163] api request success: node=node-2 GET /ha/state status=200
[1772527643163] api request start: node=node-3 GET /ha/state
[1772527643164] api request success: node=node-3 GET /ha/state status=200
[1772527643376] api request start: node=node-1 GET /ha/state
[1772527643722] api request success: node=node-1 GET /ha/state status=200
[1772527643722] api request start: node=node-2 GET /ha/state
[1772527643724] api request success: node=node-2 GET /ha/state status=200
[1772527643724] api request start: node=node-3 GET /ha/state
[1772527643727] api request success: node=node-3 GET /ha/state status=200
[1772527644045] api request start: node=node-1 GET /ha/state
[1772527644050] api request success: node=node-1 GET /ha/state status=200
[1772527644050] api request start: node=node-2 GET /ha/state
[1772527644052] api request success: node=node-2 GET /ha/state status=200
[1772527644052] api request start: node=node-3 GET /ha/state
[1772527644057] api request success: node=node-3 GET /ha/state status=200
[1772527644250] api request start: node=node-1 GET /ha/state
[1772527644582] api request success: node=node-1 GET /ha/state status=200
[1772527644582] api request start: node=node-2 GET /ha/state
[1772527644584] api request success: node=node-2 GET /ha/state status=200
[1772527644584] api request start: node=node-3 GET /ha/state
[1772527644586] api request success: node=node-3 GET /ha/state status=200
[1772527644788] api request start: node=node-1 GET /ha/state
[1772527645020] api request success: node=node-1 GET /ha/state status=200
[1772527645020] api request start: node=node-2 GET /ha/state
[1772527645022] api request success: node=node-2 GET /ha/state status=200
[1772527645022] api request start: node=node-3 GET /ha/state
[1772527645024] api request success: node=node-3 GET /ha/state status=200
[1772527645231] api request start: node=node-1 GET /ha/state
[1772527645557] api request success: node=node-1 GET /ha/state status=200
[1772527645557] api request start: node=node-2 GET /ha/state
[1772527645558] api request success: node=node-2 GET /ha/state status=200
[1772527645558] api request start: node=node-3 GET /ha/state
[1772527645559] api request success: node=node-3 GET /ha/state status=200
[1772527645867] api request start: node=node-1 GET /ha/state
[1772527645998] api request success: node=node-1 GET /ha/state status=200
[1772527645999] api request start: node=node-2 GET /ha/state
[1772527645999] api request success: node=node-2 GET /ha/state status=200
[1772527645999] api request start: node=node-3 GET /ha/state
[1772527646000] api request success: node=node-3 GET /ha/state status=200
[1772527646325] api request start: node=node-1 GET /ha/state
[1772527646548] api request success: node=node-1 GET /ha/state status=200
[1772527646548] api request start: node=node-2 GET /ha/state
[1772527646549] api request success: node=node-2 GET /ha/state status=200
[1772527646549] api request start: node=node-3 GET /ha/state
[1772527646550] api request success: node=node-3 GET /ha/state status=200
[1772527646760] api request start: node=node-1 GET /ha/state
[1772527647087] api request success: node=node-1 GET /ha/state status=200
[1772527647087] api request start: node=node-2 GET /ha/state
[1772527647088] api request success: node=node-2 GET /ha/state status=200
[1772527647088] api request start: node=node-3 GET /ha/state
[1772527647090] api request success: node=node-3 GET /ha/state status=200
[1772527647401] api request start: node=node-1 GET /ha/state
[1772527647514] api request success: node=node-1 GET /ha/state status=200
[1772527647515] api request start: node=node-2 GET /ha/state
[1772527647516] api request success: node=node-2 GET /ha/state status=200
[1772527647516] api request start: node=node-3 GET /ha/state
[1772527647518] api request success: node=node-3 GET /ha/state status=200
[1772527647730] api request start: node=node-1 GET /ha/state
[1772527648068] api request success: node=node-1 GET /ha/state status=200
[1772527648068] api request start: node=node-2 GET /ha/state
[1772527648071] api request success: node=node-2 GET /ha/state status=200
[1772527648071] api request start: node=node-3 GET /ha/state
[1772527648073] api request success: node=node-3 GET /ha/state status=200
[1772527648279] api request start: node=node-1 GET /ha/state
[1772527648617] api request success: node=node-1 GET /ha/state status=200
[1772527648618] api request start: node=node-2 GET /ha/state
[1772527648621] api request success: node=node-2 GET /ha/state status=200
[1772527648621] api request start: node=node-3 GET /ha/state
[1772527648623] api request success: node=node-3 GET /ha/state status=200
[1772527648825] api request start: node=node-1 GET /ha/state
[1772527649057] api request success: node=node-1 GET /ha/state status=200
[1772527649057] api request start: node=node-2 GET /ha/state
[1772527649059] api request success: node=node-2 GET /ha/state status=200
[1772527649059] api request start: node=node-3 GET /ha/state
[1772527649061] api request success: node=node-3 GET /ha/state status=200
[1772527649378] api request start: node=node-1 GET /ha/state
[1772527649496] api request success: node=node-1 GET /ha/state status=200
[1772527649496] api request start: node=node-2 GET /ha/state
[1772527649498] api request success: node=node-2 GET /ha/state status=200
[1772527649498] api request start: node=node-3 GET /ha/state
[1772527649499] api request success: node=node-3 GET /ha/state status=200
[1772527649695] api request start: node=node-1 GET /ha/state
[1772527649814] api request success: node=node-1 GET /ha/state status=200
[1772527649814] api request start: node=node-2 GET /ha/state
[1772527649815] api request success: node=node-2 GET /ha/state status=200
[1772527649815] api request start: node=node-3 GET /ha/state
[1772527649816] api request success: node=node-3 GET /ha/state status=200
[1772527649918] api request start: node=node-1 GET /ha/state
[1772527650250] api request success: node=node-1 GET /ha/state status=200
[1772527650250] api request start: node=node-2 GET /ha/state
[1772527650251] api request success: node=node-2 GET /ha/state status=200
[1772527650251] api request start: node=node-3 GET /ha/state
[1772527650253] api request success: node=node-3 GET /ha/state status=200
[1772527650454] api request start: node=node-1 GET /ha/state
[1772527650776] api request success: node=node-1 GET /ha/state status=200
[1772527650776] api request start: node=node-2 GET /ha/state
[1772527650776] api request success: node=node-2 GET /ha/state status=200
[1772527650776] api request start: node=node-3 GET /ha/state
[1772527650777] api request success: node=node-3 GET /ha/state status=200
[1772527651103] api request start: node=node-1 GET /ha/state
[1772527651219] api request success: node=node-1 GET /ha/state status=200
[1772527651219] api request start: node=node-2 GET /ha/state
[1772527651220] api request success: node=node-2 GET /ha/state status=200
[1772527651220] api request start: node=node-3 GET /ha/state
[1772527651222] api request success: node=node-3 GET /ha/state status=200
[1772527651435] api request start: node=node-1 GET /ha/state
[1772527651771] api request success: node=node-1 GET /ha/state status=200
[1772527651771] api request start: node=node-2 GET /ha/state
[1772527651776] api request success: node=node-2 GET /ha/state status=200
[1772527651776] api request start: node=node-3 GET /ha/state
[1772527651777] api request success: node=node-3 GET /ha/state status=200
[1772527651983] api request start: node=node-1 GET /ha/state
[1772527652308] api request success: node=node-1 GET /ha/state status=200
[1772527652308] api request start: node=node-2 GET /ha/state
[1772527652309] api request success: node=node-2 GET /ha/state status=200
[1772527652309] api request start: node=node-3 GET /ha/state
[1772527652310] api request success: node=node-3 GET /ha/state status=200
[1772527652621] api request start: node=node-1 GET /ha/state
[1772527652734] api request success: node=node-1 GET /ha/state status=200
[1772527652734] api request start: node=node-2 GET /ha/state
[1772527652735] api request success: node=node-2 GET /ha/state status=200
[1772527652735] api request start: node=node-3 GET /ha/state
[1772527652736] api request success: node=node-3 GET /ha/state status=200
[1772527652838] api request start: node=node-1 GET /ha/state
[1772527652960] api request success: node=node-1 GET /ha/state status=200
[1772527652960] api request start: node=node-2 GET /ha/state
[1772527652960] api request success: node=node-2 GET /ha/state status=200
[1772527652960] api request start: node=node-3 GET /ha/state
[1772527652961] api request success: node=node-3 GET /ha/state status=200
[1772527653066] api request start: node=node-1 GET /ha/state
[1772527653406] api request success: node=node-1 GET /ha/state status=200
[1772527653407] api request start: node=node-2 GET /ha/state
[1772527653408] api request success: node=node-2 GET /ha/state status=200
[1772527653408] api request start: node=node-3 GET /ha/state
[1772527653410] api request success: node=node-3 GET /ha/state status=200
[1772527653730] api request start: node=node-1 GET /ha/state
[1772527653844] api request success: node=node-1 GET /ha/state status=200
[1772527653844] api request start: node=node-2 GET /ha/state
[1772527653845] api request success: node=node-2 GET /ha/state status=200
[1772527653845] api request start: node=node-3 GET /ha/state
[1772527653846] api request success: node=node-3 GET /ha/state status=200
[1772527654061] api request start: node=node-1 GET /ha/state
[1772527654287] api request success: node=node-1 GET /ha/state status=200
[1772527654287] api request start: node=node-2 GET /ha/state
[1772527654290] api request success: node=node-2 GET /ha/state status=200
[1772527654290] api request start: node=node-3 GET /ha/state
[1772527654292] api request success: node=node-3 GET /ha/state status=200
[1772527654498] api request start: node=node-1 GET /ha/state
[1772527654513] api request success: node=node-1 GET /ha/state status=200
[1772527654513] api request start: node=node-2 GET /ha/state
[1772527654514] api request success: node=node-2 GET /ha/state status=200
[1772527654514] api request start: node=node-3 GET /ha/state
[1772527654515] api request success: node=node-3 GET /ha/state status=200
[1772527654623] api request start: node=node-1 GET /ha/state
[1772527654639] api request success: node=node-1 GET /ha/state status=200
[1772527654639] api request start: node=node-2 GET /ha/state
[1772527654639] api request success: node=node-2 GET /ha/state status=200
[1772527654639] api request start: node=node-3 GET /ha/state
[1772527654640] api request success: node=node-3 GET /ha/state status=200
[1772527654749] api request start: node=node-1 GET /ha/state
[1772527655068] api request success: node=node-1 GET /ha/state status=200
[1772527655068] api request start: node=node-2 GET /ha/state
[1772527655069] api request success: node=node-2 GET /ha/state status=200
[1772527655069] api request start: node=node-3 GET /ha/state
[1772527655071] api request success: node=node-3 GET /ha/state status=200
[1772527655285] api request start: node=node-1 GET /ha/state
[1772527655504] api request success: node=node-1 GET /ha/state status=200
[1772527655504] api request start: node=node-2 GET /ha/state
[1772527655505] api request success: node=node-2 GET /ha/state status=200
[1772527655505] api request start: node=node-3 GET /ha/state
[1772527655508] api request success: node=node-3 GET /ha/state status=200
[1772527655823] api request start: node=node-1 GET /ha/state
[1772527655939] api request success: node=node-1 GET /ha/state status=200
[1772527655939] api request start: node=node-2 GET /ha/state
[1772527655942] api request success: node=node-2 GET /ha/state status=200
[1772527655942] api request start: node=node-3 GET /ha/state
[1772527655944] api request success: node=node-3 GET /ha/state status=200