[1772536295183] unassisted failover bootstrap: wait for stable primary
[1772536295183] api request start: node=node-1 GET /ha/state
[1772536295729] api request success: node=node-1 GET /ha/state status=200
[1772536295729] api request start: node=node-2 GET /ha/state
[1772536295732] api request success: node=node-2 GET /ha/state status=200
[1772536295733] api request start: node=node-3 GET /ha/state
[1772536295734] api request success: node=node-3 GET /ha/state status=200
[1772536295734] stable-primary poll states: node-1:WaitingDcsTrusted:leader=none, node-2:WaitingPostgresReachable:leader=node-1, node-3:WaitingPostgresReachable:leader=node-1
[1772536295933] api request start: node=node-1 GET /ha/state
[1772536296159] api request success: node=node-1 GET /ha/state status=200
[1772536296159] api request start: node=node-2 GET /ha/state
[1772536296160] api request success: node=node-2 GET /ha/state status=200
[1772536296160] api request start: node=node-3 GET /ha/state
[1772536296162] api request success: node=node-3 GET /ha/state status=200
[1772536296162] stable-primary poll states: node-1:Primary:leader=node-1, node-2:Replica:leader=node-1, node-3:WaitingPostgresReachable:leader=node-1
[1772536296266] api request start: node=node-1 GET /ha/state
[1772536296484] api request success: node=node-1 GET /ha/state status=200
[1772536296484] api request start: node=node-2 GET /ha/state
[1772536296484] api request success: node=node-2 GET /ha/state status=200
[1772536296484] api request start: node=node-3 GET /ha/state
[1772536296484] api request success: node=node-3 GET /ha/state status=200
[1772536296484] stable-primary poll states: node-1:Primary:leader=node-1, node-2:Replica:leader=node-1, node-3:Replica:leader=node-1
[1772536296913] api request start: node=node-1 GET /ha/state
[1772536296917] api request success: node=node-1 GET /ha/state status=200
[1772536296917] api request start: node=node-2 GET /ha/state
[1772536296917] api request success: node=node-2 GET /ha/state status=200
[1772536296917] api request start: node=node-3 GET /ha/state
[1772536296917] api request success: node=node-3 GET /ha/state status=200
[1772536297123] api request start: node=node-1 GET /ha/state
[1772536297345] api request success: node=node-1 GET /ha/state status=200
[1772536297345] api request start: node=node-2 GET /ha/state
[1772536297347] api request success: node=node-2 GET /ha/state status=200
[1772536297347] api request start: node=node-3 GET /ha/state
[1772536297347] api request success: node=node-3 GET /ha/state status=200
[1772536297771] api request start: node=node-1 GET /ha/state
[1772536297774] api request success: node=node-1 GET /ha/state status=200
[1772536297774] api request start: node=node-2 GET /ha/state
[1772536297775] api request success: node=node-2 GET /ha/state status=200
[1772536297775] api request start: node=node-3 GET /ha/state
[1772536297775] api request success: node=node-3 GET /ha/state status=200
[1772536297775] unassisted failover bootstrap success: primary=node-1
[1772536297775] api request start: node=node-1 GET /ha/state
[1772536297776] api request success: node=node-1 GET /ha/state status=200
[1772536297776] api request start: node=node-2 GET /ha/state
[1772536297776] api request success: node=node-2 GET /ha/state status=200
[1772536297776] api request start: node=node-3 GET /ha/state
[1772536297777] api request success: node=node-3 GET /ha/state status=200
[1772536297855] api request start: node=node-1 GET /ha/state
[1772536297856] api request success: node=node-1 GET /ha/state status=200
[1772536297856] api request start: node=node-2 GET /ha/state
[1772536297857] api request success: node=node-2 GET /ha/state status=200
[1772536297857] api request start: node=node-3 GET /ha/state
[1772536297858] api request success: node=node-3 GET /ha/state status=200
[1772536297982] api request start: node=node-1 GET /ha/state
[1772536298201] api request success: node=node-1 GET /ha/state status=200
[1772536298201] api request start: node=node-2 GET /ha/state
[1772536298202] api request success: node=node-2 GET /ha/state status=200
[1772536298202] api request start: node=node-3 GET /ha/state
[1772536298203] api request success: node=node-3 GET /ha/state status=200
[1772536298279] api request start: node=node-1 GET /ha/state
[1772536298281] api request success: node=node-1 GET /ha/state status=200
[1772536298281] api request start: node=node-2 GET /ha/state
[1772536298282] api request success: node=node-2 GET /ha/state status=200
[1772536298282] api request start: node=node-3 GET /ha/state
[1772536298282] api request success: node=node-3 GET /ha/state status=200
[1772536298530] api request start: node=node-1 GET /ha/state
[1772536298532] api request success: node=node-1 GET /ha/state status=200
[1772536298532] api request start: node=node-2 GET /ha/state
[1772536298532] api request success: node=node-2 GET /ha/state status=200
[1772536298532] api request start: node=node-3 GET /ha/state
[1772536298533] api request success: node=node-3 GET /ha/state status=200
[1772536298610] api request start: node=node-1 GET /ha/state
[1772536298611] api request success: node=node-1 GET /ha/state status=200
[1772536298611] api request start: node=node-2 GET /ha/state
[1772536298612] api request success: node=node-2 GET /ha/state status=200
[1772536298612] api request start: node=node-3 GET /ha/state
[1772536298613] api request success: node=node-3 GET /ha/state status=200
[1772536298745] api request start: node=node-1 GET /ha/state
[1772536298970] api request success: node=node-1 GET /ha/state status=200
[1772536298970] api request start: node=node-2 GET /ha/state
[1772536298971] api request success: node=node-2 GET /ha/state status=200
[1772536298971] api request start: node=node-3 GET /ha/state
[1772536298972] api request success: node=node-3 GET /ha/state status=200
[1772536299049] api request start: node=node-1 GET /ha/state
[1772536299050] api request success: node=node-1 GET /ha/state status=200
[1772536299051] api request start: node=node-2 GET /ha/state
[1772536299051] api request success: node=node-2 GET /ha/state status=200
[1772536299051] api request start: node=node-3 GET /ha/state
[1772536299052] api request success: node=node-3 GET /ha/state status=200
[1772536299290] api request start: node=node-1 GET /ha/state
[1772536299293] api request success: node=node-1 GET /ha/state status=200
[1772536299293] api request start: node=node-2 GET /ha/state
[1772536299294] api request success: node=node-2 GET /ha/state status=200
[1772536299294] api request start: node=node-3 GET /ha/state
[1772536299295] api request success: node=node-3 GET /ha/state status=200
[1772536299372] api request start: node=node-1 GET /ha/state
[1772536299374] api request success: node=node-1 GET /ha/state status=200
[1772536299374] api request start: node=node-2 GET /ha/state
[1772536299375] api request success: node=node-2 GET /ha/state status=200
[1772536299375] api request start: node=node-3 GET /ha/state
[1772536299375] api request success: node=node-3 GET /ha/state status=200
[1772536299514] api request start: node=node-1 GET /ha/state
[1772536299760] api request success: node=node-1 GET /ha/state status=200
[1772536299760] api request start: node=node-2 GET /ha/state
[1772536299761] api request success: node=node-2 GET /ha/state status=200
[1772536299761] api request start: node=node-3 GET /ha/state
[1772536299762] api request success: node=node-3 GET /ha/state status=200
[1772536299846] api request start: node=node-1 GET /ha/state
[1772536299847] api request success: node=node-1 GET /ha/state status=200
[1772536299847] api request start: node=node-2 GET /ha/state
[1772536299849] api request success: node=node-2 GET /ha/state status=200
[1772536299849] api request start: node=node-3 GET /ha/state
[1772536299849] api request success: node=node-3 GET /ha/state status=200
[1772536300091] api request start: node=node-1 GET /ha/state
[1772536300097] api request success: node=node-1 GET /ha/state status=200
[1772536300097] api request start: node=node-2 GET /ha/state
[1772536300098] api request success: node=node-2 GET /ha/state status=200
[1772536300098] api request start: node=node-3 GET /ha/state
[1772536300099] api request success: node=node-3 GET /ha/state status=200
[1772536300176] api request start: node=node-1 GET /ha/state
[1772536300179] api request success: node=node-1 GET /ha/state status=200
[1772536300179] api request start: node=node-2 GET /ha/state
[1772536300180] api request success: node=node-2 GET /ha/state status=200
[1772536300180] api request start: node=node-3 GET /ha/state
[1772536300181] api request success: node=node-3 GET /ha/state status=200
[1772536300305] api request start: node=node-1 GET /ha/state
[1772536300528] api request success: node=node-1 GET /ha/state status=200
[1772536300528] api request start: node=node-2 GET /ha/state
[1772536300529] api request success: node=node-2 GET /ha/state status=200
[1772536300529] api request start: node=node-3 GET /ha/state
[1772536300530] api request success: node=node-3 GET /ha/state status=200
[1772536300606] api request start: node=node-1 GET /ha/state
[1772536300608] api request success: node=node-1 GET /ha/state status=200
[1772536300608] api request start: node=node-2 GET /ha/state
[1772536300609] api request success: node=node-2 GET /ha/state status=200
[1772536300609] api request start: node=node-3 GET /ha/state
[1772536300610] api request success: node=node-3 GET /ha/state status=200
[1772536300736] api request start: node=node-1 GET /ha/state
[1772536300965] api request success: node=node-1 GET /ha/state status=200
[1772536300965] api request start: node=node-2 GET /ha/state
[1772536300966] api request success: node=node-2 GET /ha/state status=200
[1772536300966] api request start: node=node-3 GET /ha/state
[1772536300967] api request success: node=node-3 GET /ha/state status=200
[1772536300967] unassisted failover SQL pre-check: create table and insert pre-failure row
[1772536301051] unassisted failover SQL pre-check seeded/validated on replica=node-2
[1772536301434] unassisted failover SQL pre-check seeded/validated on replica=node-3
[1772536301434] unassisted failover SQL pre-check succeeded
[1772536301434] unassisted failover failure injection: stop postgres on node-1
[1772536301585] unassisted failover recovery: API-only polling for new stable primary
[1772536301585] api request start: node=node-1 GET /ha/state
[1772536301691] api request success: node=node-1 GET /ha/state status=200
[1772536301691] api request start: node=node-2 GET /ha/state
[1772536301692] api request success: node=node-2 GET /ha/state status=200
[1772536301692] api request start: node=node-3 GET /ha/state
[1772536301692] api request success: node=node-3 GET /ha/state status=200
[1772536301692] stable-primary poll states: node-1:Primary:leader=node-1, node-2:Replica:leader=node-1, node-3:Replica:leader=node-1
[1772536301802] api request start: node=node-1 GET /ha/state
[1772536302351] api request success: node=node-1 GET /ha/state status=200
[1772536302351] api request start: node=node-2 GET /ha/state
[1772536302352] api request success: node=node-2 GET /ha/state status=200
[1772536302352] api request start: node=node-3 GET /ha/state
[1772536302353] api request success: node=node-3 GET /ha/state status=200
[1772536302353] stable-primary poll states: node-1:Fencing:leader=node-1, node-2:Primary:leader=node-2, node-3:Replica:leader=node-2
[1772536302559] api request start: node=node-1 GET /ha/state
[1772536302890] api request success: node=node-1 GET /ha/state status=200
[1772536302890] api request start: node=node-2 GET /ha/state
[1772536302891] api request success: node=node-2 GET /ha/state status=200
[1772536302891] api request start: node=node-3 GET /ha/state
[1772536302892] api request success: node=node-3 GET /ha/state status=200
[1772536302892] stable-primary poll states: node-1:WaitingPostgresReachable:leader=node-2, node-2:Primary:leader=node-2, node-3:Replica:leader=node-2
[1772536302996] api request start: node=node-1 GET /ha/state
[1772536303320] api request success: node=node-1 GET /ha/state status=200
[1772536303320] api request start: node=node-2 GET /ha/state
[1772536303321] api request success: node=node-2 GET /ha/state status=200
[1772536303321] api request start: node=node-3 GET /ha/state
[1772536303322] api request success: node=node-3 GET /ha/state status=200
[1772536303531] api request start: node=node-1 GET /ha/state
[1772536303867] api request success: node=node-1 GET /ha/state status=200
[1772536303868] api request start: node=node-2 GET /ha/state
[1772536303869] api request success: node=node-2 GET /ha/state status=200
[1772536303869] api request start: node=node-3 GET /ha/state
[1772536303870] api request success: node=node-3 GET /ha/state status=200
[1772536304192] api request start: node=node-1 GET /ha/state
[1772536304323] api request success: node=node-1 GET /ha/state status=200
[1772536304323] api request start: node=node-2 GET /ha/state
[1772536304323] api request success: node=node-2 GET /ha/state status=200
[1772536304323] api request start: node=node-3 GET /ha/state
[1772536304323] api request success: node=node-3 GET /ha/state status=200
[1772536304323] api request start: node=node-1 GET /ha/state
[1772536304324] api request success: node=node-1 GET /ha/state status=200
[1772536304324] api request start: node=node-2 GET /ha/state
[1772536304324] api request success: node=node-2 GET /ha/state status=200
[1772536304324] api request start: node=node-3 GET /ha/state
[1772536304324] api request success: node=node-3 GET /ha/state status=200
[1772536304401] api request start: node=node-1 GET /ha/state
[1772536304402] api request success: node=node-1 GET /ha/state status=200
[1772536304402] api request start: node=node-2 GET /ha/state
[1772536304402] api request success: node=node-2 GET /ha/state status=200
[1772536304402] api request start: node=node-3 GET /ha/state
[1772536304402] api request success: node=node-3 GET /ha/state status=200
[1772536304750] api request start: node=node-1 GET /ha/state
[1772536304857] api request success: node=node-1 GET /ha/state status=200
[1772536304857] api request start: node=node-2 GET /ha/state
[1772536304858] api request success: node=node-2 GET /ha/state status=200
[1772536304858] api request start: node=node-3 GET /ha/state
[1772536304858] api request success: node=node-3 GET /ha/state status=200
[1772536304935] api request start: node=node-1 GET /ha/state
[1772536304938] api request success: node=node-1 GET /ha/state status=200
[1772536304938] api request start: node=node-2 GET /ha/state
[1772536304939] api request success: node=node-2 GET /ha/state status=200
[1772536304939] api request start: node=node-3 GET /ha/state
[1772536304941] api request success: node=node-3 GET /ha/state status=200
[1772536305293] api request start: node=node-1 GET /ha/state
[1772536305404] api request success: node=node-1 GET /ha/state status=200
[1772536305404] api request start: node=node-2 GET /ha/state
[1772536305407] api request success: node=node-2 GET /ha/state status=200
[1772536305407] api request start: node=node-3 GET /ha/state
[1772536305408] api request success: node=node-3 GET /ha/state status=200
[1772536305486] api request start: node=node-1 GET /ha/state
[1772536305489] api request success: node=node-1 GET /ha/state status=200
[1772536305489] api request start: node=node-2 GET /ha/state
[1772536305491] api request success: node=node-2 GET /ha/state status=200
[1772536305491] api request start: node=node-3 GET /ha/state
[1772536305492] api request success: node=node-3 GET /ha/state status=200
[1772536305729] api request start: node=node-1 GET /ha/state
[1772536305842] api request success: node=node-1 GET /ha/state status=200
[1772536305842] api request start: node=node-2 GET /ha/state
[1772536305843] api request success: node=node-2 GET /ha/state status=200
[1772536305843] api request start: node=node-3 GET /ha/state
[1772536305844] api request success: node=node-3 GET /ha/state status=200
[1772536305921] api request start: node=node-1 GET /ha/state
[1772536305922] api request success: node=node-1 GET /ha/state status=200
[1772536305922] api request start: node=node-2 GET /ha/state
[1772536305922] api request success: node=node-2 GET /ha/state status=200
[1772536305922] api request start: node=node-3 GET /ha/state
[1772536305923] api request success: node=node-3 GET /ha/state status=200
[1772536306052] api request start: node=node-1 GET /ha/state
[1772536306390] api request success: node=node-1 GET /ha/state status=200
[1772536306390] api request start: node=node-2 GET /ha/state
[1772536306391] api request success: node=node-2 GET /ha/state status=200
[1772536306391] api request start: node=node-3 GET /ha/state
[1772536306392] api request success: node=node-3 GET /ha/state status=200
[1772536306469] api request start: node=node-1 GET /ha/state
[1772536306471] api request success: node=node-1 GET /ha/state status=200
[1772536306471] api request start: node=node-2 GET /ha/state
[1772536306473] api request success: node=node-2 GET /ha/state status=200
[1772536306473] api request start: node=node-3 GET /ha/state
[1772536306474] api request success: node=node-3 GET /ha/state status=200
[1772536306595] api request start: node=node-1 GET /ha/state
[1772536306914] api request success: node=node-1 GET /ha/state status=200
[1772536306914] api request start: node=node-2 GET /ha/state
[1772536306915] api request success: node=node-2 GET /ha/state status=200
[1772536306915] api request start: node=node-3 GET /ha/state
[1772536306915] api request success: node=node-3 GET /ha/state status=200
[1772536306992] api request start: node=node-1 GET /ha/state
[1772536306994] api request success: node=node-1 GET /ha/state status=200
[1772536306994] api request start: node=node-2 GET /ha/state
[1772536306995] api request success: node=node-2 GET /ha/state status=200
[1772536306995] api request start: node=node-3 GET /ha/state
[1772536306996] api request success: node=node-3 GET /ha/state status=200
[1772536307241] api request start: node=node-1 GET /ha/state
[1772536307367] api request success: node=node-1 GET /ha/state status=200
[1772536307367] api request start: node=node-2 GET /ha/state
[1772536307367] api request success: node=node-2 GET /ha/state status=200
[1772536307367] api request start: node=node-3 GET /ha/state
[1772536307367] api request success: node=node-3 GET /ha/state status=200
[1772536307447] api request start: node=node-1 GET /ha/state
[1772536307449] api request success: node=node-1 GET /ha/state status=200
[1772536307449] api request start: node=node-2 GET /ha/state
[1772536307451] api request success: node=node-2 GET /ha/state status=200
[1772536307451] api request start: node=node-3 GET /ha/state
[1772536307452] api request success: node=node-3 GET /ha/state status=200
[1772536307696] api request start: node=node-1 GET /ha/state
[1772536307810] api request success: node=node-1 GET /ha/state status=200
[1772536307810] api request start: node=node-2 GET /ha/state
[1772536307812] api request success: node=node-2 GET /ha/state status=200
[1772536307812] api request start: node=node-3 GET /ha/state
[1772536307812] api request success: node=node-3 GET /ha/state status=200
[1772536307890] api request start: node=node-1 GET /ha/state
[1772536307893] api request success: node=node-1 GET /ha/state status=200
[1772536307893] api request start: node=node-2 GET /ha/state
[1772536307894] api request success: node=node-2 GET /ha/state status=200
[1772536307894] api request start: node=node-3 GET /ha/state
[1772536307895] api request success: node=node-3 GET /ha/state status=200
[1772536308015] api request start: node=node-1 GET /ha/state
[1772536308338] api request success: node=node-1 GET /ha/state status=200
[1772536308338] api request start: node=node-2 GET /ha/state
[1772536308339] api request success: node=node-2 GET /ha/state status=200
[1772536308339] api request start: node=node-3 GET /ha/state
[1772536308340] api request success: node=node-3 GET /ha/state status=200
[1772536308416] api request start: node=node-1 GET /ha/state
[1772536308418] api request success: node=node-1 GET /ha/state status=200
[1772536308418] api request start: node=node-2 GET /ha/state
[1772536308420] api request success: node=node-2 GET /ha/state status=200
[1772536308420] api request start: node=node-3 GET /ha/state
[1772536308422] api request success: node=node-3 GET /ha/state status=200
[1772536308762] api request start: node=node-1 GET /ha/state
[1772536308873] api request success: node=node-1 GET /ha/state status=200
[1772536308873] api request start: node=node-2 GET /ha/state
[1772536308875] api request success: node=node-2 GET /ha/state status=200
[1772536308875] api request start: node=node-3 GET /ha/state
[1772536308877] api request success: node=node-3 GET /ha/state status=200
[1772536308956] api request start: node=node-1 GET /ha/state
[1772536308959] api request success: node=node-1 GET /ha/state status=200
[1772536308959] api request start: node=node-2 GET /ha/state
[1772536308961] api request success: node=node-2 GET /ha/state status=200
[1772536308961] api request start: node=node-3 GET /ha/state
[1772536308963] api request success: node=node-3 GET /ha/state status=200
[1772536309186] api request start: node=node-1 GET /ha/state
[1772536309303] api request success: node=node-1 GET /ha/state status=200
[1772536309303] api request start: node=node-2 GET /ha/state
[1772536309304] api request success: node=node-2 GET /ha/state status=200
[1772536309304] api request start: node=node-3 GET /ha/state
[1772536309305] api request success: node=node-3 GET /ha/state status=200
[1772536309381] api request start: node=node-1 GET /ha/state
[1772536309383] api request success: node=node-1 GET /ha/state status=200
[1772536309383] api request start: node=node-2 GET /ha/state
[1772536309384] api request success: node=node-2 GET /ha/state status=200
[1772536309384] api request start: node=node-3 GET /ha/state
[1772536309384] api request success: node=node-3 GET /ha/state status=200
[1772536309384] unassisted failover recovery success: former_primary=node-1, new_primary=node-2
[1772536309384] phase history evidence: node-1:Fencing|Primary|WaitingDcsTrusted|WaitingPostgresReachable,node-2:Primary|Replica|WaitingPostgresReachable,node-3:Replica|WaitingPostgresReachable
[1772536309384] unassisted failover SQL post-check: insert post-failure row
[1772536309840] unassisted failover SQL continuity proof succeeded