[1772536732106] scenario bootstrap/election: wait for single primary
[1772536732106] api request start: node=node-1 GET /ha/state
[1772536732156] api request success: node=node-1 GET /ha/state status=200
[1772536732156] api request start: node=node-2 GET /ha/state
[1772536732157] api request success: node=node-2 GET /ha/state status=200
[1772536732157] api request start: node=node-3 GET /ha/state
[1772536732157] api request success: node=node-3 GET /ha/state status=200
[1772536732157] bootstrap/election success: primary=node-1
[1772536732157] api request start: node=node-1 GET /ha/state
[1772536732157] api request success: node=node-1 GET /ha/state status=200
[1772536732157] api request start: node=node-2 GET /ha/state
[1772536732158] api request success: node=node-2 GET /ha/state status=200
[1772536732158] api request start: node=node-3 GET /ha/state
[1772536732158] api request success: node=node-3 GET /ha/state status=200
[1772536732261] api request start: node=node-1 GET /ha/state
[1772536732586] api request success: node=node-1 GET /ha/state status=200
[1772536732586] api request start: node=node-2 GET /ha/state
[1772536732587] api request success: node=node-2 GET /ha/state status=200
[1772536732587] api request start: node=node-3 GET /ha/state
[1772536732589] api request success: node=node-3 GET /ha/state status=200
[1772536732665] api request start: node=node-1 GET /ha/state
[1772536732666] api request success: node=node-1 GET /ha/state status=200
[1772536732666] api request start: node=node-2 GET /ha/state
[1772536732667] api request success: node=node-2 GET /ha/state status=200
[1772536732667] api request start: node=node-3 GET /ha/state
[1772536732668] api request success: node=node-3 GET /ha/state status=200
[1772536732792] api request start: node=node-1 GET /ha/state
[1772536733010] api request success: node=node-1 GET /ha/state status=200
[1772536733010] api request start: node=node-2 GET /ha/state
[1772536733011] api request success: node=node-2 GET /ha/state status=200
[1772536733011] api request start: node=node-3 GET /ha/state
[1772536733011] api request success: node=node-3 GET /ha/state status=200
[1772536733087] api request start: node=node-1 GET /ha/state
[1772536733088] api request success: node=node-1 GET /ha/state status=200
[1772536733088] api request start: node=node-2 GET /ha/state
[1772536733088] api request success: node=node-2 GET /ha/state status=200
[1772536733088] api request start: node=node-3 GET /ha/state
[1772536733088] api request success: node=node-3 GET /ha/state status=200
[1772536733440] api request start: node=node-1 GET /ha/state
[1772536733443] api request success: node=node-1 GET /ha/state status=200
[1772536733443] api request start: node=node-2 GET /ha/state
[1772536733444] api request success: node=node-2 GET /ha/state status=200
[1772536733445] api request start: node=node-3 GET /ha/state
[1772536733445] api request success: node=node-3 GET /ha/state status=200
[1772536733535] api request start: node=node-1 GET /ha/state
[1772536733535] api request success: node=node-1 GET /ha/state status=200
[1772536733535] api request start: node=node-2 GET /ha/state
[1772536733535] api request success: node=node-2 GET /ha/state status=200
[1772536733536] api request start: node=node-3 GET /ha/state
[1772536733536] api request success: node=node-3 GET /ha/state status=200
[1772536733766] api request start: node=node-1 GET /ha/state
[1772536733778] api request success: node=node-1 GET /ha/state status=200
[1772536733778] api request start: node=node-2 GET /ha/state
[1772536733779] api request success: node=node-2 GET /ha/state status=200
[1772536733779] api request start: node=node-3 GET /ha/state
[1772536733779] api request success: node=node-3 GET /ha/state status=200
[1772536733855] api request start: node=node-1 GET /ha/state
[1772536733857] api request success: node=node-1 GET /ha/state status=200
[1772536733857] api request start: node=node-2 GET /ha/state
[1772536733859] api request success: node=node-2 GET /ha/state status=200
[1772536733859] api request start: node=node-3 GET /ha/state
[1772536733860] api request success: node=node-3 GET /ha/state status=200
[1772536733980] api request start: node=node-1 GET /ha/state
[1772536734208] api request success: node=node-1 GET /ha/state status=200
[1772536734208] api request start: node=node-2 GET /ha/state
[1772536734209] api request success: node=node-2 GET /ha/state status=200
[1772536734209] api request start: node=node-3 GET /ha/state
[1772536734209] api request success: node=node-3 GET /ha/state status=200
[1772536734291] api request start: node=node-1 GET /ha/state
[1772536734293] api request success: node=node-1 GET /ha/state status=200
[1772536734293] api request start: node=node-2 GET /ha/state
[1772536734294] api request success: node=node-2 GET /ha/state status=200
[1772536734294] api request start: node=node-3 GET /ha/state
[1772536734294] api request success: node=node-3 GET /ha/state status=200
[1772536734419] api request start: node=node-1 GET /ha/state
[1772536734629] api request success: node=node-1 GET /ha/state status=200
[1772536734629] api request start: node=node-2 GET /ha/state
[1772536734629] api request success: node=node-2 GET /ha/state status=200
[1772536734629] api request start: node=node-3 GET /ha/state
[1772536734630] api request success: node=node-3 GET /ha/state status=200
[1772536734707] api request start: node=node-1 GET /ha/state
[1772536734707] api request success: node=node-1 GET /ha/state status=200
[1772536734707] api request start: node=node-2 GET /ha/state
[1772536734707] api request success: node=node-2 GET /ha/state status=200
[1772536734707] api request start: node=node-3 GET /ha/state
[1772536734708] api request success: node=node-3 GET /ha/state status=200
[1772536735070] api request start: node=node-1 GET /ha/state
[1772536735075] api request success: node=node-1 GET /ha/state status=200
[1772536735075] api request start: node=node-2 GET /ha/state
[1772536735075] api request success: node=node-2 GET /ha/state status=200
[1772536735075] api request start: node=node-3 GET /ha/state
[1772536735077] api request success: node=node-3 GET /ha/state status=200
[1772536735155] api request start: node=node-1 GET /ha/state
[1772536735157] api request success: node=node-1 GET /ha/state status=200
[1772536735157] api request start: node=node-2 GET /ha/state
[1772536735158] api request success: node=node-2 GET /ha/state status=200
[1772536735158] api request start: node=node-3 GET /ha/state
[1772536735159] api request success: node=node-3 GET /ha/state status=200
[1772536735159] scenario planned switchover: submit request through API endpoint
[1772536735159] api request start: node=node-1 POST /switchover
[1772536735179] api request success: node=node-1 POST /switchover status=202
[1772536735179] api request start: node=node-1 GET /ha/state
[1772536736072] api request success: node=node-1 GET /ha/state status=200
[1772536736072] api request start: node=node-2 GET /ha/state
[1772536736082] api request success: node=node-2 GET /ha/state status=200
[1772536736082] api request start: node=node-3 GET /ha/state
[1772536736084] api request success: node=node-3 GET /ha/state status=200
[1772536736084] planned switchover success: old_primary=node-1, new_primary=node-3
[1772536736084] scenario split-brain prevention: ensure no dual primary after switchover
[1772536736084] api request start: node=node-1 GET /ha/state
[1772536736085] api request success: node=node-1 GET /ha/state status=200
[1772536736085] api request start: node=node-2 GET /ha/state
[1772536736086] api request success: node=node-2 GET /ha/state status=200
[1772536736086] api request start: node=node-3 GET /ha/state
[1772536736087] api request success: node=node-3 GET /ha/state status=200
[1772536736167] api request start: node=node-1 GET /ha/state
[1772536736169] api request success: node=node-1 GET /ha/state status=200
[1772536736169] api request start: node=node-2 GET /ha/state
[1772536736171] api request success: node=node-2 GET /ha/state status=200
[1772536736171] api request start: node=node-3 GET /ha/state
[1772536736402] api request success: node=node-3 GET /ha/state status=200
[1772536736485] api request start: node=node-1 GET /ha/state
[1772536736488] api request success: node=node-1 GET /ha/state status=200
[1772536736488] api request start: node=node-2 GET /ha/state
[1772536736489] api request success: node=node-2 GET /ha/state status=200
[1772536736489] api request start: node=node-3 GET /ha/state
[1772536736490] api request success: node=node-3 GET /ha/state status=200
[1772536736615] api request start: node=node-1 GET /ha/state
[1772536736945] api request success: node=node-1 GET /ha/state status=200
[1772536736945] api request start: node=node-2 GET /ha/state
[1772536736947] api request success: node=node-2 GET /ha/state status=200
[1772536736947] api request start: node=node-3 GET /ha/state
[1772536736948] api request success: node=node-3 GET /ha/state status=200
[1772536737024] api request start: node=node-1 GET /ha/state
[1772536737027] api request success: node=node-1 GET /ha/state status=200
[1772536737027] api request start: node=node-2 GET /ha/state
[1772536737029] api request success: node=node-2 GET /ha/state status=200
[1772536737029] api request start: node=node-3 GET /ha/state
[1772536737031] api request success: node=node-3 GET /ha/state status=200
[1772536737154] api request start: node=node-1 GET /ha/state
[1772536737480] api request success: node=node-1 GET /ha/state status=200
[1772536737480] api request start: node=node-2 GET /ha/state
[1772536737481] api request success: node=node-2 GET /ha/state status=200
[1772536737481] api request start: node=node-3 GET /ha/state
[1772536737481] api request success: node=node-3 GET /ha/state status=200
[1772536737557] api request start: node=node-1 GET /ha/state
[1772536737559] api request success: node=node-1 GET /ha/state status=200
[1772536737559] api request start: node=node-2 GET /ha/state
[1772536737560] api request success: node=node-2 GET /ha/state status=200
[1772536737560] api request start: node=node-3 GET /ha/state
[1772536737560] api request success: node=node-3 GET /ha/state status=200
[1772536737798] api request start: node=node-1 GET /ha/state
[1772536737914] api request success: node=node-1 GET /ha/state status=200
[1772536737914] api request start: node=node-2 GET /ha/state
[1772536737915] api request success: node=node-2 GET /ha/state status=200
[1772536737915] api request start: node=node-3 GET /ha/state
[1772536737915] api request success: node=node-3 GET /ha/state status=200
[1772536737993] api request start: node=node-1 GET /ha/state
[1772536737994] api request success: node=node-1 GET /ha/state status=200
[1772536737994] api request start: node=node-2 GET /ha/state
[1772536737995] api request success: node=node-2 GET /ha/state status=200
[1772536737995] api request start: node=node-3 GET /ha/state
[1772536737995] api request success: node=node-3 GET /ha/state status=200
[1772536738119] api request start: node=node-1 GET /ha/state
[1772536738246] api request success: node=node-1 GET /ha/state status=200
[1772536738246] api request start: node=node-2 GET /ha/state
[1772536738246] api request success: node=node-2 GET /ha/state status=200
[1772536738246] api request start: node=node-3 GET /ha/state
[1772536738246] api request success: node=node-3 GET /ha/state status=200
[1772536738324] api request start: node=node-1 GET /ha/state
[1772536738326] api request success: node=node-1 GET /ha/state status=200
[1772536738326] api request start: node=node-2 GET /ha/state
[1772536738328] api request success: node=node-2 GET /ha/state status=200
[1772536738329] api request start: node=node-3 GET /ha/state
[1772536738332] api request success: node=node-3 GET /ha/state status=200
[1772536738570] api request start: node=node-1 GET /ha/state
[1772536738680] api request success: node=node-1 GET /ha/state status=200
[1772536738680] api request start: node=node-2 GET /ha/state
[1772536738681] api request success: node=node-2 GET /ha/state status=200
[1772536738681] api request start: node=node-3 GET /ha/state
[1772536738681] api request success: node=node-3 GET /ha/state status=200
[1772536738757] api request start: node=node-1 GET /ha/state
[1772536738758] api request success: node=node-1 GET /ha/state status=200
[1772536738758] api request start: node=node-2 GET /ha/state
[1772536738759] api request success: node=node-2 GET /ha/state status=200
[1772536738759] api request start: node=node-3 GET /ha/state
[1772536738759] api request success: node=node-3 GET /ha/state status=200
[1772536739117] api request start: node=node-1 GET /ha/state
[1772536739119] api request success: node=node-1 GET /ha/state status=200
[1772536739119] api request start: node=node-2 GET /ha/state
[1772536739120] api request success: node=node-2 GET /ha/state status=200
[1772536739120] api request start: node=node-3 GET /ha/state
[1772536739120] api request success: node=node-3 GET /ha/state status=200
[1772536739197] api request start: node=node-1 GET /ha/state
[1772536739199] api request success: node=node-1 GET /ha/state status=200
[1772536739199] api request start: node=node-2 GET /ha/state
[1772536739200] api request success: node=node-2 GET /ha/state status=200
[1772536739200] api request start: node=node-3 GET /ha/state
[1772536739201] api request success: node=node-3 GET /ha/state status=200
[1772536739333] api request start: node=node-1 GET /ha/state
[1772536739663] api request success: node=node-1 GET /ha/state status=200
[1772536739663] api request start: node=node-2 GET /ha/state
[1772536739664] api request success: node=node-2 GET /ha/state status=200
[1772536739664] api request start: node=node-3 GET /ha/state
[1772536739665] api request success: node=node-3 GET /ha/state status=200
[1772536739744] api request start: node=node-1 GET /ha/state
[1772536739747] api request success: node=node-1 GET /ha/state status=200
[1772536739747] api request start: node=node-2 GET /ha/state
[1772536739749] api request success: node=node-2 GET /ha/state status=200
[1772536739749] api request start: node=node-3 GET /ha/state
[1772536739750] api request success: node=node-3 GET /ha/state status=200
[1772536739981] api request start: node=node-1 GET /ha/state
[1772536740091] api request success: node=node-1 GET /ha/state status=200
[1772536740091] api request start: node=node-2 GET /ha/state
[1772536740092] api request success: node=node-2 GET /ha/state status=200
[1772536740092] api request start: node=node-3 GET /ha/state
[1772536740093] api request success: node=node-3 GET /ha/state status=200
[1772536740169] api request start: node=node-1 GET /ha/state
[1772536740171] api request success: node=node-1 GET /ha/state status=200
[1772536740171] api request start: node=node-2 GET /ha/state
[1772536740173] api request success: node=node-2 GET /ha/state status=200
[1772536740173] api request start: node=node-3 GET /ha/state
[1772536740174] api request success: node=node-3 GET /ha/state status=200
[1772536740410] api request start: node=node-1 GET /ha/state
[1772536740411] api request success: node=node-1 GET /ha/state status=200
[1772536740411] api request start: node=node-2 GET /ha/state
[1772536740411] api request success: node=node-2 GET /ha/state status=200
[1772536740411] api request start: node=node-3 GET /ha/state
[1772536740411] api request success: node=node-3 GET /ha/state status=200
[1772536740487] api request start: node=node-1 GET /ha/state
[1772536740489] api request success: node=node-1 GET /ha/state status=200
[1772536740489] api request start: node=node-2 GET /ha/state
[1772536740490] api request success: node=node-2 GET /ha/state status=200
[1772536740490] api request start: node=node-3 GET /ha/state
[1772536740490] api request success: node=node-3 GET /ha/state status=200
[1772536740834] api request start: node=node-1 GET /ha/state
[1772536740949] api request success: node=node-1 GET /ha/state status=200
[1772536740950] api request start: node=node-2 GET /ha/state
[1772536740951] api request success: node=node-2 GET /ha/state status=200
[1772536740951] api request start: node=node-3 GET /ha/state
[1772536740951] api request success: node=node-3 GET /ha/state status=200
[1772536741028] api request start: node=node-1 GET /ha/state
[1772536741030] api request success: node=node-1 GET /ha/state status=200
[1772536741030] api request start: node=node-2 GET /ha/state
[1772536741031] api request success: node=node-2 GET /ha/state status=200
[1772536741031] api request start: node=node-3 GET /ha/state
[1772536741032] api request success: node=node-3 GET /ha/state status=200
[1772536741163] api request start: node=node-1 GET /ha/state
[1772536741499] api request success: node=node-1 GET /ha/state status=200
[1772536741499] api request start: node=node-2 GET /ha/state
[1772536741503] api request success: node=node-2 GET /ha/state status=200
[1772536741503] api request start: node=node-3 GET /ha/state
[1772536741505] api request success: node=node-3 GET /ha/state status=200
[1772536741505] scenario no-quorum fail-safe: shutdown etcd majority (2/3)
[1772536761598] no-quorum setup: stopped etcd members=etcd-a,etcd-b
[1772536761598] api request start: node=node-1 GET /ha/state
[1772536771935] api request success: node=node-1 GET /ha/state status=200
[1772536771935] api request start: node=node-2 GET /ha/state
[1772536788105] api request success: node=node-2 GET /ha/state status=200
[1772536788105] api request start: node=node-3 GET /ha/state
[1772536804469] api request success: node=node-3 GET /ha/state status=200
[1772536804469] no-quorum fail-safe observed on all nodes