[1772531757759] scenario bootstrap/election: wait for single primary
[1772531757759] api request start: node=node-1 GET /ha/state
[1772531758181] api request success: node=node-1 GET /ha/state status=200
[1772531758181] api request start: node=node-2 GET /ha/state
[1772531758182] api request success: node=node-2 GET /ha/state status=200
[1772531758182] api request start: node=node-3 GET /ha/state
[1772531758182] api request success: node=node-3 GET /ha/state status=200
[1772531758182] bootstrap/election success: primary=node-1
[1772531758182] api request start: node=node-1 GET /ha/state
[1772531758182] api request success: node=node-1 GET /ha/state status=200
[1772531758182] api request start: node=node-2 GET /ha/state
[1772531758183] api request success: node=node-2 GET /ha/state status=200
[1772531758183] api request start: node=node-3 GET /ha/state
[1772531758183] api request success: node=node-3 GET /ha/state status=200
[1772531758260] api request start: node=node-1 GET /ha/state
[1772531758261] api request success: node=node-1 GET /ha/state status=200
[1772531758261] api request start: node=node-2 GET /ha/state
[1772531758261] api request success: node=node-2 GET /ha/state status=200
[1772531758261] api request start: node=node-3 GET /ha/state
[1772531758261] api request success: node=node-3 GET /ha/state status=200
[1772531758386] api request start: node=node-1 GET /ha/state
[1772531758607] api request success: node=node-1 GET /ha/state status=200
[1772531758608] api request start: node=node-2 GET /ha/state
[1772531758608] api request success: node=node-2 GET /ha/state status=200
[1772531758608] api request start: node=node-3 GET /ha/state
[1772531758609] api request success: node=node-3 GET /ha/state status=200
[1772531758685] api request start: node=node-1 GET /ha/state
[1772531758687] api request success: node=node-1 GET /ha/state status=200
[1772531758687] api request start: node=node-2 GET /ha/state
[1772531758687] api request success: node=node-2 GET /ha/state status=200
[1772531758687] api request start: node=node-3 GET /ha/state
[1772531758688] api request success: node=node-3 GET /ha/state status=200
[1772531758813] api request start: node=node-1 GET /ha/state
[1772531759031] api request success: node=node-1 GET /ha/state status=200
[1772531759031] api request start: node=node-2 GET /ha/state
[1772531759032] api request success: node=node-2 GET /ha/state status=200
[1772531759032] api request start: node=node-3 GET /ha/state
[1772531759033] api request success: node=node-3 GET /ha/state status=200
[1772531759110] api request start: node=node-1 GET /ha/state
[1772531759112] api request success: node=node-1 GET /ha/state status=200
[1772531759112] api request start: node=node-2 GET /ha/state
[1772531759113] api request success: node=node-2 GET /ha/state status=200
[1772531759113] api request start: node=node-3 GET /ha/state
[1772531759114] api request success: node=node-3 GET /ha/state status=200
[1772531759236] api request start: node=node-1 GET /ha/state
[1772531759456] api request success: node=node-1 GET /ha/state status=200
[1772531759456] api request start: node=node-2 GET /ha/state
[1772531759457] api request success: node=node-2 GET /ha/state status=200
[1772531759457] api request start: node=node-3 GET /ha/state
[1772531759458] api request success: node=node-3 GET /ha/state status=200
[1772531759545] api request start: node=node-1 GET /ha/state
[1772531759547] api request success: node=node-1 GET /ha/state status=200
[1772531759547] api request start: node=node-2 GET /ha/state
[1772531759547] api request success: node=node-2 GET /ha/state status=200
[1772531759547] api request start: node=node-3 GET /ha/state
[1772531759548] api request success: node=node-3 GET /ha/state status=200
[1772531759662] api request start: node=node-1 GET /ha/state
[1772531759881] api request success: node=node-1 GET /ha/state status=200
[1772531759881] api request start: node=node-2 GET /ha/state
[1772531759882] api request success: node=node-2 GET /ha/state status=200
[1772531759882] api request start: node=node-3 GET /ha/state
[1772531759883] api request success: node=node-3 GET /ha/state status=200
[1772531759960] api request start: node=node-1 GET /ha/state
[1772531759961] api request success: node=node-1 GET /ha/state status=200
[1772531759961] api request start: node=node-2 GET /ha/state
[1772531759961] api request success: node=node-2 GET /ha/state status=200
[1772531759961] api request start: node=node-3 GET /ha/state
[1772531759962] api request success: node=node-3 GET /ha/state status=200
[1772531760202] api request start: node=node-1 GET /ha/state
[1772531760207] api request success: node=node-1 GET /ha/state status=200
[1772531760207] api request start: node=node-2 GET /ha/state
[1772531760208] api request success: node=node-2 GET /ha/state status=200
[1772531760208] api request start: node=node-3 GET /ha/state
[1772531760208] api request success: node=node-3 GET /ha/state status=200
[1772531760285] api request start: node=node-1 GET /ha/state
[1772531760286] api request success: node=node-1 GET /ha/state status=200
[1772531760286] api request start: node=node-2 GET /ha/state
[1772531760287] api request success: node=node-2 GET /ha/state status=200
[1772531760287] api request start: node=node-3 GET /ha/state
[1772531760287] api request success: node=node-3 GET /ha/state status=200
[1772531760413] api request start: node=node-1 GET /ha/state
[1772531760641] api request success: node=node-1 GET /ha/state status=200
[1772531760641] api request start: node=node-2 GET /ha/state
[1772531760642] api request success: node=node-2 GET /ha/state status=200
[1772531760642] api request start: node=node-3 GET /ha/state
[1772531760642] api request success: node=node-3 GET /ha/state status=200
[1772531760718] api request start: node=node-1 GET /ha/state
[1772531760720] api request success: node=node-1 GET /ha/state status=200
[1772531760720] api request start: node=node-2 GET /ha/state
[1772531760721] api request success: node=node-2 GET /ha/state status=200
[1772531760721] api request start: node=node-3 GET /ha/state
[1772531760721] api request success: node=node-3 GET /ha/state status=200
[1772531760836] api request start: node=node-1 GET /ha/state
[1772531761058] api request success: node=node-1 GET /ha/state status=200
[1772531761058] api request start: node=node-2 GET /ha/state
[1772531761058] api request success: node=node-2 GET /ha/state status=200
[1772531761058] api request start: node=node-3 GET /ha/state
[1772531761058] api request success: node=node-3 GET /ha/state status=200
[1772531761134] api request start: node=node-1 GET /ha/state
[1772531761135] api request success: node=node-1 GET /ha/state status=200
[1772531761135] api request start: node=node-2 GET /ha/state
[1772531761136] api request success: node=node-2 GET /ha/state status=200
[1772531761136] api request start: node=node-3 GET /ha/state
[1772531761136] api request success: node=node-3 GET /ha/state status=200
[1772531761263] api request start: node=node-1 GET /ha/state
[1772531761373] api request success: node=node-1 GET /ha/state status=200
[1772531761373] api request start: node=node-2 GET /ha/state
[1772531761373] api request success: node=node-2 GET /ha/state status=200
[1772531761373] api request start: node=node-3 GET /ha/state
[1772531761374] api request success: node=node-3 GET /ha/state status=200
[1772531761374] scenario planned switchover: submit request through API endpoint
[1772531761374] api request start: node=node-1 POST /switchover
[1772531761476] api request success: node=node-1 POST /switchover status=202
[1772531761476] api request start: node=node-1 GET /ha/state
[1772531761908] api request success: node=node-1 GET /ha/state status=200
[1772531761908] api request start: node=node-2 GET /ha/state
[1772531761908] api request success: node=node-2 GET /ha/state status=200
[1772531761908] api request start: node=node-3 GET /ha/state
[1772531761909] api request success: node=node-3 GET /ha/state status=200
[1772531761909] planned switchover success: old_primary=node-1, new_primary=node-2
[1772531761909] scenario split-brain prevention: ensure no dual primary after switchover
[1772531761909] api request start: node=node-1 GET /ha/state
[1772531761909] api request success: node=node-1 GET /ha/state status=200
[1772531761909] api request start: node=node-2 GET /ha/state
[1772531761910] api request success: node=node-2 GET /ha/state status=200
[1772531761910] api request start: node=node-3 GET /ha/state
[1772531761910] api request success: node=node-3 GET /ha/state status=200
[1772531761987] api request start: node=node-1 GET /ha/state
[1772531761988] api request success: node=node-1 GET /ha/state status=200
[1772531761988] api request start: node=node-2 GET /ha/state
[1772531761989] api request success: node=node-2 GET /ha/state status=200
[1772531761989] api request start: node=node-3 GET /ha/state
[1772531761989] api request success: node=node-3 GET /ha/state status=200
[1772531762344] api request start: node=node-1 GET /ha/state
[1772531762454] api request success: node=node-1 GET /ha/state status=200
[1772531762454] api request start: node=node-2 GET /ha/state
[1772531762455] api request success: node=node-2 GET /ha/state status=200
[1772531762455] api request start: node=node-3 GET /ha/state
[1772531762455] api request success: node=node-3 GET /ha/state status=200
[1772531762534] api request start: node=node-1 GET /ha/state
[1772531762536] api request success: node=node-1 GET /ha/state status=200
[1772531762536] api request start: node=node-2 GET /ha/state
[1772531762537] api request success: node=node-2 GET /ha/state status=200
[1772531762537] api request start: node=node-3 GET /ha/state
[1772531762537] api request success: node=node-3 GET /ha/state status=200
[1772531762789] api request start: node=node-1 GET /ha/state
[1772531763100] api request success: node=node-1 GET /ha/state status=200
[1772531763100] api request start: node=node-2 GET /ha/state
[1772531763423] api request success: node=node-2 GET /ha/state status=200
[1772531763423] api request start: node=node-3 GET /ha/state
[1772531763747] api request success: node=node-3 GET /ha/state status=200
[1772531763824] api request start: node=node-1 GET /ha/state
[1772531763825] api request success: node=node-1 GET /ha/state status=200
[1772531763826] api request start: node=node-2 GET /ha/state
[1772531763826] api request success: node=node-2 GET /ha/state status=200
[1772531763826] api request start: node=node-3 GET /ha/state
[1772531763827] api request success: node=node-3 GET /ha/state status=200
[1772531764063] api request start: node=node-1 GET /ha/state
[1772531764397] api request success: node=node-1 GET /ha/state status=200
[1772531764397] api request start: node=node-2 GET /ha/state
[1772531764723] api request success: node=node-2 GET /ha/state status=200
[1772531764723] api request start: node=node-3 GET /ha/state
[1772531765173] api request success: node=node-3 GET /ha/state status=200
[1772531765250] api request start: node=node-1 GET /ha/state
[1772531765254] api request success: node=node-1 GET /ha/state status=200
[1772531765254] api request start: node=node-2 GET /ha/state
[1772531765255] api request success: node=node-2 GET /ha/state status=200
[1772531765255] api request start: node=node-3 GET /ha/state
[1772531765256] api request success: node=node-3 GET /ha/state status=200
[1772531765483] api request start: node=node-1 GET /ha/state
[1772531765810] api request success: node=node-1 GET /ha/state status=200
[1772531765811] api request start: node=node-2 GET /ha/state
[1772531766133] api request success: node=node-2 GET /ha/state status=200
[1772531766133] api request start: node=node-3 GET /ha/state
[1772531766549] api request success: node=node-3 GET /ha/state status=200
[1772531766627] api request start: node=node-1 GET /ha/state
[1772531766628] api request success: node=node-1 GET /ha/state status=200
[1772531766629] api request start: node=node-2 GET /ha/state
[1772531766629] api request success: node=node-2 GET /ha/state status=200
[1772531766629] api request start: node=node-3 GET /ha/state
[1772531766630] api request success: node=node-3 GET /ha/state status=200
[1772531766975] api request start: node=node-1 GET /ha/state
[1772531767188] api request success: node=node-1 GET /ha/state status=200
[1772531767188] api request start: node=node-2 GET /ha/state
[1772531767188] api request success: node=node-2 GET /ha/state status=200
[1772531767188] api request start: node=node-3 GET /ha/state
[1772531767189] api request success: node=node-3 GET /ha/state status=200
[1772531767189] scenario no-quorum fail-safe: shutdown etcd majority (2/3)
[1772531778958] no-quorum setup: stopped etcd members=etcd-a,etcd-b
[1772531778958] api request start: node=node-1 GET /ha/state
[1772531789190] api request success: node=node-1 GET /ha/state status=200
[1772531789190] api request start: node=node-2 GET /ha/state
[1772531799607] api request success: node=node-2 GET /ha/state status=200
[1772531799608] api request start: node=node-3 GET /ha/state
[1772531825569] api request success: node=node-3 GET /ha/state status=200
[1772531825570] no-quorum fail-safe observed on all nodes