[1772531513354] unassisted failover bootstrap: wait for stable primary
[1772531513354] api request start: node=node-1 GET /ha/state
[1772531513412] api request success: node=node-1 GET /ha/state status=200
[1772531513412] api request start: node=node-2 GET /ha/state
[1772531513413] api request success: node=node-2 GET /ha/state status=200
[1772531513413] api request start: node=node-3 GET /ha/state
[1772531513413] api request success: node=node-3 GET /ha/state status=200
[1772531513413] stable-primary poll states: node-1:Primary:leader=node-1, node-2:Replica:leader=node-1, node-3:WaitingPostgresReachable:leader=node-1
[1772531513515] api request start: node=node-1 GET /ha/state
[1772531513825] api request success: node=node-1 GET /ha/state status=200
[1772531513825] api request start: node=node-2 GET /ha/state
[1772531513825] api request success: node=node-2 GET /ha/state status=200
[1772531513825] api request start: node=node-3 GET /ha/state
[1772531513826] api request success: node=node-3 GET /ha/state status=200
[1772531513927] api request start: node=node-1 GET /ha/state
[1772531514267] api request success: node=node-1 GET /ha/state status=200
[1772531514267] api request start: node=node-2 GET /ha/state
[1772531514267] api request success: node=node-2 GET /ha/state status=200
[1772531514267] api request start: node=node-3 GET /ha/state
[1772531514268] api request success: node=node-3 GET /ha/state status=200
[1772531514268] stable-primary poll states: node-1:Primary:leader=node-1, node-2:Replica:leader=node-1, node-3:Replica:leader=node-1
[1772531514475] api request start: node=node-1 GET /ha/state
[1772531514688] api request success: node=node-1 GET /ha/state status=200
[1772531514688] api request start: node=node-2 GET /ha/state
[1772531514689] api request success: node=node-2 GET /ha/state status=200
[1772531514689] api request start: node=node-3 GET /ha/state
[1772531514689] api request success: node=node-3 GET /ha/state status=200
[1772531514898] api request start: node=node-1 GET /ha/state
[1772531515120] api request success: node=node-1 GET /ha/state status=200
[1772531515120] api request start: node=node-2 GET /ha/state
[1772531515120] api request success: node=node-2 GET /ha/state status=200
[1772531515120] api request start: node=node-3 GET /ha/state
[1772531515120] api request success: node=node-3 GET /ha/state status=200
[1772531515120] unassisted failover bootstrap success: primary=node-1
[1772531515120] api request start: node=node-1 GET /ha/state
[1772531515120] api request success: node=node-1 GET /ha/state status=200
[1772531515120] api request start: node=node-2 GET /ha/state
[1772531515121] api request success: node=node-2 GET /ha/state status=200
[1772531515121] api request start: node=node-3 GET /ha/state
[1772531515121] api request success: node=node-3 GET /ha/state status=200
[1772531515198] api request start: node=node-1 GET /ha/state
[1772531515210] api request success: node=node-1 GET /ha/state status=200
[1772531515210] api request start: node=node-2 GET /ha/state
[1772531515212] api request success: node=node-2 GET /ha/state status=200
[1772531515212] api request start: node=node-3 GET /ha/state
[1772531515214] api request success: node=node-3 GET /ha/state status=200
[1772531515324] api request start: node=node-1 GET /ha/state
[1772531515566] api request success: node=node-1 GET /ha/state status=200
[1772531515566] api request start: node=node-2 GET /ha/state
[1772531515567] api request success: node=node-2 GET /ha/state status=200
[1772531515567] api request start: node=node-3 GET /ha/state
[1772531515567] api request success: node=node-3 GET /ha/state status=200
[1772531515647] api request start: node=node-1 GET /ha/state
[1772531515648] api request success: node=node-1 GET /ha/state status=200
[1772531515648] api request start: node=node-2 GET /ha/state
[1772531515648] api request success: node=node-2 GET /ha/state status=200
[1772531515648] api request start: node=node-3 GET /ha/state
[1772531515648] api request success: node=node-3 GET /ha/state status=200
[1772531515777] api request start: node=node-1 GET /ha/state
[1772531516004] api request success: node=node-1 GET /ha/state status=200
[1772531516004] api request start: node=node-2 GET /ha/state
[1772531516005] api request success: node=node-2 GET /ha/state status=200
[1772531516005] api request start: node=node-3 GET /ha/state
[1772531516005] api request success: node=node-3 GET /ha/state status=200
[1772531516085] api request start: node=node-1 GET /ha/state
[1772531516087] api request success: node=node-1 GET /ha/state status=200
[1772531516087] api request start: node=node-2 GET /ha/state
[1772531516088] api request success: node=node-2 GET /ha/state status=200
[1772531516088] api request start: node=node-3 GET /ha/state
[1772531516089] api request success: node=node-3 GET /ha/state status=200
[1772531516334] api request start: node=node-1 GET /ha/state
[1772531516335] api request success: node=node-1 GET /ha/state status=200
[1772531516335] api request start: node=node-2 GET /ha/state
[1772531516336] api request success: node=node-2 GET /ha/state status=200
[1772531516336] api request start: node=node-3 GET /ha/state
[1772531516336] api request success: node=node-3 GET /ha/state status=200
[1772531516415] api request start: node=node-1 GET /ha/state
[1772531516417] api request success: node=node-1 GET /ha/state status=200
[1772531516417] api request start: node=node-2 GET /ha/state
[1772531516418] api request success: node=node-2 GET /ha/state status=200
[1772531516418] api request start: node=node-3 GET /ha/state
[1772531516418] api request success: node=node-3 GET /ha/state status=200
[1772531516656] api request start: node=node-1 GET /ha/state
[1772531516660] api request success: node=node-1 GET /ha/state status=200
[1772531516660] api request start: node=node-2 GET /ha/state
[1772531516660] api request success: node=node-2 GET /ha/state status=200
[1772531516660] api request start: node=node-3 GET /ha/state
[1772531516661] api request success: node=node-3 GET /ha/state status=200
[1772531516738] api request start: node=node-1 GET /ha/state
[1772531516739] api request success: node=node-1 GET /ha/state status=200
[1772531516739] api request start: node=node-2 GET /ha/state
[1772531516740] api request success: node=node-2 GET /ha/state status=200
[1772531516740] api request start: node=node-3 GET /ha/state
[1772531516741] api request success: node=node-3 GET /ha/state status=200
[1772531516865] api request start: node=node-1 GET /ha/state
[1772531517084] api request success: node=node-1 GET /ha/state status=200
[1772531517084] api request start: node=node-2 GET /ha/state
[1772531517085] api request success: node=node-2 GET /ha/state status=200
[1772531517085] api request start: node=node-3 GET /ha/state
[1772531517085] api request success: node=node-3 GET /ha/state status=200
[1772531517162] api request start: node=node-1 GET /ha/state
[1772531517167] api request success: node=node-1 GET /ha/state status=200
[1772531517167] api request start: node=node-2 GET /ha/state
[1772531517168] api request success: node=node-2 GET /ha/state status=200
[1772531517168] api request start: node=node-3 GET /ha/state
[1772531517169] api request success: node=node-3 GET /ha/state status=200
[1772531517292] api request start: node=node-1 GET /ha/state
[1772531517512] api request success: node=node-1 GET /ha/state status=200
[1772531517512] api request start: node=node-2 GET /ha/state
[1772531517513] api request success: node=node-2 GET /ha/state status=200
[1772531517513] api request start: node=node-3 GET /ha/state
[1772531517514] api request success: node=node-3 GET /ha/state status=200
[1772531517591] api request start: node=node-1 GET /ha/state
[1772531517596] api request success: node=node-1 GET /ha/state status=200
[1772531517596] api request start: node=node-2 GET /ha/state
[1772531517596] api request success: node=node-2 GET /ha/state status=200
[1772531517597] api request start: node=node-3 GET /ha/state
[1772531517597] api request success: node=node-3 GET /ha/state status=200
[1772531517716] api request start: node=node-1 GET /ha/state
[1772531517933] api request success: node=node-1 GET /ha/state status=200
[1772531517933] api request start: node=node-2 GET /ha/state
[1772531517933] api request success: node=node-2 GET /ha/state status=200
[1772531517933] api request start: node=node-3 GET /ha/state
[1772531517934] api request success: node=node-3 GET /ha/state status=200
[1772531518011] api request start: node=node-1 GET /ha/state
[1772531518012] api request success: node=node-1 GET /ha/state status=200
[1772531518012] api request start: node=node-2 GET /ha/state
[1772531518012] api request success: node=node-2 GET /ha/state status=200
[1772531518012] api request start: node=node-3 GET /ha/state
[1772531518012] api request success: node=node-3 GET /ha/state status=200
[1772531518141] api request start: node=node-1 GET /ha/state
[1772531518369] api request success: node=node-1 GET /ha/state status=200
[1772531518369] api request start: node=node-2 GET /ha/state
[1772531518370] api request success: node=node-2 GET /ha/state status=200
[1772531518370] api request start: node=node-3 GET /ha/state
[1772531518371] api request success: node=node-3 GET /ha/state status=200
[1772531518371] unassisted failover SQL pre-check: create table and insert pre-failure row
[1772531518860] unassisted failover SQL pre-check seeded/validated on replica=node-2
[1772531519113] unassisted failover SQL pre-check seeded/validated on replica=node-3
[1772531519113] unassisted failover SQL pre-check succeeded
[1772531519113] unassisted failover failure injection: stop postgres on node-1
[1772531519308] unassisted failover recovery: API-only polling for new stable primary
[1772531519308] api request start: node=node-1 GET /ha/state
[1772531519537] api request success: node=node-1 GET /ha/state status=200
[1772531519537] api request start: node=node-2 GET /ha/state
[1772531519538] api request success: node=node-2 GET /ha/state status=200
[1772531519538] api request start: node=node-3 GET /ha/state
[1772531519538] api request success: node=node-3 GET /ha/state status=200
[1772531519538] stable-primary poll states: node-1:Primary:leader=node-1, node-2:Replica:leader=node-1, node-3:Replica:leader=node-1
[1772531519752] api request start: node=node-1 GET /ha/state
[1772531520312] api request success: node=node-1 GET /ha/state status=200
[1772531520312] api request start: node=node-2 GET /ha/state
[1772531520313] api request success: node=node-2 GET /ha/state status=200
[1772531520313] api request start: node=node-3 GET /ha/state
[1772531520313] api request success: node=node-3 GET /ha/state status=200
[1772531520314] stable-primary poll states: node-1:WaitingPostgresReachable:leader=node-1, node-2:Replica:leader=node-3, node-3:Primary:leader=node-3
[1772531520778] api request start: node=node-1 GET /ha/state
[1772531520780] api request success: node=node-1 GET /ha/state status=200
[1772531520780] api request start: node=node-2 GET /ha/state
[1772531520781] api request success: node=node-2 GET /ha/state status=200
[1772531520781] api request start: node=node-3 GET /ha/state
[1772531520781] api request success: node=node-3 GET /ha/state status=200
[1772531520781] stable-primary poll states: node-1:WaitingPostgresReachable:leader=node-3, node-2:Replica:leader=node-3, node-3:Primary:leader=node-3
[1772531521003] api request start: node=node-1 GET /ha/state
[1772531521351] api request success: node=node-1 GET /ha/state status=200
[1772531521351] api request start: node=node-2 GET /ha/state
[1772531521352] api request success: node=node-2 GET /ha/state status=200
[1772531521352] api request start: node=node-3 GET /ha/state
[1772531521352] api request success: node=node-3 GET /ha/state status=200
[1772531521610] api request start: node=node-1 GET /ha/state
[1772531522288] api request success: node=node-1 GET /ha/state status=200
[1772531522288] api request start: node=node-2 GET /ha/state
[1772531522289] api request success: node=node-2 GET /ha/state status=200
[1772531522289] api request start: node=node-3 GET /ha/state
[1772531522289] api request success: node=node-3 GET /ha/state status=200
[1772531522509] api request start: node=node-1 GET /ha/state
[1772531522626] api request success: node=node-1 GET /ha/state status=200
[1772531522626] api request start: node=node-2 GET /ha/state
[1772531522627] api request success: node=node-2 GET /ha/state status=200
[1772531522627] api request start: node=node-3 GET /ha/state
[1772531522628] api request success: node=node-3 GET /ha/state status=200
[1772531522628] api request start: node=node-1 GET /ha/state
[1772531522629] api request success: node=node-1 GET /ha/state status=200
[1772531522629] api request start: node=node-2 GET /ha/state
[1772531522630] api request success: node=node-2 GET /ha/state status=200
[1772531522630] api request start: node=node-3 GET /ha/state
[1772531522631] api request success: node=node-3 GET /ha/state status=200
[1772531522707] api request start: node=node-1 GET /ha/state
[1772531522709] api request success: node=node-1 GET /ha/state status=200
[1772531522709] api request start: node=node-2 GET /ha/state
[1772531522709] api request success: node=node-2 GET /ha/state status=200
[1772531522709] api request start: node=node-3 GET /ha/state
[1772531522710] api request success: node=node-3 GET /ha/state status=200
[1772531522936] api request start: node=node-1 GET /ha/state
[1772531523155] api request success: node=node-1 GET /ha/state status=200
[1772531523155] api request start: node=node-2 GET /ha/state
[1772531523157] api request success: node=node-2 GET /ha/state status=200
[1772531523157] api request start: node=node-3 GET /ha/state
[1772531523158] api request success: node=node-3 GET /ha/state status=200
[1772531523233] api request start: node=node-1 GET /ha/state
[1772531523235] api request success: node=node-1 GET /ha/state status=200
[1772531523235] api request start: node=node-2 GET /ha/state
[1772531523236] api request success: node=node-2 GET /ha/state status=200
[1772531523236] api request start: node=node-3 GET /ha/state
[1772531523237] api request success: node=node-3 GET /ha/state status=200
[1772531523363] api request start: node=node-1 GET /ha/state
[1772531523694] api request success: node=node-1 GET /ha/state status=200
[1772531523694] api request start: node=node-2 GET /ha/state
[1772531523705] api request success: node=node-2 GET /ha/state status=200
[1772531523705] api request start: node=node-3 GET /ha/state
[1772531523706] api request success: node=node-3 GET /ha/state status=200
[1772531523785] api request start: node=node-1 GET /ha/state
[1772531523788] api request success: node=node-1 GET /ha/state status=200
[1772531523788] api request start: node=node-2 GET /ha/state
[1772531523788] api request success: node=node-2 GET /ha/state status=200
[1772531523788] api request start: node=node-3 GET /ha/state
[1772531523789] api request success: node=node-3 GET /ha/state status=200
[1772531524010] api request start: node=node-1 GET /ha/state
[1772531524115] api request success: node=node-1 GET /ha/state status=200
[1772531524115] api request start: node=node-2 GET /ha/state
[1772531524116] api request success: node=node-2 GET /ha/state status=200
[1772531524116] api request start: node=node-3 GET /ha/state
[1772531524116] api request success: node=node-3 GET /ha/state status=200
[1772531524192] api request start: node=node-1 GET /ha/state
[1772531524194] api request success: node=node-1 GET /ha/state status=200
[1772531524194] api request start: node=node-2 GET /ha/state
[1772531524196] api request success: node=node-2 GET /ha/state status=200
[1772531524196] api request start: node=node-3 GET /ha/state
[1772531524197] api request success: node=node-3 GET /ha/state status=200
[1772531524335] api request start: node=node-1 GET /ha/state
[1772531524655] api request success: node=node-1 GET /ha/state status=200
[1772531524655] api request start: node=node-2 GET /ha/state
[1772531524655] api request success: node=node-2 GET /ha/state status=200
[1772531524655] api request start: node=node-3 GET /ha/state
[1772531524656] api request success: node=node-3 GET /ha/state status=200
[1772531524732] api request start: node=node-1 GET /ha/state
[1772531524733] api request success: node=node-1 GET /ha/state status=200
[1772531524733] api request start: node=node-2 GET /ha/state
[1772531524733] api request success: node=node-2 GET /ha/state status=200
[1772531524733] api request start: node=node-3 GET /ha/state
[1772531524734] api request success: node=node-3 GET /ha/state status=200
[1772531524860] api request start: node=node-1 GET /ha/state
[1772531525188] api request success: node=node-1 GET /ha/state status=200
[1772531525188] api request start: node=node-2 GET /ha/state
[1772531525188] api request success: node=node-2 GET /ha/state status=200
[1772531525188] api request start: node=node-3 GET /ha/state
[1772531525189] api request success: node=node-3 GET /ha/state status=200
[1772531525266] api request start: node=node-1 GET /ha/state
[1772531525267] api request success: node=node-1 GET /ha/state status=200
[1772531525268] api request start: node=node-2 GET /ha/state
[1772531525269] api request success: node=node-2 GET /ha/state status=200
[1772531525269] api request start: node=node-3 GET /ha/state
[1772531525269] api request success: node=node-3 GET /ha/state status=200
[1772531525506] api request start: node=node-1 GET /ha/state
[1772531525618] api request success: node=node-1 GET /ha/state status=200
[1772531525618] api request start: node=node-2 GET /ha/state
[1772531525619] api request success: node=node-2 GET /ha/state status=200
[1772531525619] api request start: node=node-3 GET /ha/state
[1772531525620] api request success: node=node-3 GET /ha/state status=200
[1772531525697] api request start: node=node-1 GET /ha/state
[1772531525698] api request success: node=node-1 GET /ha/state status=200
[1772531525698] api request start: node=node-2 GET /ha/state
[1772531525699] api request success: node=node-2 GET /ha/state status=200
[1772531525699] api request start: node=node-3 GET /ha/state
[1772531525700] api request success: node=node-3 GET /ha/state status=200
[1772531525819] api request start: node=node-1 GET /ha/state
[1772531526139] api request success: node=node-1 GET /ha/state status=200
[1772531526139] api request start: node=node-2 GET /ha/state
[1772531526140] api request success: node=node-2 GET /ha/state status=200
[1772531526140] api request start: node=node-3 GET /ha/state
[1772531526140] api request success: node=node-3 GET /ha/state status=200
[1772531526217] api request start: node=node-1 GET /ha/state
[1772531526219] api request success: node=node-1 GET /ha/state status=200
[1772531526219] api request start: node=node-2 GET /ha/state
[1772531526221] api request success: node=node-2 GET /ha/state status=200
[1772531526221] api request start: node=node-3 GET /ha/state
[1772531526222] api request success: node=node-3 GET /ha/state status=200
[1772531526468] api request start: node=node-1 GET /ha/state
[1772531526473] api request success: node=node-1 GET /ha/state status=200
[1772531526473] api request start: node=node-2 GET /ha/state
[1772531526474] api request success: node=node-2 GET /ha/state status=200
[1772531526474] api request start: node=node-3 GET /ha/state
[1772531526475] api request success: node=node-3 GET /ha/state status=200
[1772531526552] api request start: node=node-1 GET /ha/state
[1772531526554] api request success: node=node-1 GET /ha/state status=200
[1772531526555] api request start: node=node-2 GET /ha/state
[1772531526556] api request success: node=node-2 GET /ha/state status=200
[1772531526556] api request start: node=node-3 GET /ha/state
[1772531526558] api request success: node=node-3 GET /ha/state status=200
[1772531526680] api request start: node=node-1 GET /ha/state
[1772531527000] api request success: node=node-1 GET /ha/state status=200
[1772531527000] api request start: node=node-2 GET /ha/state
[1772531527001] api request success: node=node-2 GET /ha/state status=200
[1772531527001] api request start: node=node-3 GET /ha/state
[1772531527001] api request success: node=node-3 GET /ha/state status=200
[1772531527106] api request start: node=node-1 GET /ha/state
[1772531527436] api request success: node=node-1 GET /ha/state status=200
[1772531527436] api request start: node=node-2 GET /ha/state
[1772531527437] api request success: node=node-2 GET /ha/state status=200
[1772531527437] api request start: node=node-3 GET /ha/state
[1772531527437] api request success: node=node-3 GET /ha/state status=200
[1772531527514] api request start: node=node-1 GET /ha/state
[1772531527515] api request success: node=node-1 GET /ha/state status=200
[1772531527515] api request start: node=node-2 GET /ha/state
[1772531527516] api request success: node=node-2 GET /ha/state status=200
[1772531527516] api request start: node=node-3 GET /ha/state
[1772531527517] api request success: node=node-3 GET /ha/state status=200
[1772531527641] api request start: node=node-1 GET /ha/state
[1772531527865] api request success: node=node-1 GET /ha/state status=200
[1772531527865] api request start: node=node-2 GET /ha/state
[1772531527867] api request success: node=node-2 GET /ha/state status=200
[1772531527867] api request start: node=node-3 GET /ha/state
[1772531527867] api request success: node=node-3 GET /ha/state status=200
[1772531527867] unassisted failover recovery success: former_primary=node-1, new_primary=node-3
[1772531527867] phase history evidence: node-1:Primary|WaitingPostgresReachable,node-2:Replica,node-3:Primary|Replica|WaitingPostgresReachable
[1772531527867] unassisted failover SQL post-check: insert post-failure row
[1772531527910] unassisted failover SQL continuity proof succeeded