[1772540541492] scenario bootstrap/election: wait for single primary
[1772540541492] api request start: node=node-1 GET /ha/state
[1772540541636] api request success: node=node-1 GET /ha/state status=200
[1772540541636] api request start: node=node-2 GET /ha/state
[1772540541637] api request success: node=node-2 GET /ha/state status=200
[1772540541637] api request start: node=node-3 GET /ha/state
[1772540541637] api request success: node=node-3 GET /ha/state status=200
[1772540541637] bootstrap/election success: primary=node-1
[1772540541637] api request start: node=node-1 GET /ha/state
[1772540541638] api request success: node=node-1 GET /ha/state status=200
[1772540541638] api request start: node=node-2 GET /ha/state
[1772540541638] api request success: node=node-2 GET /ha/state status=200
[1772540541638] api request start: node=node-3 GET /ha/state
[1772540541639] api request success: node=node-3 GET /ha/state status=200
[1772540541717] api request start: node=node-1 GET /ha/state
[1772540541719] api request success: node=node-1 GET /ha/state status=200
[1772540541719] api request start: node=node-2 GET /ha/state
[1772540541720] api request success: node=node-2 GET /ha/state status=200
[1772540541720] api request start: node=node-3 GET /ha/state
[1772540541722] api request success: node=node-3 GET /ha/state status=200
[1772540541951] api request start: node=node-1 GET /ha/state
[1772540542068] api request success: node=node-1 GET /ha/state status=200
[1772540542068] api request start: node=node-2 GET /ha/state
[1772540542069] api request success: node=node-2 GET /ha/state status=200
[1772540542069] api request start: node=node-3 GET /ha/state
[1772540542069] api request success: node=node-3 GET /ha/state status=200
[1772540542146] api request start: node=node-1 GET /ha/state
[1772540542148] api request success: node=node-1 GET /ha/state status=200
[1772540542148] api request start: node=node-2 GET /ha/state
[1772540542149] api request success: node=node-2 GET /ha/state status=200
[1772540542149] api request start: node=node-3 GET /ha/state
[1772540542149] api request success: node=node-3 GET /ha/state status=200
[1772540542398] api request start: node=node-1 GET /ha/state
[1772540542402] api request success: node=node-1 GET /ha/state status=200
[1772540542402] api request start: node=node-2 GET /ha/state
[1772540542403] api request success: node=node-2 GET /ha/state status=200
[1772540542403] api request start: node=node-3 GET /ha/state
[1772540542404] api request success: node=node-3 GET /ha/state status=200
[1772540542482] api request start: node=node-1 GET /ha/state
[1772540542484] api request success: node=node-1 GET /ha/state status=200
[1772540542484] api request start: node=node-2 GET /ha/state
[1772540542485] api request success: node=node-2 GET /ha/state status=200
[1772540542485] api request start: node=node-3 GET /ha/state
[1772540542486] api request success: node=node-3 GET /ha/state status=200
[1772540542732] api request start: node=node-1 GET /ha/state
[1772540542734] api request success: node=node-1 GET /ha/state status=200
[1772540542734] api request start: node=node-2 GET /ha/state
[1772540542735] api request success: node=node-2 GET /ha/state status=200
[1772540542735] api request start: node=node-3 GET /ha/state
[1772540542735] api request success: node=node-3 GET /ha/state status=200
[1772540542813] api request start: node=node-1 GET /ha/state
[1772540542815] api request success: node=node-1 GET /ha/state status=200
[1772540542815] api request start: node=node-2 GET /ha/state
[1772540542815] api request success: node=node-2 GET /ha/state status=200
[1772540542815] api request start: node=node-3 GET /ha/state
[1772540542816] api request success: node=node-3 GET /ha/state status=200
[1772540542941] api request start: node=node-1 GET /ha/state
[1772540543055] api request success: node=node-1 GET /ha/state status=200
[1772540543056] api request start: node=node-2 GET /ha/state
[1772540543056] api request success: node=node-2 GET /ha/state status=200
[1772540543056] api request start: node=node-3 GET /ha/state
[1772540543057] api request success: node=node-3 GET /ha/state status=200
[1772540543133] api request start: node=node-1 GET /ha/state
[1772540543134] api request success: node=node-1 GET /ha/state status=200
[1772540543134] api request start: node=node-2 GET /ha/state
[1772540543134] api request success: node=node-2 GET /ha/state status=200
[1772540543134] api request start: node=node-3 GET /ha/state
[1772540543135] api request success: node=node-3 GET /ha/state status=200
[1772540543371] api request start: node=node-1 GET /ha/state
[1772540543373] api request success: node=node-1 GET /ha/state status=200
[1772540543373] api request start: node=node-2 GET /ha/state
[1772540543374] api request success: node=node-2 GET /ha/state status=200
[1772540543374] api request start: node=node-3 GET /ha/state
[1772540543374] api request success: node=node-3 GET /ha/state status=200
[1772540543450] api request start: node=node-1 GET /ha/state
[1772540543452] api request success: node=node-1 GET /ha/state status=200
[1772540543452] api request start: node=node-2 GET /ha/state
[1772540543452] api request success: node=node-2 GET /ha/state status=200
[1772540543452] api request start: node=node-3 GET /ha/state
[1772540543453] api request success: node=node-3 GET /ha/state status=200
[1772540543702] api request start: node=node-1 GET /ha/state
[1772540543705] api request success: node=node-1 GET /ha/state status=200
[1772540543705] api request start: node=node-2 GET /ha/state
[1772540543706] api request success: node=node-2 GET /ha/state status=200
[1772540543706] api request start: node=node-3 GET /ha/state
[1772540543707] api request success: node=node-3 GET /ha/state status=200
[1772540543784] api request start: node=node-1 GET /ha/state
[1772540543787] api request success: node=node-1 GET /ha/state status=200
[1772540543787] api request start: node=node-2 GET /ha/state
[1772540543788] api request success: node=node-2 GET /ha/state status=200
[1772540543788] api request start: node=node-3 GET /ha/state
[1772540543790] api request success: node=node-3 GET /ha/state status=200
[1772540544041] api request start: node=node-1 GET /ha/state
[1772540544046] api request success: node=node-1 GET /ha/state status=200
[1772540544047] api request start: node=node-2 GET /ha/state
[1772540544054] api request success: node=node-2 GET /ha/state status=200
[1772540544054] api request start: node=node-3 GET /ha/state
[1772540544055] api request success: node=node-3 GET /ha/state status=200
[1772540544133] api request start: node=node-1 GET /ha/state
[1772540544135] api request success: node=node-1 GET /ha/state status=200
[1772540544136] api request start: node=node-2 GET /ha/state
[1772540544137] api request success: node=node-2 GET /ha/state status=200
[1772540544137] api request start: node=node-3 GET /ha/state
[1772540544138] api request success: node=node-3 GET /ha/state status=200
[1772540544255] api request start: node=node-1 GET /ha/state
[1772540544478] api request success: node=node-1 GET /ha/state status=200
[1772540544478] api request start: node=node-2 GET /ha/state
[1772540544479] api request success: node=node-2 GET /ha/state status=200
[1772540544479] api request start: node=node-3 GET /ha/state
[1772540544479] api request success: node=node-3 GET /ha/state status=200
[1772540544556] api request start: node=node-1 GET /ha/state
[1772540544558] api request success: node=node-1 GET /ha/state status=200
[1772540544558] api request start: node=node-2 GET /ha/state
[1772540544559] api request success: node=node-2 GET /ha/state status=200
[1772540544559] api request start: node=node-3 GET /ha/state
[1772540544560] api request success: node=node-3 GET /ha/state status=200
[1772540544684] api request start: node=node-1 GET /ha/state
[1772540544906] api request success: node=node-1 GET /ha/state status=200
[1772540544906] api request start: node=node-2 GET /ha/state
[1772540544907] api request success: node=node-2 GET /ha/state status=200
[1772540544907] api request start: node=node-3 GET /ha/state
[1772540544907] api request success: node=node-3 GET /ha/state status=200
[1772540544908] scenario planned switchover: submit request through API endpoint
[1772540544908] api request start: node=node-1 POST /switchover
[1772540545012] api request success: node=node-1 POST /switchover status=202
[1772540545012] api request start: node=node-1 GET /ha/state
[1772540545452] api request success: node=node-1 GET /ha/state status=200
[1772540545452] api request start: node=node-2 GET /ha/state
[1772540545454] api request success: node=node-2 GET /ha/state status=200
[1772540545454] api request start: node=node-3 GET /ha/state
[1772540545455] api request success: node=node-3 GET /ha/state status=200
[1772540545455] planned switchover success: old_primary=node-1, new_primary=node-2
[1772540545455] scenario split-brain prevention: ensure no dual primary after switchover
[1772540545455] api request start: node=node-1 GET /ha/state
[1772540545456] api request success: node=node-1 GET /ha/state status=200
[1772540545456] api request start: node=node-2 GET /ha/state
[1772540545457] api request success: node=node-2 GET /ha/state status=200
[1772540545457] api request start: node=node-3 GET /ha/state
[1772540545458] api request success: node=node-3 GET /ha/state status=200
[1772540545533] api request start: node=node-1 GET /ha/state
[1772540545534] api request success: node=node-1 GET /ha/state status=200
[1772540545534] api request start: node=node-2 GET /ha/state
[1772540545535] api request success: node=node-2 GET /ha/state status=200
[1772540545535] api request start: node=node-3 GET /ha/state
[1772540545535] api request success: node=node-3 GET /ha/state status=200
[1772540545871] api request start: node=node-1 GET /ha/state
[1772540545980] api request success: node=node-1 GET /ha/state status=200
[1772540545980] api request start: node=node-2 GET /ha/state
[1772540545980] api request success: node=node-2 GET /ha/state status=200
[1772540545981] api request start: node=node-3 GET /ha/state
[1772540545982] api request success: node=node-3 GET /ha/state status=200
[1772540546060] api request start: node=node-1 GET /ha/state
[1772540546062] api request success: node=node-1 GET /ha/state status=200
[1772540546062] api request start: node=node-2 GET /ha/state
[1772540546063] api request success: node=node-2 GET /ha/state status=200
[1772540546063] api request start: node=node-3 GET /ha/state
[1772540546065] api request success: node=node-3 GET /ha/state status=200
[1772540546301] api request start: node=node-1 GET /ha/state
[1772540546420] api request success: node=node-1 GET /ha/state status=200
[1772540546421] api request start: node=node-2 GET /ha/state
[1772540546421] api request success: node=node-2 GET /ha/state status=200
[1772540546421] api request start: node=node-3 GET /ha/state
[1772540546422] api request success: node=node-3 GET /ha/state status=200
[1772540546499] api request start: node=node-1 GET /ha/state
[1772540546500] api request success: node=node-1 GET /ha/state status=200
[1772540546500] api request start: node=node-2 GET /ha/state
[1772540546500] api request success: node=node-2 GET /ha/state status=200
[1772540546500] api request start: node=node-3 GET /ha/state
[1772540546501] api request success: node=node-3 GET /ha/state status=200
[1772540546738] api request start: node=node-1 GET /ha/state
[1772540546745] api request success: node=node-1 GET /ha/state status=200
[1772540546745] api request start: node=node-2 GET /ha/state
[1772540546746] api request success: node=node-2 GET /ha/state status=200
[1772540546746] api request start: node=node-3 GET /ha/state
[1772540546746] api request success: node=node-3 GET /ha/state status=200
[1772540546824] api request start: node=node-1 GET /ha/state
[1772540546826] api request success: node=node-1 GET /ha/state status=200
[1772540546826] api request start: node=node-2 GET /ha/state
[1772540546831] api request success: node=node-2 GET /ha/state status=200
[1772540546831] api request start: node=node-3 GET /ha/state
[1772540546833] api request success: node=node-3 GET /ha/state status=200
[1772540546965] api request start: node=node-1 GET /ha/state
[1772540546969] api request success: node=node-1 GET /ha/state status=200
[1772540546969] api request start: node=node-2 GET /ha/state
[1772540546971] api request success: node=node-2 GET /ha/state status=200
[1772540546971] api request start: node=node-3 GET /ha/state
[1772540546972] api request success: node=node-3 GET /ha/state status=200
[1772540547050] api request start: node=node-1 GET /ha/state
[1772540547051] api request success: node=node-1 GET /ha/state status=200
[1772540547051] api request start: node=node-2 GET /ha/state
[1772540547052] api request success: node=node-2 GET /ha/state status=200
[1772540547052] api request start: node=node-3 GET /ha/state
[1772540547053] api request success: node=node-3 GET /ha/state status=200
[1772540547178] api request start: node=node-1 GET /ha/state
[1772540547510] api request success: node=node-1 GET /ha/state status=200
[1772540547510] api request start: node=node-2 GET /ha/state
[1772540547511] api request success: node=node-2 GET /ha/state status=200
[1772540547511] api request start: node=node-3 GET /ha/state
[1772540547512] api request success: node=node-3 GET /ha/state status=200
[1772540547590] api request start: node=node-1 GET /ha/state
[1772540547592] api request success: node=node-1 GET /ha/state status=200
[1772540547592] api request start: node=node-2 GET /ha/state
[1772540547593] api request success: node=node-2 GET /ha/state status=200
[1772540547593] api request start: node=node-3 GET /ha/state
[1772540547593] api request success: node=node-3 GET /ha/state status=200
[1772540547829] api request start: node=node-1 GET /ha/state
[1772540547971] api request success: node=node-1 GET /ha/state status=200
[1772540547971] api request start: node=node-2 GET /ha/state
[1772540547971] api request success: node=node-2 GET /ha/state status=200
[1772540547972] api request start: node=node-3 GET /ha/state
[1772540547972] api request success: node=node-3 GET /ha/state status=200
[1772540548047] api request start: node=node-1 GET /ha/state
[1772540548049] api request success: node=node-1 GET /ha/state status=200
[1772540548049] api request start: node=node-2 GET /ha/state
[1772540548049] api request success: node=node-2 GET /ha/state status=200
[1772540548049] api request start: node=node-3 GET /ha/state
[1772540548050] api request success: node=node-3 GET /ha/state status=200
[1772540548158] api request start: node=node-1 GET /ha/state
[1772540548381] api request success: node=node-1 GET /ha/state status=200
[1772540548381] api request start: node=node-2 GET /ha/state
[1772540548382] api request success: node=node-2 GET /ha/state status=200
[1772540548382] api request start: node=node-3 GET /ha/state
[1772540548383] api request success: node=node-3 GET /ha/state status=200
[1772540548460] api request start: node=node-1 GET /ha/state
[1772540548463] api request success: node=node-1 GET /ha/state status=200
[1772540548463] api request start: node=node-2 GET /ha/state
[1772540548465] api request success: node=node-2 GET /ha/state status=200
[1772540548465] api request start: node=node-3 GET /ha/state
[1772540548466] api request success: node=node-3 GET /ha/state status=200
[1772540548715] api request start: node=node-1 GET /ha/state
[1772540548838] api request success: node=node-1 GET /ha/state status=200
[1772540548838] api request start: node=node-2 GET /ha/state
[1772540548839] api request success: node=node-2 GET /ha/state status=200
[1772540548839] api request start: node=node-3 GET /ha/state
[1772540548839] api request success: node=node-3 GET /ha/state status=200
[1772540548917] api request start: node=node-1 GET /ha/state
[1772540548925] api request success: node=node-1 GET /ha/state status=200
[1772540548925] api request start: node=node-2 GET /ha/state
[1772540548926] api request success: node=node-2 GET /ha/state status=200
[1772540548926] api request start: node=node-3 GET /ha/state
[1772540548928] api request success: node=node-3 GET /ha/state status=200
[1772540549070] api request start: node=node-1 GET /ha/state
[1772540549186] api request success: node=node-1 GET /ha/state status=200
[1772540549187] api request start: node=node-2 GET /ha/state
[1772540549187] api request success: node=node-2 GET /ha/state status=200
[1772540549188] api request start: node=node-3 GET /ha/state
[1772540549188] api request success: node=node-3 GET /ha/state status=200
[1772540549265] api request start: node=node-1 GET /ha/state
[1772540549268] api request success: node=node-1 GET /ha/state status=200
[1772540549269] api request start: node=node-2 GET /ha/state
[1772540549270] api request success: node=node-2 GET /ha/state status=200
[1772540549270] api request start: node=node-3 GET /ha/state
[1772540549272] api request success: node=node-3 GET /ha/state status=200
[1772540549504] api request start: node=node-1 GET /ha/state
[1772540549724] api request success: node=node-1 GET /ha/state status=200
[1772540549724] api request start: node=node-2 GET /ha/state
[1772540549725] api request success: node=node-2 GET /ha/state status=200
[1772540549725] api request start: node=node-3 GET /ha/state
[1772540549725] api request success: node=node-3 GET /ha/state status=200
[1772540549803] api request start: node=node-1 GET /ha/state
[1772540549805] api request success: node=node-1 GET /ha/state status=200
[1772540549805] api request start: node=node-2 GET /ha/state
[1772540549806] api request success: node=node-2 GET /ha/state status=200
[1772540549806] api request start: node=node-3 GET /ha/state
[1772540549807] api request success: node=node-3 GET /ha/state status=200
[1772540549933] api request start: node=node-1 GET /ha/state
[1772540550260] api request success: node=node-1 GET /ha/state status=200
[1772540550260] api request start: node=node-2 GET /ha/state
[1772540550261] api request success: node=node-2 GET /ha/state status=200
[1772540550261] api request start: node=node-3 GET /ha/state
[1772540550264] api request success: node=node-3 GET /ha/state status=200
[1772540550340] api request start: node=node-1 GET /ha/state
[1772540550342] api request success: node=node-1 GET /ha/state status=200
[1772540550342] api request start: node=node-2 GET /ha/state
[1772540550344] api request success: node=node-2 GET /ha/state status=200
[1772540550344] api request start: node=node-3 GET /ha/state
[1772540550345] api request success: node=node-3 GET /ha/state status=200
[1772540550477] api request start: node=node-1 GET /ha/state
[1772540550588] api request success: node=node-1 GET /ha/state status=200
[1772540550588] api request start: node=node-2 GET /ha/state
[1772540550589] api request success: node=node-2 GET /ha/state status=200
[1772540550589] api request start: node=node-3 GET /ha/state
[1772540550590] api request success: node=node-3 GET /ha/state status=200
[1772540550591] scenario no-quorum fail-safe: shutdown etcd majority (2/3)
[1772540560961] no-quorum setup: stopped etcd members=etcd-a,etcd-b
[1772540560961] api request start: node=node-1 GET /ha/state
[1772540560961] api request success: node=node-1 GET /ha/state status=200
[1772540560961] api request start: node=node-2 GET /ha/state
[1772540560962] api request success: node=node-2 GET /ha/state status=200
[1772540560962] api request start: node=node-3 GET /ha/state
[1772540560962] api request success: node=node-3 GET /ha/state status=200
[1772540560962] no-quorum fail-safe observed on all nodes