[1772537104487] unassisted failover bootstrap: wait for stable primary
[1772537104487] api request start: node=node-1 GET /ha/state
[1772537104587] api request success: node=node-1 GET /ha/state status=200
[1772537104587] api request start: node=node-2 GET /ha/state
[1772537104588] api request success: node=node-2 GET /ha/state status=200
[1772537104588] api request start: node=node-3 GET /ha/state
[1772537104588] api request success: node=node-3 GET /ha/state status=200
[1772537104588] stable-primary poll states: node-1:Primary:leader=node-1, node-2:WaitingPostgresReachable:leader=node-1, node-3:WaitingPostgresReachable:leader=node-1
[1772537104690] api request start: node=node-1 GET /ha/state
[1772537104904] api request success: node=node-1 GET /ha/state status=200
[1772537104904] api request start: node=node-2 GET /ha/state
[1772537104905] api request success: node=node-2 GET /ha/state status=200
[1772537104905] api request start: node=node-3 GET /ha/state
[1772537104906] api request success: node=node-3 GET /ha/state status=200
[1772537104906] stable-primary poll states: node-1:Primary:leader=node-1, node-2:Replica:leader=node-1, node-3:WaitingPostgresReachable:leader=node-1
[1772537105117] api request start: node=node-1 GET /ha/state
[1772537105332] api request success: node=node-1 GET /ha/state status=200
[1772537105333] api request start: node=node-2 GET /ha/state
[1772537105339] api request success: node=node-2 GET /ha/state status=200
[1772537105339] api request start: node=node-3 GET /ha/state
[1772537105342] api request success: node=node-3 GET /ha/state status=200
[1772537105342] stable-primary poll states: node-1:Primary:leader=node-1, node-2:Replica:leader=node-1, node-3:Replica:leader=node-1
[1772537105539] api request start: node=node-1 GET /ha/state
[1772537105650] api request success: node=node-1 GET /ha/state status=200
[1772537105650] api request start: node=node-2 GET /ha/state
[1772537105650] api request success: node=node-2 GET /ha/state status=200
[1772537105650] api request start: node=node-3 GET /ha/state
[1772537105651] api request success: node=node-3 GET /ha/state status=200
[1772537105863] api request start: node=node-1 GET /ha/state
[1772537105984] api request success: node=node-1 GET /ha/state status=200
[1772537105984] api request start: node=node-2 GET /ha/state
[1772537105988] api request success: node=node-2 GET /ha/state status=200
[1772537105988] api request start: node=node-3 GET /ha/state
[1772537105989] api request success: node=node-3 GET /ha/state status=200
[1772537105989] unassisted failover bootstrap success: primary=node-1
[1772537105989] api request start: node=node-1 GET /ha/state
[1772537105990] api request success: node=node-1 GET /ha/state status=200
[1772537105990] api request start: node=node-2 GET /ha/state
[1772537105990] api request success: node=node-2 GET /ha/state status=200
[1772537105990] api request start: node=node-3 GET /ha/state
[1772537105991] api request success: node=node-3 GET /ha/state status=200
[1772537106068] api request start: node=node-1 GET /ha/state
[1772537106069] api request success: node=node-1 GET /ha/state status=200
[1772537106069] api request start: node=node-2 GET /ha/state
[1772537106070] api request success: node=node-2 GET /ha/state status=200
[1772537106070] api request start: node=node-3 GET /ha/state
[1772537106070] api request success: node=node-3 GET /ha/state status=200
[1772537106309] api request start: node=node-1 GET /ha/state
[1772537106314] api request success: node=node-1 GET /ha/state status=200
[1772537106314] api request start: node=node-2 GET /ha/state
[1772537106316] api request success: node=node-2 GET /ha/state status=200
[1772537106316] api request start: node=node-3 GET /ha/state
[1772537106317] api request success: node=node-3 GET /ha/state status=200
[1772537106394] api request start: node=node-1 GET /ha/state
[1772537106396] api request success: node=node-1 GET /ha/state status=200
[1772537106397] api request start: node=node-2 GET /ha/state
[1772537106397] api request success: node=node-2 GET /ha/state status=200
[1772537106397] api request start: node=node-3 GET /ha/state
[1772537106398] api request success: node=node-3 GET /ha/state status=200
[1772537106526] api request start: node=node-1 GET /ha/state
[1772537106741] api request success: node=node-1 GET /ha/state status=200
[1772537106741] api request start: node=node-2 GET /ha/state
[1772537106742] api request success: node=node-2 GET /ha/state status=200
[1772537106742] api request start: node=node-3 GET /ha/state
[1772537106742] api request success: node=node-3 GET /ha/state status=200
[1772537106818] api request start: node=node-1 GET /ha/state
[1772537106822] api request success: node=node-1 GET /ha/state status=200
[1772537106822] api request start: node=node-2 GET /ha/state
[1772537106823] api request success: node=node-2 GET /ha/state status=200
[1772537106823] api request start: node=node-3 GET /ha/state
[1772537106824] api request success: node=node-3 GET /ha/state status=200
[1772537106953] api request start: node=node-1 GET /ha/state
[1772537107181] api request success: node=node-1 GET /ha/state status=200
[1772537107181] api request start: node=node-2 GET /ha/state
[1772537107185] api request success: node=node-2 GET /ha/state status=200
[1772537107185] api request start: node=node-3 GET /ha/state
[1772537107185] api request success: node=node-3 GET /ha/state status=200
[1772537107263] api request start: node=node-1 GET /ha/state
[1772537107265] api request success: node=node-1 GET /ha/state status=200
[1772537107265] api request start: node=node-2 GET /ha/state
[1772537107266] api request success: node=node-2 GET /ha/state status=200
[1772537107266] api request start: node=node-3 GET /ha/state
[1772537107266] api request success: node=node-3 GET /ha/state status=200
[1772537107385] api request start: node=node-1 GET /ha/state
[1772537107619] api request success: node=node-1 GET /ha/state status=200
[1772537107619] api request start: node=node-2 GET /ha/state
[1772537107620] api request success: node=node-2 GET /ha/state status=200
[1772537107620] api request start: node=node-3 GET /ha/state
[1772537107621] api request success: node=node-3 GET /ha/state status=200
[1772537107697] api request start: node=node-1 GET /ha/state
[1772537107699] api request success: node=node-1 GET /ha/state status=200
[1772537107699] api request start: node=node-2 GET /ha/state
[1772537107700] api request success: node=node-2 GET /ha/state status=200
[1772537107700] api request start: node=node-3 GET /ha/state
[1772537107700] api request success: node=node-3 GET /ha/state status=200
[1772537107826] api request start: node=node-1 GET /ha/state
[1772537108072] api request success: node=node-1 GET /ha/state status=200
[1772537108072] api request start: node=node-2 GET /ha/state
[1772537108072] api request success: node=node-2 GET /ha/state status=200
[1772537108072] api request start: node=node-3 GET /ha/state
[1772537108073] api request success: node=node-3 GET /ha/state status=200
[1772537108149] api request start: node=node-1 GET /ha/state
[1772537108152] api request success: node=node-1 GET /ha/state status=200
[1772537108153] api request start: node=node-2 GET /ha/state
[1772537108154] api request success: node=node-2 GET /ha/state status=200
[1772537108154] api request start: node=node-3 GET /ha/state
[1772537108155] api request success: node=node-3 GET /ha/state status=200
[1772537108412] api request start: node=node-1 GET /ha/state
[1772537108414] api request success: node=node-1 GET /ha/state status=200
[1772537108414] api request start: node=node-2 GET /ha/state
[1772537108415] api request success: node=node-2 GET /ha/state status=200
[1772537108415] api request start: node=node-3 GET /ha/state
[1772537108415] api request success: node=node-3 GET /ha/state status=200
[1772537108491] api request start: node=node-1 GET /ha/state
[1772537108491] api request success: node=node-1 GET /ha/state status=200
[1772537108491] api request start: node=node-2 GET /ha/state
[1772537108492] api request success: node=node-2 GET /ha/state status=200
[1772537108492] api request start: node=node-3 GET /ha/state
[1772537108492] api request success: node=node-3 GET /ha/state status=200
[1772537108616] api request start: node=node-1 GET /ha/state
[1772537108839] api request success: node=node-1 GET /ha/state status=200
[1772537108839] api request start: node=node-2 GET /ha/state
[1772537108839] api request success: node=node-2 GET /ha/state status=200
[1772537108839] api request start: node=node-3 GET /ha/state
[1772537108840] api request success: node=node-3 GET /ha/state status=200
[1772537108919] api request start: node=node-1 GET /ha/state
[1772537108921] api request success: node=node-1 GET /ha/state status=200
[1772537108921] api request start: node=node-2 GET /ha/state
[1772537108923] api request success: node=node-2 GET /ha/state status=200
[1772537108923] api request start: node=node-3 GET /ha/state
[1772537108924] api request success: node=node-3 GET /ha/state status=200
[1772537109174] api request start: node=node-1 GET /ha/state
[1772537109176] api request success: node=node-1 GET /ha/state status=200
[1772537109176] api request start: node=node-2 GET /ha/state
[1772537109177] api request success: node=node-2 GET /ha/state status=200
[1772537109177] api request start: node=node-3 GET /ha/state
[1772537109178] api request success: node=node-3 GET /ha/state status=200
[1772537109178] unassisted failover SQL pre-check: create table and insert pre-failure row
[1772537109594] unassisted failover SQL pre-check seeded/validated on replica=node-2
[1772537109648] unassisted failover SQL pre-check seeded/validated on replica=node-3
[1772537109648] unassisted failover SQL pre-check succeeded
[1772537109648] unassisted failover failure injection: stop postgres on node-1
[1772537109798] unassisted failover recovery: API-only polling for new stable primary
[1772537109798] api request start: node=node-1 GET /ha/state
[1772537110019] api request success: node=node-1 GET /ha/state status=200
[1772537110019] api request start: node=node-2 GET /ha/state
[1772537110029] api request success: node=node-2 GET /ha/state status=200
[1772537110029] api request start: node=node-3 GET /ha/state
[1772537110030] api request success: node=node-3 GET /ha/state status=200
[1772537110030] stable-primary poll states: node-1:Primary:leader=node-1, node-2:Replica:leader=node-1, node-3:Replica:leader=node-1
[1772537110219] api request start: node=node-1 GET /ha/state
[1772537110762] api request success: node=node-1 GET /ha/state status=200
[1772537110762] api request start: node=node-2 GET /ha/state
[1772537110763] api request success: node=node-2 GET /ha/state status=200
[1772537110763] api request start: node=node-3 GET /ha/state
[1772537110764] api request success: node=node-3 GET /ha/state status=200
[1772537110764] stable-primary poll states: node-1:WaitingPostgresReachable:leader=node-1, node-2:Replica:leader=node-3, node-3:Primary:leader=node-3
[1772537111081] api request start: node=node-1 GET /ha/state
[1772537111196] api request success: node=node-1 GET /ha/state status=200
[1772537111196] api request start: node=node-2 GET /ha/state
[1772537111197] api request success: node=node-2 GET /ha/state status=200
[1772537111197] api request start: node=node-3 GET /ha/state
[1772537111197] api request success: node=node-3 GET /ha/state status=200
[1772537111197] stable-primary poll states: node-1:WaitingPostgresReachable:leader=node-3, node-2:Replica:leader=node-3, node-3:Primary:leader=node-3
[1772537111401] api request start: node=node-1 GET /ha/state
[1772537111731] api request success: node=node-1 GET /ha/state status=200
[1772537111731] api request start: node=node-2 GET /ha/state
[1772537111732] api request success: node=node-2 GET /ha/state status=200
[1772537111732] api request start: node=node-3 GET /ha/state
[1772537111732] api request success: node=node-3 GET /ha/state status=200
[1772537111840] api request start: node=node-1 GET /ha/state
[1772537112172] api request success: node=node-1 GET /ha/state status=200
[1772537112172] api request start: node=node-2 GET /ha/state
[1772537112177] api request success: node=node-2 GET /ha/state status=200
[1772537112177] api request start: node=node-3 GET /ha/state
[1772537112179] api request success: node=node-3 GET /ha/state status=200
[1772537112480] api request start: node=node-1 GET /ha/state
[1772537112590] api request success: node=node-1 GET /ha/state status=200
[1772537112590] api request start: node=node-2 GET /ha/state
[1772537112590] api request success: node=node-2 GET /ha/state status=200
[1772537112590] api request start: node=node-3 GET /ha/state
[1772537112590] api request success: node=node-3 GET /ha/state status=200
[1772537112590] api request start: node=node-1 GET /ha/state
[1772537112590] api request success: node=node-1 GET /ha/state status=200
[1772537112590] api request start: node=node-2 GET /ha/state
[1772537112591] api request success: node=node-2 GET /ha/state status=200
[1772537112591] api request start: node=node-3 GET /ha/state
[1772537112591] api request success: node=node-3 GET /ha/state status=200
[1772537112669] api request start: node=node-1 GET /ha/state
[1772537112670] api request success: node=node-1 GET /ha/state status=200
[1772537112671] api request start: node=node-2 GET /ha/state
[1772537112671] api request success: node=node-2 GET /ha/state status=200
[1772537112671] api request start: node=node-3 GET /ha/state
[1772537112672] api request success: node=node-3 GET /ha/state status=200
[1772537112914] api request start: node=node-1 GET /ha/state
[1772537113021] api request success: node=node-1 GET /ha/state status=200
[1772537113021] api request start: node=node-2 GET /ha/state
[1772537113023] api request success: node=node-2 GET /ha/state status=200
[1772537113023] api request start: node=node-3 GET /ha/state
[1772537113023] api request success: node=node-3 GET /ha/state status=200
[1772537113101] api request start: node=node-1 GET /ha/state
[1772537113102] api request success: node=node-1 GET /ha/state status=200
[1772537113102] api request start: node=node-2 GET /ha/state
[1772537113102] api request success: node=node-2 GET /ha/state status=200
[1772537113102] api request start: node=node-3 GET /ha/state
[1772537113103] api request success: node=node-3 GET /ha/state status=200
[1772537113227] api request start: node=node-1 GET /ha/state
[1772537113560] api request success: node=node-1 GET /ha/state status=200
[1772537113560] api request start: node=node-2 GET /ha/state
[1772537113562] api request success: node=node-2 GET /ha/state status=200
[1772537113562] api request start: node=node-3 GET /ha/state
[1772537113563] api request success: node=node-3 GET /ha/state status=200
[1772537113640] api request start: node=node-1 GET /ha/state
[1772537113642] api request success: node=node-1 GET /ha/state status=200
[1772537113642] api request start: node=node-2 GET /ha/state
[1772537113643] api request success: node=node-2 GET /ha/state status=200
[1772537113643] api request start: node=node-3 GET /ha/state
[1772537113644] api request success: node=node-3 GET /ha/state status=200
[1772537113887] api request start: node=node-1 GET /ha/state
[1772537114004] api request success: node=node-1 GET /ha/state status=200
[1772537114004] api request start: node=node-2 GET /ha/state
[1772537114005] api request success: node=node-2 GET /ha/state status=200
[1772537114005] api request start: node=node-3 GET /ha/state
[1772537114005] api request success: node=node-3 GET /ha/state status=200
[1772537114085] api request start: node=node-1 GET /ha/state
[1772537114087] api request success: node=node-1 GET /ha/state status=200
[1772537114087] api request start: node=node-2 GET /ha/state
[1772537114088] api request success: node=node-2 GET /ha/state status=200
[1772537114088] api request start: node=node-3 GET /ha/state
[1772537114089] api request success: node=node-3 GET /ha/state status=200
[1772537114342] api request start: node=node-1 GET /ha/state
[1772537114466] api request success: node=node-1 GET /ha/state status=200
[1772537114466] api request start: node=node-2 GET /ha/state
[1772537114467] api request success: node=node-2 GET /ha/state status=200
[1772537114467] api request start: node=node-3 GET /ha/state
[1772537114467] api request success: node=node-3 GET /ha/state status=200
[1772537114544] api request start: node=node-1 GET /ha/state
[1772537114545] api request success: node=node-1 GET /ha/state status=200
[1772537114545] api request start: node=node-2 GET /ha/state
[1772537114546] api request success: node=node-2 GET /ha/state status=200
[1772537114546] api request start: node=node-3 GET /ha/state
[1772537114547] api request success: node=node-3 GET /ha/state status=200
[1772537114793] api request start: node=node-1 GET /ha/state
[1772537114905] api request success: node=node-1 GET /ha/state status=200
[1772537114905] api request start: node=node-2 GET /ha/state
[1772537114906] api request success: node=node-2 GET /ha/state status=200
[1772537114906] api request start: node=node-3 GET /ha/state
[1772537114911] api request success: node=node-3 GET /ha/state status=200
[1772537114987] api request start: node=node-1 GET /ha/state
[1772537114989] api request success: node=node-1 GET /ha/state status=200
[1772537114989] api request start: node=node-2 GET /ha/state
[1772537114990] api request success: node=node-2 GET /ha/state status=200
[1772537114990] api request start: node=node-3 GET /ha/state
[1772537114990] api request success: node=node-3 GET /ha/state status=200
[1772537115239] api request start: node=node-1 GET /ha/state
[1772537115344] api request success: node=node-1 GET /ha/state status=200
[1772537115344] api request start: node=node-2 GET /ha/state
[1772537115345] api request success: node=node-2 GET /ha/state status=200
[1772537115345] api request start: node=node-3 GET /ha/state
[1772537115346] api request success: node=node-3 GET /ha/state status=200
[1772537115425] api request start: node=node-1 GET /ha/state
[1772537115427] api request success: node=node-1 GET /ha/state status=200
[1772537115427] api request start: node=node-2 GET /ha/state
[1772537115427] api request success: node=node-2 GET /ha/state status=200
[1772537115428] api request start: node=node-3 GET /ha/state
[1772537115428] api request success: node=node-3 GET /ha/state status=200
[1772537115676] api request start: node=node-1 GET /ha/state
[1772537115896] api request success: node=node-1 GET /ha/state status=200
[1772537115896] api request start: node=node-2 GET /ha/state
[1772537115897] api request success: node=node-2 GET /ha/state status=200
[1772537115897] api request start: node=node-3 GET /ha/state
[1772537115898] api request success: node=node-3 GET /ha/state status=200
[1772537115976] api request start: node=node-1 GET /ha/state
[1772537115978] api request success: node=node-1 GET /ha/state status=200
[1772537115978] api request start: node=node-2 GET /ha/state
[1772537115978] api request success: node=node-2 GET /ha/state status=200
[1772537115978] api request start: node=node-3 GET /ha/state
[1772537115980] api request success: node=node-3 GET /ha/state status=200
[1772537116103] api request start: node=node-1 GET /ha/state
[1772537116514] api request success: node=node-1 GET /ha/state status=200
[1772537116514] api request start: node=node-2 GET /ha/state
[1772537116514] api request success: node=node-2 GET /ha/state status=200
[1772537116514] api request start: node=node-3 GET /ha/state
[1772537116514] api request success: node=node-3 GET /ha/state status=200
[1772537116592] api request start: node=node-1 GET /ha/state
[1772537116593] api request success: node=node-1 GET /ha/state status=200
[1772537116593] api request start: node=node-2 GET /ha/state
[1772537116593] api request success: node=node-2 GET /ha/state status=200
[1772537116593] api request start: node=node-3 GET /ha/state
[1772537116593] api request success: node=node-3 GET /ha/state status=200
[1772537116828] api request start: node=node-1 GET /ha/state
[1772537116932] api request success: node=node-1 GET /ha/state status=200
[1772537116933] api request start: node=node-2 GET /ha/state
[1772537116933] api request success: node=node-2 GET /ha/state status=200
[1772537116933] api request start: node=node-3 GET /ha/state
[1772537116933] api request success: node=node-3 GET /ha/state status=200
[1772537117010] api request start: node=node-1 GET /ha/state
[1772537117013] api request success: node=node-1 GET /ha/state status=200
[1772537117014] api request start: node=node-2 GET /ha/state
[1772537117015] api request success: node=node-2 GET /ha/state status=200
[1772537117015] api request start: node=node-3 GET /ha/state
[1772537117016] api request success: node=node-3 GET /ha/state status=200
[1772537117366] api request start: node=node-1 GET /ha/state
[1772537117490] api request success: node=node-1 GET /ha/state status=200
[1772537117490] api request start: node=node-2 GET /ha/state
[1772537117490] api request success: node=node-2 GET /ha/state status=200
[1772537117490] api request start: node=node-3 GET /ha/state
[1772537117491] api request success: node=node-3 GET /ha/state status=200
[1772537117568] api request start: node=node-1 GET /ha/state
[1772537117569] api request success: node=node-1 GET /ha/state status=200
[1772537117569] api request start: node=node-2 GET /ha/state
[1772537117570] api request success: node=node-2 GET /ha/state status=200
[1772537117570] api request start: node=node-3 GET /ha/state
[1772537117570] api request success: node=node-3 GET /ha/state status=200
[1772537117815] api request start: node=node-1 GET /ha/state
[1772537117946] api request success: node=node-1 GET /ha/state status=200
[1772537117946] api request start: node=node-2 GET /ha/state
[1772537117947] api request success: node=node-2 GET /ha/state status=200
[1772537117947] api request start: node=node-3 GET /ha/state
[1772537117947] api request success: node=node-3 GET /ha/state status=200
[1772537117947] unassisted failover recovery success: former_primary=node-1, new_primary=node-3
[1772537117947] phase history evidence: node-1:Primary|WaitingPostgresReachable,node-2:Replica|WaitingPostgresReachable,node-3:Primary|Replica|WaitingPostgresReachable
[1772537117947] unassisted failover SQL post-check: insert post-failure row
[1772537117970] unassisted failover SQL continuity proof succeeded