[1772529092925] unassisted failover bootstrap: wait for stable primary
[1772529092925] api request start: node=node-1 GET /ha/state
[1772529093231] api request success: node=node-1 GET /ha/state status=200
[1772529093231] api request start: node=node-2 GET /ha/state
[1772529093232] api request success: node=node-2 GET /ha/state status=200
[1772529093232] api request start: node=node-3 GET /ha/state
[1772529093232] api request success: node=node-3 GET /ha/state status=200
[1772529093232] stable-primary poll states: node-1:Primary:leader=node-1, node-2:Replica:leader=node-1, node-3:WaitingPostgresReachable:leader=node-1
[1772529093334] api request start: node=node-1 GET /ha/state
[1772529093540] api request success: node=node-1 GET /ha/state status=200
[1772529093540] api request start: node=node-2 GET /ha/state
[1772529093540] api request success: node=node-2 GET /ha/state status=200
[1772529093540] api request start: node=node-3 GET /ha/state
[1772529093540] api request success: node=node-3 GET /ha/state status=200
[1772529094006] api request start: node=node-1 GET /ha/state
[1772529094007] api request success: node=node-1 GET /ha/state status=200
[1772529094007] api request start: node=node-2 GET /ha/state
[1772529094008] api request success: node=node-2 GET /ha/state status=200
[1772529094008] api request start: node=node-3 GET /ha/state
[1772529094008] api request success: node=node-3 GET /ha/state status=200
[1772529094008] stable-primary poll states: node-1:Primary:leader=node-1, node-2:Replica:leader=node-1, node-3:Replica:leader=node-1
[1772529094415] api request start: node=node-1 GET /ha/state
[1772529094415] api request success: node=node-1 GET /ha/state status=200
[1772529094415] api request start: node=node-2 GET /ha/state
[1772529094416] api request success: node=node-2 GET /ha/state status=200
[1772529094416] api request start: node=node-3 GET /ha/state
[1772529094416] api request success: node=node-3 GET /ha/state status=200
[1772529094619] api request start: node=node-1 GET /ha/state
[1772529094825] api request success: node=node-1 GET /ha/state status=200
[1772529094825] api request start: node=node-2 GET /ha/state
[1772529094825] api request success: node=node-2 GET /ha/state status=200
[1772529094825] api request start: node=node-3 GET /ha/state
[1772529094825] api request success: node=node-3 GET /ha/state status=200
[1772529094825] unassisted failover bootstrap success: primary=node-1
[1772529094825] api request start: node=node-1 GET /ha/state
[1772529094825] api request success: node=node-1 GET /ha/state status=200
[1772529094825] api request start: node=node-2 GET /ha/state
[1772529094826] api request success: node=node-2 GET /ha/state status=200
[1772529094826] api request start: node=node-3 GET /ha/state
[1772529094826] api request success: node=node-3 GET /ha/state status=200
[1772529094903] api request start: node=node-1 GET /ha/state
[1772529094903] api request success: node=node-1 GET /ha/state status=200
[1772529094903] api request start: node=node-2 GET /ha/state
[1772529094903] api request success: node=node-2 GET /ha/state status=200
[1772529094903] api request start: node=node-3 GET /ha/state
[1772529094904] api request success: node=node-3 GET /ha/state status=200
[1772529095254] api request start: node=node-1 GET /ha/state
[1772529095255] api request success: node=node-1 GET /ha/state status=200
[1772529095255] api request start: node=node-2 GET /ha/state
[1772529095255] api request success: node=node-2 GET /ha/state status=200
[1772529095255] api request start: node=node-3 GET /ha/state
[1772529095255] api request success: node=node-3 GET /ha/state status=200
[1772529095333] api request start: node=node-1 GET /ha/state
[1772529095333] api request success: node=node-1 GET /ha/state status=200
[1772529095333] api request start: node=node-2 GET /ha/state
[1772529095333] api request success: node=node-2 GET /ha/state status=200
[1772529095333] api request start: node=node-3 GET /ha/state
[1772529095333] api request success: node=node-3 GET /ha/state status=200
[1772529095621] api request start: node=node-1 GET /ha/state
[1772529095622] api request success: node=node-1 GET /ha/state status=200
[1772529095622] api request start: node=node-2 GET /ha/state
[1772529095622] api request success: node=node-2 GET /ha/state status=200
[1772529095622] api request start: node=node-3 GET /ha/state
[1772529095622] api request success: node=node-3 GET /ha/state status=200
[1772529095698] api request start: node=node-1 GET /ha/state
[1772529095699] api request success: node=node-1 GET /ha/state status=200
[1772529095699] api request start: node=node-2 GET /ha/state
[1772529095699] api request success: node=node-2 GET /ha/state status=200
[1772529095699] api request start: node=node-3 GET /ha/state
[1772529095699] api request success: node=node-3 GET /ha/state status=200
[1772529095852] api request start: node=node-1 GET /ha/state
[1772529095853] api request success: node=node-1 GET /ha/state status=200
[1772529095853] api request start: node=node-2 GET /ha/state
[1772529095853] api request success: node=node-2 GET /ha/state status=200
[1772529095853] api request start: node=node-3 GET /ha/state
[1772529095853] api request success: node=node-3 GET /ha/state status=200
[1772529095929] api request start: node=node-1 GET /ha/state
[1772529095930] api request success: node=node-1 GET /ha/state status=200
[1772529095930] api request start: node=node-2 GET /ha/state
[1772529095930] api request success: node=node-2 GET /ha/state status=200
[1772529095930] api request start: node=node-3 GET /ha/state
[1772529095930] api request success: node=node-3 GET /ha/state status=200
[1772529096183] api request start: node=node-1 GET /ha/state
[1772529096185] api request success: node=node-1 GET /ha/state status=200
[1772529096185] api request start: node=node-2 GET /ha/state
[1772529096185] api request success: node=node-2 GET /ha/state status=200
[1772529096185] api request start: node=node-3 GET /ha/state
[1772529096186] api request success: node=node-3 GET /ha/state status=200
[1772529096261] api request start: node=node-1 GET /ha/state
[1772529096262] api request success: node=node-1 GET /ha/state status=200
[1772529096262] api request start: node=node-2 GET /ha/state
[1772529096262] api request success: node=node-2 GET /ha/state status=200
[1772529096263] api request start: node=node-3 GET /ha/state
[1772529096263] api request success: node=node-3 GET /ha/state status=200
[1772529096501] api request start: node=node-1 GET /ha/state
[1772529096503] api request success: node=node-1 GET /ha/state status=200
[1772529096503] api request start: node=node-2 GET /ha/state
[1772529096504] api request success: node=node-2 GET /ha/state status=200
[1772529096504] api request start: node=node-3 GET /ha/state
[1772529096504] api request success: node=node-3 GET /ha/state status=200
[1772529096581] api request start: node=node-1 GET /ha/state
[1772529096583] api request success: node=node-1 GET /ha/state status=200
[1772529096583] api request start: node=node-2 GET /ha/state
[1772529096584] api request success: node=node-2 GET /ha/state status=200
[1772529096584] api request start: node=node-3 GET /ha/state
[1772529096584] api request success: node=node-3 GET /ha/state status=200
[1772529096713] api request start: node=node-1 GET /ha/state
[1772529096936] api request success: node=node-1 GET /ha/state status=200
[1772529096936] api request start: node=node-2 GET /ha/state
[1772529096936] api request success: node=node-2 GET /ha/state status=200
[1772529096936] api request start: node=node-3 GET /ha/state
[1772529096937] api request success: node=node-3 GET /ha/state status=200
[1772529097014] api request start: node=node-1 GET /ha/state
[1772529097015] api request success: node=node-1 GET /ha/state status=200
[1772529097015] api request start: node=node-2 GET /ha/state
[1772529097015] api request success: node=node-2 GET /ha/state status=200
[1772529097015] api request start: node=node-3 GET /ha/state
[1772529097015] api request success: node=node-3 GET /ha/state status=200
[1772529097136] api request start: node=node-1 GET /ha/state
[1772529097246] api request success: node=node-1 GET /ha/state status=200
[1772529097246] api request start: node=node-2 GET /ha/state
[1772529097246] api request success: node=node-2 GET /ha/state status=200
[1772529097246] api request start: node=node-3 GET /ha/state
[1772529097247] api request success: node=node-3 GET /ha/state status=200
[1772529097322] api request start: node=node-1 GET /ha/state
[1772529097323] api request success: node=node-1 GET /ha/state status=200
[1772529097323] api request start: node=node-2 GET /ha/state
[1772529097324] api request success: node=node-2 GET /ha/state status=200
[1772529097324] api request start: node=node-3 GET /ha/state
[1772529097324] api request success: node=node-3 GET /ha/state status=200
[1772529097560] api request start: node=node-1 GET /ha/state
[1772529097562] api request success: node=node-1 GET /ha/state status=200
[1772529097562] api request start: node=node-2 GET /ha/state
[1772529097563] api request success: node=node-2 GET /ha/state status=200
[1772529097563] api request start: node=node-3 GET /ha/state
[1772529097564] api request success: node=node-3 GET /ha/state status=200
[1772529097640] api request start: node=node-1 GET /ha/state
[1772529097642] api request success: node=node-1 GET /ha/state status=200
[1772529097642] api request start: node=node-2 GET /ha/state
[1772529097643] api request success: node=node-2 GET /ha/state status=200
[1772529097643] api request start: node=node-3 GET /ha/state
[1772529097644] api request success: node=node-3 GET /ha/state status=200
[1772529097773] api request start: node=node-1 GET /ha/state
[1772529098002] api request success: node=node-1 GET /ha/state status=200
[1772529098002] api request start: node=node-2 GET /ha/state
[1772529098003] api request success: node=node-2 GET /ha/state status=200
[1772529098003] api request start: node=node-3 GET /ha/state
[1772529098003] api request success: node=node-3 GET /ha/state status=200
[1772529098003] unassisted failover SQL pre-check: create table and insert pre-failure row
[1772529098089] unassisted failover SQL pre-check seeded/validated on replica=node-2
[1772529098432] unassisted failover SQL pre-check seeded/validated on replica=node-3
[1772529098432] unassisted failover SQL pre-check succeeded
[1772529098432] unassisted failover failure injection: stop postgres on node-1
[1772529098849] unassisted failover recovery: API-only polling for new stable primary
[1772529098849] api request start: node=node-1 GET /ha/state
[1772529098853] api request success: node=node-1 GET /ha/state status=200
[1772529098853] api request start: node=node-2 GET /ha/state
[1772529098854] api request success: node=node-2 GET /ha/state status=200
[1772529098854] api request start: node=node-3 GET /ha/state
[1772529098855] api request success: node=node-3 GET /ha/state status=200
[1772529098855] stable-primary poll states: node-1:Primary:leader=node-1, node-2:Replica:leader=node-1, node-3:Replica:leader=node-1
[1772529099079] api request start: node=node-1 GET /ha/state
[1772529099625] api request success: node=node-1 GET /ha/state status=200
[1772529099625] api request start: node=node-2 GET /ha/state
[1772529099627] api request success: node=node-2 GET /ha/state status=200
[1772529099627] api request start: node=node-3 GET /ha/state
[1772529099628] api request success: node=node-3 GET /ha/state status=200
[1772529099628] stable-primary poll states: node-1:Bootstrapping:leader=node-1, node-2:Primary:leader=node-2, node-3:Replica:leader=node-2
[1772529099941] api request start: node=node-1 GET /ha/state
[1772529099944] api request success: node=node-1 GET /ha/state status=200
[1772529099944] api request start: node=node-2 GET /ha/state
[1772529099945] api request success: node=node-2 GET /ha/state status=200
[1772529099945] api request start: node=node-3 GET /ha/state
[1772529099946] api request success: node=node-3 GET /ha/state status=200
[1772529099946] stable-primary poll states: node-1:WaitingPostgresReachable:leader=node-2, node-2:Primary:leader=node-2, node-3:Replica:leader=node-2
[1772529100260] api request start: node=node-1 GET /ha/state
[1772529100263] api request success: node=node-1 GET /ha/state status=200
[1772529100263] api request start: node=node-2 GET /ha/state
[1772529100264] api request success: node=node-2 GET /ha/state status=200
[1772529100264] api request start: node=node-3 GET /ha/state
[1772529100265] api request success: node=node-3 GET /ha/state status=200
[1772529100370] api request start: node=node-1 GET /ha/state
[1772529100715] api request success: node=node-1 GET /ha/state status=200
[1772529100715] api request start: node=node-2 GET /ha/state
[1772529100716] api request success: node=node-2 GET /ha/state status=200
[1772529100716] api request start: node=node-3 GET /ha/state
[1772529100717] api request success: node=node-3 GET /ha/state status=200
[1772529100918] api request start: node=node-1 GET /ha/state
[1772529101250] api request success: node=node-1 GET /ha/state status=200
[1772529101250] api request start: node=node-2 GET /ha/state
[1772529101251] api request success: node=node-2 GET /ha/state status=200
[1772529101251] api request start: node=node-3 GET /ha/state
[1772529101252] api request success: node=node-3 GET /ha/state status=200
[1772529101252] api request start: node=node-1 GET /ha/state
[1772529101253] api request success: node=node-1 GET /ha/state status=200
[1772529101253] api request start: node=node-2 GET /ha/state
[1772529101255] api request success: node=node-2 GET /ha/state status=200
[1772529101255] api request start: node=node-3 GET /ha/state
[1772529101258] api request success: node=node-3 GET /ha/state status=200
[1772529101335] api request start: node=node-1 GET /ha/state
[1772529101338] api request success: node=node-1 GET /ha/state status=200
[1772529101338] api request start: node=node-2 GET /ha/state
[1772529101340] api request success: node=node-2 GET /ha/state status=200
[1772529101340] api request start: node=node-3 GET /ha/state
[1772529101341] api request success: node=node-3 GET /ha/state status=200
[1772529101463] api request start: node=node-1 GET /ha/state
[1772529101584] api request success: node=node-1 GET /ha/state status=200
[1772529101584] api request start: node=node-2 GET /ha/state
[1772529101584] api request success: node=node-2 GET /ha/state status=200
[1772529101584] api request start: node=node-3 GET /ha/state
[1772529101585] api request success: node=node-3 GET /ha/state status=200
[1772529101661] api request start: node=node-1 GET /ha/state
[1772529101663] api request success: node=node-1 GET /ha/state status=200
[1772529101663] api request start: node=node-2 GET /ha/state
[1772529101664] api request success: node=node-2 GET /ha/state status=200
[1772529101664] api request start: node=node-3 GET /ha/state
[1772529101665] api request success: node=node-3 GET /ha/state status=200
[1772529101805] api request start: node=node-1 GET /ha/state
[1772529102021] api request success: node=node-1 GET /ha/state status=200
[1772529102022] api request start: node=node-2 GET /ha/state
[1772529102023] api request success: node=node-2 GET /ha/state status=200
[1772529102023] api request start: node=node-3 GET /ha/state
[1772529102024] api request success: node=node-3 GET /ha/state status=200
[1772529102100] api request start: node=node-1 GET /ha/state
[1772529102101] api request success: node=node-1 GET /ha/state status=200
[1772529102101] api request start: node=node-2 GET /ha/state
[1772529102102] api request success: node=node-2 GET /ha/state status=200
[1772529102102] api request start: node=node-3 GET /ha/state
[1772529102103] api request success: node=node-3 GET /ha/state status=200
[1772529102350] api request start: node=node-1 GET /ha/state
[1772529102455] api request success: node=node-1 GET /ha/state status=200
[1772529102455] api request start: node=node-2 GET /ha/state
[1772529102455] api request success: node=node-2 GET /ha/state status=200
[1772529102455] api request start: node=node-3 GET /ha/state
[1772529102456] api request success: node=node-3 GET /ha/state status=200
[1772529102532] api request start: node=node-1 GET /ha/state
[1772529102533] api request success: node=node-1 GET /ha/state status=200
[1772529102533] api request start: node=node-2 GET /ha/state
[1772529102533] api request success: node=node-2 GET /ha/state status=200
[1772529102533] api request start: node=node-3 GET /ha/state
[1772529102534] api request success: node=node-3 GET /ha/state status=200
[1772529102772] api request start: node=node-1 GET /ha/state
[1772529102888] api request success: node=node-1 GET /ha/state status=200
[1772529102888] api request start: node=node-2 GET /ha/state
[1772529102889] api request success: node=node-2 GET /ha/state status=200
[1772529102889] api request start: node=node-3 GET /ha/state
[1772529102890] api request success: node=node-3 GET /ha/state status=200
[1772529102966] api request start: node=node-1 GET /ha/state
[1772529102967] api request success: node=node-1 GET /ha/state status=200
[1772529102968] api request start: node=node-2 GET /ha/state
[1772529102968] api request success: node=node-2 GET /ha/state status=200
[1772529102968] api request start: node=node-3 GET /ha/state
[1772529102969] api request success: node=node-3 GET /ha/state status=200
[1772529103203] api request start: node=node-1 GET /ha/state
[1772529103421] api request success: node=node-1 GET /ha/state status=200
[1772529103421] api request start: node=node-2 GET /ha/state
[1772529103422] api request success: node=node-2 GET /ha/state status=200
[1772529103422] api request start: node=node-3 GET /ha/state
[1772529103422] api request success: node=node-3 GET /ha/state status=200
[1772529103498] api request start: node=node-1 GET /ha/state
[1772529103499] api request success: node=node-1 GET /ha/state status=200
[1772529103499] api request start: node=node-2 GET /ha/state
[1772529103500] api request success: node=node-2 GET /ha/state status=200
[1772529103500] api request start: node=node-3 GET /ha/state
[1772529103500] api request success: node=node-3 GET /ha/state status=200
[1772529103736] api request start: node=node-1 GET /ha/state
[1772529103851] api request success: node=node-1 GET /ha/state status=200
[1772529103851] api request start: node=node-2 GET /ha/state
[1772529103852] api request success: node=node-2 GET /ha/state status=200
[1772529103853] api request start: node=node-3 GET /ha/state
[1772529103853] api request success: node=node-3 GET /ha/state status=200
[1772529103929] api request start: node=node-1 GET /ha/state
[1772529103930] api request success: node=node-1 GET /ha/state status=200
[1772529103930] api request start: node=node-2 GET /ha/state
[1772529103931] api request success: node=node-2 GET /ha/state status=200
[1772529103931] api request start: node=node-3 GET /ha/state
[1772529103931] api request success: node=node-3 GET /ha/state status=200
[1772529104173] api request start: node=node-1 GET /ha/state
[1772529104278] api request success: node=node-1 GET /ha/state status=200
[1772529104278] api request start: node=node-2 GET /ha/state
[1772529104279] api request success: node=node-2 GET /ha/state status=200
[1772529104279] api request start: node=node-3 GET /ha/state
[1772529104279] api request success: node=node-3 GET /ha/state status=200
[1772529104356] api request start: node=node-1 GET /ha/state
[1772529104357] api request success: node=node-1 GET /ha/state status=200
[1772529104357] api request start: node=node-2 GET /ha/state
[1772529104357] api request success: node=node-2 GET /ha/state status=200
[1772529104357] api request start: node=node-3 GET /ha/state
[1772529104358] api request success: node=node-3 GET /ha/state status=200
[1772529104506] api request start: node=node-1 GET /ha/state
[1772529104507] api request success: node=node-1 GET /ha/state status=200
[1772529104507] api request start: node=node-2 GET /ha/state
[1772529104508] api request success: node=node-2 GET /ha/state status=200
[1772529104508] api request start: node=node-3 GET /ha/state
[1772529104508] api request success: node=node-3 GET /ha/state status=200
[1772529104585] api request start: node=node-1 GET /ha/state
[1772529104586] api request success: node=node-1 GET /ha/state status=200
[1772529104586] api request start: node=node-2 GET /ha/state
[1772529104586] api request success: node=node-2 GET /ha/state status=200
[1772529104586] api request start: node=node-3 GET /ha/state
[1772529104587] api request success: node=node-3 GET /ha/state status=200
[1772529104818] api request start: node=node-1 GET /ha/state
[1772529104928] api request success: node=node-1 GET /ha/state status=200
[1772529104928] api request start: node=node-2 GET /ha/state
[1772529104929] api request success: node=node-2 GET /ha/state status=200
[1772529104929] api request start: node=node-3 GET /ha/state
[1772529104931] api request success: node=node-3 GET /ha/state status=200
[1772529105007] api request start: node=node-1 GET /ha/state
[1772529105009] api request success: node=node-1 GET /ha/state status=200
[1772529105009] api request start: node=node-2 GET /ha/state
[1772529105010] api request success: node=node-2 GET /ha/state status=200
[1772529105010] api request start: node=node-3 GET /ha/state
[1772529105012] api request success: node=node-3 GET /ha/state status=200
[1772529105245] api request start: node=node-1 GET /ha/state
[1772529105351] api request success: node=node-1 GET /ha/state status=200
[1772529105351] api request start: node=node-2 GET /ha/state
[1772529105352] api request success: node=node-2 GET /ha/state status=200
[1772529105352] api request start: node=node-3 GET /ha/state
[1772529105353] api request success: node=node-3 GET /ha/state status=200
[1772529105429] api request start: node=node-1 GET /ha/state
[1772529105430] api request success: node=node-1 GET /ha/state status=200
[1772529105430] api request start: node=node-2 GET /ha/state
[1772529105431] api request success: node=node-2 GET /ha/state status=200
[1772529105431] api request start: node=node-3 GET /ha/state
[1772529105432] api request success: node=node-3 GET /ha/state status=200
[1772529105560] api request start: node=node-1 GET /ha/state
[1772529105892] api request success: node=node-1 GET /ha/state status=200
[1772529105892] api request start: node=node-2 GET /ha/state
[1772529105894] api request success: node=node-2 GET /ha/state status=200
[1772529105894] api request start: node=node-3 GET /ha/state
[1772529105895] api request success: node=node-3 GET /ha/state status=200
[1772529105973] api request start: node=node-1 GET /ha/state
[1772529105975] api request success: node=node-1 GET /ha/state status=200
[1772529105975] api request start: node=node-2 GET /ha/state
[1772529105976] api request success: node=node-2 GET /ha/state status=200
[1772529105976] api request start: node=node-3 GET /ha/state
[1772529105977] api request success: node=node-3 GET /ha/state status=200
[1772529106094] api request start: node=node-1 GET /ha/state
[1772529106422] api request success: node=node-1 GET /ha/state status=200
[1772529106422] api request start: node=node-2 GET /ha/state
[1772529106423] api request success: node=node-2 GET /ha/state status=200
[1772529106424] api request start: node=node-3 GET /ha/state
[1772529106424] api request success: node=node-3 GET /ha/state status=200
[1772529106425] unassisted failover recovery success: former_primary=node-1, new_primary=node-2
[1772529106425] phase history evidence: node-1:Bootstrapping|Primary|WaitingPostgresReachable,node-2:Primary|Replica,node-3:Replica|WaitingPostgresReachable
[1772529106425] unassisted failover SQL post-check: insert post-failure row
[1772529106456] unassisted failover SQL continuity proof succeeded