[1772528593914] scenario bootstrap/election: wait for single primary
[1772528593914] api request start: node=node-1 GET /ha/state
[1772528594328] api request success: node=node-1 GET /ha/state status=200
[1772528594328] api request start: node=node-2 GET /ha/state
[1772528594328] api request success: node=node-2 GET /ha/state status=200
[1772528594328] api request start: node=node-3 GET /ha/state
[1772528594328] api request success: node=node-3 GET /ha/state status=200
[1772528594328] bootstrap/election success: primary=node-2
[1772528594328] api request start: node=node-1 GET /ha/state
[1772528594328] api request success: node=node-1 GET /ha/state status=200
[1772528594328] api request start: node=node-2 GET /ha/state
[1772528594328] api request success: node=node-2 GET /ha/state status=200
[1772528594328] api request start: node=node-3 GET /ha/state
[1772528594329] api request success: node=node-3 GET /ha/state status=200
[1772528594404] api request start: node=node-1 GET /ha/state
[1772528594405] api request success: node=node-1 GET /ha/state status=200
[1772528594405] api request start: node=node-2 GET /ha/state
[1772528594405] api request success: node=node-2 GET /ha/state status=200
[1772528594405] api request start: node=node-3 GET /ha/state
[1772528594405] api request success: node=node-3 GET /ha/state status=200
[1772528594686] api request start: node=node-1 GET /ha/state
[1772528594687] api request success: node=node-1 GET /ha/state status=200
[1772528594687] api request start: node=node-2 GET /ha/state
[1772528594687] api request success: node=node-2 GET /ha/state status=200
[1772528594687] api request start: node=node-3 GET /ha/state
[1772528594687] api request success: node=node-3 GET /ha/state status=200
[1772528594789] api request start: node=node-1 GET /ha/state
[1772528595321] api request success: node=node-1 GET /ha/state status=200
[1772528595321] api request start: node=node-2 GET /ha/state
[1772528595321] api request success: node=node-2 GET /ha/state status=200
[1772528595321] api request start: node=node-3 GET /ha/state
[1772528595321] api request success: node=node-3 GET /ha/state status=200
[1772528595397] api request start: node=node-1 GET /ha/state
[1772528595398] api request success: node=node-1 GET /ha/state status=200
[1772528595398] api request start: node=node-2 GET /ha/state
[1772528595398] api request success: node=node-2 GET /ha/state status=200
[1772528595398] api request start: node=node-3 GET /ha/state
[1772528595398] api request success: node=node-3 GET /ha/state status=200
[1772528595729] api request start: node=node-1 GET /ha/state
[1772528595730] api request success: node=node-1 GET /ha/state status=200
[1772528595730] api request start: node=node-2 GET /ha/state
[1772528595730] api request success: node=node-2 GET /ha/state status=200
[1772528595730] api request start: node=node-3 GET /ha/state
[1772528595730] api request success: node=node-3 GET /ha/state status=200
[1772528595806] api request start: node=node-1 GET /ha/state
[1772528595806] api request success: node=node-1 GET /ha/state status=200
[1772528595806] api request start: node=node-2 GET /ha/state
[1772528595806] api request success: node=node-2 GET /ha/state status=200
[1772528595806] api request start: node=node-3 GET /ha/state
[1772528595807] api request success: node=node-3 GET /ha/state status=200
[1772528596038] api request start: node=node-1 GET /ha/state
[1772528596245] api request success: node=node-1 GET /ha/state status=200
[1772528596245] api request start: node=node-2 GET /ha/state
[1772528596245] api request success: node=node-2 GET /ha/state status=200
[1772528596245] api request start: node=node-3 GET /ha/state
[1772528596245] api request success: node=node-3 GET /ha/state status=200
[1772528596321] api request start: node=node-1 GET /ha/state
[1772528596322] api request success: node=node-1 GET /ha/state status=200
[1772528596322] api request start: node=node-2 GET /ha/state
[1772528596322] api request success: node=node-2 GET /ha/state status=200
[1772528596322] api request start: node=node-3 GET /ha/state
[1772528596322] api request success: node=node-3 GET /ha/state status=200
[1772528596655] api request start: node=node-1 GET /ha/state
[1772528596968] api request success: node=node-1 GET /ha/state status=200
[1772528596969] api request start: node=node-2 GET /ha/state
[1772528597304] api request success: node=node-2 GET /ha/state status=200
[1772528597305] api request start: node=node-3 GET /ha/state
[1772528597765] api request success: node=node-3 GET /ha/state status=200
[1772528597765] scenario planned switchover: submit request through API endpoint
[1772528597766] api request start: node=node-1 POST /switchover
[1772528597982] api request success: node=node-1 POST /switchover status=202
[1772528597982] api request start: node=node-1 GET /ha/state
[1772528598448] api request success: node=node-1 GET /ha/state status=200
[1772528598448] api request start: node=node-2 GET /ha/state
[1772528598882] api request success: node=node-2 GET /ha/state status=200
[1772528598882] api request start: node=node-3 GET /ha/state
[1772528598883] api request success: node=node-3 GET /ha/state status=200
[1772528598883] planned switchover success: old_primary=node-2, new_primary=node-3
[1772528598883] scenario fencing-before-promotion: inject conflicting leader
[1772528598883] api request start: node=node-1 POST /ha/leader
[1772528598986] api request success: node=node-1 POST /ha/leader status=202
[1772528598986] api request start: node=node-3 GET /ha/state
[1772528599408] api request success: node=node-3 GET /ha/state status=200
[1772528599614] api request start: node=node-3 GET /ha/state
[1772528599719] api request success: node=node-3 GET /ha/state status=200
[1772528599795] api request start: node=node-3 GET /ha/state
[1772528599796] api request success: node=node-3 GET /ha/state status=200
[1772528599941] api request start: node=node-3 GET /ha/state
[1772528600386] api request success: node=node-3 GET /ha/state status=200
[1772528600493] api request start: node=node-3 GET /ha/state
[1772528600826] api request success: node=node-3 GET /ha/state status=200
[1772528601031] api request start: node=node-3 GET /ha/state
[1772528601255] api request success: node=node-3 GET /ha/state status=200
[1772528601333] api request start: node=node-3 GET /ha/state
[1772528601335] api request success: node=node-3 GET /ha/state status=200
[1772528601576] api request start: node=node-3 GET /ha/state
[1772528601685] api request success: node=node-3 GET /ha/state status=200
[1772528601762] api request start: node=node-3 GET /ha/state
[1772528601763] api request success: node=node-3 GET /ha/state status=200
[1772528601890] api request start: node=node-3 GET /ha/state
[1772528602309] api request success: node=node-3 GET /ha/state status=200
[1772528602386] api request start: node=node-3 GET /ha/state
[1772528602389] api request success: node=node-3 GET /ha/state status=200
[1772528602736] api request start: node=node-3 GET /ha/state
[1772528603056] api request success: node=node-3 GET /ha/state status=200
[1772528603159] api request start: node=node-3 GET /ha/state
[1772528603502] api request success: node=node-3 GET /ha/state status=200
[1772528603610] api request start: node=node-3 GET /ha/state
[1772528604010] api request success: node=node-3 GET /ha/state status=200
[1772528604087] api request start: node=node-3 GET /ha/state
[1772528604088] api request success: node=node-3 GET /ha/state status=200
[1772528604336] api request start: node=node-3 GET /ha/state
[1772528604674] api request success: node=node-3 GET /ha/state status=200
[1772528604782] api request start: node=node-3 GET /ha/state
[1772528605119] api request success: node=node-3 GET /ha/state status=200
[1772528605225] api request start: node=node-3 GET /ha/state
[1772528605452] api request success: node=node-3 GET /ha/state status=200
[1772528605528] api request start: node=node-3 GET /ha/state
[1772528605530] api request success: node=node-3 GET /ha/state status=200
[1772528605669] api request start: node=node-3 GET /ha/state
[1772528605779] api request success: node=node-3 GET /ha/state status=200
[1772528605857] api request start: node=node-3 GET /ha/state
[1772528605859] api request success: node=node-3 GET /ha/state status=200
[1772528606093] api request start: node=node-3 GET /ha/state
[1772528606303] api request success: node=node-3 GET /ha/state status=200
[1772528606379] api request start: node=node-3 GET /ha/state
[1772528606380] api request success: node=node-3 GET /ha/state status=200
[1772528606521] api request start: node=node-3 GET /ha/state
[1772528606834] api request success: node=node-3 GET /ha/state status=200
[1772528606941] api request start: node=node-3 GET /ha/state
[1772528607383] api request success: node=node-3 GET /ha/state status=200
[1772528607494] api request start: node=node-3 GET /ha/state
[1772528607496] api request success: node=node-3 GET /ha/state status=200
[1772528607572] api request start: node=node-3 GET /ha/state
[1772528607574] api request success: node=node-3 GET /ha/state status=200
[1772528607808] api request start: node=node-3 GET /ha/state
[1772528608252] api request success: node=node-3 GET /ha/state status=200
[1772528608350] api request start: node=node-3 GET /ha/state
[1772528608351] api request success: node=node-3 GET /ha/state status=200
[1772528608454] api request start: node=node-3 GET /ha/state
[1772528608891] api request success: node=node-3 GET /ha/state status=200
[1772528608969] api request start: node=node-3 GET /ha/state
[1772528608972] api request success: node=node-3 GET /ha/state status=200
[1772528609118] api request start: node=node-3 GET /ha/state
[1772528609119] api request success: node=node-3 GET /ha/state status=200
[1772528609197] api request start: node=node-3 GET /ha/state
[1772528609198] api request success: node=node-3 GET /ha/state status=200
[1772528609449] api request start: node=node-3 GET /ha/state
[1772528609781] api request success: node=node-3 GET /ha/state status=200
[1772528609893] api request start: node=node-3 GET /ha/state
[1772528610223] api request success: node=node-3 GET /ha/state status=200
[1772528610440] api request start: node=node-3 GET /ha/state
[1772528610562] api request success: node=node-3 GET /ha/state status=200
[1772528610640] api request start: node=node-3 GET /ha/state
[1772528610644] api request success: node=node-3 GET /ha/state status=200
[1772528610888] api request start: node=node-3 GET /ha/state
[1772528611016] api request success: node=node-3 GET /ha/state status=200
[1772528611094] api request start: node=node-3 GET /ha/state
[1772528611096] api request success: node=node-3 GET /ha/state status=200
[1772528611225] api request start: node=node-3 GET /ha/state
[1772528611663] api request success: node=node-3 GET /ha/state status=200
[1772528611768] api request start: node=node-3 GET /ha/state
[1772528612096] api request success: node=node-3 GET /ha/state status=200
[1772528612314] api request start: node=node-3 GET /ha/state
[1772528612425] api request success: node=node-3 GET /ha/state status=200
[1772528612501] api request start: node=node-3 GET /ha/state
[1772528612503] api request success: node=node-3 GET /ha/state status=200
[1772528612632] api request start: node=node-3 GET /ha/state
[1772528613086] api request success: node=node-3 GET /ha/state status=200
[1772528613162] api request start: node=node-3 GET /ha/state
[1772528613165] api request success: node=node-3 GET /ha/state status=200
[1772528613521] api request start: node=node-3 GET /ha/state
[1772528613866] api request success: node=node-3 GET /ha/state status=200
[1772528613966] api request start: node=node-3 GET /ha/state
[1772528614284] api request success: node=node-3 GET /ha/state status=200
[1772528614392] api request start: node=node-3 GET /ha/state
[1772528614622] api request success: node=node-3 GET /ha/state status=200
[1772528614701] api request start: node=node-3 GET /ha/state
[1772528614704] api request success: node=node-3 GET /ha/state status=200
[1772528614957] api request start: node=node-3 GET /ha/state
[1772528615306] api request success: node=node-3 GET /ha/state status=200
[1772528615421] api request start: node=node-3 GET /ha/state
[1772528615756] api request success: node=node-3 GET /ha/state status=200
[1772528615980] api request start: node=node-3 GET /ha/state
[1772528616203] api request success: node=node-3 GET /ha/state status=200
[1772528616281] api request start: node=node-3 GET /ha/state
[1772528616283] api request success: node=node-3 GET /ha/state status=200
[1772528616405] api request start: node=node-3 GET /ha/state
[1772528616841] api request success: node=node-3 GET /ha/state status=200
[1772528616950] api request start: node=node-3 GET /ha/state
[1772528617278] api request success: node=node-3 GET /ha/state status=200
[1772528617495] api request start: node=node-3 GET /ha/state
[1772528617606] api request success: node=node-3 GET /ha/state status=200
[1772528617682] api request start: node=node-3 GET /ha/state
[1772528617684] api request success: node=node-3 GET /ha/state status=200
[1772528617810] api request start: node=node-3 GET /ha/state
[1772528618253] api request success: node=node-3 GET /ha/state status=200
[1772528618329] api request start: node=node-3 GET /ha/state
[1772528618332] api request success: node=node-3 GET /ha/state status=200
[1772528618596] api request start: node=node-3 GET /ha/state
[1772528618920] api request success: node=node-3 GET /ha/state status=200
[1772528619032] api request start: node=node-3 GET /ha/state
[1772528619507] api request success: node=node-3 GET /ha/state status=200
[1772528619616] api request start: node=node-3 GET /ha/state
[1772528619617] api request success: node=node-3 GET /ha/state status=200
[1772528619694] api request start: node=node-3 GET /ha/state
[1772528619697] api request success: node=node-3 GET /ha/state status=200
[1772528619934] api request start: node=node-3 GET /ha/state
[1772528620378] api request success: node=node-3 GET /ha/state status=200
[1772528620492] api request start: node=node-3 GET /ha/state
[1772528620827] api request success: node=node-3 GET /ha/state status=200
[1772528621051] api request start: node=node-3 GET /ha/state
[1772528621280] api request success: node=node-3 GET /ha/state status=200
[1772528621357] api request start: node=node-3 GET /ha/state
[1772528621360] api request success: node=node-3 GET /ha/state status=200
[1772528621496] api request start: node=node-3 GET /ha/state
[1772528621926] api request success: node=node-3 GET /ha/state status=200
[1772528622027] api request start: node=node-3 GET /ha/state
[1772528622361] api request success: node=node-3 GET /ha/state status=200
[1772528622476] api request start: node=node-3 GET /ha/state
[1772528622802] api request success: node=node-3 GET /ha/state status=200
[1772528622910] api request start: node=node-3 GET /ha/state
[1772528623233] api request success: node=node-3 GET /ha/state status=200
[1772528623351] api request start: node=node-3 GET /ha/state
[1772528623673] api request success: node=node-3 GET /ha/state status=200
[1772528623778] api request start: node=node-3 GET /ha/state
[1772528624106] api request success: node=node-3 GET /ha/state status=200
[1772528624334] api request start: node=node-3 GET /ha/state
[1772528624336] api request success: node=node-3 GET /ha/state status=200
[1772528624413] api request start: node=node-3 GET /ha/state
[1772528624415] api request success: node=node-3 GET /ha/state status=200
[1772528624673] api request start: node=node-3 GET /ha/state
[1772528625016] api request success: node=node-3 GET /ha/state status=200
[1772528625127] api request start: node=node-3 GET /ha/state
[1772528625457] api request success: node=node-3 GET /ha/state status=200
[1772528625683] api request start: node=node-3 GET /ha/state
[1772528625907] api request success: node=node-3 GET /ha/state status=200
[1772528625983] api request start: node=node-3 GET /ha/state
[1772528625985] api request success: node=node-3 GET /ha/state status=200
[1772528626335] api request start: node=node-3 GET /ha/state
[1772528626341] api request success: node=node-3 GET /ha/state status=200
[1772528626418] api request start: node=node-3 GET /ha/state
[1772528626420] api request success: node=node-3 GET /ha/state status=200
[1772528626552] api request start: node=node-3 GET /ha/state
[1772528627006] api request success: node=node-3 GET /ha/state status=200
[1772528627083] api request start: node=node-3 GET /ha/state
[1772528627085] api request success: node=node-3 GET /ha/state status=200
[1772528627221] api request start: node=node-3 GET /ha/state
[1772528627662] api request success: node=node-3 GET /ha/state status=200
[1772528627769] api request start: node=node-3 GET /ha/state
[1772528628098] api request success: node=node-3 GET /ha/state status=200
[1772528628314] api request start: node=node-3 GET /ha/state
[1772528628428] api request success: node=node-3 GET /ha/state status=200
[1772528628505] api request start: node=node-3 GET /ha/state
[1772528628507] api request success: node=node-3 GET /ha/state status=200
[1772528628635] api request start: node=node-3 GET /ha/state
[1772528628987] api request success: node=node-3 GET /ha/state status=200