[1772531843727] unassisted failover bootstrap: wait for stable primary
[1772531843727] api request start: node=node-1 GET /ha/state
[1772531843830] api request success: node=node-1 GET /ha/state status=200
[1772531843830] api request start: node=node-2 GET /ha/state
[1772531843831] api request success: node=node-2 GET /ha/state status=200
[1772531843831] api request start: node=node-3 GET /ha/state
[1772531843831] api request success: node=node-3 GET /ha/state status=200
[1772531843831] stable-primary poll states: node-1:Primary:leader=node-1, node-2:WaitingPostgresReachable:leader=node-1, node-3:WaitingPostgresReachable:leader=node-1
[1772531844144] api request start: node=node-1 GET /ha/state
[1772531844361] api request success: node=node-1 GET /ha/state status=200
[1772531844361] api request start: node=node-2 GET /ha/state
[1772531844362] api request success: node=node-2 GET /ha/state status=200
[1772531844362] api request start: node=node-3 GET /ha/state
[1772531844362] api request success: node=node-3 GET /ha/state status=200
[1772531844362] stable-primary poll states: node-1:Primary:leader=node-1, node-2:Replica:leader=node-1, node-3:WaitingPostgresReachable:leader=node-1
[1772531844571] api request start: node=node-1 GET /ha/state
[1772531844787] api request success: node=node-1 GET /ha/state status=200
[1772531844787] api request start: node=node-2 GET /ha/state
[1772531844787] api request success: node=node-2 GET /ha/state status=200
[1772531844787] api request start: node=node-3 GET /ha/state
[1772531844788] api request success: node=node-3 GET /ha/state status=200
[1772531844788] stable-primary poll states: node-1:Primary:leader=node-1, node-2:Replica:leader=node-1, node-3:Replica:leader=node-1
[1772531844890] api request start: node=node-1 GET /ha/state
[1772531845116] api request success: node=node-1 GET /ha/state status=200
[1772531845116] api request start: node=node-2 GET /ha/state
[1772531845117] api request success: node=node-2 GET /ha/state status=200
[1772531845117] api request start: node=node-3 GET /ha/state
[1772531845118] api request success: node=node-3 GET /ha/state status=200
[1772531845327] api request start: node=node-1 GET /ha/state
[1772531845554] api request success: node=node-1 GET /ha/state status=200
[1772531845554] api request start: node=node-2 GET /ha/state
[1772531845555] api request success: node=node-2 GET /ha/state status=200
[1772531845555] api request start: node=node-3 GET /ha/state
[1772531845556] api request success: node=node-3 GET /ha/state status=200
[1772531845556] unassisted failover bootstrap success: primary=node-1
[1772531845556] api request start: node=node-1 GET /ha/state
[1772531845557] api request success: node=node-1 GET /ha/state status=200
[1772531845557] api request start: node=node-2 GET /ha/state
[1772531845557] api request success: node=node-2 GET /ha/state status=200
[1772531845557] api request start: node=node-3 GET /ha/state
[1772531845558] api request success: node=node-3 GET /ha/state status=200
[1772531845635] api request start: node=node-1 GET /ha/state
[1772531845637] api request success: node=node-1 GET /ha/state status=200
[1772531845637] api request start: node=node-2 GET /ha/state
[1772531845638] api request success: node=node-2 GET /ha/state status=200
[1772531845638] api request start: node=node-3 GET /ha/state
[1772531845639] api request success: node=node-3 GET /ha/state status=200
[1772531845886] api request start: node=node-1 GET /ha/state
[1772531845889] api request success: node=node-1 GET /ha/state status=200
[1772531845889] api request start: node=node-2 GET /ha/state
[1772531845889] api request success: node=node-2 GET /ha/state status=200
[1772531845889] api request start: node=node-3 GET /ha/state
[1772531845889] api request success: node=node-3 GET /ha/state status=200
[1772531845972] api request start: node=node-1 GET /ha/state
[1772531845976] api request success: node=node-1 GET /ha/state status=200
[1772531845976] api request start: node=node-2 GET /ha/state
[1772531845977] api request success: node=node-2 GET /ha/state status=200
[1772531845977] api request start: node=node-3 GET /ha/state
[1772531845977] api request success: node=node-3 GET /ha/state status=200
[1772531846099] api request start: node=node-1 GET /ha/state
[1772531846310] api request success: node=node-1 GET /ha/state status=200
[1772531846310] api request start: node=node-2 GET /ha/state
[1772531846310] api request success: node=node-2 GET /ha/state status=200
[1772531846310] api request start: node=node-3 GET /ha/state
[1772531846311] api request success: node=node-3 GET /ha/state status=200
[1772531846388] api request start: node=node-1 GET /ha/state
[1772531846389] api request success: node=node-1 GET /ha/state status=200
[1772531846389] api request start: node=node-2 GET /ha/state
[1772531846389] api request success: node=node-2 GET /ha/state status=200
[1772531846389] api request start: node=node-3 GET /ha/state
[1772531846390] api request success: node=node-3 GET /ha/state status=200
[1772531846519] api request start: node=node-1 GET /ha/state
[1772531846639] api request success: node=node-1 GET /ha/state status=200
[1772531846639] api request start: node=node-2 GET /ha/state
[1772531846640] api request success: node=node-2 GET /ha/state status=200
[1772531846640] api request start: node=node-3 GET /ha/state
[1772531846640] api request success: node=node-3 GET /ha/state status=200
[1772531846717] api request start: node=node-1 GET /ha/state
[1772531846718] api request success: node=node-1 GET /ha/state status=200
[1772531846718] api request start: node=node-2 GET /ha/state
[1772531846719] api request success: node=node-2 GET /ha/state status=200
[1772531846719] api request start: node=node-3 GET /ha/state
[1772531846719] api request success: node=node-3 GET /ha/state status=200
[1772531846954] api request start: node=node-1 GET /ha/state
[1772531846955] api request success: node=node-1 GET /ha/state status=200
[1772531846955] api request start: node=node-2 GET /ha/state
[1772531846955] api request success: node=node-2 GET /ha/state status=200
[1772531846955] api request start: node=node-3 GET /ha/state
[1772531846955] api request success: node=node-3 GET /ha/state status=200
[1772531847033] api request start: node=node-1 GET /ha/state
[1772531847034] api request success: node=node-1 GET /ha/state status=200
[1772531847034] api request start: node=node-2 GET /ha/state
[1772531847035] api request success: node=node-2 GET /ha/state status=200
[1772531847035] api request start: node=node-3 GET /ha/state
[1772531847035] api request success: node=node-3 GET /ha/state status=200
[1772531847278] api request start: node=node-1 GET /ha/state
[1772531847279] api request success: node=node-1 GET /ha/state status=200
[1772531847279] api request start: node=node-2 GET /ha/state
[1772531847280] api request success: node=node-2 GET /ha/state status=200
[1772531847281] api request start: node=node-3 GET /ha/state
[1772531847281] api request success: node=node-3 GET /ha/state status=200
[1772531847358] api request start: node=node-1 GET /ha/state
[1772531847359] api request success: node=node-1 GET /ha/state status=200
[1772531847359] api request start: node=node-2 GET /ha/state
[1772531847361] api request success: node=node-2 GET /ha/state status=200
[1772531847361] api request start: node=node-3 GET /ha/state
[1772531847362] api request success: node=node-3 GET /ha/state status=200
[1772531847603] api request start: node=node-1 GET /ha/state
[1772531847606] api request success: node=node-1 GET /ha/state status=200
[1772531847606] api request start: node=node-2 GET /ha/state
[1772531847607] api request success: node=node-2 GET /ha/state status=200
[1772531847607] api request start: node=node-3 GET /ha/state
[1772531847608] api request success: node=node-3 GET /ha/state status=200
[1772531847686] api request start: node=node-1 GET /ha/state
[1772531847687] api request success: node=node-1 GET /ha/state status=200
[1772531847687] api request start: node=node-2 GET /ha/state
[1772531847688] api request success: node=node-2 GET /ha/state status=200
[1772531847688] api request start: node=node-3 GET /ha/state
[1772531847689] api request success: node=node-3 GET /ha/state status=200
[1772531847815] api request start: node=node-1 GET /ha/state
[1772531848058] api request success: node=node-1 GET /ha/state status=200
[1772531848058] api request start: node=node-2 GET /ha/state
[1772531848059] api request success: node=node-2 GET /ha/state status=200
[1772531848059] api request start: node=node-3 GET /ha/state
[1772531848060] api request success: node=node-3 GET /ha/state status=200
[1772531848136] api request start: node=node-1 GET /ha/state
[1772531848140] api request success: node=node-1 GET /ha/state status=200
[1772531848140] api request start: node=node-2 GET /ha/state
[1772531848141] api request success: node=node-2 GET /ha/state status=200
[1772531848141] api request start: node=node-3 GET /ha/state
[1772531848142] api request success: node=node-3 GET /ha/state status=200
[1772531848379] api request start: node=node-1 GET /ha/state
[1772531848381] api request success: node=node-1 GET /ha/state status=200
[1772531848381] api request start: node=node-2 GET /ha/state
[1772531848382] api request success: node=node-2 GET /ha/state status=200
[1772531848382] api request start: node=node-3 GET /ha/state
[1772531848382] api request success: node=node-3 GET /ha/state status=200
[1772531848458] api request start: node=node-1 GET /ha/state
[1772531848460] api request success: node=node-1 GET /ha/state status=200
[1772531848460] api request start: node=node-2 GET /ha/state
[1772531848461] api request success: node=node-2 GET /ha/state status=200
[1772531848461] api request start: node=node-3 GET /ha/state
[1772531848462] api request success: node=node-3 GET /ha/state status=200
[1772531848592] api request start: node=node-1 GET /ha/state
[1772531848819] api request success: node=node-1 GET /ha/state status=200
[1772531848819] api request start: node=node-2 GET /ha/state
[1772531848820] api request success: node=node-2 GET /ha/state status=200
[1772531848820] api request start: node=node-3 GET /ha/state
[1772531848821] api request success: node=node-3 GET /ha/state status=200
[1772531848821] unassisted failover SQL pre-check: create table and insert pre-failure row
[1772531848918] unassisted failover SQL pre-check seeded/validated on replica=node-2
[1772531849162] unassisted failover SQL pre-check seeded/validated on replica=node-3
[1772531849162] unassisted failover SQL pre-check succeeded
[1772531849162] unassisted failover failure injection: stop postgres on node-1
[1772531849333] unassisted failover recovery: API-only polling for new stable primary
[1772531849333] api request start: node=node-1 GET /ha/state
[1772531849879] api request success: node=node-1 GET /ha/state status=200
[1772531849879] api request start: node=node-2 GET /ha/state
[1772531849986] api request success: node=node-2 GET /ha/state status=200
[1772531849986] api request start: node=node-3 GET /ha/state
[1772531849987] api request success: node=node-3 GET /ha/state status=200
[1772531849987] stable-primary poll states: node-1:Primary:leader=node-1, node-2:Replica:leader=node-3, node-3:Primary:leader=node-3
[1772531850425] api request start: node=node-1 GET /ha/state
[1772531850429] api request success: node=node-1 GET /ha/state status=200
[1772531850429] api request start: node=node-2 GET /ha/state
[1772531850430] api request success: node=node-2 GET /ha/state status=200
[1772531850430] api request start: node=node-3 GET /ha/state
[1772531850431] api request success: node=node-3 GET /ha/state status=200
[1772531850431] stable-primary poll states: node-1:WaitingPostgresReachable:leader=node-3, node-2:Replica:leader=node-3, node-3:Primary:leader=node-3
[1772531850533] api request start: node=node-1 GET /ha/state
[1772531850881] api request success: node=node-1 GET /ha/state status=200
[1772531850881] api request start: node=node-2 GET /ha/state
[1772531850882] api request success: node=node-2 GET /ha/state status=200
[1772531850882] api request start: node=node-3 GET /ha/state
[1772531850884] api request success: node=node-3 GET /ha/state status=200
[1772531851097] api request start: node=node-1 GET /ha/state
[1772531851328] api request success: node=node-1 GET /ha/state status=200
[1772531851328] api request start: node=node-2 GET /ha/state
[1772531851329] api request success: node=node-2 GET /ha/state status=200
[1772531851329] api request start: node=node-3 GET /ha/state
[1772531851329] api request success: node=node-3 GET /ha/state status=200
[1772531851439] api request start: node=node-1 GET /ha/state
[1772531851770] api request success: node=node-1 GET /ha/state status=200
[1772531851770] api request start: node=node-2 GET /ha/state
[1772531851771] api request success: node=node-2 GET /ha/state status=200
[1772531851771] api request start: node=node-3 GET /ha/state
[1772531851772] api request success: node=node-3 GET /ha/state status=200
[1772531852085] api request start: node=node-1 GET /ha/state
[1772531852191] api request success: node=node-1 GET /ha/state status=200
[1772531852191] api request start: node=node-2 GET /ha/state
[1772531852191] api request success: node=node-2 GET /ha/state status=200
[1772531852191] api request start: node=node-3 GET /ha/state
[1772531852192] api request success: node=node-3 GET /ha/state status=200
[1772531852192] api request start: node=node-1 GET /ha/state
[1772531852193] api request success: node=node-1 GET /ha/state status=200
[1772531852193] api request start: node=node-2 GET /ha/state
[1772531852193] api request success: node=node-2 GET /ha/state status=200
[1772531852193] api request start: node=node-3 GET /ha/state
[1772531852194] api request success: node=node-3 GET /ha/state status=200
[1772531852272] api request start: node=node-1 GET /ha/state
[1772531852273] api request success: node=node-1 GET /ha/state status=200
[1772531852273] api request start: node=node-2 GET /ha/state
[1772531852273] api request success: node=node-2 GET /ha/state status=200
[1772531852273] api request start: node=node-3 GET /ha/state
[1772531852274] api request success: node=node-3 GET /ha/state status=200
[1772531852410] api request start: node=node-1 GET /ha/state
[1772531852729] api request success: node=node-1 GET /ha/state status=200
[1772531852729] api request start: node=node-2 GET /ha/state
[1772531852730] api request success: node=node-2 GET /ha/state status=200
[1772531852730] api request start: node=node-3 GET /ha/state
[1772531852730] api request success: node=node-3 GET /ha/state status=200
[1772531852807] api request start: node=node-1 GET /ha/state
[1772531852809] api request success: node=node-1 GET /ha/state status=200
[1772531852809] api request start: node=node-2 GET /ha/state
[1772531852810] api request success: node=node-2 GET /ha/state status=200
[1772531852810] api request start: node=node-3 GET /ha/state
[1772531852810] api request success: node=node-3 GET /ha/state status=200
[1772531853056] api request start: node=node-1 GET /ha/state
[1772531853173] api request success: node=node-1 GET /ha/state status=200
[1772531853173] api request start: node=node-2 GET /ha/state
[1772531853174] api request success: node=node-2 GET /ha/state status=200
[1772531853174] api request start: node=node-3 GET /ha/state
[1772531853175] api request success: node=node-3 GET /ha/state status=200
[1772531853253] api request start: node=node-1 GET /ha/state
[1772531853254] api request success: node=node-1 GET /ha/state status=200
[1772531853254] api request start: node=node-2 GET /ha/state
[1772531853254] api request success: node=node-2 GET /ha/state status=200
[1772531853254] api request start: node=node-3 GET /ha/state
[1772531853255] api request success: node=node-3 GET /ha/state status=200
[1772531853493] api request start: node=node-1 GET /ha/state
[1772531853609] api request success: node=node-1 GET /ha/state status=200
[1772531853609] api request start: node=node-2 GET /ha/state
[1772531853611] api request success: node=node-2 GET /ha/state status=200
[1772531853611] api request start: node=node-3 GET /ha/state
[1772531853615] api request success: node=node-3 GET /ha/state status=200
[1772531853694] api request start: node=node-1 GET /ha/state
[1772531853696] api request success: node=node-1 GET /ha/state status=200
[1772531853696] api request start: node=node-2 GET /ha/state
[1772531853697] api request success: node=node-2 GET /ha/state status=200
[1772531853697] api request start: node=node-3 GET /ha/state
[1772531853698] api request success: node=node-3 GET /ha/state status=200
[1772531853818] api request start: node=node-1 GET /ha/state
[1772531854148] api request success: node=node-1 GET /ha/state status=200
[1772531854148] api request start: node=node-2 GET /ha/state
[1772531854150] api request success: node=node-2 GET /ha/state status=200
[1772531854150] api request start: node=node-3 GET /ha/state
[1772531854151] api request success: node=node-3 GET /ha/state status=200
[1772531854228] api request start: node=node-1 GET /ha/state
[1772531854230] api request success: node=node-1 GET /ha/state status=200
[1772531854231] api request start: node=node-2 GET /ha/state
[1772531854232] api request success: node=node-2 GET /ha/state status=200
[1772531854232] api request start: node=node-3 GET /ha/state
[1772531854233] api request success: node=node-3 GET /ha/state status=200
[1772531854359] api request start: node=node-1 GET /ha/state
[1772531854694] api request success: node=node-1 GET /ha/state status=200
[1772531854694] api request start: node=node-2 GET /ha/state
[1772531854695] api request success: node=node-2 GET /ha/state status=200
[1772531854695] api request start: node=node-3 GET /ha/state
[1772531854697] api request success: node=node-3 GET /ha/state status=200
[1772531854773] api request start: node=node-1 GET /ha/state
[1772531854775] api request success: node=node-1 GET /ha/state status=200
[1772531854776] api request start: node=node-2 GET /ha/state
[1772531854777] api request success: node=node-2 GET /ha/state status=200
[1772531854777] api request start: node=node-3 GET /ha/state
[1772531854777] api request success: node=node-3 GET /ha/state status=200
[1772531855039] api request start: node=node-1 GET /ha/state
[1772531855149] api request success: node=node-1 GET /ha/state status=200
[1772531855149] api request start: node=node-2 GET /ha/state
[1772531855149] api request success: node=node-2 GET /ha/state status=200
[1772531855149] api request start: node=node-3 GET /ha/state
[1772531855150] api request success: node=node-3 GET /ha/state status=200
[1772531855227] api request start: node=node-1 GET /ha/state
[1772531855229] api request success: node=node-1 GET /ha/state status=200
[1772531855230] api request start: node=node-2 GET /ha/state
[1772531855231] api request success: node=node-2 GET /ha/state status=200
[1772531855231] api request start: node=node-3 GET /ha/state
[1772531855231] api request success: node=node-3 GET /ha/state status=200
[1772531855464] api request start: node=node-1 GET /ha/state
[1772531855689] api request success: node=node-1 GET /ha/state status=200
[1772531855689] api request start: node=node-2 GET /ha/state
[1772531855691] api request success: node=node-2 GET /ha/state status=200
[1772531855691] api request start: node=node-3 GET /ha/state
[1772531855692] api request success: node=node-3 GET /ha/state status=200
[1772531855769] api request start: node=node-1 GET /ha/state
[1772531855771] api request success: node=node-1 GET /ha/state status=200
[1772531855771] api request start: node=node-2 GET /ha/state
[1772531855773] api request success: node=node-2 GET /ha/state status=200
[1772531855773] api request start: node=node-3 GET /ha/state
[1772531855774] api request success: node=node-3 GET /ha/state status=200
[1772531855899] api request start: node=node-1 GET /ha/state
[1772531856234] api request success: node=node-1 GET /ha/state status=200
[1772531856234] api request start: node=node-2 GET /ha/state
[1772531856236] api request success: node=node-2 GET /ha/state status=200
[1772531856236] api request start: node=node-3 GET /ha/state
[1772531856236] api request success: node=node-3 GET /ha/state status=200
[1772531856314] api request start: node=node-1 GET /ha/state
[1772531856316] api request success: node=node-1 GET /ha/state status=200
[1772531856317] api request start: node=node-2 GET /ha/state
[1772531856318] api request success: node=node-2 GET /ha/state status=200
[1772531856318] api request start: node=node-3 GET /ha/state
[1772531856319] api request success: node=node-3 GET /ha/state status=200
[1772531856446] api request start: node=node-1 GET /ha/state
[1772531856681] api request success: node=node-1 GET /ha/state status=200
[1772531856681] api request start: node=node-2 GET /ha/state
[1772531856682] api request success: node=node-2 GET /ha/state status=200
[1772531856682] api request start: node=node-3 GET /ha/state
[1772531856682] api request success: node=node-3 GET /ha/state status=200
[1772531856763] api request start: node=node-1 GET /ha/state
[1772531856765] api request success: node=node-1 GET /ha/state status=200
[1772531856765] api request start: node=node-2 GET /ha/state
[1772531856766] api request success: node=node-2 GET /ha/state status=200
[1772531856767] api request start: node=node-3 GET /ha/state
[1772531856769] api request success: node=node-3 GET /ha/state status=200
[1772531856999] api request start: node=node-1 GET /ha/state
[1772531857108] api request success: node=node-1 GET /ha/state status=200
[1772531857108] api request start: node=node-2 GET /ha/state
[1772531857109] api request success: node=node-2 GET /ha/state status=200
[1772531857109] api request start: node=node-3 GET /ha/state
[1772531857109] api request success: node=node-3 GET /ha/state status=200
[1772531857186] api request start: node=node-1 GET /ha/state
[1772531857187] api request success: node=node-1 GET /ha/state status=200
[1772531857188] api request start: node=node-2 GET /ha/state
[1772531857189] api request success: node=node-2 GET /ha/state status=200
[1772531857189] api request start: node=node-3 GET /ha/state
[1772531857190] api request success: node=node-3 GET /ha/state status=200
[1772531857313] api request start: node=node-1 GET /ha/state
[1772531857630] api request success: node=node-1 GET /ha/state status=200
[1772531857630] api request start: node=node-2 GET /ha/state
[1772531857631] api request success: node=node-2 GET /ha/state status=200
[1772531857631] api request start: node=node-3 GET /ha/state
[1772531857631] api request success: node=node-3 GET /ha/state status=200
[1772531857631] unassisted failover recovery success: former_primary=node-1, new_primary=node-3
[1772531857631] phase history evidence: node-1:Primary|WaitingPostgresReachable,node-2:Replica|WaitingPostgresReachable,node-3:Primary|Replica|WaitingPostgresReachable
[1772531857631] unassisted failover SQL post-check: insert post-failure row
[1772531857671] unassisted failover SQL continuity proof succeeded