[1772530760683] unassisted failover bootstrap: wait for stable primary
[1772530760683] api request start: node=node-1 GET /ha/state
[1772530760882] api request success: node=node-1 GET /ha/state status=200
[1772530760882] api request start: node=node-2 GET /ha/state
[1772530760883] api request success: node=node-2 GET /ha/state status=200
[1772530760883] api request start: node=node-3 GET /ha/state
[1772530760883] api request success: node=node-3 GET /ha/state status=200
[1772530760883] stable-primary poll states: node-1:Primary:leader=node-1, node-2:WaitingPostgresReachable:leader=node-1, node-3:WaitingPostgresReachable:leader=node-1
[1772530761084] api request start: node=node-1 GET /ha/state
[1772530761415] api request success: node=node-1 GET /ha/state status=200
[1772530761415] api request start: node=node-2 GET /ha/state
[1772530761415] api request success: node=node-2 GET /ha/state status=200
[1772530761415] api request start: node=node-3 GET /ha/state
[1772530761415] api request success: node=node-3 GET /ha/state status=200
[1772530761415] stable-primary poll states: node-1:Primary:leader=node-1, node-2:Replica:leader=node-1, node-3:WaitingPostgresReachable:leader=node-1
[1772530761840] api request start: node=node-1 GET /ha/state
[1772530761840] api request success: node=node-1 GET /ha/state status=200
[1772530761840] api request start: node=node-2 GET /ha/state
[1772530761840] api request success: node=node-2 GET /ha/state status=200
[1772530761841] api request start: node=node-3 GET /ha/state
[1772530761841] api request success: node=node-3 GET /ha/state status=200
[1772530761841] stable-primary poll states: node-1:Primary:leader=node-1, node-2:Replica:leader=node-1, node-3:Replica:leader=node-1
[1772530761942] api request start: node=node-1 GET /ha/state
[1772530762151] api request success: node=node-1 GET /ha/state status=200
[1772530762151] api request start: node=node-2 GET /ha/state
[1772530762151] api request success: node=node-2 GET /ha/state status=200
[1772530762151] api request start: node=node-3 GET /ha/state
[1772530762152] api request success: node=node-3 GET /ha/state status=200
[1772530762559] api request start: node=node-1 GET /ha/state
[1772530762560] api request success: node=node-1 GET /ha/state status=200
[1772530762560] api request start: node=node-2 GET /ha/state
[1772530762561] api request success: node=node-2 GET /ha/state status=200
[1772530762561] api request start: node=node-3 GET /ha/state
[1772530762561] api request success: node=node-3 GET /ha/state status=200
[1772530762561] unassisted failover bootstrap success: primary=node-1
[1772530762561] api request start: node=node-1 GET /ha/state
[1772530762561] api request success: node=node-1 GET /ha/state status=200
[1772530762561] api request start: node=node-2 GET /ha/state
[1772530762561] api request success: node=node-2 GET /ha/state status=200
[1772530762561] api request start: node=node-3 GET /ha/state
[1772530762562] api request success: node=node-3 GET /ha/state status=200
[1772530762638] api request start: node=node-1 GET /ha/state
[1772530762639] api request success: node=node-1 GET /ha/state status=200
[1772530762639] api request start: node=node-2 GET /ha/state
[1772530762639] api request success: node=node-2 GET /ha/state status=200
[1772530762639] api request start: node=node-3 GET /ha/state
[1772530762639] api request success: node=node-3 GET /ha/state status=200
[1772530762764] api request start: node=node-1 GET /ha/state
[1772530763029] api request success: node=node-1 GET /ha/state status=200
[1772530763029] api request start: node=node-2 GET /ha/state
[1772530763029] api request success: node=node-2 GET /ha/state status=200
[1772530763029] api request start: node=node-3 GET /ha/state
[1772530763030] api request success: node=node-3 GET /ha/state status=200
[1772530763105] api request start: node=node-1 GET /ha/state
[1772530763106] api request success: node=node-1 GET /ha/state status=200
[1772530763106] api request start: node=node-2 GET /ha/state
[1772530763106] api request success: node=node-2 GET /ha/state status=200
[1772530763106] api request start: node=node-3 GET /ha/state
[1772530763106] api request success: node=node-3 GET /ha/state status=200
[1772530763243] api request start: node=node-1 GET /ha/state
[1772530763244] api request success: node=node-1 GET /ha/state status=200
[1772530763244] api request start: node=node-2 GET /ha/state
[1772530763244] api request success: node=node-2 GET /ha/state status=200
[1772530763244] api request start: node=node-3 GET /ha/state
[1772530763244] api request success: node=node-3 GET /ha/state status=200
[1772530763321] api request start: node=node-1 GET /ha/state
[1772530763321] api request success: node=node-1 GET /ha/state status=200
[1772530763321] api request start: node=node-2 GET /ha/state
[1772530763321] api request success: node=node-2 GET /ha/state status=200
[1772530763321] api request start: node=node-3 GET /ha/state
[1772530763321] api request success: node=node-3 GET /ha/state status=200
[1772530763565] api request start: node=node-1 GET /ha/state
[1772530763566] api request success: node=node-1 GET /ha/state status=200
[1772530763566] api request start: node=node-2 GET /ha/state
[1772530763566] api request success: node=node-2 GET /ha/state status=200
[1772530763566] api request start: node=node-3 GET /ha/state
[1772530763566] api request success: node=node-3 GET /ha/state status=200
[1772530763648] api request start: node=node-1 GET /ha/state
[1772530763649] api request success: node=node-1 GET /ha/state status=200
[1772530763649] api request start: node=node-2 GET /ha/state
[1772530763649] api request success: node=node-2 GET /ha/state status=200
[1772530763649] api request start: node=node-3 GET /ha/state
[1772530763650] api request success: node=node-3 GET /ha/state status=200
[1772530763909] api request start: node=node-1 GET /ha/state
[1772530763911] api request success: node=node-1 GET /ha/state status=200
[1772530763911] api request start: node=node-2 GET /ha/state
[1772530763912] api request success: node=node-2 GET /ha/state status=200
[1772530763912] api request start: node=node-3 GET /ha/state
[1772530763912] api request success: node=node-3 GET /ha/state status=200
[1772530763989] api request start: node=node-1 GET /ha/state
[1772530763990] api request success: node=node-1 GET /ha/state status=200
[1772530763991] api request start: node=node-2 GET /ha/state
[1772530763991] api request success: node=node-2 GET /ha/state status=200
[1772530763991] api request start: node=node-3 GET /ha/state
[1772530763992] api request success: node=node-3 GET /ha/state status=200
[1772530764239] api request start: node=node-1 GET /ha/state
[1772530764241] api request success: node=node-1 GET /ha/state status=200
[1772530764241] api request start: node=node-2 GET /ha/state
[1772530764241] api request success: node=node-2 GET /ha/state status=200
[1772530764241] api request start: node=node-3 GET /ha/state
[1772530764241] api request success: node=node-3 GET /ha/state status=200
[1772530764319] api request start: node=node-1 GET /ha/state
[1772530764321] api request success: node=node-1 GET /ha/state status=200
[1772530764321] api request start: node=node-2 GET /ha/state
[1772530764322] api request success: node=node-2 GET /ha/state status=200
[1772530764322] api request start: node=node-3 GET /ha/state
[1772530764323] api request success: node=node-3 GET /ha/state status=200
[1772530764451] api request start: node=node-1 GET /ha/state
[1772530764575] api request success: node=node-1 GET /ha/state status=200
[1772530764575] api request start: node=node-2 GET /ha/state
[1772530764575] api request success: node=node-2 GET /ha/state status=200
[1772530764575] api request start: node=node-3 GET /ha/state
[1772530764575] api request success: node=node-3 GET /ha/state status=200
[1772530764657] api request start: node=node-1 GET /ha/state
[1772530764660] api request success: node=node-1 GET /ha/state status=200
[1772530764660] api request start: node=node-2 GET /ha/state
[1772530764661] api request success: node=node-2 GET /ha/state status=200
[1772530764661] api request start: node=node-3 GET /ha/state
[1772530764665] api request success: node=node-3 GET /ha/state status=200
[1772530764798] api request start: node=node-1 GET /ha/state
[1772530764801] api request success: node=node-1 GET /ha/state status=200
[1772530764801] api request start: node=node-2 GET /ha/state
[1772530764802] api request success: node=node-2 GET /ha/state status=200
[1772530764802] api request start: node=node-3 GET /ha/state
[1772530764802] api request success: node=node-3 GET /ha/state status=200
[1772530764880] api request start: node=node-1 GET /ha/state
[1772530764881] api request success: node=node-1 GET /ha/state status=200
[1772530764881] api request start: node=node-2 GET /ha/state
[1772530764881] api request success: node=node-2 GET /ha/state status=200
[1772530764881] api request start: node=node-3 GET /ha/state
[1772530764882] api request success: node=node-3 GET /ha/state status=200
[1772530765142] api request start: node=node-1 GET /ha/state
[1772530765145] api request success: node=node-1 GET /ha/state status=200
[1772530765145] api request start: node=node-2 GET /ha/state
[1772530765146] api request success: node=node-2 GET /ha/state status=200
[1772530765146] api request start: node=node-3 GET /ha/state
[1772530765147] api request success: node=node-3 GET /ha/state status=200
[1772530765226] api request start: node=node-1 GET /ha/state
[1772530765226] api request success: node=node-1 GET /ha/state status=200
[1772530765226] api request start: node=node-2 GET /ha/state
[1772530765226] api request success: node=node-2 GET /ha/state status=200
[1772530765226] api request start: node=node-3 GET /ha/state
[1772530765227] api request success: node=node-3 GET /ha/state status=200
[1772530765356] api request start: node=node-1 GET /ha/state
[1772530765583] api request success: node=node-1 GET /ha/state status=200
[1772530765583] api request start: node=node-2 GET /ha/state
[1772530765584] api request success: node=node-2 GET /ha/state status=200
[1772530765584] api request start: node=node-3 GET /ha/state
[1772530765585] api request success: node=node-3 GET /ha/state status=200
[1772530765585] unassisted failover SQL pre-check: create table and insert pre-failure row
[1772530765680] unassisted failover SQL pre-check seeded/validated on replica=node-2
[1772530765923] unassisted failover SQL pre-check seeded/validated on replica=node-3
[1772530765923] unassisted failover SQL pre-check succeeded
[1772530765923] unassisted failover failure injection: stop postgres on node-1
[1772530766219] unassisted failover recovery: API-only polling for new stable primary
[1772530766219] api request start: node=node-1 GET /ha/state
[1772530766220] api request success: node=node-1 GET /ha/state status=200
[1772530766220] api request start: node=node-2 GET /ha/state
[1772530766221] api request success: node=node-2 GET /ha/state status=200
[1772530766221] api request start: node=node-3 GET /ha/state
[1772530766221] api request success: node=node-3 GET /ha/state status=200
[1772530766221] stable-primary poll states: node-1:Primary:leader=node-1, node-2:Replica:leader=node-1, node-3:Replica:leader=node-1
[1772530766328] api request start: node=node-1 GET /ha/state
[1772530766870] api request success: node=node-1 GET /ha/state status=200
[1772530766870] api request start: node=node-2 GET /ha/state
[1772530766871] api request success: node=node-2 GET /ha/state status=200
[1772530766871] api request start: node=node-3 GET /ha/state
[1772530766872] api request success: node=node-3 GET /ha/state status=200
[1772530766872] stable-primary poll states: node-1:Bootstrapping:leader=node-1, node-2:Replica:leader=node-3, node-3:Primary:leader=node-3
[1772530767312] api request start: node=node-1 GET /ha/state
[1772530767316] api request success: node=node-1 GET /ha/state status=200
[1772530767316] api request start: node=node-2 GET /ha/state
[1772530767317] api request success: node=node-2 GET /ha/state status=200
[1772530767317] api request start: node=node-3 GET /ha/state
[1772530767317] api request success: node=node-3 GET /ha/state status=200
[1772530767317] stable-primary poll states: node-1:WaitingPostgresReachable:leader=node-3, node-2:Replica:leader=node-3, node-3:Primary:leader=node-3
[1772530767519] api request start: node=node-1 GET /ha/state
[1772530767842] api request success: node=node-1 GET /ha/state status=200
[1772530767842] api request start: node=node-2 GET /ha/state
[1772530767842] api request success: node=node-2 GET /ha/state status=200
[1772530767842] api request start: node=node-3 GET /ha/state
[1772530767843] api request success: node=node-3 GET /ha/state status=200
[1772530767944] api request start: node=node-1 GET /ha/state
[1772530768282] api request success: node=node-1 GET /ha/state status=200
[1772530768282] api request start: node=node-2 GET /ha/state
[1772530768283] api request success: node=node-2 GET /ha/state status=200
[1772530768283] api request start: node=node-3 GET /ha/state
[1772530768284] api request success: node=node-3 GET /ha/state status=200
[1772530768596] api request start: node=node-1 GET /ha/state
[1772530768704] api request success: node=node-1 GET /ha/state status=200
[1772530768704] api request start: node=node-2 GET /ha/state
[1772530768705] api request success: node=node-2 GET /ha/state status=200
[1772530768705] api request start: node=node-3 GET /ha/state
[1772530768705] api request success: node=node-3 GET /ha/state status=200
[1772530768705] api request start: node=node-1 GET /ha/state
[1772530768706] api request success: node=node-1 GET /ha/state status=200
[1772530768706] api request start: node=node-2 GET /ha/state
[1772530768707] api request success: node=node-2 GET /ha/state status=200
[1772530768707] api request start: node=node-3 GET /ha/state
[1772530768708] api request success: node=node-3 GET /ha/state status=200
[1772530768784] api request start: node=node-1 GET /ha/state
[1772530768784] api request success: node=node-1 GET /ha/state status=200
[1772530768785] api request start: node=node-2 GET /ha/state
[1772530768785] api request success: node=node-2 GET /ha/state status=200
[1772530768785] api request start: node=node-3 GET /ha/state
[1772530768786] api request success: node=node-3 GET /ha/state status=200
[1772530769019] api request start: node=node-1 GET /ha/state
[1772530769127] api request success: node=node-1 GET /ha/state status=200
[1772530769127] api request start: node=node-2 GET /ha/state
[1772530769128] api request success: node=node-2 GET /ha/state status=200
[1772530769128] api request start: node=node-3 GET /ha/state
[1772530769129] api request success: node=node-3 GET /ha/state status=200
[1772530769205] api request start: node=node-1 GET /ha/state
[1772530769207] api request success: node=node-1 GET /ha/state status=200
[1772530769207] api request start: node=node-2 GET /ha/state
[1772530769208] api request success: node=node-2 GET /ha/state status=200
[1772530769208] api request start: node=node-3 GET /ha/state
[1772530769209] api request success: node=node-3 GET /ha/state status=200
[1772530769339] api request start: node=node-1 GET /ha/state
[1772530769474] api request success: node=node-1 GET /ha/state status=200
[1772530769474] api request start: node=node-2 GET /ha/state
[1772530769475] api request success: node=node-2 GET /ha/state status=200
[1772530769475] api request start: node=node-3 GET /ha/state
[1772530769475] api request success: node=node-3 GET /ha/state status=200
[1772530769553] api request start: node=node-1 GET /ha/state
[1772530769554] api request success: node=node-1 GET /ha/state status=200
[1772530769554] api request start: node=node-2 GET /ha/state
[1772530769554] api request success: node=node-2 GET /ha/state status=200
[1772530769554] api request start: node=node-3 GET /ha/state
[1772530769554] api request success: node=node-3 GET /ha/state status=200
[1772530769695] api request start: node=node-1 GET /ha/state
[1772530769802] api request success: node=node-1 GET /ha/state status=200
[1772530769802] api request start: node=node-2 GET /ha/state
[1772530769802] api request success: node=node-2 GET /ha/state status=200
[1772530769802] api request start: node=node-3 GET /ha/state
[1772530769803] api request success: node=node-3 GET /ha/state status=200
[1772530769879] api request start: node=node-1 GET /ha/state
[1772530769880] api request success: node=node-1 GET /ha/state status=200
[1772530769880] api request start: node=node-2 GET /ha/state
[1772530769880] api request success: node=node-2 GET /ha/state status=200
[1772530769880] api request start: node=node-3 GET /ha/state
[1772530769881] api request success: node=node-3 GET /ha/state status=200
[1772530770019] api request start: node=node-1 GET /ha/state
[1772530770129] api request success: node=node-1 GET /ha/state status=200
[1772530770129] api request start: node=node-2 GET /ha/state
[1772530770130] api request success: node=node-2 GET /ha/state status=200
[1772530770130] api request start: node=node-3 GET /ha/state
[1772530770131] api request success: node=node-3 GET /ha/state status=200
[1772530770207] api request start: node=node-1 GET /ha/state
[1772530770208] api request success: node=node-1 GET /ha/state status=200
[1772530770208] api request start: node=node-2 GET /ha/state
[1772530770208] api request success: node=node-2 GET /ha/state status=200
[1772530770208] api request start: node=node-3 GET /ha/state
[1772530770209] api request success: node=node-3 GET /ha/state status=200
[1772530770470] api request start: node=node-1 GET /ha/state
[1772530770583] api request success: node=node-1 GET /ha/state status=200
[1772530770583] api request start: node=node-2 GET /ha/state
[1772530770584] api request success: node=node-2 GET /ha/state status=200
[1772530770584] api request start: node=node-3 GET /ha/state
[1772530770585] api request success: node=node-3 GET /ha/state status=200
[1772530770662] api request start: node=node-1 GET /ha/state
[1772530770664] api request success: node=node-1 GET /ha/state status=200
[1772530770664] api request start: node=node-2 GET /ha/state
[1772530770665] api request success: node=node-2 GET /ha/state status=200
[1772530770665] api request start: node=node-3 GET /ha/state
[1772530770666] api request success: node=node-3 GET /ha/state status=200
[1772530770799] api request start: node=node-1 GET /ha/state
[1772530770917] api request success: node=node-1 GET /ha/state status=200
[1772530770917] api request start: node=node-2 GET /ha/state
[1772530770917] api request success: node=node-2 GET /ha/state status=200
[1772530770917] api request start: node=node-3 GET /ha/state
[1772530770918] api request success: node=node-3 GET /ha/state status=200
[1772530770995] api request start: node=node-1 GET /ha/state
[1772530770995] api request success: node=node-1 GET /ha/state status=200
[1772530770995] api request start: node=node-2 GET /ha/state
[1772530770996] api request success: node=node-2 GET /ha/state status=200
[1772530770996] api request start: node=node-3 GET /ha/state
[1772530770996] api request success: node=node-3 GET /ha/state status=200
[1772530771120] api request start: node=node-1 GET /ha/state
[1772530771445] api request success: node=node-1 GET /ha/state status=200
[1772530771445] api request start: node=node-2 GET /ha/state
[1772530771446] api request success: node=node-2 GET /ha/state status=200
[1772530771446] api request start: node=node-3 GET /ha/state
[1772530771447] api request success: node=node-3 GET /ha/state status=200
[1772530771524] api request start: node=node-1 GET /ha/state
[1772530771528] api request success: node=node-1 GET /ha/state status=200
[1772530771528] api request start: node=node-2 GET /ha/state
[1772530771529] api request success: node=node-2 GET /ha/state status=200
[1772530771529] api request start: node=node-3 GET /ha/state
[1772530771529] api request success: node=node-3 GET /ha/state status=200
[1772530771767] api request start: node=node-1 GET /ha/state
[1772530771769] api request success: node=node-1 GET /ha/state status=200
[1772530771769] api request start: node=node-2 GET /ha/state
[1772530771770] api request success: node=node-2 GET /ha/state status=200
[1772530771770] api request start: node=node-3 GET /ha/state
[1772530771771] api request success: node=node-3 GET /ha/state status=200
[1772530771848] api request start: node=node-1 GET /ha/state
[1772530771849] api request success: node=node-1 GET /ha/state status=200
[1772530771849] api request start: node=node-2 GET /ha/state
[1772530771850] api request success: node=node-2 GET /ha/state status=200
[1772530771850] api request start: node=node-3 GET /ha/state
[1772530771851] api request success: node=node-3 GET /ha/state status=200
[1772530771977] api request start: node=node-1 GET /ha/state
[1772530772090] api request success: node=node-1 GET /ha/state status=200
[1772530772090] api request start: node=node-2 GET /ha/state
[1772530772090] api request success: node=node-2 GET /ha/state status=200
[1772530772090] api request start: node=node-3 GET /ha/state
[1772530772091] api request success: node=node-3 GET /ha/state status=200
[1772530772167] api request start: node=node-1 GET /ha/state
[1772530772168] api request success: node=node-1 GET /ha/state status=200
[1772530772168] api request start: node=node-2 GET /ha/state
[1772530772169] api request success: node=node-2 GET /ha/state status=200
[1772530772169] api request start: node=node-3 GET /ha/state
[1772530772169] api request success: node=node-3 GET /ha/state status=200
[1772530772406] api request start: node=node-1 GET /ha/state
[1772530772520] api request success: node=node-1 GET /ha/state status=200
[1772530772520] api request start: node=node-2 GET /ha/state
[1772530772520] api request success: node=node-2 GET /ha/state status=200
[1772530772520] api request start: node=node-3 GET /ha/state
[1772530772521] api request success: node=node-3 GET /ha/state status=200
[1772530772597] api request start: node=node-1 GET /ha/state
[1772530772599] api request success: node=node-1 GET /ha/state status=200
[1772530772599] api request start: node=node-2 GET /ha/state
[1772530772600] api request success: node=node-2 GET /ha/state status=200
[1772530772600] api request start: node=node-3 GET /ha/state
[1772530772601] api request success: node=node-3 GET /ha/state status=200
[1772530772844] api request start: node=node-1 GET /ha/state
[1772530772955] api request success: node=node-1 GET /ha/state status=200
[1772530772955] api request start: node=node-2 GET /ha/state
[1772530772956] api request success: node=node-2 GET /ha/state status=200
[1772530772956] api request start: node=node-3 GET /ha/state
[1772530772957] api request success: node=node-3 GET /ha/state status=200
[1772530773033] api request start: node=node-1 GET /ha/state
[1772530773034] api request success: node=node-1 GET /ha/state status=200
[1772530773034] api request start: node=node-2 GET /ha/state
[1772530773035] api request success: node=node-2 GET /ha/state status=200
[1772530773035] api request start: node=node-3 GET /ha/state
[1772530773035] api request success: node=node-3 GET /ha/state status=200
[1772530773157] api request start: node=node-1 GET /ha/state
[1772530773374] api request success: node=node-1 GET /ha/state status=200
[1772530773374] api request start: node=node-2 GET /ha/state
[1772530773376] api request success: node=node-2 GET /ha/state status=200
[1772530773376] api request start: node=node-3 GET /ha/state
[1772530773377] api request success: node=node-3 GET /ha/state status=200
[1772530773454] api request start: node=node-1 GET /ha/state
[1772530773456] api request success: node=node-1 GET /ha/state status=200
[1772530773456] api request start: node=node-2 GET /ha/state
[1772530773457] api request success: node=node-2 GET /ha/state status=200
[1772530773457] api request start: node=node-3 GET /ha/state
[1772530773459] api request success: node=node-3 GET /ha/state status=200
[1772530773803] api request start: node=node-1 GET /ha/state
[1772530773806] api request success: node=node-1 GET /ha/state status=200
[1772530773806] api request start: node=node-2 GET /ha/state
[1772530773807] api request success: node=node-2 GET /ha/state status=200
[1772530773807] api request start: node=node-3 GET /ha/state
[1772530773808] api request success: node=node-3 GET /ha/state status=200
[1772530773808] unassisted failover recovery success: former_primary=node-1, new_primary=node-3
[1772530773808] phase history evidence: node-1:Bootstrapping|Primary|WaitingPostgresReachable,node-2:Replica|WaitingPostgresReachable,node-3:Primary|Replica|WaitingPostgresReachable
[1772530773808] unassisted failover SQL post-check: insert post-failure row
[1772530773845] unassisted failover SQL continuity proof succeeded