[1772531643373] unassisted failover bootstrap: wait for stable primary
[1772531643373] api request start: node=node-1 GET /ha/state
[1772531643534] api request success: node=node-1 GET /ha/state status=200
[1772531643534] api request start: node=node-2 GET /ha/state
[1772531643534] api request success: node=node-2 GET /ha/state status=200
[1772531643534] api request start: node=node-3 GET /ha/state
[1772531643534] api request success: node=node-3 GET /ha/state status=200
[1772531643534] stable-primary poll states: node-1:Primary:leader=node-1, node-2:WaitingDcsTrusted:leader=none, node-3:WaitingPostgresReachable:leader=node-1
[1772531643636] api request start: node=node-1 GET /ha/state
[1772531643946] api request success: node=node-1 GET /ha/state status=200
[1772531643946] api request start: node=node-2 GET /ha/state
[1772531643946] api request success: node=node-2 GET /ha/state status=200
[1772531643946] api request start: node=node-3 GET /ha/state
[1772531643946] api request success: node=node-3 GET /ha/state status=200
[1772531643946] stable-primary poll states: node-1:Primary:leader=none, node-2:CandidateLeader:leader=none, node-3:WaitingPostgresReachable:leader=none
[1772531644408] api request start: node=node-1 GET /ha/state
[1772531644511] api request success: node=node-1 GET /ha/state status=200
[1772531644511] api request start: node=node-2 GET /ha/state
[1772531644512] api request success: node=node-2 GET /ha/state status=200
[1772531644512] api request start: node=node-3 GET /ha/state
[1772531644512] api request success: node=node-3 GET /ha/state status=200
[1772531644512] stable-primary poll states: node-1:CandidateLeader:leader=none, node-2:CandidateLeader:leader=none, node-3:Primary:leader=none
[1772531644816] api request start: node=node-1 GET /ha/state
[1772531644919] api request success: node=node-1 GET /ha/state status=200
[1772531644919] api request start: node=node-2 GET /ha/state
[1772531644920] api request success: node=node-2 GET /ha/state status=200
[1772531644920] api request start: node=node-3 GET /ha/state
[1772531644920] api request success: node=node-3 GET /ha/state status=200
[1772531645021] api request start: node=node-1 GET /ha/state
[1772531645492] api request success: node=node-1 GET /ha/state status=200
[1772531645492] api request start: node=node-2 GET /ha/state
[1772531645492] api request success: node=node-2 GET /ha/state status=200
[1772531645492] api request start: node=node-3 GET /ha/state
[1772531645492] api request success: node=node-3 GET /ha/state status=200
[1772531645492] stable-primary poll states: node-1:WaitingPostgresReachable:leader=none, node-2:CandidateLeader:leader=none, node-3:Primary:leader=none
[1772531645908] api request start: node=node-1 GET /ha/state
[1772531645912] api request success: node=node-1 GET /ha/state status=200
[1772531645912] api request start: node=node-2 GET /ha/state
[1772531645912] api request success: node=node-2 GET /ha/state status=200
[1772531645912] api request start: node=node-3 GET /ha/state
[1772531645913] api request success: node=node-3 GET /ha/state status=200
[1772531646117] api request start: node=node-1 GET /ha/state
[1772531646378] api request success: node=node-1 GET /ha/state status=200
[1772531646378] api request start: node=node-2 GET /ha/state
[1772531646379] api request success: node=node-2 GET /ha/state status=200
[1772531646379] api request start: node=node-3 GET /ha/state
[1772531646379] api request success: node=node-3 GET /ha/state status=200
[1772531646379] unassisted failover bootstrap success: primary=node-3
[1772531646379] api request start: node=node-1 GET /ha/state
[1772531646379] api request success: node=node-1 GET /ha/state status=200
[1772531646379] api request start: node=node-2 GET /ha/state
[1772531646380] api request success: node=node-2 GET /ha/state status=200
[1772531646380] api request start: node=node-3 GET /ha/state
[1772531646380] api request success: node=node-3 GET /ha/state status=200
[1772531646481] api request start: node=node-1 GET /ha/state
[1772531646589] api request success: node=node-1 GET /ha/state status=200
[1772531646589] api request start: node=node-2 GET /ha/state
[1772531646590] api request success: node=node-2 GET /ha/state status=200
[1772531646590] api request start: node=node-3 GET /ha/state
[1772531646590] api request success: node=node-3 GET /ha/state status=200
[1772531646667] api request start: node=node-1 GET /ha/state
[1772531646668] api request success: node=node-1 GET /ha/state status=200
[1772531646668] api request start: node=node-2 GET /ha/state
[1772531646669] api request success: node=node-2 GET /ha/state status=200
[1772531646669] api request start: node=node-3 GET /ha/state
[1772531646669] api request success: node=node-3 GET /ha/state status=200
[1772531646799] api request start: node=node-1 GET /ha/state
[1772531647017] api request success: node=node-1 GET /ha/state status=200
[1772531647017] api request start: node=node-2 GET /ha/state
[1772531647018] api request success: node=node-2 GET /ha/state status=200
[1772531647018] api request start: node=node-3 GET /ha/state
[1772531647018] api request success: node=node-3 GET /ha/state status=200
[1772531647094] api request start: node=node-1 GET /ha/state
[1772531647095] api request success: node=node-1 GET /ha/state status=200
[1772531647095] api request start: node=node-2 GET /ha/state
[1772531647096] api request success: node=node-2 GET /ha/state status=200
[1772531647096] api request start: node=node-3 GET /ha/state
[1772531647096] api request success: node=node-3 GET /ha/state status=200
[1772531647347] api request start: node=node-1 GET /ha/state
[1772531647462] api request success: node=node-1 GET /ha/state status=200
[1772531647462] api request start: node=node-2 GET /ha/state
[1772531647463] api request success: node=node-2 GET /ha/state status=200
[1772531647463] api request start: node=node-3 GET /ha/state
[1772531647464] api request success: node=node-3 GET /ha/state status=200
[1772531647540] api request start: node=node-1 GET /ha/state
[1772531647542] api request success: node=node-1 GET /ha/state status=200
[1772531647542] api request start: node=node-2 GET /ha/state
[1772531647543] api request success: node=node-2 GET /ha/state status=200
[1772531647543] api request start: node=node-3 GET /ha/state
[1772531647544] api request success: node=node-3 GET /ha/state status=200
[1772531647686] api request start: node=node-1 GET /ha/state
[1772531647700] api request success: node=node-1 GET /ha/state status=200
[1772531647700] api request start: node=node-2 GET /ha/state
[1772531647700] api request success: node=node-2 GET /ha/state status=200
[1772531647700] api request start: node=node-3 GET /ha/state
[1772531647701] api request success: node=node-3 GET /ha/state status=200
[1772531647776] api request start: node=node-1 GET /ha/state
[1772531647777] api request success: node=node-1 GET /ha/state status=200
[1772531647777] api request start: node=node-2 GET /ha/state
[1772531647778] api request success: node=node-2 GET /ha/state status=200
[1772531647778] api request start: node=node-3 GET /ha/state
[1772531647778] api request success: node=node-3 GET /ha/state status=200
[1772531648020] api request start: node=node-1 GET /ha/state
[1772531648022] api request success: node=node-1 GET /ha/state status=200
[1772531648023] api request start: node=node-2 GET /ha/state
[1772531648023] api request success: node=node-2 GET /ha/state status=200
[1772531648023] api request start: node=node-3 GET /ha/state
[1772531648023] api request success: node=node-3 GET /ha/state status=200
[1772531648099] api request start: node=node-1 GET /ha/state
[1772531648100] api request success: node=node-1 GET /ha/state status=200
[1772531648100] api request start: node=node-2 GET /ha/state
[1772531648101] api request success: node=node-2 GET /ha/state status=200
[1772531648101] api request start: node=node-3 GET /ha/state
[1772531648102] api request success: node=node-3 GET /ha/state status=200
[1772531648442] api request start: node=node-1 GET /ha/state
[1772531648547] api request success: node=node-1 GET /ha/state status=200
[1772531648547] api request start: node=node-2 GET /ha/state
[1772531648548] api request success: node=node-2 GET /ha/state status=200
[1772531648548] api request start: node=node-3 GET /ha/state
[1772531648548] api request success: node=node-3 GET /ha/state status=200
[1772531648625] api request start: node=node-1 GET /ha/state
[1772531648626] api request success: node=node-1 GET /ha/state status=200
[1772531648626] api request start: node=node-2 GET /ha/state
[1772531648627] api request success: node=node-2 GET /ha/state status=200
[1772531648628] api request start: node=node-3 GET /ha/state
[1772531648628] api request success: node=node-3 GET /ha/state status=200
[1772531648865] api request start: node=node-1 GET /ha/state
[1772531648977] api request success: node=node-1 GET /ha/state status=200
[1772531648978] api request start: node=node-2 GET /ha/state
[1772531648978] api request success: node=node-2 GET /ha/state status=200
[1772531648978] api request start: node=node-3 GET /ha/state
[1772531648979] api request success: node=node-3 GET /ha/state status=200
[1772531649056] api request start: node=node-1 GET /ha/state
[1772531649057] api request success: node=node-1 GET /ha/state status=200
[1772531649057] api request start: node=node-2 GET /ha/state
[1772531649058] api request success: node=node-2 GET /ha/state status=200
[1772531649058] api request start: node=node-3 GET /ha/state
[1772531649059] api request success: node=node-3 GET /ha/state status=200
[1772531649198] api request start: node=node-1 GET /ha/state
[1772531649306] api request success: node=node-1 GET /ha/state status=200
[1772531649307] api request start: node=node-2 GET /ha/state
[1772531649308] api request success: node=node-2 GET /ha/state status=200
[1772531649308] api request start: node=node-3 GET /ha/state
[1772531649309] api request success: node=node-3 GET /ha/state status=200
[1772531649385] api request start: node=node-1 GET /ha/state
[1772531649387] api request success: node=node-1 GET /ha/state status=200
[1772531649387] api request start: node=node-2 GET /ha/state
[1772531649388] api request success: node=node-2 GET /ha/state status=200
[1772531649388] api request start: node=node-3 GET /ha/state
[1772531649389] api request success: node=node-3 GET /ha/state status=200
[1772531649389] unassisted failover SQL pre-check: create table and insert pre-failure row