[1772528483152] scenario bootstrap/election: wait for single primary
[1772528483152] api request start: node=node-1 GET /ha/state
[1772528483606] api request success: node=node-1 GET /ha/state status=200
[1772528483606] api request start: node=node-2 GET /ha/state
[1772528483608] api request success: node=node-2 GET /ha/state status=200
[1772528483608] api request start: node=node-3 GET /ha/state
[1772528483608] api request success: node=node-3 GET /ha/state status=200
[1772528483608] bootstrap/election success: primary=node-1
[1772528483608] api request start: node=node-1 GET /ha/state
[1772528483609] api request success: node=node-1 GET /ha/state status=200
[1772528483609] api request start: node=node-2 GET /ha/state
[1772528483609] api request success: node=node-2 GET /ha/state status=200
[1772528483609] api request start: node=node-3 GET /ha/state
[1772528483609] api request success: node=node-3 GET /ha/state status=200
[1772528483687] api request start: node=node-1 GET /ha/state
[1772528483687] api request success: node=node-1 GET /ha/state status=200
[1772528483687] api request start: node=node-2 GET /ha/state
[1772528483687] api request success: node=node-2 GET /ha/state status=200
[1772528483687] api request start: node=node-3 GET /ha/state
[1772528483687] api request success: node=node-3 GET /ha/state status=200
[1772528483812] api request start: node=node-1 GET /ha/state
[1772528483923] api request success: node=node-1 GET /ha/state status=200
[1772528483923] api request start: node=node-2 GET /ha/state
[1772528483924] api request success: node=node-2 GET /ha/state status=200
[1772528483924] api request start: node=node-3 GET /ha/state
[1772528483925] api request success: node=node-3 GET /ha/state status=200
[1772528484001] api request start: node=node-1 GET /ha/state
[1772528484002] api request success: node=node-1 GET /ha/state status=200
[1772528484002] api request start: node=node-2 GET /ha/state
[1772528484003] api request success: node=node-2 GET /ha/state status=200
[1772528484003] api request start: node=node-3 GET /ha/state
[1772528484004] api request success: node=node-3 GET /ha/state status=200
[1772528484132] api request start: node=node-1 GET /ha/state
[1772528484359] api request success: node=node-1 GET /ha/state status=200
[1772528484359] api request start: node=node-2 GET /ha/state
[1772528484359] api request success: node=node-2 GET /ha/state status=200
[1772528484359] api request start: node=node-3 GET /ha/state
[1772528484360] api request success: node=node-3 GET /ha/state status=200
[1772528484438] api request start: node=node-1 GET /ha/state
[1772528484439] api request success: node=node-1 GET /ha/state status=200
[1772528484440] api request start: node=node-2 GET /ha/state
[1772528484441] api request success: node=node-2 GET /ha/state status=200
[1772528484441] api request start: node=node-3 GET /ha/state
[1772528484442] api request success: node=node-3 GET /ha/state status=200
[1772528484564] api request start: node=node-1 GET /ha/state
[1772528484800] api request success: node=node-1 GET /ha/state status=200
[1772528484800] api request start: node=node-2 GET /ha/state
[1772528484801] api request success: node=node-2 GET /ha/state status=200
[1772528484801] api request start: node=node-3 GET /ha/state
[1772528484802] api request success: node=node-3 GET /ha/state status=200
[1772528484878] api request start: node=node-1 GET /ha/state
[1772528484880] api request success: node=node-1 GET /ha/state status=200
[1772528484881] api request start: node=node-2 GET /ha/state
[1772528484882] api request success: node=node-2 GET /ha/state status=200
[1772528484882] api request start: node=node-3 GET /ha/state
[1772528484883] api request success: node=node-3 GET /ha/state status=200
[1772528485123] api request start: node=node-1 GET /ha/state
[1772528485126] api request success: node=node-1 GET /ha/state status=200
[1772528485126] api request start: node=node-2 GET /ha/state
[1772528485127] api request success: node=node-2 GET /ha/state status=200
[1772528485127] api request start: node=node-3 GET /ha/state
[1772528485128] api request success: node=node-3 GET /ha/state status=200
[1772528485205] api request start: node=node-1 GET /ha/state
[1772528485207] api request success: node=node-1 GET /ha/state status=200
[1772528485207] api request start: node=node-2 GET /ha/state
[1772528485208] api request success: node=node-2 GET /ha/state status=200
[1772528485208] api request start: node=node-3 GET /ha/state
[1772528485209] api request success: node=node-3 GET /ha/state status=200
[1772528485335] api request start: node=node-1 GET /ha/state
[1772528485558] api request success: node=node-1 GET /ha/state status=200
[1772528485558] api request start: node=node-2 GET /ha/state
[1772528485559] api request success: node=node-2 GET /ha/state status=200
[1772528485559] api request start: node=node-3 GET /ha/state
[1772528485559] api request success: node=node-3 GET /ha/state status=200
[1772528485636] api request start: node=node-1 GET /ha/state
[1772528485637] api request success: node=node-1 GET /ha/state status=200
[1772528485637] api request start: node=node-2 GET /ha/state
[1772528485639] api request success: node=node-2 GET /ha/state status=200
[1772528485639] api request start: node=node-3 GET /ha/state
[1772528485640] api request success: node=node-3 GET /ha/state status=200
[1772528485764] api request start: node=node-1 GET /ha/state
[1772528485989] api request success: node=node-1 GET /ha/state status=200
[1772528485989] api request start: node=node-2 GET /ha/state
[1772528485990] api request success: node=node-2 GET /ha/state status=200
[1772528485990] api request start: node=node-3 GET /ha/state
[1772528485991] api request success: node=node-3 GET /ha/state status=200
[1772528486068] api request start: node=node-1 GET /ha/state
[1772528486070] api request success: node=node-1 GET /ha/state status=200
[1772528486070] api request start: node=node-2 GET /ha/state
[1772528486072] api request success: node=node-2 GET /ha/state status=200
[1772528486072] api request start: node=node-3 GET /ha/state
[1772528486073] api request success: node=node-3 GET /ha/state status=200
[1772528486196] api request start: node=node-1 GET /ha/state
[1772528486423] api request success: node=node-1 GET /ha/state status=200
[1772528486423] api request start: node=node-2 GET /ha/state
[1772528486424] api request success: node=node-2 GET /ha/state status=200
[1772528486424] api request start: node=node-3 GET /ha/state
[1772528486425] api request success: node=node-3 GET /ha/state status=200
[1772528486502] api request start: node=node-1 GET /ha/state
[1772528486503] api request success: node=node-1 GET /ha/state status=200
[1772528486503] api request start: node=node-2 GET /ha/state
[1772528486504] api request success: node=node-2 GET /ha/state status=200
[1772528486504] api request start: node=node-3 GET /ha/state
[1772528486504] api request success: node=node-3 GET /ha/state status=200
[1772528486621] api request start: node=node-1 GET /ha/state
[1772528486854] api request success: node=node-1 GET /ha/state status=200
[1772528486854] api request start: node=node-2 GET /ha/state
[1772528486856] api request success: node=node-2 GET /ha/state status=200
[1772528486856] api request start: node=node-3 GET /ha/state
[1772528486858] api request success: node=node-3 GET /ha/state status=200
[1772528486858] scenario planned switchover: submit request through API endpoint
[1772528486858] api request start: node=node-1 POST /switchover
[1772528486959] api request success: node=node-1 POST /switchover status=202
[1772528486959] api request start: node=node-1 GET /ha/state
[1772528487404] api request success: node=node-1 GET /ha/state status=200
[1772528487404] api request start: node=node-2 GET /ha/state
[1772528487405] api request success: node=node-2 GET /ha/state status=200
[1772528487405] api request start: node=node-3 GET /ha/state
[1772528487405] api request success: node=node-3 GET /ha/state status=200
[1772528487405] planned switchover success: old_primary=node-1, new_primary=node-2
[1772528487405] scenario fencing-before-promotion: inject conflicting leader
[1772528487405] api request start: node=node-1 POST /ha/leader
[1772528487513] api request success: node=node-1 POST /ha/leader status=202
[1772528487513] api request start: node=node-2 GET /ha/state
[1772528488087] api request success: node=node-2 GET /ha/state status=200
[1772528488087] api request start: node=node-1 GET /ha/state
[1772528488087] api request success: node=node-1 GET /ha/state status=200
[1772528488087] api request start: node=node-2 GET /ha/state
[1772528488088] api request success: node=node-2 GET /ha/state status=200
[1772528488088] api request start: node=node-3 GET /ha/state
[1772528488088] api request success: node=node-3 GET /ha/state status=200
[1772528488166] api request start: node=node-1 GET /ha/state
[1772528488169] api request success: node=node-1 GET /ha/state status=200
[1772528488169] api request start: node=node-2 GET /ha/state
[1772528488171] api request success: node=node-2 GET /ha/state status=200
[1772528488171] api request start: node=node-3 GET /ha/state
[1772528488172] api request success: node=node-3 GET /ha/state status=200
[1772528488309] api request start: node=node-1 GET /ha/state
[1772528488642] api request success: node=node-1 GET /ha/state status=200
[1772528488642] api request start: node=node-2 GET /ha/state
[1772528488963] api request success: node=node-2 GET /ha/state status=200
[1772528488963] api request start: node=node-3 GET /ha/state
[1772528489389] api request success: node=node-3 GET /ha/state status=200
[1772528489501] api request start: node=node-1 GET /ha/state
[1772528489503] api request success: node=node-1 GET /ha/state status=200
[1772528489503] api request start: node=node-2 GET /ha/state
[1772528489503] api request success: node=node-2 GET /ha/state status=200
[1772528489503] api request start: node=node-3 GET /ha/state
[1772528489504] api request success: node=node-3 GET /ha/state status=200
[1772528489580] api request start: node=node-1 GET /ha/state
[1772528489581] api request success: node=node-1 GET /ha/state status=200
[1772528489581] api request start: node=node-2 GET /ha/state
[1772528489581] api request success: node=node-2 GET /ha/state status=200
[1772528489581] api request start: node=node-3 GET /ha/state
[1772528489582] api request success: node=node-3 GET /ha/state status=200
[1772528489724] api request start: node=node-1 GET /ha/state
[1772528489952] api request success: node=node-1 GET /ha/state status=200
[1772528489952] api request start: node=node-2 GET /ha/state
[1772528489953] api request success: node=node-2 GET /ha/state status=200
[1772528489953] api request start: node=node-3 GET /ha/state
[1772528489953] api request success: node=node-3 GET /ha/state status=200
[1772528490029] api request start: node=node-1 GET /ha/state
[1772528490030] api request success: node=node-1 GET /ha/state status=200
[1772528490030] api request start: node=node-2 GET /ha/state
[1772528490031] api request success: node=node-2 GET /ha/state status=200
[1772528490031] api request start: node=node-3 GET /ha/state
[1772528490032] api request success: node=node-3 GET /ha/state status=200
[1772528490158] api request start: node=node-1 GET /ha/state
[1772528490579] api request success: node=node-1 GET /ha/state status=200
[1772528490579] api request start: node=node-2 GET /ha/state
[1772528490896] api request success: node=node-2 GET /ha/state status=200
[1772528490897] api request start: node=node-3 GET /ha/state
[1772528491339] api request success: node=node-3 GET /ha/state status=200
[1772528491339] fencing-before-promotion observed on node-2
[1772528491339] scenario failover: stop current primary and clear stale leader through API
[1772528491339] api request start: node=node-1 DELETE /ha/leader
[1772528491445] api request success: node=node-1 DELETE /ha/leader status=202
[1772528491445] api request start: node=node-1 POST /ha/leader
[1772528491982] api request success: node=node-1 POST /ha/leader status=202
[1772528491982] api request start: node=node-1 GET /ha/state
[1772528492304] api request success: node=node-1 GET /ha/state status=200
[1772528492304] api request start: node=node-2 GET /ha/state
[1772528492739] api request success: node=node-2 GET /ha/state status=200
[1772528492739] api request start: node=node-3 GET /ha/state
[1772528492740] api request success: node=node-3 GET /ha/state status=200
[1772528492740] failover signal observed: failed_primary=node-2, api_leader=node-1
[1772528492740] scenario rewind path: verify former primary enters rewind/process recovery path
[1772528492740] api request start: node=node-2 GET /ha/state
[1772528492740] api request success: node=node-2 GET /ha/state status=200
[1772528492740] rewind/recovery path observed for former primary node-2
[1772528492740] scenario split-brain prevention: ensure no dual primary after failover
[1772528492740] api request start: node=node-1 GET /ha/state
[1772528492740] api request success: node=node-1 GET /ha/state status=200
[1772528492740] api request start: node=node-2 GET /ha/state
[1772528492741] api request success: node=node-2 GET /ha/state status=200
[1772528492741] api request start: node=node-3 GET /ha/state
[1772528492742] api request success: node=node-3 GET /ha/state status=200
[1772528492823] api request start: node=node-1 GET /ha/state
[1772528492827] api request success: node=node-1 GET /ha/state status=200
[1772528492827] api request start: node=node-2 GET /ha/state
[1772528492828] api request success: node=node-2 GET /ha/state status=200
[1772528492828] api request start: node=node-3 GET /ha/state
[1772528492828] api request success: node=node-3 GET /ha/state status=200
[1772528493167] api request start: node=node-1 GET /ha/state
[1772528493170] api request success: node=node-1 GET /ha/state status=200
[1772528493170] api request start: node=node-2 GET /ha/state
[1772528493171] api request success: node=node-2 GET /ha/state status=200
[1772528493171] api request start: node=node-3 GET /ha/state
[1772528493171] api request success: node=node-3 GET /ha/state status=200
[1772528493248] api request start: node=node-1 GET /ha/state
[1772528493250] api request success: node=node-1 GET /ha/state status=200
[1772528493250] api request start: node=node-2 GET /ha/state
[1772528493252] api request success: node=node-2 GET /ha/state status=200
[1772528493252] api request start: node=node-3 GET /ha/state
[1772528493253] api request success: node=node-3 GET /ha/state status=200
[1772528493375] api request start: node=node-1 GET /ha/state
[1772528493816] api request success: node=node-1 GET /ha/state status=200
[1772528493816] api request start: node=node-2 GET /ha/state
[1772528493817] api request success: node=node-2 GET /ha/state status=200
[1772528493817] api request start: node=node-3 GET /ha/state
[1772528493818] api request success: node=node-3 GET /ha/state status=200
[1772528493895] api request start: node=node-1 GET /ha/state
[1772528493897] api request success: node=node-1 GET /ha/state status=200
[1772528493897] api request start: node=node-2 GET /ha/state
[1772528493898] api request success: node=node-2 GET /ha/state status=200
[1772528493898] api request start: node=node-3 GET /ha/state
[1772528493899] api request success: node=node-3 GET /ha/state status=200
[1772528494144] api request start: node=node-1 GET /ha/state
[1772528494466] api request success: node=node-1 GET /ha/state status=200
[1772528494466] api request start: node=node-2 GET /ha/state
[1772528494584] api request success: node=node-2 GET /ha/state status=200
[1772528494584] api request start: node=node-3 GET /ha/state
[1772528494585] api request success: node=node-3 GET /ha/state status=200
[1772528494662] api request start: node=node-1 GET /ha/state
[1772528494664] api request success: node=node-1 GET /ha/state status=200
[1772528494664] api request start: node=node-2 GET /ha/state
[1772528494665] api request success: node=node-2 GET /ha/state status=200
[1772528494665] api request start: node=node-3 GET /ha/state
[1772528494667] api request success: node=node-3 GET /ha/state status=200
[1772528494802] api request start: node=node-1 GET /ha/state
[1772528495025] api request success: node=node-1 GET /ha/state status=200
[1772528495025] api request start: node=node-2 GET /ha/state
[1772528495025] api request success: node=node-2 GET /ha/state status=200
[1772528495025] api request start: node=node-3 GET /ha/state
[1772528495026] api request success: node=node-3 GET /ha/state status=200
[1772528495104] api request start: node=node-1 GET /ha/state
[1772528495107] api request success: node=node-1 GET /ha/state status=200
[1772528495107] api request start: node=node-2 GET /ha/state
[1772528495109] api request success: node=node-2 GET /ha/state status=200
[1772528495109] api request start: node=node-3 GET /ha/state
[1772528495110] api request success: node=node-3 GET /ha/state status=200
[1772528495238] api request start: node=node-1 GET /ha/state
[1772528495674] api request success: node=node-1 GET /ha/state status=200
[1772528495674] api request start: node=node-2 GET /ha/state
[1772528496001] api request success: node=node-2 GET /ha/state status=200
[1772528496001] api request start: node=node-3 GET /ha/state
[1772528496440] api request success: node=node-3 GET /ha/state status=200
[1772528496517] api request start: node=node-1 GET /ha/state
[1772528496520] api request success: node=node-1 GET /ha/state status=200
[1772528496520] api request start: node=node-2 GET /ha/state
[1772528496522] api request success: node=node-2 GET /ha/state status=200
[1772528496522] api request start: node=node-3 GET /ha/state
[1772528496523] api request success: node=node-3 GET /ha/state status=200
[1772528496661] api request start: node=node-1 GET /ha/state
[1772528497090] api request success: node=node-1 GET /ha/state status=200
[1772528497090] api request start: node=node-2 GET /ha/state
[1772528497091] api request success: node=node-2 GET /ha/state status=200
[1772528497091] api request start: node=node-3 GET /ha/state
[1772528497091] api request success: node=node-3 GET /ha/state status=200
[1772528497168] api request start: node=node-1 GET /ha/state
[1772528497170] api request success: node=node-1 GET /ha/state status=200
[1772528497170] api request start: node=node-2 GET /ha/state
[1772528497172] api request success: node=node-2 GET /ha/state status=200
[1772528497172] api request start: node=node-3 GET /ha/state
[1772528497174] api request success: node=node-3 GET /ha/state status=200
[1772528497307] api request start: node=node-1 GET /ha/state
[1772528497643] api request success: node=node-1 GET /ha/state status=200
[1772528497643] api request start: node=node-2 GET /ha/state
[1772528497647] api request success: node=node-2 GET /ha/state status=200
[1772528497647] api request start: node=node-3 GET /ha/state
[1772528497648] api request success: node=node-3 GET /ha/state status=200
[1772528497727] api request start: node=node-1 GET /ha/state
[1772528497729] api request success: node=node-1 GET /ha/state status=200
[1772528497730] api request start: node=node-2 GET /ha/state
[1772528497732] api request success: node=node-2 GET /ha/state status=200
[1772528497732] api request start: node=node-3 GET /ha/state
[1772528497733] api request success: node=node-3 GET /ha/state status=200
[1772528497858] api request start: node=node-1 GET /ha/state
[1772528498298] api request success: node=node-1 GET /ha/state status=200
[1772528498298] api request start: node=node-2 GET /ha/state
[1772528498299] api request success: node=node-2 GET /ha/state status=200
[1772528498299] api request start: node=node-3 GET /ha/state
[1772528498300] api request success: node=node-3 GET /ha/state status=200
[1772528498300] scenario no-quorum fail-safe: shutdown etcd majority (2/3)
[1772528513595] no-quorum setup: stopped etcd members=etcd-a,etcd-b
[1772528513595] api request start: node=node-1 GET /ha/state
[1772528529580] api request success: node=node-1 GET /ha/state status=200
[1772528529580] api request start: node=node-2 GET /ha/state
[1772528545957] api request success: node=node-2 GET /ha/state status=200
[1772528545957] api request start: node=node-3 GET /ha/state
[1772528562246] api request success: node=node-3 GET /ha/state status=200
[1772528562246] no-quorum fail-safe observed on all nodes