[1772528282558] unassisted failover bootstrap: wait for stable primary
[1772528282558] api request start: node=node-1 GET /ha/state
[1772528282668] api request success: node=node-1 GET /ha/state status=200
[1772528282668] api request start: node=node-2 GET /ha/state
[1772528282669] api request success: node=node-2 GET /ha/state status=200
[1772528282669] api request start: node=node-3 GET /ha/state
[1772528282670] api request success: node=node-3 GET /ha/state status=200
[1772528282670] stable-primary poll states: node-1:Primary:leader=node-1, node-2:WaitingPostgresReachable:leader=node-1, node-3:WaitingPostgresReachable:leader=node-1
[1772528282871] api request start: node=node-1 GET /ha/state
[1772528283204] api request success: node=node-1 GET /ha/state status=200
[1772528283204] api request start: node=node-2 GET /ha/state
[1772528283204] api request success: node=node-2 GET /ha/state status=200
[1772528283204] api request start: node=node-3 GET /ha/state
[1772528283205] api request success: node=node-3 GET /ha/state status=200
[1772528283205] stable-primary poll states: node-1:Primary:leader=node-1, node-2:Replica:leader=node-1, node-3:WaitingPostgresReachable:leader=node-1
[1772528283315] api request start: node=node-1 GET /ha/state
[1772528283529] api request success: node=node-1 GET /ha/state status=200
[1772528283530] api request start: node=node-2 GET /ha/state
[1772528283530] api request success: node=node-2 GET /ha/state status=200
[1772528283530] api request start: node=node-3 GET /ha/state
[1772528283531] api request success: node=node-3 GET /ha/state status=200
[1772528283531] stable-primary poll states: node-1:Primary:leader=node-1, node-2:Replica:leader=node-1, node-3:Replica:leader=node-1
[1772528283735] api request start: node=node-1 GET /ha/state
[1772528283950] api request success: node=node-1 GET /ha/state status=200
[1772528283950] api request start: node=node-2 GET /ha/state
[1772528283951] api request success: node=node-2 GET /ha/state status=200
[1772528283951] api request start: node=node-3 GET /ha/state
[1772528283952] api request success: node=node-3 GET /ha/state status=200
[1772528284062] api request start: node=node-1 GET /ha/state
[1772528284391] api request success: node=node-1 GET /ha/state status=200
[1772528284391] api request start: node=node-2 GET /ha/state
[1772528284392] api request success: node=node-2 GET /ha/state status=200
[1772528284392] api request start: node=node-3 GET /ha/state
[1772528284392] api request success: node=node-3 GET /ha/state status=200
[1772528284392] unassisted failover bootstrap success: primary=node-1
[1772528284392] api request start: node=node-1 GET /ha/state
[1772528284392] api request success: node=node-1 GET /ha/state status=200
[1772528284392] api request start: node=node-2 GET /ha/state
[1772528284393] api request success: node=node-2 GET /ha/state status=200
[1772528284393] api request start: node=node-3 GET /ha/state
[1772528284393] api request success: node=node-3 GET /ha/state status=200
[1772528284471] api request start: node=node-1 GET /ha/state
[1772528284473] api request success: node=node-1 GET /ha/state status=200
[1772528284473] api request start: node=node-2 GET /ha/state
[1772528284474] api request success: node=node-2 GET /ha/state status=200
[1772528284474] api request start: node=node-3 GET /ha/state
[1772528284475] api request success: node=node-3 GET /ha/state status=200
[1772528284718] api request start: node=node-1 GET /ha/state
[1772528284721] api request success: node=node-1 GET /ha/state status=200
[1772528284721] api request start: node=node-2 GET /ha/state
[1772528284722] api request success: node=node-2 GET /ha/state status=200
[1772528284722] api request start: node=node-3 GET /ha/state
[1772528284723] api request success: node=node-3 GET /ha/state status=200
[1772528284800] api request start: node=node-1 GET /ha/state
[1772528284802] api request success: node=node-1 GET /ha/state status=200
[1772528284802] api request start: node=node-2 GET /ha/state
[1772528284803] api request success: node=node-2 GET /ha/state status=200
[1772528284803] api request start: node=node-3 GET /ha/state
[1772528284804] api request success: node=node-3 GET /ha/state status=200
[1772528284927] api request start: node=node-1 GET /ha/state
[1772528285044] api request success: node=node-1 GET /ha/state status=200
[1772528285044] api request start: node=node-2 GET /ha/state
[1772528285045] api request success: node=node-2 GET /ha/state status=200
[1772528285045] api request start: node=node-3 GET /ha/state
[1772528285046] api request success: node=node-3 GET /ha/state status=200
[1772528285123] api request start: node=node-1 GET /ha/state
[1772528285124] api request success: node=node-1 GET /ha/state status=200
[1772528285124] api request start: node=node-2 GET /ha/state
[1772528285125] api request success: node=node-2 GET /ha/state status=200
[1772528285125] api request start: node=node-3 GET /ha/state
[1772528285127] api request success: node=node-3 GET /ha/state status=200
[1772528285383] api request start: node=node-1 GET /ha/state
[1772528285385] api request success: node=node-1 GET /ha/state status=200
[1772528285385] api request start: node=node-2 GET /ha/state
[1772528285385] api request success: node=node-2 GET /ha/state status=200
[1772528285385] api request start: node=node-3 GET /ha/state
[1772528285385] api request success: node=node-3 GET /ha/state status=200
[1772528285463] api request start: node=node-1 GET /ha/state
[1772528285464] api request success: node=node-1 GET /ha/state status=200
[1772528285464] api request start: node=node-2 GET /ha/state
[1772528285464] api request success: node=node-2 GET /ha/state status=200
[1772528285464] api request start: node=node-3 GET /ha/state
[1772528285464] api request success: node=node-3 GET /ha/state status=200
[1772528285706] api request start: node=node-1 GET /ha/state
[1772528285711] api request success: node=node-1 GET /ha/state status=200
[1772528285711] api request start: node=node-2 GET /ha/state
[1772528285713] api request success: node=node-2 GET /ha/state status=200
[1772528285713] api request start: node=node-3 GET /ha/state
[1772528285714] api request success: node=node-3 GET /ha/state status=200
[1772528285791] api request start: node=node-1 GET /ha/state
[1772528285792] api request success: node=node-1 GET /ha/state status=200
[1772528285792] api request start: node=node-2 GET /ha/state
[1772528285793] api request success: node=node-2 GET /ha/state status=200
[1772528285793] api request start: node=node-3 GET /ha/state
[1772528285794] api request success: node=node-3 GET /ha/state status=200
[1772528285916] api request start: node=node-1 GET /ha/state
[1772528286034] api request success: node=node-1 GET /ha/state status=200
[1772528286034] api request start: node=node-2 GET /ha/state
[1772528286035] api request success: node=node-2 GET /ha/state status=200
[1772528286035] api request start: node=node-3 GET /ha/state
[1772528286036] api request success: node=node-3 GET /ha/state status=200
[1772528286114] api request start: node=node-1 GET /ha/state
[1772528286116] api request success: node=node-1 GET /ha/state status=200
[1772528286117] api request start: node=node-2 GET /ha/state
[1772528286118] api request success: node=node-2 GET /ha/state status=200
[1772528286118] api request start: node=node-3 GET /ha/state
[1772528286119] api request success: node=node-3 GET /ha/state status=200
[1772528286362] api request start: node=node-1 GET /ha/state
[1772528286366] api request success: node=node-1 GET /ha/state status=200
[1772528286366] api request start: node=node-2 GET /ha/state
[1772528286367] api request success: node=node-2 GET /ha/state status=200
[1772528286367] api request start: node=node-3 GET /ha/state
[1772528286368] api request success: node=node-3 GET /ha/state status=200
[1772528286445] api request start: node=node-1 GET /ha/state
[1772528286450] api request success: node=node-1 GET /ha/state status=200
[1772528286450] api request start: node=node-2 GET /ha/state
[1772528286451] api request success: node=node-2 GET /ha/state status=200
[1772528286451] api request start: node=node-3 GET /ha/state
[1772528286452] api request success: node=node-3 GET /ha/state status=200
[1772528286572] api request start: node=node-1 GET /ha/state
[1772528286801] api request success: node=node-1 GET /ha/state status=200
[1772528286801] api request start: node=node-2 GET /ha/state
[1772528286801] api request success: node=node-2 GET /ha/state status=200
[1772528286801] api request start: node=node-3 GET /ha/state
[1772528286802] api request success: node=node-3 GET /ha/state status=200
[1772528286879] api request start: node=node-1 GET /ha/state
[1772528286880] api request success: node=node-1 GET /ha/state status=200
[1772528286881] api request start: node=node-2 GET /ha/state
[1772528286881] api request success: node=node-2 GET /ha/state status=200
[1772528286881] api request start: node=node-3 GET /ha/state
[1772528286882] api request success: node=node-3 GET /ha/state status=200
[1772528287118] api request start: node=node-1 GET /ha/state
[1772528287226] api request success: node=node-1 GET /ha/state status=200
[1772528287226] api request start: node=node-2 GET /ha/state
[1772528287227] api request success: node=node-2 GET /ha/state status=200
[1772528287227] api request start: node=node-3 GET /ha/state
[1772528287228] api request success: node=node-3 GET /ha/state status=200
[1772528287305] api request start: node=node-1 GET /ha/state
[1772528287306] api request success: node=node-1 GET /ha/state status=200
[1772528287306] api request start: node=node-2 GET /ha/state
[1772528287307] api request success: node=node-2 GET /ha/state status=200
[1772528287307] api request start: node=node-3 GET /ha/state
[1772528287308] api request success: node=node-3 GET /ha/state status=200
[1772528287547] api request start: node=node-1 GET /ha/state
[1772528287659] api request success: node=node-1 GET /ha/state status=200
[1772528287659] api request start: node=node-2 GET /ha/state
[1772528287660] api request success: node=node-2 GET /ha/state status=200
[1772528287660] api request start: node=node-3 GET /ha/state
[1772528287661] api request success: node=node-3 GET /ha/state status=200
[1772528287661] unassisted failover SQL pre-check: create table and insert pre-failure row
[1772528287734] unassisted failover SQL pre-check seeded/validated on replica=node-2
[1772528287971] unassisted failover SQL pre-check seeded/validated on replica=node-3
[1772528287971] unassisted failover SQL pre-check succeeded
[1772528287971] unassisted failover failure injection: stop postgres on node-1
[1772528288197] unassisted failover recovery: API-only polling for new stable primary
[1772528288197] api request start: node=node-1 GET /ha/state
[1772528288732] api request success: node=node-1 GET /ha/state status=200
[1772528288733] api request start: node=node-2 GET /ha/state
[1772528288846] api request success: node=node-2 GET /ha/state status=200
[1772528288846] api request start: node=node-3 GET /ha/state
[1772528288847] api request success: node=node-3 GET /ha/state status=200
[1772528288847] stable-primary poll states: node-1:Primary:leader=node-1, node-2:Replica:leader=node-3, node-3:Primary:leader=node-3
[1772528289164] api request start: node=node-1 GET /ha/state
[1772528289167] api request success: node=node-1 GET /ha/state status=200
[1772528289167] api request start: node=node-2 GET /ha/state
[1772528289168] api request success: node=node-2 GET /ha/state status=200
[1772528289168] api request start: node=node-3 GET /ha/state
[1772528289168] api request success: node=node-3 GET /ha/state status=200
[1772528289168] stable-primary poll states: node-1:WaitingPostgresReachable:leader=node-3, node-2:Replica:leader=node-3, node-3:Primary:leader=node-3
[1772528289271] api request start: node=node-1 GET /ha/state
[1772528289635] api request success: node=node-1 GET /ha/state status=200
[1772528289635] api request start: node=node-2 GET /ha/state
[1772528289635] api request success: node=node-2 GET /ha/state status=200
[1772528289635] api request start: node=node-3 GET /ha/state
[1772528289636] api request success: node=node-3 GET /ha/state status=200
[1772528289739] api request start: node=node-1 GET /ha/state
[1772528290070] api request success: node=node-1 GET /ha/state status=200
[1772528290070] api request start: node=node-2 GET /ha/state
[1772528290073] api request success: node=node-2 GET /ha/state status=200
[1772528290073] api request start: node=node-3 GET /ha/state
[1772528290074] api request success: node=node-3 GET /ha/state status=200
[1772528290384] api request start: node=node-1 GET /ha/state
[1772528290493] api request success: node=node-1 GET /ha/state status=200
[1772528290493] api request start: node=node-2 GET /ha/state
[1772528290494] api request success: node=node-2 GET /ha/state status=200
[1772528290494] api request start: node=node-3 GET /ha/state
[1772528290495] api request success: node=node-3 GET /ha/state status=200
[1772528290698] api request start: node=node-1 GET /ha/state
[1772528291033] api request success: node=node-1 GET /ha/state status=200
[1772528291033] api request start: node=node-2 GET /ha/state
[1772528291035] api request success: node=node-2 GET /ha/state status=200
[1772528291035] api request start: node=node-3 GET /ha/state
[1772528291036] api request success: node=node-3 GET /ha/state status=200
[1772528291036] api request start: node=node-1 GET /ha/state
[1772528291037] api request success: node=node-1 GET /ha/state status=200
[1772528291037] api request start: node=node-2 GET /ha/state
[1772528291039] api request success: node=node-2 GET /ha/state status=200
[1772528291039] api request start: node=node-3 GET /ha/state
[1772528291039] api request success: node=node-3 GET /ha/state status=200
[1772528291116] api request start: node=node-1 GET /ha/state
[1772528291119] api request success: node=node-1 GET /ha/state status=200
[1772528291119] api request start: node=node-2 GET /ha/state
[1772528291120] api request success: node=node-2 GET /ha/state status=200
[1772528291120] api request start: node=node-3 GET /ha/state
[1772528291122] api request success: node=node-3 GET /ha/state status=200
[1772528291242] api request start: node=node-1 GET /ha/state
[1772528291591] api request success: node=node-1 GET /ha/state status=200
[1772528291591] api request start: node=node-2 GET /ha/state
[1772528291592] api request success: node=node-2 GET /ha/state status=200
[1772528291592] api request start: node=node-3 GET /ha/state
[1772528291592] api request success: node=node-3 GET /ha/state status=200
[1772528291670] api request start: node=node-1 GET /ha/state
[1772528291672] api request success: node=node-1 GET /ha/state status=200
[1772528291672] api request start: node=node-2 GET /ha/state
[1772528291673] api request success: node=node-2 GET /ha/state status=200
[1772528291673] api request start: node=node-3 GET /ha/state
[1772528291674] api request success: node=node-3 GET /ha/state status=200
[1772528291818] api request start: node=node-1 GET /ha/state
[1772528291936] api request success: node=node-1 GET /ha/state status=200
[1772528291936] api request start: node=node-2 GET /ha/state
[1772528291937] api request success: node=node-2 GET /ha/state status=200
[1772528291937] api request start: node=node-3 GET /ha/state
[1772528291938] api request success: node=node-3 GET /ha/state status=200
[1772528292014] api request start: node=node-1 GET /ha/state
[1772528292016] api request success: node=node-1 GET /ha/state status=200
[1772528292016] api request start: node=node-2 GET /ha/state
[1772528292017] api request success: node=node-2 GET /ha/state status=200
[1772528292017] api request start: node=node-3 GET /ha/state
[1772528292018] api request success: node=node-3 GET /ha/state status=200
[1772528292256] api request start: node=node-1 GET /ha/state
[1772528292481] api request success: node=node-1 GET /ha/state status=200
[1772528292481] api request start: node=node-2 GET /ha/state
[1772528292482] api request success: node=node-2 GET /ha/state status=200
[1772528292482] api request start: node=node-3 GET /ha/state
[1772528292483] api request success: node=node-3 GET /ha/state status=200
[1772528292560] api request start: node=node-1 GET /ha/state
[1772528292562] api request success: node=node-1 GET /ha/state status=200
[1772528292562] api request start: node=node-2 GET /ha/state
[1772528292563] api request success: node=node-2 GET /ha/state status=200
[1772528292563] api request start: node=node-3 GET /ha/state
[1772528292563] api request success: node=node-3 GET /ha/state status=200
[1772528292688] api request start: node=node-1 GET /ha/state
[1772528293011] api request success: node=node-1 GET /ha/state status=200
[1772528293011] api request start: node=node-2 GET /ha/state
[1772528293012] api request success: node=node-2 GET /ha/state status=200
[1772528293012] api request start: node=node-3 GET /ha/state
[1772528293013] api request success: node=node-3 GET /ha/state status=200
[1772528293098] api request start: node=node-1 GET /ha/state
[1772528293099] api request success: node=node-1 GET /ha/state status=200
[1772528293099] api request start: node=node-2 GET /ha/state
[1772528293101] api request success: node=node-2 GET /ha/state status=200
[1772528293101] api request start: node=node-3 GET /ha/state
[1772528293102] api request success: node=node-3 GET /ha/state status=200
[1772528293431] api request start: node=node-1 GET /ha/state
[1772528293434] api request success: node=node-1 GET /ha/state status=200
[1772528293434] api request start: node=node-2 GET /ha/state
[1772528293435] api request success: node=node-2 GET /ha/state status=200
[1772528293435] api request start: node=node-3 GET /ha/state
[1772528293435] api request success: node=node-3 GET /ha/state status=200
[1772528293518] api request start: node=node-1 GET /ha/state
[1772528293519] api request success: node=node-1 GET /ha/state status=200
[1772528293519] api request start: node=node-2 GET /ha/state
[1772528293520] api request success: node=node-2 GET /ha/state status=200
[1772528293520] api request start: node=node-3 GET /ha/state
[1772528293520] api request success: node=node-3 GET /ha/state status=200
[1772528293640] api request start: node=node-1 GET /ha/state
[1772528293971] api request success: node=node-1 GET /ha/state status=200
[1772528293971] api request start: node=node-2 GET /ha/state
[1772528293972] api request success: node=node-2 GET /ha/state status=200
[1772528293972] api request start: node=node-3 GET /ha/state
[1772528293972] api request success: node=node-3 GET /ha/state status=200
[1772528294049] api request start: node=node-1 GET /ha/state
[1772528294051] api request success: node=node-1 GET /ha/state status=200
[1772528294051] api request start: node=node-2 GET /ha/state
[1772528294051] api request success: node=node-2 GET /ha/state status=200
[1772528294051] api request start: node=node-3 GET /ha/state
[1772528294052] api request success: node=node-3 GET /ha/state status=200
[1772528294175] api request start: node=node-1 GET /ha/state
[1772528294508] api request success: node=node-1 GET /ha/state status=200
[1772528294508] api request start: node=node-2 GET /ha/state
[1772528294510] api request success: node=node-2 GET /ha/state status=200
[1772528294510] api request start: node=node-3 GET /ha/state
[1772528294511] api request success: node=node-3 GET /ha/state status=200
[1772528294587] api request start: node=node-1 GET /ha/state
[1772528294589] api request success: node=node-1 GET /ha/state status=200
[1772528294589] api request start: node=node-2 GET /ha/state
[1772528294591] api request success: node=node-2 GET /ha/state status=200
[1772528294591] api request start: node=node-3 GET /ha/state
[1772528294592] api request success: node=node-3 GET /ha/state status=200
[1772528294748] api request start: node=node-1 GET /ha/state
[1772528294858] api request success: node=node-1 GET /ha/state status=200
[1772528294858] api request start: node=node-2 GET /ha/state
[1772528294859] api request success: node=node-2 GET /ha/state status=200
[1772528294859] api request start: node=node-3 GET /ha/state
[1772528294860] api request success: node=node-3 GET /ha/state status=200
[1772528294936] api request start: node=node-1 GET /ha/state
[1772528294937] api request success: node=node-1 GET /ha/state status=200
[1772528294937] api request start: node=node-2 GET /ha/state
[1772528294939] api request success: node=node-2 GET /ha/state status=200
[1772528294939] api request start: node=node-3 GET /ha/state
[1772528294940] api request success: node=node-3 GET /ha/state status=200
[1772528295063] api request start: node=node-1 GET /ha/state
[1772528295398] api request success: node=node-1 GET /ha/state status=200
[1772528295398] api request start: node=node-2 GET /ha/state
[1772528295399] api request success: node=node-2 GET /ha/state status=200
[1772528295399] api request start: node=node-3 GET /ha/state
[1772528295399] api request success: node=node-3 GET /ha/state status=200
[1772528295478] api request start: node=node-1 GET /ha/state
[1772528295481] api request success: node=node-1 GET /ha/state status=200
[1772528295481] api request start: node=node-2 GET /ha/state
[1772528295483] api request success: node=node-2 GET /ha/state status=200
[1772528295483] api request start: node=node-3 GET /ha/state
[1772528295485] api request success: node=node-3 GET /ha/state status=200
[1772528295607] api request start: node=node-1 GET /ha/state
[1772528295940] api request success: node=node-1 GET /ha/state status=200
[1772528295940] api request start: node=node-2 GET /ha/state
[1772528295940] api request success: node=node-2 GET /ha/state status=200
[1772528295940] api request start: node=node-3 GET /ha/state
[1772528295941] api request success: node=node-3 GET /ha/state status=200
[1772528296020] api request start: node=node-1 GET /ha/state
[1772528296022] api request success: node=node-1 GET /ha/state status=200
[1772528296022] api request start: node=node-2 GET /ha/state
[1772528296023] api request success: node=node-2 GET /ha/state status=200
[1772528296023] api request start: node=node-3 GET /ha/state
[1772528296024] api request success: node=node-3 GET /ha/state status=200
[1772528296268] api request start: node=node-1 GET /ha/state
[1772528296384] api request success: node=node-1 GET /ha/state status=200
[1772528296384] api request start: node=node-2 GET /ha/state
[1772528296385] api request success: node=node-2 GET /ha/state status=200
[1772528296385] api request start: node=node-3 GET /ha/state
[1772528296386] api request success: node=node-3 GET /ha/state status=200
[1772528296386] unassisted failover recovery success: former_primary=node-1, new_primary=node-3
[1772528296386] phase history evidence: node-1:Primary|WaitingPostgresReachable,node-2:Replica|WaitingPostgresReachable,node-3:Primary|Replica|WaitingPostgresReachable
[1772528296387] unassisted failover SQL post-check: insert post-failure row
[1772528296447] unassisted failover SQL continuity proof succeeded