[1772536012824] scenario bootstrap/election: wait for single primary
[1772536012824] api request start: node=node-1 GET /ha/state
[1772536012878] api request success: node=node-1 GET /ha/state status=200
[1772536012878] api request start: node=node-2 GET /ha/state
[1772536012879] api request success: node=node-2 GET /ha/state status=200
[1772536012879] api request start: node=node-3 GET /ha/state
[1772536012879] api request success: node=node-3 GET /ha/state status=200
[1772536012879] bootstrap/election success: primary=node-1
[1772536012879] api request start: node=node-1 GET /ha/state
[1772536012879] api request success: node=node-1 GET /ha/state status=200
[1772536012879] api request start: node=node-2 GET /ha/state
[1772536012880] api request success: node=node-2 GET /ha/state status=200
[1772536012880] api request start: node=node-3 GET /ha/state
[1772536012880] api request success: node=node-3 GET /ha/state status=200
[1772536012989] api request start: node=node-1 GET /ha/state
[1772536013310] api request success: node=node-1 GET /ha/state status=200
[1772536013310] api request start: node=node-2 GET /ha/state
[1772536013311] api request success: node=node-2 GET /ha/state status=200
[1772536013311] api request start: node=node-3 GET /ha/state
[1772536013311] api request success: node=node-3 GET /ha/state status=200
[1772536013387] api request start: node=node-1 GET /ha/state
[1772536013388] api request success: node=node-1 GET /ha/state status=200
[1772536013388] api request start: node=node-2 GET /ha/state
[1772536013389] api request success: node=node-2 GET /ha/state status=200
[1772536013389] api request start: node=node-3 GET /ha/state
[1772536013389] api request success: node=node-3 GET /ha/state status=200
[1772536013635] api request start: node=node-1 GET /ha/state
[1772536013637] api request success: node=node-1 GET /ha/state status=200
[1772536013637] api request start: node=node-2 GET /ha/state
[1772536013638] api request success: node=node-2 GET /ha/state status=200
[1772536013638] api request start: node=node-3 GET /ha/state
[1772536013638] api request success: node=node-3 GET /ha/state status=200
[1772536013715] api request start: node=node-1 GET /ha/state
[1772536013717] api request success: node=node-1 GET /ha/state status=200
[1772536013717] api request start: node=node-2 GET /ha/state
[1772536013718] api request success: node=node-2 GET /ha/state status=200
[1772536013718] api request start: node=node-3 GET /ha/state
[1772536013719] api request success: node=node-3 GET /ha/state status=200
[1772536013848] api request start: node=node-1 GET /ha/state
[1772536014079] api request success: node=node-1 GET /ha/state status=200
[1772536014079] api request start: node=node-2 GET /ha/state
[1772536014079] api request success: node=node-2 GET /ha/state status=200
[1772536014079] api request start: node=node-3 GET /ha/state
[1772536014080] api request success: node=node-3 GET /ha/state status=200
[1772536014158] api request start: node=node-1 GET /ha/state
[1772536014161] api request success: node=node-1 GET /ha/state status=200
[1772536014161] api request start: node=node-2 GET /ha/state
[1772536014162] api request success: node=node-2 GET /ha/state status=200
[1772536014162] api request start: node=node-3 GET /ha/state
[1772536014163] api request success: node=node-3 GET /ha/state status=200
[1772536014289] api request start: node=node-1 GET /ha/state
[1772536014514] api request success: node=node-1 GET /ha/state status=200
[1772536014514] api request start: node=node-2 GET /ha/state
[1772536014516] api request success: node=node-2 GET /ha/state status=200
[1772536014516] api request start: node=node-3 GET /ha/state
[1772536014516] api request success: node=node-3 GET /ha/state status=200
[1772536014592] api request start: node=node-1 GET /ha/state
[1772536014593] api request success: node=node-1 GET /ha/state status=200
[1772536014593] api request start: node=node-2 GET /ha/state
[1772536014593] api request success: node=node-2 GET /ha/state status=200
[1772536014593] api request start: node=node-3 GET /ha/state
[1772536014594] api request success: node=node-3 GET /ha/state status=200
[1772536014715] api request start: node=node-1 GET /ha/state
[1772536014941] api request success: node=node-1 GET /ha/state status=200
[1772536014941] api request start: node=node-2 GET /ha/state
[1772536014942] api request success: node=node-2 GET /ha/state status=200
[1772536014942] api request start: node=node-3 GET /ha/state
[1772536014943] api request success: node=node-3 GET /ha/state status=200
[1772536015020] api request start: node=node-1 GET /ha/state
[1772536015022] api request success: node=node-1 GET /ha/state status=200
[1772536015022] api request start: node=node-2 GET /ha/state
[1772536015023] api request success: node=node-2 GET /ha/state status=200
[1772536015023] api request start: node=node-3 GET /ha/state
[1772536015023] api request success: node=node-3 GET /ha/state status=200
[1772536015139] api request start: node=node-1 GET /ha/state
[1772536015250] api request success: node=node-1 GET /ha/state status=200
[1772536015250] api request start: node=node-2 GET /ha/state
[1772536015251] api request success: node=node-2 GET /ha/state status=200
[1772536015251] api request start: node=node-3 GET /ha/state
[1772536015251] api request success: node=node-3 GET /ha/state status=200
[1772536015328] api request start: node=node-1 GET /ha/state
[1772536015331] api request success: node=node-1 GET /ha/state status=200
[1772536015331] api request start: node=node-2 GET /ha/state
[1772536015332] api request success: node=node-2 GET /ha/state status=200
[1772536015332] api request start: node=node-3 GET /ha/state
[1772536015333] api request success: node=node-3 GET /ha/state status=200
[1772536015578] api request start: node=node-1 GET /ha/state
[1772536015582] api request success: node=node-1 GET /ha/state status=200
[1772536015582] api request start: node=node-2 GET /ha/state
[1772536015583] api request success: node=node-2 GET /ha/state status=200
[1772536015583] api request start: node=node-3 GET /ha/state
[1772536015584] api request success: node=node-3 GET /ha/state status=200
[1772536015660] api request start: node=node-1 GET /ha/state
[1772536015662] api request success: node=node-1 GET /ha/state status=200
[1772536015662] api request start: node=node-2 GET /ha/state
[1772536015663] api request success: node=node-2 GET /ha/state status=200
[1772536015663] api request start: node=node-3 GET /ha/state
[1772536015664] api request success: node=node-3 GET /ha/state status=200
[1772536015796] api request start: node=node-1 GET /ha/state
[1772536016019] api request success: node=node-1 GET /ha/state status=200
[1772536016019] api request start: node=node-2 GET /ha/state
[1772536016019] api request success: node=node-2 GET /ha/state status=200
[1772536016019] api request start: node=node-3 GET /ha/state
[1772536016019] api request success: node=node-3 GET /ha/state status=200
[1772536016019] scenario planned switchover: submit request through API endpoint
[1772536016019] api request start: node=node-1 POST /switchover
[1772536016121] api request success: node=node-1 POST /switchover status=202
[1772536016121] api request start: node=node-1 GET /ha/state
[1772536016559] api request success: node=node-1 GET /ha/state status=200
[1772536016559] api request start: node=node-2 GET /ha/state
[1772536016561] api request success: node=node-2 GET /ha/state status=200
[1772536016561] api request start: node=node-3 GET /ha/state
[1772536016562] api request success: node=node-3 GET /ha/state status=200
[1772536016562] planned switchover success: old_primary=node-1, new_primary=node-3
[1772536016562] scenario split-brain prevention: ensure no dual primary after switchover
[1772536016562] api request start: node=node-1 GET /ha/state
[1772536016563] api request success: node=node-1 GET /ha/state status=200
[1772536016563] api request start: node=node-2 GET /ha/state
[1772536016564] api request success: node=node-2 GET /ha/state status=200
[1772536016564] api request start: node=node-3 GET /ha/state
[1772536016564] api request success: node=node-3 GET /ha/state status=200
[1772536016641] api request start: node=node-1 GET /ha/state
[1772536016642] api request success: node=node-1 GET /ha/state status=200
[1772536016643] api request start: node=node-2 GET /ha/state
[1772536016644] api request success: node=node-2 GET /ha/state status=200
[1772536016644] api request start: node=node-3 GET /ha/state
[1772536016645] api request success: node=node-3 GET /ha/state status=200
[1772536016876] api request start: node=node-1 GET /ha/state
[1772536016878] api request success: node=node-1 GET /ha/state status=200
[1772536016879] api request start: node=node-2 GET /ha/state
[1772536016880] api request success: node=node-2 GET /ha/state status=200
[1772536016880] api request start: node=node-3 GET /ha/state
[1772536016880] api request success: node=node-3 GET /ha/state status=200
[1772536016957] api request start: node=node-1 GET /ha/state
[1772536016959] api request success: node=node-1 GET /ha/state status=200
[1772536016959] api request start: node=node-2 GET /ha/state
[1772536016960] api request success: node=node-2 GET /ha/state status=200
[1772536016960] api request start: node=node-3 GET /ha/state
[1772536016961] api request success: node=node-3 GET /ha/state status=200
[1772536017102] api request start: node=node-1 GET /ha/state
[1772536017218] api request success: node=node-1 GET /ha/state status=200
[1772536017220] api request start: node=node-2 GET /ha/state
[1772536017221] api request success: node=node-2 GET /ha/state status=200
[1772536017221] api request start: node=node-3 GET /ha/state
[1772536017222] api request success: node=node-3 GET /ha/state status=200
[1772536017299] api request start: node=node-1 GET /ha/state
[1772536017300] api request success: node=node-1 GET /ha/state status=200
[1772536017301] api request start: node=node-2 GET /ha/state
[1772536017302] api request success: node=node-2 GET /ha/state status=200
[1772536017302] api request start: node=node-3 GET /ha/state
[1772536017302] api request success: node=node-3 GET /ha/state status=200
[1772536017429] api request start: node=node-1 GET /ha/state
[1772536017761] api request success: node=node-1 GET /ha/state status=200
[1772536017762] api request start: node=node-2 GET /ha/state
[1772536017763] api request success: node=node-2 GET /ha/state status=200
[1772536017763] api request start: node=node-3 GET /ha/state
[1772536017763] api request success: node=node-3 GET /ha/state status=200
[1772536017842] api request start: node=node-1 GET /ha/state
[1772536017845] api request success: node=node-1 GET /ha/state status=200
[1772536017848] api request start: node=node-2 GET /ha/state
[1772536017849] api request success: node=node-2 GET /ha/state status=200
[1772536017849] api request start: node=node-3 GET /ha/state
[1772536017850] api request success: node=node-3 GET /ha/state status=200
[1772536018081] api request start: node=node-1 GET /ha/state
[1772536018197] api request success: node=node-1 GET /ha/state status=200
[1772536018197] api request start: node=node-2 GET /ha/state
[1772536018198] api request success: node=node-2 GET /ha/state status=200
[1772536018198] api request start: node=node-3 GET /ha/state
[1772536018199] api request success: node=node-3 GET /ha/state status=200
[1772536018276] api request start: node=node-1 GET /ha/state
[1772536018278] api request success: node=node-1 GET /ha/state status=200
[1772536018278] api request start: node=node-2 GET /ha/state
[1772536018279] api request success: node=node-2 GET /ha/state status=200
[1772536018280] api request start: node=node-3 GET /ha/state
[1772536018281] api request success: node=node-3 GET /ha/state status=200
[1772536018532] api request start: node=node-1 GET /ha/state
[1772536018644] api request success: node=node-1 GET /ha/state status=200
[1772536018644] api request start: node=node-2 GET /ha/state
[1772536018645] api request success: node=node-2 GET /ha/state status=200
[1772536018645] api request start: node=node-3 GET /ha/state
[1772536018646] api request success: node=node-3 GET /ha/state status=200
[1772536018725] api request start: node=node-1 GET /ha/state
[1772536018727] api request success: node=node-1 GET /ha/state status=200
[1772536018728] api request start: node=node-2 GET /ha/state
[1772536018729] api request success: node=node-2 GET /ha/state status=200
[1772536018729] api request start: node=node-3 GET /ha/state
[1772536018730] api request success: node=node-3 GET /ha/state status=200
[1772536019083] api request start: node=node-1 GET /ha/state
[1772536019087] api request success: node=node-1 GET /ha/state status=200
[1772536019087] api request start: node=node-2 GET /ha/state
[1772536019089] api request success: node=node-2 GET /ha/state status=200
[1772536019089] api request start: node=node-3 GET /ha/state
[1772536019090] api request success: node=node-3 GET /ha/state status=200
[1772536019167] api request start: node=node-1 GET /ha/state
[1772536019169] api request success: node=node-1 GET /ha/state status=200
[1772536019170] api request start: node=node-2 GET /ha/state
[1772536019171] api request success: node=node-2 GET /ha/state status=200
[1772536019171] api request start: node=node-3 GET /ha/state
[1772536019172] api request success: node=node-3 GET /ha/state status=200
[1772536019305] api request start: node=node-1 GET /ha/state
[1772536019429] api request success: node=node-1 GET /ha/state status=200
[1772536019429] api request start: node=node-2 GET /ha/state
[1772536019429] api request success: node=node-2 GET /ha/state status=200
[1772536019430] api request start: node=node-3 GET /ha/state
[1772536019430] api request success: node=node-3 GET /ha/state status=200
[1772536019507] api request start: node=node-1 GET /ha/state
[1772536019509] api request success: node=node-1 GET /ha/state status=200
[1772536019510] api request start: node=node-2 GET /ha/state
[1772536019511] api request success: node=node-2 GET /ha/state status=200
[1772536019511] api request start: node=node-3 GET /ha/state
[1772536019512] api request success: node=node-3 GET /ha/state status=200
[1772536019758] api request start: node=node-1 GET /ha/state
[1772536019876] api request success: node=node-1 GET /ha/state status=200
[1772536019877] api request start: node=node-2 GET /ha/state
[1772536019878] api request success: node=node-2 GET /ha/state status=200
[1772536019878] api request start: node=node-3 GET /ha/state
[1772536019878] api request success: node=node-3 GET /ha/state status=200
[1772536019957] api request start: node=node-1 GET /ha/state
[1772536019959] api request success: node=node-1 GET /ha/state status=200
[1772536019959] api request start: node=node-2 GET /ha/state
[1772536019960] api request success: node=node-2 GET /ha/state status=200
[1772536019960] api request start: node=node-3 GET /ha/state
[1772536019961] api request success: node=node-3 GET /ha/state status=200
[1772536020198] api request start: node=node-1 GET /ha/state
[1772536020313] api request success: node=node-1 GET /ha/state status=200
[1772536020313] api request start: node=node-2 GET /ha/state
[1772536020313] api request success: node=node-2 GET /ha/state status=200
[1772536020313] api request start: node=node-3 GET /ha/state
[1772536020314] api request success: node=node-3 GET /ha/state status=200
[1772536020393] api request start: node=node-1 GET /ha/state
[1772536020394] api request success: node=node-1 GET /ha/state status=200
[1772536020394] api request start: node=node-2 GET /ha/state
[1772536020394] api request success: node=node-2 GET /ha/state status=200
[1772536020394] api request start: node=node-3 GET /ha/state
[1772536020394] api request success: node=node-3 GET /ha/state status=200
[1772536020530] api request start: node=node-1 GET /ha/state
[1772536020653] api request success: node=node-1 GET /ha/state status=200
[1772536020653] api request start: node=node-2 GET /ha/state
[1772536020654] api request success: node=node-2 GET /ha/state status=200
[1772536020654] api request start: node=node-3 GET /ha/state
[1772536020654] api request success: node=node-3 GET /ha/state status=200
[1772536020731] api request start: node=node-1 GET /ha/state
[1772536020734] api request success: node=node-1 GET /ha/state status=200
[1772536020734] api request start: node=node-2 GET /ha/state
[1772536020735] api request success: node=node-2 GET /ha/state status=200
[1772536020735] api request start: node=node-3 GET /ha/state
[1772536020737] api request success: node=node-3 GET /ha/state status=200
[1772536020877] api request start: node=node-1 GET /ha/state
[1772536020879] api request success: node=node-1 GET /ha/state status=200
[1772536020879] api request start: node=node-2 GET /ha/state
[1772536020880] api request success: node=node-2 GET /ha/state status=200
[1772536020880] api request start: node=node-3 GET /ha/state
[1772536020881] api request success: node=node-3 GET /ha/state status=200
[1772536020958] api request start: node=node-1 GET /ha/state
[1772536020960] api request success: node=node-1 GET /ha/state status=200
[1772536020960] api request start: node=node-2 GET /ha/state
[1772536020961] api request success: node=node-2 GET /ha/state status=200
[1772536020961] api request start: node=node-3 GET /ha/state
[1772536020962] api request success: node=node-3 GET /ha/state status=200
[1772536021196] api request start: node=node-1 GET /ha/state
[1772536021406] api request success: node=node-1 GET /ha/state status=200
[1772536021406] api request start: node=node-2 GET /ha/state
[1772536021407] api request success: node=node-2 GET /ha/state status=200
[1772536021407] api request start: node=node-3 GET /ha/state
[1772536021408] api request success: node=node-3 GET /ha/state status=200
[1772536021484] api request start: node=node-1 GET /ha/state
[1772536021485] api request success: node=node-1 GET /ha/state status=200
[1772536021485] api request start: node=node-2 GET /ha/state
[1772536021486] api request success: node=node-2 GET /ha/state status=200
[1772536021486] api request start: node=node-3 GET /ha/state
[1772536021487] api request success: node=node-3 GET /ha/state status=200
[1772536021623] api request start: node=node-1 GET /ha/state
[1772536021732] api request success: node=node-1 GET /ha/state status=200
[1772536021732] api request start: node=node-2 GET /ha/state
[1772536021732] api request success: node=node-2 GET /ha/state status=200
[1772536021732] api request start: node=node-3 GET /ha/state
[1772536021732] api request success: node=node-3 GET /ha/state status=200
[1772536021732] scenario no-quorum fail-safe: shutdown etcd majority (2/3)
[1772536036783] no-quorum setup: stopped etcd members=etcd-a,etcd-b
[1772536036783] api request start: node=node-1 GET /ha/state
[1772536057408] api request success: node=node-1 GET /ha/state status=200
[1772536057408] api request start: node=node-2 GET /ha/state
[1772536074448] api request success: node=node-2 GET /ha/state status=200
[1772536074448] api request start: node=node-3 GET /ha/state
[1772536090803] api request success: node=node-3 GET /ha/state status=200
[1772536090803] no-quorum fail-safe observed on all nodes