[1772538491837] unassisted failover bootstrap: wait for stable primary
[1772538491837] api request start: node=node-1 GET /ha/state
[1772538492265] api request success: node=node-1 GET /ha/state status=200
[1772538492265] api request start: node=node-2 GET /ha/state
[1772538492272] api request success: node=node-2 GET /ha/state status=200
[1772538492272] api request start: node=node-3 GET /ha/state
[1772538492273] api request success: node=node-3 GET /ha/state status=200
[1772538492273] stable-primary poll states: node-1:Primary:leader=node-1, node-2:WaitingPostgresReachable:leader=node-1, node-3:WaitingPostgresReachable:leader=node-1
[1772538492463] api request start: node=node-1 GET /ha/state
[1772538492673] api request success: node=node-1 GET /ha/state status=200
[1772538492673] api request start: node=node-2 GET /ha/state
[1772538492674] api request success: node=node-2 GET /ha/state status=200
[1772538492674] api request start: node=node-3 GET /ha/state
[1772538492675] api request success: node=node-3 GET /ha/state status=200
[1772538492675] stable-primary poll states: node-1:Primary:leader=node-1, node-2:Replica:leader=node-1, node-3:WaitingPostgresReachable:leader=node-1
[1772538492882] api request start: node=node-1 GET /ha/state
[1772538493106] api request success: node=node-1 GET /ha/state status=200
[1772538493106] api request start: node=node-2 GET /ha/state
[1772538493107] api request success: node=node-2 GET /ha/state status=200
[1772538493107] api request start: node=node-3 GET /ha/state
[1772538493107] api request success: node=node-3 GET /ha/state status=200
[1772538493107] stable-primary poll states: node-1:Primary:leader=node-1, node-2:Replica:leader=node-1, node-3:Replica:leader=node-1
[1772538493329] api request start: node=node-1 GET /ha/state
[1772538493540] api request success: node=node-1 GET /ha/state status=200
[1772538493540] api request start: node=node-2 GET /ha/state
[1772538493541] api request success: node=node-2 GET /ha/state status=200
[1772538493541] api request start: node=node-3 GET /ha/state
[1772538493541] api request success: node=node-3 GET /ha/state status=200
[1772538493647] api request start: node=node-1 GET /ha/state
[1772538493869] api request success: node=node-1 GET /ha/state status=200
[1772538493869] api request start: node=node-2 GET /ha/state
[1772538493870] api request success: node=node-2 GET /ha/state status=200
[1772538493870] api request start: node=node-3 GET /ha/state
[1772538493871] api request success: node=node-3 GET /ha/state status=200
[1772538493871] unassisted failover bootstrap success: primary=node-1
[1772538493871] api request start: node=node-1 GET /ha/state
[1772538493872] api request success: node=node-1 GET /ha/state status=200
[1772538493872] api request start: node=node-2 GET /ha/state
[1772538493872] api request success: node=node-2 GET /ha/state status=200
[1772538493873] api request start: node=node-3 GET /ha/state
[1772538493873] api request success: node=node-3 GET /ha/state status=200
[1772538493950] api request start: node=node-1 GET /ha/state
[1772538493952] api request success: node=node-1 GET /ha/state status=200
[1772538493952] api request start: node=node-2 GET /ha/state
[1772538493953] api request success: node=node-2 GET /ha/state status=200
[1772538493953] api request start: node=node-3 GET /ha/state
[1772538493954] api request success: node=node-3 GET /ha/state status=200
[1772538494197] api request start: node=node-1 GET /ha/state
[1772538494200] api request success: node=node-1 GET /ha/state status=200
[1772538494200] api request start: node=node-2 GET /ha/state
[1772538494200] api request success: node=node-2 GET /ha/state status=200
[1772538494200] api request start: node=node-3 GET /ha/state
[1772538494201] api request success: node=node-3 GET /ha/state status=200
[1772538494279] api request start: node=node-1 GET /ha/state
[1772538494282] api request success: node=node-1 GET /ha/state status=200
[1772538494282] api request start: node=node-2 GET /ha/state
[1772538494284] api request success: node=node-2 GET /ha/state status=200
[1772538494284] api request start: node=node-3 GET /ha/state
[1772538494284] api request success: node=node-3 GET /ha/state status=200
[1772538494629] api request start: node=node-1 GET /ha/state
[1772538494632] api request success: node=node-1 GET /ha/state status=200
[1772538494632] api request start: node=node-2 GET /ha/state
[1772538494633] api request success: node=node-2 GET /ha/state status=200
[1772538494633] api request start: node=node-3 GET /ha/state
[1772538494634] api request success: node=node-3 GET /ha/state status=200
[1772538494709] api request start: node=node-1 GET /ha/state
[1772538494711] api request success: node=node-1 GET /ha/state status=200
[1772538494712] api request start: node=node-2 GET /ha/state
[1772538494712] api request success: node=node-2 GET /ha/state status=200
[1772538494712] api request start: node=node-3 GET /ha/state
[1772538494713] api request success: node=node-3 GET /ha/state status=200
[1772538494839] api request start: node=node-1 GET /ha/state
[1772538495068] api request success: node=node-1 GET /ha/state status=200
[1772538495068] api request start: node=node-2 GET /ha/state
[1772538495069] api request success: node=node-2 GET /ha/state status=200
[1772538495069] api request start: node=node-3 GET /ha/state
[1772538495069] api request success: node=node-3 GET /ha/state status=200
[1772538495146] api request start: node=node-1 GET /ha/state
[1772538495147] api request success: node=node-1 GET /ha/state status=200
[1772538495147] api request start: node=node-2 GET /ha/state
[1772538495147] api request success: node=node-2 GET /ha/state status=200
[1772538495147] api request start: node=node-3 GET /ha/state
[1772538495147] api request success: node=node-3 GET /ha/state status=200
[1772538495272] api request start: node=node-1 GET /ha/state
[1772538495382] api request success: node=node-1 GET /ha/state status=200
[1772538495382] api request start: node=node-2 GET /ha/state
[1772538495382] api request success: node=node-2 GET /ha/state status=200
[1772538495382] api request start: node=node-3 GET /ha/state
[1772538495382] api request success: node=node-3 GET /ha/state status=200
[1772538495459] api request start: node=node-1 GET /ha/state
[1772538495460] api request success: node=node-1 GET /ha/state status=200
[1772538495460] api request start: node=node-2 GET /ha/state
[1772538495460] api request success: node=node-2 GET /ha/state status=200
[1772538495460] api request start: node=node-3 GET /ha/state
[1772538495460] api request success: node=node-3 GET /ha/state status=200
[1772538495588] api request start: node=node-1 GET /ha/state
[1772538495810] api request success: node=node-1 GET /ha/state status=200
[1772538495810] api request start: node=node-2 GET /ha/state
[1772538495812] api request success: node=node-2 GET /ha/state status=200
[1772538495812] api request start: node=node-3 GET /ha/state
[1772538495813] api request success: node=node-3 GET /ha/state status=200
[1772538495891] api request start: node=node-1 GET /ha/state
[1772538495892] api request success: node=node-1 GET /ha/state status=200
[1772538495892] api request start: node=node-2 GET /ha/state
[1772538495893] api request success: node=node-2 GET /ha/state status=200
[1772538495893] api request start: node=node-3 GET /ha/state
[1772538495894] api request success: node=node-3 GET /ha/state status=200
[1772538496018] api request start: node=node-1 GET /ha/state
[1772538496235] api request success: node=node-1 GET /ha/state status=200
[1772538496235] api request start: node=node-2 GET /ha/state
[1772538496235] api request success: node=node-2 GET /ha/state status=200
[1772538496235] api request start: node=node-3 GET /ha/state
[1772538496235] api request success: node=node-3 GET /ha/state status=200
[1772538496313] api request start: node=node-1 GET /ha/state
[1772538496315] api request success: node=node-1 GET /ha/state status=200
[1772538496315] api request start: node=node-2 GET /ha/state
[1772538496316] api request success: node=node-2 GET /ha/state status=200
[1772538496316] api request start: node=node-3 GET /ha/state
[1772538496317] api request success: node=node-3 GET /ha/state status=200
[1772538496451] api request start: node=node-1 GET /ha/state
[1772538496452] api request success: node=node-1 GET /ha/state status=200
[1772538496452] api request start: node=node-2 GET /ha/state
[1772538496452] api request success: node=node-2 GET /ha/state status=200
[1772538496452] api request start: node=node-3 GET /ha/state
[1772538496453] api request success: node=node-3 GET /ha/state status=200
[1772538496531] api request start: node=node-1 GET /ha/state
[1772538496532] api request success: node=node-1 GET /ha/state status=200
[1772538496532] api request start: node=node-2 GET /ha/state
[1772538496533] api request success: node=node-2 GET /ha/state status=200
[1772538496533] api request start: node=node-3 GET /ha/state
[1772538496534] api request success: node=node-3 GET /ha/state status=200
[1772538496777] api request start: node=node-1 GET /ha/state
[1772538496780] api request success: node=node-1 GET /ha/state status=200
[1772538496780] api request start: node=node-2 GET /ha/state
[1772538496781] api request success: node=node-2 GET /ha/state status=200
[1772538496781] api request start: node=node-3 GET /ha/state
[1772538496782] api request success: node=node-3 GET /ha/state status=200
[1772538496860] api request start: node=node-1 GET /ha/state
[1772538496862] api request success: node=node-1 GET /ha/state status=200
[1772538496862] api request start: node=node-2 GET /ha/state
[1772538496864] api request success: node=node-2 GET /ha/state status=200
[1772538496864] api request start: node=node-3 GET /ha/state
[1772538496866] api request success: node=node-3 GET /ha/state status=200
[1772538496990] api request start: node=node-1 GET /ha/state
[1772538497218] api request success: node=node-1 GET /ha/state status=200
[1772538497218] api request start: node=node-2 GET /ha/state
[1772538497219] api request success: node=node-2 GET /ha/state status=200
[1772538497219] api request start: node=node-3 GET /ha/state
[1772538497219] api request success: node=node-3 GET /ha/state status=200
[1772538497219] unassisted failover SQL pre-check: create table and insert pre-failure row
[1772538497309] unassisted failover SQL pre-check seeded/validated on replica=node-2
[1772538497689] unassisted failover SQL pre-check seeded/validated on replica=node-3
[1772538497689] unassisted failover SQL pre-check succeeded
[1772538497689] unassisted failover failure injection: stop postgres on node-1
[1772538497967] unassisted failover recovery: API-only polling for new stable primary
[1772538497967] api request start: node=node-1 GET /ha/state
[1772538497971] api request success: node=node-1 GET /ha/state status=200
[1772538497971] api request start: node=node-2 GET /ha/state
[1772538497972] api request success: node=node-2 GET /ha/state status=200
[1772538497972] api request start: node=node-3 GET /ha/state
[1772538497973] api request success: node=node-3 GET /ha/state status=200
[1772538497973] stable-primary poll states: node-1:Primary:leader=node-1, node-2:Replica:leader=node-1, node-3:Replica:leader=node-1
[1772538498187] api request start: node=node-1 GET /ha/state
[1772538498723] api request success: node=node-1 GET /ha/state status=200
[1772538498723] api request start: node=node-2 GET /ha/state
[1772538498725] api request success: node=node-2 GET /ha/state status=200
[1772538498725] api request start: node=node-3 GET /ha/state
[1772538498726] api request success: node=node-3 GET /ha/state status=200
[1772538498726] stable-primary poll states: node-1:Bootstrapping:leader=node-1, node-2:Replica:leader=node-3, node-3:Primary:leader=node-3
[1772538498831] api request start: node=node-1 GET /ha/state
[1772538499141] api request success: node=node-1 GET /ha/state status=200
[1772538499141] api request start: node=node-2 GET /ha/state
[1772538499141] api request success: node=node-2 GET /ha/state status=200
[1772538499141] api request start: node=node-3 GET /ha/state
[1772538499142] api request success: node=node-3 GET /ha/state status=200
[1772538499142] stable-primary poll states: node-1:WaitingPostgresReachable:leader=node-3, node-2:Replica:leader=node-3, node-3:Primary:leader=node-3
[1772538499346] api request start: node=node-1 GET /ha/state
[1772538499452] api request success: node=node-1 GET /ha/state status=200
[1772538499452] api request start: node=node-2 GET /ha/state
[1772538499452] api request success: node=node-2 GET /ha/state status=200
[1772538499452] api request start: node=node-3 GET /ha/state
[1772538499452] api request success: node=node-3 GET /ha/state status=200
[1772538499759] api request start: node=node-1 GET /ha/state
[1772538499863] api request success: node=node-1 GET /ha/state status=200
[1772538499863] api request start: node=node-2 GET /ha/state
[1772538499864] api request success: node=node-2 GET /ha/state status=200
[1772538499864] api request start: node=node-3 GET /ha/state
[1772538499864] api request success: node=node-3 GET /ha/state status=200
[1772538500067] api request start: node=node-1 GET /ha/state
[1772538500614] api request success: node=node-1 GET /ha/state status=200
[1772538500614] api request start: node=node-2 GET /ha/state
[1772538500614] api request success: node=node-2 GET /ha/state status=200
[1772538500614] api request start: node=node-3 GET /ha/state
[1772538500615] api request success: node=node-3 GET /ha/state status=200
[1772538500615] api request start: node=node-1 GET /ha/state
[1772538500615] api request success: node=node-1 GET /ha/state status=200
[1772538500615] api request start: node=node-2 GET /ha/state
[1772538500615] api request success: node=node-2 GET /ha/state status=200
[1772538500615] api request start: node=node-3 GET /ha/state
[1772538500615] api request success: node=node-3 GET /ha/state status=200
[1772538500692] api request start: node=node-1 GET /ha/state
[1772538500693] api request success: node=node-1 GET /ha/state status=200
[1772538500693] api request start: node=node-2 GET /ha/state
[1772538500693] api request success: node=node-2 GET /ha/state status=200
[1772538500693] api request start: node=node-3 GET /ha/state
[1772538500693] api request success: node=node-3 GET /ha/state status=200
[1772538500923] api request start: node=node-1 GET /ha/state
[1772538500924] api request success: node=node-1 GET /ha/state status=200
[1772538500924] api request start: node=node-2 GET /ha/state
[1772538500924] api request success: node=node-2 GET /ha/state status=200
[1772538500924] api request start: node=node-3 GET /ha/state
[1772538500924] api request success: node=node-3 GET /ha/state status=200
[1772538501001] api request start: node=node-1 GET /ha/state
[1772538501001] api request success: node=node-1 GET /ha/state status=200
[1772538501001] api request start: node=node-2 GET /ha/state
[1772538501002] api request success: node=node-2 GET /ha/state status=200
[1772538501002] api request start: node=node-3 GET /ha/state
[1772538501002] api request success: node=node-3 GET /ha/state status=200
[1772538501333] api request start: node=node-1 GET /ha/state
[1772538501437] api request success: node=node-1 GET /ha/state status=200
[1772538501437] api request start: node=node-2 GET /ha/state
[1772538501437] api request success: node=node-2 GET /ha/state status=200
[1772538501437] api request start: node=node-3 GET /ha/state
[1772538501438] api request success: node=node-3 GET /ha/state status=200
[1772538501513] api request start: node=node-1 GET /ha/state
[1772538501514] api request success: node=node-1 GET /ha/state status=200
[1772538501514] api request start: node=node-2 GET /ha/state
[1772538501514] api request success: node=node-2 GET /ha/state status=200
[1772538501514] api request start: node=node-3 GET /ha/state
[1772538501514] api request success: node=node-3 GET /ha/state status=200
[1772538501848] api request start: node=node-1 GET /ha/state
[1772538501952] api request success: node=node-1 GET /ha/state status=200
[1772538501952] api request start: node=node-2 GET /ha/state
[1772538501952] api request success: node=node-2 GET /ha/state status=200
[1772538501952] api request start: node=node-3 GET /ha/state
[1772538501952] api request success: node=node-3 GET /ha/state status=200
[1772538502028] api request start: node=node-1 GET /ha/state
[1772538502029] api request success: node=node-1 GET /ha/state status=200
[1772538502029] api request start: node=node-2 GET /ha/state
[1772538502029] api request success: node=node-2 GET /ha/state status=200
[1772538502029] api request start: node=node-3 GET /ha/state
[1772538502029] api request success: node=node-3 GET /ha/state status=200
[1772538502260] api request start: node=node-1 GET /ha/state
[1772538502261] api request success: node=node-1 GET /ha/state status=200
[1772538502261] api request start: node=node-2 GET /ha/state
[1772538502261] api request success: node=node-2 GET /ha/state status=200
[1772538502261] api request start: node=node-3 GET /ha/state
[1772538502261] api request success: node=node-3 GET /ha/state status=200
[1772538502337] api request start: node=node-1 GET /ha/state
[1772538502338] api request success: node=node-1 GET /ha/state status=200
[1772538502338] api request start: node=node-2 GET /ha/state
[1772538502338] api request success: node=node-2 GET /ha/state status=200
[1772538502338] api request start: node=node-3 GET /ha/state
[1772538502339] api request success: node=node-3 GET /ha/state status=200
[1772538502571] api request start: node=node-1 GET /ha/state
[1772538502674] api request success: node=node-1 GET /ha/state status=200
[1772538502674] api request start: node=node-2 GET /ha/state
[1772538502675] api request success: node=node-2 GET /ha/state status=200
[1772538502675] api request start: node=node-3 GET /ha/state
[1772538502675] api request success: node=node-3 GET /ha/state status=200
[1772538502751] api request start: node=node-1 GET /ha/state
[1772538502751] api request success: node=node-1 GET /ha/state status=200
[1772538502751] api request start: node=node-2 GET /ha/state
[1772538502751] api request success: node=node-2 GET /ha/state status=200
[1772538502751] api request start: node=node-3 GET /ha/state
[1772538502751] api request success: node=node-3 GET /ha/state status=200
[1772538502878] api request start: node=node-1 GET /ha/state
[1772538503189] api request success: node=node-1 GET /ha/state status=200
[1772538503189] api request start: node=node-2 GET /ha/state
[1772538503189] api request success: node=node-2 GET /ha/state status=200
[1772538503189] api request start: node=node-3 GET /ha/state
[1772538503189] api request success: node=node-3 GET /ha/state status=200
[1772538503266] api request start: node=node-1 GET /ha/state
[1772538503266] api request success: node=node-1 GET /ha/state status=200
[1772538503266] api request start: node=node-2 GET /ha/state
[1772538503267] api request success: node=node-2 GET /ha/state status=200
[1772538503267] api request start: node=node-3 GET /ha/state
[1772538503267] api request success: node=node-3 GET /ha/state status=200
[1772538503600] api request start: node=node-1 GET /ha/state
[1772538503704] api request success: node=node-1 GET /ha/state status=200
[1772538503704] api request start: node=node-2 GET /ha/state
[1772538503705] api request success: node=node-2 GET /ha/state status=200
[1772538503705] api request start: node=node-3 GET /ha/state
[1772538503705] api request success: node=node-3 GET /ha/state status=200
[1772538503780] api request start: node=node-1 GET /ha/state
[1772538503781] api request success: node=node-1 GET /ha/state status=200
[1772538503781] api request start: node=node-2 GET /ha/state
[1772538503781] api request success: node=node-2 GET /ha/state status=200
[1772538503781] api request start: node=node-3 GET /ha/state
[1772538503781] api request success: node=node-3 GET /ha/state status=200
[1772538504012] api request start: node=node-1 GET /ha/state
[1772538504115] api request success: node=node-1 GET /ha/state status=200
[1772538504115] api request start: node=node-2 GET /ha/state
[1772538504116] api request success: node=node-2 GET /ha/state status=200
[1772538504116] api request start: node=node-3 GET /ha/state
[1772538504116] api request success: node=node-3 GET /ha/state status=200
[1772538504195] api request start: node=node-1 GET /ha/state
[1772538504195] api request success: node=node-1 GET /ha/state status=200
[1772538504195] api request start: node=node-2 GET /ha/state
[1772538504195] api request success: node=node-2 GET /ha/state status=200
[1772538504195] api request start: node=node-3 GET /ha/state
[1772538504196] api request success: node=node-3 GET /ha/state status=200
[1772538504525] api request start: node=node-1 GET /ha/state
[1772538504629] api request success: node=node-1 GET /ha/state status=200
[1772538504629] api request start: node=node-2 GET /ha/state
[1772538504630] api request success: node=node-2 GET /ha/state status=200
[1772538504630] api request start: node=node-3 GET /ha/state
[1772538504630] api request success: node=node-3 GET /ha/state status=200
[1772538504707] api request start: node=node-1 GET /ha/state
[1772538504708] api request success: node=node-1 GET /ha/state status=200
[1772538504708] api request start: node=node-2 GET /ha/state
[1772538504708] api request success: node=node-2 GET /ha/state status=200
[1772538504708] api request start: node=node-3 GET /ha/state
[1772538504708] api request success: node=node-3 GET /ha/state status=200
[1772538504832] api request start: node=node-1 GET /ha/state
[1772538505142] api request success: node=node-1 GET /ha/state status=200
[1772538505142] api request start: node=node-2 GET /ha/state
[1772538505142] api request success: node=node-2 GET /ha/state status=200
[1772538505142] api request start: node=node-3 GET /ha/state
[1772538505143] api request success: node=node-3 GET /ha/state status=200
[1772538505218] api request start: node=node-1 GET /ha/state
[1772538505219] api request success: node=node-1 GET /ha/state status=200
[1772538505219] api request start: node=node-2 GET /ha/state
[1772538505219] api request success: node=node-2 GET /ha/state status=200
[1772538505219] api request start: node=node-3 GET /ha/state
[1772538505219] api request success: node=node-3 GET /ha/state status=200
[1772538505557] api request start: node=node-1 GET /ha/state
[1772538505661] api request success: node=node-1 GET /ha/state status=200
[1772538505661] api request start: node=node-2 GET /ha/state
[1772538505661] api request success: node=node-2 GET /ha/state status=200
[1772538505661] api request start: node=node-3 GET /ha/state
[1772538505661] api request success: node=node-3 GET /ha/state status=200
[1772538505661] unassisted failover recovery success: former_primary=node-1, new_primary=node-3
[1772538505661] phase history evidence: node-1:Bootstrapping|Primary|WaitingPostgresReachable,node-2:Replica|WaitingPostgresReachable,node-3:Primary|Replica|WaitingPostgresReachable
[1772538505661] unassisted failover SQL post-check: insert post-failure row
[1772538505683] unassisted failover SQL continuity proof succeeded