cargo clippy --all-targets --all-features -- -D warnings
    Checking pgtuskmaster_rust v0.1.0 (/home/joshazimullah.linux/work_mounts/patroni_rewrite/pgtuskmaster_rust)
error: used `unwrap()` on `Some` value
  --> src/lib.rs:28:13
   |
28 |     let _ = Some(1).unwrap();
   |             ^^^^^^^^^^^^^^^^
   |
   = help: for further information visit https://rust-lang.github.io/rust-clippy/rust-1.93.0/index.html#unnecessary_literal_unwrap
   = note: `-D clippy::unnecessary-literal-unwrap` implied by `-D warnings`
   = help: to override `-D warnings` add `#[allow(clippy::unnecessary_literal_unwrap)]`
help: remove the `Some` and `unwrap()`
   |
28 -     let _ = Some(1).unwrap();
28 +     let _ = 1;
   |

error: could not compile `pgtuskmaster_rust` (lib test) due to 1 previous error
warning: build failed, waiting for other jobs to finish...
error: used `unwrap()` on an `Option` value
  --> src/lib.rs:28:13
   |
28 |     let _ = Some(1).unwrap();
   |             ^^^^^^^^^^^^^^^^
   |
   = note: if this value is `None`, it will panic
   = help: for further information visit https://rust-lang.github.io/rust-clippy/rust-1.93.0/index.html#unwrap_used
note: the lint level is defined here
  --> src/lib.rs:4:9
   |
 4 |         clippy::unwrap_used,
   |         ^^^^^^^^^^^^^^^^^^^

error: could not compile `pgtuskmaster_rust` (lib) due to 2 previous errors
make: *** [Makefile:11: lint] Error 101
