cargo clippy --all-targets --all-features -- -D warnings
    Checking libc v0.2.182
    Checking cfg-if v1.0.4
    Checking typenum v1.19.0
    Checking subtle v2.6.1
    Checking zerocopy v0.8.40
    Checking serde_core v1.0.228
    Checking generic-array v0.14.7
    Checking getrandom v0.3.4
    Checking tinyvec_macros v0.1.1
    Checking tinyvec v1.10.0
    Checking block-buffer v0.10.4
    Checking crypto-common v0.1.7
    Checking digest v0.10.7
    Checking rand_core v0.9.5
    Checking bytes v1.10.1
    Checking unicode-normalization v0.1.25
    Checking cpufeatures v0.2.17
    Checking unicode-properties v0.1.4
    Checking futures-sink v0.3.32
    Checking futures-core v0.3.32
    Checking serde v1.0.228
    Checking pin-project-lite v0.2.17
    Checking unicode-bidi v0.3.18
    Checking memchr v2.8.0
    Checking stringprep v0.1.5
    Checking sha2 v0.10.9
    Checking hmac v0.12.1
    Checking md-5 v0.10.6
    Checking mio v1.1.0
    Checking socket2 v0.6.1
    Checking signal-hook-registry v1.4.6
    Checking siphasher v1.0.2
    Checking hashbrown v0.16.1
    Checking byteorder v1.5.0
    Checking smallvec v1.15.1
    Checking fallible-iterator v0.2.0
    Checking scopeguard v1.2.0
    Checking base64 v0.22.1
    Checking equivalent v1.0.2
    Checking lock_api v0.4.14
    Checking indexmap v2.13.0
    Checking ppv-lite86 v0.2.21
    Checking parking_lot_core v0.9.12
    Checking phf_shared v0.13.1
    Checking tokio v1.49.0
    Checking rand_chacha v0.9.0
    Checking serde_spanned v0.6.9
    Checking rand v0.9.2
    Checking toml_datetime v0.6.11
    Checking winnow v0.7.14
    Checking toml_write v0.1.2
    Checking futures-task v0.3.32
    Checking futures-util v0.3.32
    Checking postgres-protocol v0.6.10
    Checking postgres-types v0.2.12
    Checking phf v0.13.1
    Checking zmij v1.0.21
    Checking parking_lot v0.12.5
    Checking toml_edit v0.22.27
    Checking futures-channel v0.3.32
    Checking whoami v2.1.1
    Checking itoa v1.0.17
    Checking percent-encoding v2.3.2
    Checking log v0.4.29
    Checking serde_json v1.0.149
    Checking thiserror v2.0.18
    Checking toml v0.8.23
    Checking tokio-util v0.7.18
    Checking tokio-postgres v0.7.16
    Checking pgtuskmaster_rust v0.1.0 (/home/joshazimullah.linux/work_mounts/patroni_rewrite/pgtuskmaster_rust)
    Finished `dev` profile [unoptimized + debuginfo] target(s) in 4.70s
# Runtime strict pass for non-test library builds.
cargo clippy --lib --all-features -- -D warnings -D clippy::unwrap_used -D clippy::expect_used -D clippy::panic -D clippy::todo -D clippy::unimplemented
    Checking pgtuskmaster_rust v0.1.0 (/home/joshazimullah.linux/work_mounts/patroni_rewrite/pgtuskmaster_rust)
    Finished `dev` profile [unoptimized + debuginfo] target(s) in 0.77s
