
running 3 tests
test ha::e2e_multi_node::e2e_multi_node_stress_no_quorum_fencing_with_concurrent_sql ... The files belonging to this database system will be owned by user "joshazimullah".
This user must also own the server process.

The database cluster will be initialized with locale "C.UTF-8".
The default database encoding has accordingly been set to "UTF8".
The default text search configuration will be set to "english".

Data page checksums are disabled.

fixing permissions on existing directory /tmp/pgtuskmaster-rust/pgtm-ha-e2e-multi-node-1772535721387-703359-1/pg16/node-1/data ... ok
creating subdirectories ... ok
selecting dynamic shared memory implementation ... posix
selecting default max_connections ... 100
selecting default shared_buffers ... 128MB
selecting default time zone ... Europe/Amsterdam
creating configuration files ... ok
running bootstrap script ... ok
performing post-bootstrap initialization ... ok
syncing data to disk ... ok

Success. You can now start the database server using:

    /home/joshazimullah.linux/work_mounts/patroni_rewrite/pgtuskmaster_rust/.tools/postgres16/bin/pg_ctl -D /tmp/pgtuskmaster-rust/pgtm-ha-e2e-multi-node-1772535721387-703359-1/pg16/node-1/data -l logfile start

The files belonging to this database system will be owned by user "joshazimullah".
This user must also own the server process.

The database cluster will be initialized with locale "C.UTF-8".
The default database encoding has accordingly been set to "UTF8".
The default text search configuration will be set to "english".

Data page checksums are disabled.

fixing permissions on existing directory /tmp/pgtuskmaster-rust/pgtm-ha-e2e-multi-node-1772535721387-703359-1/pg16/node-2/data ... ok
creating subdirectories ... ok
selecting dynamic shared memory implementation ... posix
selecting default max_connections ... 100
selecting default shared_buffers ... 128MB
selecting default time zone ... Europe/Amsterdam
creating configuration files ... ok
running bootstrap script ... ok
performing post-bootstrap initialization ... ok
syncing data to disk ... ok

Success. You can now start the database server using:

    /home/joshazimullah.linux/work_mounts/patroni_rewrite/pgtuskmaster_rust/.tools/postgres16/bin/pg_ctl -D /tmp/pgtuskmaster-rust/pgtm-ha-e2e-multi-node-1772535721387-703359-1/pg16/node-2/data -l logfile start

The files belonging to this database system will be owned by user "joshazimullah".
This user must also own the server process.

The database cluster will be initialized with locale "C.UTF-8".
The default database encoding has accordingly been set to "UTF8".
The default text search configuration will be set to "english".

Data page checksums are disabled.

fixing permissions on existing directory /tmp/pgtuskmaster-rust/pgtm-ha-e2e-multi-node-1772535721387-703359-1/pg16/node-3/data ... ok
creating subdirectories ... ok
selecting dynamic shared memory implementation ... posix
selecting default max_connections ... 100
selecting default shared_buffers ... 128MB
selecting default time zone ... Europe/Amsterdam
creating configuration files ... ok
running bootstrap script ... ok
performing post-bootstrap initialization ... ok
syncing data to disk ... ok

Success. You can now start the database server using:

    /home/joshazimullah.linux/work_mounts/patroni_rewrite/pgtuskmaster_rust/.tools/postgres16/bin/pg_ctl -D /tmp/pgtuskmaster-rust/pgtm-ha-e2e-multi-node-1772535721387-703359-1/pg16/node-3/data -l logfile start

waiting for server to shut down.... done
server stopped
waiting for server to shut down.... done
server stopped
waiting for server to shut down.... done
server stopped
ok
test ha::e2e_multi_node::e2e_multi_node_stress_planned_switchover_concurrent_sql ... The files belonging to this database system will be owned by user "joshazimullah".
This user must also own the server process.

The database cluster will be initialized with locale "C.UTF-8".
The default database encoding has accordingly been set to "UTF8".
The default text search configuration will be set to "english".

Data page checksums are disabled.

fixing permissions on existing directory /tmp/pgtuskmaster-rust/pgtm-ha-e2e-multi-node-1772535890263-703359-2/pg16/node-1/data ... ok
creating subdirectories ... ok
selecting dynamic shared memory implementation ... posix
selecting default max_connections ... 100
selecting default shared_buffers ... 128MB
selecting default time zone ... Europe/Amsterdam
creating configuration files ... ok
running bootstrap script ... ok
performing post-bootstrap initialization ... ok
syncing data to disk ... ok

Success. You can now start the database server using:

    /home/joshazimullah.linux/work_mounts/patroni_rewrite/pgtuskmaster_rust/.tools/postgres16/bin/pg_ctl -D /tmp/pgtuskmaster-rust/pgtm-ha-e2e-multi-node-1772535890263-703359-2/pg16/node-1/data -l logfile start

The files belonging to this database system will be owned by user "joshazimullah".
This user must also own the server process.

The database cluster will be initialized with locale "C.UTF-8".
The default database encoding has accordingly been set to "UTF8".
The default text search configuration will be set to "english".

Data page checksums are disabled.

fixing permissions on existing directory /tmp/pgtuskmaster-rust/pgtm-ha-e2e-multi-node-1772535890263-703359-2/pg16/node-2/data ... ok
creating subdirectories ... ok
selecting dynamic shared memory implementation ... posix
selecting default max_connections ... 100
selecting default shared_buffers ... 128MB
selecting default time zone ... Europe/Amsterdam
creating configuration files ... ok
running bootstrap script ... ok
performing post-bootstrap initialization ... ok
syncing data to disk ... ok

Success. You can now start the database server using:

    /home/joshazimullah.linux/work_mounts/patroni_rewrite/pgtuskmaster_rust/.tools/postgres16/bin/pg_ctl -D /tmp/pgtuskmaster-rust/pgtm-ha-e2e-multi-node-1772535890263-703359-2/pg16/node-2/data -l logfile start

The files belonging to this database system will be owned by user "joshazimullah".
This user must also own the server process.

The database cluster will be initialized with locale "C.UTF-8".
The default database encoding has accordingly been set to "UTF8".
The default text search configuration will be set to "english".

Data page checksums are disabled.

fixing permissions on existing directory /tmp/pgtuskmaster-rust/pgtm-ha-e2e-multi-node-1772535890263-703359-2/pg16/node-3/data ... ok
creating subdirectories ... ok
selecting dynamic shared memory implementation ... posix
selecting default max_connections ... 100
selecting default shared_buffers ... 128MB
selecting default time zone ... Europe/Amsterdam
creating configuration files ... ok
running bootstrap script ... ok
performing post-bootstrap initialization ... ok
syncing data to disk ... ok

Success. You can now start the database server using:

    /home/joshazimullah.linux/work_mounts/patroni_rewrite/pgtuskmaster_rust/.tools/postgres16/bin/pg_ctl -D /tmp/pgtuskmaster-rust/pgtm-ha-e2e-multi-node-1772535890263-703359-2/pg16/node-3/data -l logfile start

waiting for server to shut down.... done
server stopped
waiting for server to shut down.... done
server stopped
ok
test ha::e2e_multi_node::e2e_multi_node_stress_unassisted_failover_concurrent_sql ... The files belonging to this database system will be owned by user "joshazimullah".
This user must also own the server process.

The database cluster will be initialized with locale "C.UTF-8".
The default database encoding has accordingly been set to "UTF8".
The default text search configuration will be set to "english".

Data page checksums are disabled.

fixing permissions on existing directory /tmp/pgtuskmaster-rust/pgtm-ha-e2e-multi-node-1772535930680-703359-3/pg16/node-1/data ... ok
creating subdirectories ... ok
selecting dynamic shared memory implementation ... posix
selecting default max_connections ... 100
selecting default shared_buffers ... 128MB
selecting default time zone ... Europe/Amsterdam
creating configuration files ... ok
running bootstrap script ... ok
performing post-bootstrap initialization ... ok
syncing data to disk ... ok

Success. You can now start the database server using:

    /home/joshazimullah.linux/work_mounts/patroni_rewrite/pgtuskmaster_rust/.tools/postgres16/bin/pg_ctl -D /tmp/pgtuskmaster-rust/pgtm-ha-e2e-multi-node-1772535930680-703359-3/pg16/node-1/data -l logfile start

The files belonging to this database system will be owned by user "joshazimullah".
This user must also own the server process.

The database cluster will be initialized with locale "C.UTF-8".
The default database encoding has accordingly been set to "UTF8".
The default text search configuration will be set to "english".

Data page checksums are disabled.

fixing permissions on existing directory /tmp/pgtuskmaster-rust/pgtm-ha-e2e-multi-node-1772535930680-703359-3/pg16/node-2/data ... ok
creating subdirectories ... ok
selecting dynamic shared memory implementation ... posix
selecting default max_connections ... 100
selecting default shared_buffers ... 128MB
selecting default time zone ... Europe/Amsterdam
creating configuration files ... ok
running bootstrap script ... ok
performing post-bootstrap initialization ... ok
syncing data to disk ... ok

Success. You can now start the database server using:

    /home/joshazimullah.linux/work_mounts/patroni_rewrite/pgtuskmaster_rust/.tools/postgres16/bin/pg_ctl -D /tmp/pgtuskmaster-rust/pgtm-ha-e2e-multi-node-1772535930680-703359-3/pg16/node-2/data -l logfile start

The files belonging to this database system will be owned by user "joshazimullah".
This user must also own the server process.

The database cluster will be initialized with locale "C.UTF-8".
The default database encoding has accordingly been set to "UTF8".
The default text search configuration will be set to "english".

Data page checksums are disabled.

fixing permissions on existing directory /tmp/pgtuskmaster-rust/pgtm-ha-e2e-multi-node-1772535930680-703359-3/pg16/node-3/data ... ok
creating subdirectories ... ok
selecting dynamic shared memory implementation ... posix
selecting default max_connections ... 100
selecting default shared_buffers ... 128MB
selecting default time zone ... Europe/Amsterdam
creating configuration files ... ok
running bootstrap script ... ok
performing post-bootstrap initialization ... ok
syncing data to disk ... ok

Success. You can now start the database server using:

    /home/joshazimullah.linux/work_mounts/patroni_rewrite/pgtuskmaster_rust/.tools/postgres16/bin/pg_ctl -D /tmp/pgtuskmaster-rust/pgtm-ha-e2e-multi-node-1772535930680-703359-3/pg16/node-3/data -l logfile start

waiting for server to shut down.... done
server stopped
waiting for server to shut down.... done
server stopped
waiting for server to shut down.... done
server stopped
ok

test result: ok. 3 passed; 0 failed; 0 ignored; 0 measured; 158 filtered out; finished in 252.89s


running 0 tests

test result: ok. 0 passed; 0 failed; 0 ignored; 0 measured; 0 filtered out; finished in 0.00s


running 0 tests

test result: ok. 0 passed; 0 failed; 0 ignored; 0 measured; 6 filtered out; finished in 0.00s


running 0 tests

test result: ok. 0 passed; 0 failed; 0 ignored; 0 measured; 1 filtered out; finished in 0.00s


running 0 tests

test result: ok. 0 passed; 0 failed; 0 ignored; 0 measured; 3 filtered out; finished in 0.00s


running 0 tests

test result: ok. 0 passed; 0 failed; 0 ignored; 0 measured; 1 filtered out; finished in 0.00s


running 0 tests

test result: ok. 0 passed; 0 failed; 0 ignored; 0 measured; 0 filtered out; finished in 0.00s

